2025-05-26 09:16:45,714 [main] INFO  c.p.a.service.ProductService - Requested the products, factors: saleFactor: 1 stockFactor: 2
2025-05-26 09:16:47,813 [main] INFO  c.p.i.a.i.w.ProductControllerIntegrationTest - Starting ProductControllerIntegrationTest using Java 17.0.14 with PID 16426 (started by angelperez in /home/angelperez/Desarrollo/apps/TestProjects/ITX_Plataforma_CasoPractico)
2025-05-26 09:16:47,814 [main] DEBUG c.p.i.a.i.w.ProductControllerIntegrationTest - Running with Spring Boot v3.4.1, Spring v6.2.1
2025-05-26 09:16:47,814 [main] INFO  c.p.i.a.i.w.ProductControllerIntegrationTest - No active profile set, falling back to 1 default profile: "default"
2025-05-26 09:16:54,139 [main] INFO  c.p.i.a.i.w.ProductControllerIntegrationTest - Started ProductControllerIntegrationTest in 6.711 seconds (process running for 11.045)
2025-05-26 09:16:54,144 [main] INFO  com.pruebaItx.PruebaItxApplication - Application started and ready to receive requests
2025-05-26 09:16:54,551 [http-nio-auto-1-exec-1] DEBUG c.p.i.a.in.web.ProductController - Request to Products Sorted with headers: saleFactor=0, stockFactor=0
2025-05-26 09:16:54,558 [http-nio-auto-1-exec-1] INFO  c.p.a.service.ProductService - Requested the products, factors: saleFactor: 0 stockFactor: 0
2025-05-26 09:16:54,905 [http-nio-auto-1-exec-2] DEBUG c.p.i.a.in.web.ProductController - Request to Products Sorted with headers: saleFactor=0, stockFactor=1
2025-05-26 09:16:54,906 [http-nio-auto-1-exec-2] INFO  c.p.a.service.ProductService - Requested the products, factors: saleFactor: 0 stockFactor: 1
2025-05-26 09:16:54,916 [http-nio-auto-1-exec-3] DEBUG c.p.i.a.in.web.ProductController - Request to Products Sorted with headers: saleFactor=0, stockFactor=0
2025-05-26 09:16:54,917 [http-nio-auto-1-exec-3] INFO  c.p.a.service.ProductService - Requested the products, factors: saleFactor: 0 stockFactor: 0
2025-05-26 09:16:54,937 [http-nio-auto-1-exec-4] DEBUG c.p.i.a.in.web.ProductController - Request to Products Sorted with headers: saleFactor=0, stockFactor=0
2025-05-26 09:16:54,938 [http-nio-auto-1-exec-4] INFO  c.p.a.service.ProductService - Requested the products, factors: saleFactor: 0 stockFactor: 0
2025-05-26 09:16:54,948 [http-nio-auto-1-exec-5] DEBUG c.p.i.a.in.web.ProductController - Request to Products Sorted with headers: saleFactor=1, stockFactor=0
2025-05-26 09:16:54,949 [http-nio-auto-1-exec-5] INFO  c.p.a.service.ProductService - Requested the products, factors: saleFactor: 1 stockFactor: 0
2025-05-26 09:16:54,959 [http-nio-auto-1-exec-6] DEBUG c.p.i.a.in.web.ProductController - Request to Products Sorted with headers: saleFactor=0, stockFactor=0
2025-05-26 09:16:54,960 [http-nio-auto-1-exec-6] INFO  c.p.a.service.ProductService - Requested the products, factors: saleFactor: 0 stockFactor: 0
2025-05-26 09:16:55,052 [main] DEBUG c.p.i.a.in.web.ProductController - Request to Products Sorted with headers: saleFactor=-1, stockFactor=-2
2025-05-26 09:16:55,055 [main] DEBUG c.p.i.a.in.web.ProductController - Request to Products Sorted with headers: saleFactor=1, stockFactor=2
2025-05-26 09:16:55,058 [main] DEBUG c.p.i.a.in.web.ProductController - Request to Products Sorted with headers: saleFactor=1, stockFactor=1
2025-05-26 09:16:55,061 [main] DEBUG c.p.i.a.in.web.ProductController - Request to Products Sorted with headers: saleFactor=0, stockFactor=0
2025-05-26 09:16:55,065 [main] DEBUG c.p.i.a.in.web.ProductController - Request to Products Sorted with criteria in body: class SortingCriteriaRequest {
    criteria: [class CriteriaWeight {
        id: salesUnits
        weight: 1
    }]
}
2025-05-26 09:48:32,196 [main] INFO  c.p.a.service.ProductService - Requested the products, factors: saleFactor: 1 stockFactor: 2
2025-05-26 09:48:34,457 [main] INFO  c.p.i.a.i.w.ProductControllerIntegrationTest - Starting ProductControllerIntegrationTest using Java 17.0.14 with PID 23011 (started by angelperez in /home/angelperez/Desarrollo/apps/TestProjects/ITX_Plataforma_CasoPractico)
2025-05-26 09:48:34,458 [main] DEBUG c.p.i.a.i.w.ProductControllerIntegrationTest - Running with Spring Boot v3.4.1, Spring v6.2.1
2025-05-26 09:48:34,458 [main] INFO  c.p.i.a.i.w.ProductControllerIntegrationTest - No active profile set, falling back to 1 default profile: "default"
2025-05-26 09:48:40,994 [main] ERROR o.s.boot.SpringApplication - Application run failed
org.springframework.beans.factory.BeanCreationException: Error creating bean with name 'dataSourceScriptDatabaseInitializer' defined in class path resource [org/springframework/boot/autoconfigure/sql/init/DataSourceInitializationConfiguration.class]: Failed to execute SQL script statement #1 of file [/home/angelperez/Desarrollo/apps/TestProjects/ITX_Plataforma_CasoPractico/target/classes/data.sql]: INSERT INTO PRICES (BRAND_ID, START_DATE, END_DATE, PRICE_LIST, PRODUCT_ID, PRIORITY, PRICE, CURR) VALUES (1, '2020-06-14 00:00:00', '2020-12-31 23:59:59', 1, 35455, 0, 35.50, 'EUR'), (1, '2020-06-14 15:00:00', '2020-06-14 18:30:00', 2, 35455, 1, 25.45, 'EUR'), (1, '2020-06-15 00:00:00', '2020-06-15 11:00:00', 3, 35455, 1, 30.50, 'EUR'), (1, '2020-06-15 16:00:00', '2020-12-31 23:59:59', 4, 35455, 1, 38.95, 'EUR')
	at org.springframework.beans.factory.support.AbstractAutowireCapableBeanFactory.initializeBean(AbstractAutowireCapableBeanFactory.java:1808)
	at org.springframework.beans.factory.support.AbstractAutowireCapableBeanFactory.doCreateBean(AbstractAutowireCapableBeanFactory.java:601)
	at org.springframework.beans.factory.support.AbstractAutowireCapableBeanFactory.createBean(AbstractAutowireCapableBeanFactory.java:523)
	at org.springframework.beans.factory.support.AbstractBeanFactory.lambda$doGetBean$0(AbstractBeanFactory.java:336)
	at org.springframework.beans.factory.support.DefaultSingletonBeanRegistry.getSingleton(DefaultSingletonBeanRegistry.java:289)
	at org.springframework.beans.factory.support.AbstractBeanFactory.doGetBean(AbstractBeanFactory.java:334)
	at org.springframework.beans.factory.support.AbstractBeanFactory.getBean(AbstractBeanFactory.java:199)
	at org.springframework.beans.factory.support.AbstractBeanFactory.doGetBean(AbstractBeanFactory.java:312)
	at org.springframework.beans.factory.support.AbstractBeanFactory.getBean(AbstractBeanFactory.java:199)
	at org.springframework.beans.factory.support.DefaultListableBeanFactory.instantiateSingleton(DefaultListableBeanFactory.java:1122)
	at org.springframework.beans.factory.support.DefaultListableBeanFactory.preInstantiateSingleton(DefaultListableBeanFactory.java:1093)
	at org.springframework.beans.factory.support.DefaultListableBeanFactory.preInstantiateSingletons(DefaultListableBeanFactory.java:1030)
	at org.springframework.context.support.AbstractApplicationContext.finishBeanFactoryInitialization(AbstractApplicationContext.java:987)
	at org.springframework.context.support.AbstractApplicationContext.refresh(AbstractApplicationContext.java:627)
	at org.springframework.boot.web.servlet.context.ServletWebServerApplicationContext.refresh(ServletWebServerApplicationContext.java:146)
	at org.springframework.boot.SpringApplication.refresh(SpringApplication.java:752)
	at org.springframework.boot.SpringApplication.refreshContext(SpringApplication.java:439)
	at org.springframework.boot.SpringApplication.run(SpringApplication.java:318)
	at org.springframework.boot.test.context.SpringBootContextLoader.lambda$loadContext$3(SpringBootContextLoader.java:137)
	at org.springframework.util.function.ThrowingSupplier.get(ThrowingSupplier.java:58)
	at org.springframework.util.function.ThrowingSupplier.get(ThrowingSupplier.java:46)
	at org.springframework.boot.SpringApplication.withHook(SpringApplication.java:1461)
	at org.springframework.boot.test.context.SpringBootContextLoader$ContextLoaderHook.run(SpringBootContextLoader.java:553)
	at org.springframework.boot.test.context.SpringBootContextLoader.loadContext(SpringBootContextLoader.java:137)
	at org.springframework.boot.test.context.SpringBootContextLoader.loadContext(SpringBootContextLoader.java:108)
	at org.springframework.test.context.cache.DefaultCacheAwareContextLoaderDelegate.loadContextInternal(DefaultCacheAwareContextLoaderDelegate.java:225)
	at org.springframework.test.context.cache.DefaultCacheAwareContextLoaderDelegate.loadContext(DefaultCacheAwareContextLoaderDelegate.java:152)
	at org.springframework.test.context.support.DefaultTestContext.getApplicationContext(DefaultTestContext.java:130)
	at org.springframework.test.context.support.DependencyInjectionTestExecutionListener.injectDependencies(DependencyInjectionTestExecutionListener.java:142)
	at org.springframework.test.context.support.DependencyInjectionTestExecutionListener.prepareTestInstance(DependencyInjectionTestExecutionListener.java:98)
	at org.springframework.test.context.TestContextManager.prepareTestInstance(TestContextManager.java:260)
	at org.springframework.test.context.junit.jupiter.SpringExtension.postProcessTestInstance(SpringExtension.java:160)
	at org.junit.jupiter.engine.descriptor.ClassBasedTestDescriptor.lambda$invokeTestInstancePostProcessors$11(ClassBasedTestDescriptor.java:378)
	at org.junit.jupiter.engine.descriptor.ClassBasedTestDescriptor.executeAndMaskThrowable(ClassBasedTestDescriptor.java:383)
	at org.junit.jupiter.engine.descriptor.ClassBasedTestDescriptor.lambda$invokeTestInstancePostProcessors$12(ClassBasedTestDescriptor.java:378)
	at java.base/java.util.stream.ForEachOps$ForEachOp$OfRef.accept(ForEachOps.java:183)
	at java.base/java.util.stream.ReferencePipeline$3$1.accept(ReferencePipeline.java:197)
	at java.base/java.util.stream.ReferencePipeline$2$1.accept(ReferencePipeline.java:179)
	at java.base/java.util.stream.ReferencePipeline$3$1.accept(ReferencePipeline.java:197)
	at java.base/java.util.ArrayList$ArrayListSpliterator.forEachRemaining(ArrayList.java:1625)
	at java.base/java.util.stream.AbstractPipeline.copyInto(AbstractPipeline.java:509)
	at java.base/java.util.stream.AbstractPipeline.wrapAndCopyInto(AbstractPipeline.java:499)
	at java.base/java.util.stream.ForEachOps$ForEachOp.evaluateSequential(ForEachOps.java:150)
	at java.base/java.util.stream.ForEachOps$ForEachOp$OfRef.evaluateSequential(ForEachOps.java:173)
	at java.base/java.util.stream.AbstractPipeline.evaluate(AbstractPipeline.java:234)
	at java.base/java.util.stream.ReferencePipeline.forEach(ReferencePipeline.java:596)
	at org.junit.jupiter.engine.descriptor.ClassBasedTestDescriptor.invokeTestInstancePostProcessors(ClassBasedTestDescriptor.java:377)
	at org.junit.jupiter.engine.descriptor.ClassBasedTestDescriptor.lambda$instantiateAndPostProcessTestInstance$7(ClassBasedTestDescriptor.java:290)
	at org.junit.platform.engine.support.hierarchical.ThrowableCollector.execute(ThrowableCollector.java:73)
	at org.junit.jupiter.engine.descriptor.ClassBasedTestDescriptor.instantiateAndPostProcessTestInstance(ClassBasedTestDescriptor.java:289)
	at org.junit.jupiter.engine.descriptor.ClassBasedTestDescriptor.lambda$testInstancesProvider$5(ClassBasedTestDescriptor.java:279)
	at java.base/java.util.Optional.orElseGet(Optional.java:364)
	at org.junit.jupiter.engine.descriptor.ClassBasedTestDescriptor.lambda$testInstancesProvider$6(ClassBasedTestDescriptor.java:278)
	at org.junit.jupiter.engine.execution.TestInstancesProvider.getTestInstances(TestInstancesProvider.java:31)
	at org.junit.jupiter.engine.descriptor.TestMethodTestDescriptor.lambda$prepare$1(TestMethodTestDescriptor.java:105)
	at org.junit.platform.engine.support.hierarchical.ThrowableCollector.execute(ThrowableCollector.java:73)
	at org.junit.jupiter.engine.descriptor.TestMethodTestDescriptor.prepare(TestMethodTestDescriptor.java:104)
	at org.junit.jupiter.engine.descriptor.TestMethodTestDescriptor.prepare(TestMethodTestDescriptor.java:68)
	at org.junit.platform.engine.support.hierarchical.NodeTestTask.lambda$prepare$2(NodeTestTask.java:128)
	at org.junit.platform.engine.support.hierarchical.ThrowableCollector.execute(ThrowableCollector.java:73)
	at org.junit.platform.engine.support.hierarchical.NodeTestTask.prepare(NodeTestTask.java:128)
	at org.junit.platform.engine.support.hierarchical.NodeTestTask.execute(NodeTestTask.java:95)
	at java.base/java.util.ArrayList.forEach(ArrayList.java:1511)
	at org.junit.platform.engine.support.hierarchical.SameThreadHierarchicalTestExecutorService.invokeAll(SameThreadHierarchicalTestExecutorService.java:41)
	at org.junit.platform.engine.support.hierarchical.NodeTestTask.lambda$executeRecursively$6(NodeTestTask.java:160)
	at org.junit.platform.engine.support.hierarchical.ThrowableCollector.execute(ThrowableCollector.java:73)
	at org.junit.platform.engine.support.hierarchical.NodeTestTask.lambda$executeRecursively$8(NodeTestTask.java:146)
	at org.junit.platform.engine.support.hierarchical.Node.around(Node.java:137)
	at org.junit.platform.engine.support.hierarchical.NodeTestTask.lambda$executeRecursively$9(NodeTestTask.java:144)
	at org.junit.platform.engine.support.hierarchical.ThrowableCollector.execute(ThrowableCollector.java:73)
	at org.junit.platform.engine.support.hierarchical.NodeTestTask.executeRecursively(NodeTestTask.java:143)
	at org.junit.platform.engine.support.hierarchical.NodeTestTask.execute(NodeTestTask.java:100)
	at java.base/java.util.ArrayList.forEach(ArrayList.java:1511)
	at org.junit.platform.engine.support.hierarchical.SameThreadHierarchicalTestExecutorService.invokeAll(SameThreadHierarchicalTestExecutorService.java:41)
	at org.junit.platform.engine.support.hierarchical.NodeTestTask.lambda$executeRecursively$6(NodeTestTask.java:160)
	at org.junit.platform.engine.support.hierarchical.ThrowableCollector.execute(ThrowableCollector.java:73)
	at org.junit.platform.engine.support.hierarchical.NodeTestTask.lambda$executeRecursively$8(NodeTestTask.java:146)
	at org.junit.platform.engine.support.hierarchical.Node.around(Node.java:137)
	at org.junit.platform.engine.support.hierarchical.NodeTestTask.lambda$executeRecursively$9(NodeTestTask.java:144)
	at org.junit.platform.engine.support.hierarchical.ThrowableCollector.execute(ThrowableCollector.java:73)
	at org.junit.platform.engine.support.hierarchical.NodeTestTask.executeRecursively(NodeTestTask.java:143)
	at org.junit.platform.engine.support.hierarchical.NodeTestTask.execute(NodeTestTask.java:100)
	at org.junit.platform.engine.support.hierarchical.SameThreadHierarchicalTestExecutorService.submit(SameThreadHierarchicalTestExecutorService.java:35)
	at org.junit.platform.engine.support.hierarchical.HierarchicalTestExecutor.execute(HierarchicalTestExecutor.java:57)
	at org.junit.platform.engine.support.hierarchical.HierarchicalTestEngine.execute(HierarchicalTestEngine.java:54)
	at org.junit.platform.launcher.core.EngineExecutionOrchestrator.execute(EngineExecutionOrchestrator.java:198)
	at org.junit.platform.launcher.core.EngineExecutionOrchestrator.execute(EngineExecutionOrchestrator.java:169)
	at org.junit.platform.launcher.core.EngineExecutionOrchestrator.execute(EngineExecutionOrchestrator.java:93)
	at org.junit.platform.launcher.core.EngineExecutionOrchestrator.lambda$execute$0(EngineExecutionOrchestrator.java:58)
	at org.junit.platform.launcher.core.EngineExecutionOrchestrator.withInterceptedStreams(EngineExecutionOrchestrator.java:141)
	at org.junit.platform.launcher.core.EngineExecutionOrchestrator.execute(EngineExecutionOrchestrator.java:57)
	at org.junit.platform.launcher.core.DefaultLauncher.execute(DefaultLauncher.java:103)
	at org.junit.platform.launcher.core.DefaultLauncher.execute(DefaultLauncher.java:85)
	at org.junit.platform.launcher.core.DelegatingLauncher.execute(DelegatingLauncher.java:47)
	at org.apache.maven.surefire.junitplatform.LazyLauncher.execute(LazyLauncher.java:56)
	at org.apache.maven.surefire.junitplatform.JUnitPlatformProvider.execute(JUnitPlatformProvider.java:184)
	at org.apache.maven.surefire.junitplatform.JUnitPlatformProvider.invokeAllTests(JUnitPlatformProvider.java:148)
	at org.apache.maven.surefire.junitplatform.JUnitPlatformProvider.invoke(JUnitPlatformProvider.java:122)
	at org.apache.maven.surefire.booter.ForkedBooter.runSuitesInProcess(ForkedBooter.java:385)
	at org.apache.maven.surefire.booter.ForkedBooter.execute(ForkedBooter.java:162)
	at org.apache.maven.surefire.booter.ForkedBooter.run(ForkedBooter.java:507)
	at org.apache.maven.surefire.booter.ForkedBooter.main(ForkedBooter.java:495)
Caused by: org.springframework.jdbc.datasource.init.ScriptStatementFailedException: Failed to execute SQL script statement #1 of file [/home/angelperez/Desarrollo/apps/TestProjects/ITX_Plataforma_CasoPractico/target/classes/data.sql]: INSERT INTO PRICES (BRAND_ID, START_DATE, END_DATE, PRICE_LIST, PRODUCT_ID, PRIORITY, PRICE, CURR) VALUES (1, '2020-06-14 00:00:00', '2020-12-31 23:59:59', 1, 35455, 0, 35.50, 'EUR'), (1, '2020-06-14 15:00:00', '2020-06-14 18:30:00', 2, 35455, 1, 25.45, 'EUR'), (1, '2020-06-15 00:00:00', '2020-06-15 11:00:00', 3, 35455, 1, 30.50, 'EUR'), (1, '2020-06-15 16:00:00', '2020-12-31 23:59:59', 4, 35455, 1, 38.95, 'EUR')
	at org.springframework.jdbc.datasource.init.ScriptUtils.executeSqlScript(ScriptUtils.java:282)
	at org.springframework.jdbc.datasource.init.ResourceDatabasePopulator.populate(ResourceDatabasePopulator.java:254)
	at org.springframework.jdbc.datasource.init.DatabasePopulatorUtils.execute(DatabasePopulatorUtils.java:54)
	at org.springframework.boot.jdbc.init.DataSourceScriptDatabaseInitializer.runScripts(DataSourceScriptDatabaseInitializer.java:87)
	at org.springframework.boot.sql.init.AbstractScriptDatabaseInitializer.runScripts(AbstractScriptDatabaseInitializer.java:146)
	at org.springframework.boot.sql.init.AbstractScriptDatabaseInitializer.applyScripts(AbstractScriptDatabaseInitializer.java:108)
	at org.springframework.boot.sql.init.AbstractScriptDatabaseInitializer.applyDataScripts(AbstractScriptDatabaseInitializer.java:102)
	at org.springframework.boot.sql.init.AbstractScriptDatabaseInitializer.initializeDatabase(AbstractScriptDatabaseInitializer.java:77)
	at org.springframework.boot.sql.init.AbstractScriptDatabaseInitializer.afterPropertiesSet(AbstractScriptDatabaseInitializer.java:66)
	at org.springframework.beans.factory.support.AbstractAutowireCapableBeanFactory.invokeInitMethods(AbstractAutowireCapableBeanFactory.java:1855)
	at org.springframework.beans.factory.support.AbstractAutowireCapableBeanFactory.initializeBean(AbstractAutowireCapableBeanFactory.java:1804)
	... 101 common frames omitted
Caused by: org.h2.jdbc.JdbcSQLSyntaxErrorException: Tabla "PRICES" no encontrada
Table "PRICES" not found; SQL statement:
INSERT INTO PRICES (BRAND_ID, START_DATE, END_DATE, PRICE_LIST, PRODUCT_ID, PRIORITY, PRICE, CURR) VALUES (1, '2020-06-14 00:00:00', '2020-12-31 23:59:59', 1, 35455, 0, 35.50, 'EUR'), (1, '2020-06-14 15:00:00', '2020-06-14 18:30:00', 2, 35455, 1, 25.45, 'EUR'), (1, '2020-06-15 00:00:00', '2020-06-15 11:00:00', 3, 35455, 1, 30.50, 'EUR'), (1, '2020-06-15 16:00:00', '2020-12-31 23:59:59', 4, 35455, 1, 38.95, 'EUR') [42102-232]
	at org.h2.message.DbException.getJdbcSQLException(DbException.java:514)
	at org.h2.message.DbException.getJdbcSQLException(DbException.java:489)
	at org.h2.message.DbException.get(DbException.java:223)
	at org.h2.message.DbException.get(DbException.java:199)
	at org.h2.command.Parser.getTableOrViewNotFoundDbException(Parser.java:7945)
	at org.h2.command.Parser.getTableOrViewNotFoundDbException(Parser.java:7916)
	at org.h2.command.Parser.readTableOrView(Parser.java:7895)
	at org.h2.command.Parser.readTableOrView(Parser.java:7857)
	at org.h2.command.Parser.parseInsert(Parser.java:1521)
	at org.h2.command.Parser.parsePrepared(Parser.java:698)
	at org.h2.command.Parser.parse(Parser.java:581)
	at org.h2.command.Parser.parse(Parser.java:556)
	at org.h2.command.Parser.prepareCommand(Parser.java:484)
	at org.h2.engine.SessionLocal.prepareLocal(SessionLocal.java:645)
	at org.h2.engine.SessionLocal.prepareCommand(SessionLocal.java:561)
	at org.h2.jdbc.JdbcConnection.prepareCommand(JdbcConnection.java:1164)
	at org.h2.jdbc.JdbcStatement.executeInternal(JdbcStatement.java:245)
	at org.h2.jdbc.JdbcStatement.execute(JdbcStatement.java:231)
	at com.zaxxer.hikari.pool.ProxyStatement.execute(ProxyStatement.java:94)
	at com.zaxxer.hikari.pool.HikariProxyStatement.execute(HikariProxyStatement.java)
	at org.springframework.jdbc.datasource.init.ScriptUtils.executeSqlScript(ScriptUtils.java:261)
	... 111 common frames omitted
2025-05-26 09:48:41,124 [main] DEBUG c.p.i.a.in.web.ProductController - Request to Products Sorted with headers: saleFactor=-1, stockFactor=-2
2025-05-26 09:48:41,134 [main] DEBUG c.p.i.a.in.web.ProductController - Request to Products Sorted with headers: saleFactor=1, stockFactor=2
2025-05-26 09:48:41,139 [main] DEBUG c.p.i.a.in.web.ProductController - Request to Products Sorted with headers: saleFactor=1, stockFactor=1
2025-05-26 09:48:41,144 [main] DEBUG c.p.i.a.in.web.ProductController - Request to Products Sorted with headers: saleFactor=0, stockFactor=0
2025-05-26 09:48:41,147 [main] DEBUG c.p.i.a.in.web.ProductController - Request to Products Sorted with criteria in body: class SortingCriteriaRequest {
    criteria: [class CriteriaWeight {
        id: salesUnits
        weight: 1
    }]
}
