-------------------------------------------------------------------------------
Test set: com.pruebaItx.integration.PriceIntegrationTest
-------------------------------------------------------------------------------
Tests run: 20, Failures: 5, Errors: 0, Skipped: 0, Time elapsed: 22.15 s <<< FAILURE! -- in com.pruebaItx.integration.PriceIntegrationTest
com.pruebaItx.integration.PriceIntegrationTest.test4_getPriceAt10_00OnDay15 -- Time elapsed: 0.141 s <<< FAILURE!
java.lang.AssertionError: Got a list of values [2020,6,15,0,0] instead of the expected single value 2020-06-15T00:00:00
	at org.springframework.test.util.AssertionErrors.fail(AssertionErrors.java:39)
	at org.springframework.test.util.JsonPathExpectationsHelper.assertValue(JsonPathExpectationsHelper.java:154)
	at org.springframework.test.web.servlet.result.JsonPathResultMatchers.lambda$value$2(JsonPathResultMatchers.java:112)
	at org.springframework.test.web.servlet.MockMvc$1.andExpect(MockMvc.java:214)
	at com.pruebaItx.integration.PriceIntegrationTest.test4_getPriceAt10_00OnDay15(PriceIntegrationTest.java:192)
	at java.base/java.lang.reflect.Method.invoke(Method.java:569)
	at java.base/java.util.ArrayList.forEach(ArrayList.java:1511)
	at java.base/java.util.ArrayList.forEach(ArrayList.java:1511)

com.pruebaItx.integration.PriceIntegrationTest.test1_getPriceAt10_00OnDay14 -- Time elapsed: 0.100 s <<< FAILURE!
java.lang.AssertionError: Got a list of values [2020,6,14,0,0] instead of the expected single value 2020-06-14T00:00:00
	at org.springframework.test.util.AssertionErrors.fail(AssertionErrors.java:39)
	at org.springframework.test.util.JsonPathExpectationsHelper.assertValue(JsonPathExpectationsHelper.java:154)
	at org.springframework.test.web.servlet.result.JsonPathResultMatchers.lambda$value$2(JsonPathResultMatchers.java:112)
	at org.springframework.test.web.servlet.MockMvc$1.andExpect(MockMvc.java:214)
	at com.pruebaItx.integration.PriceIntegrationTest.test1_getPriceAt10_00OnDay14(PriceIntegrationTest.java:129)
	at java.base/java.lang.reflect.Method.invoke(Method.java:569)
	at java.base/java.util.ArrayList.forEach(ArrayList.java:1511)
	at java.base/java.util.ArrayList.forEach(ArrayList.java:1511)

com.pruebaItx.integration.PriceIntegrationTest.test2_getPriceAt16_00OnDay14 -- Time elapsed: 0.073 s <<< FAILURE!
java.lang.AssertionError: Got a list of values [2020,6,14,15,0] instead of the expected single value 2020-06-14T15:00:00
	at org.springframework.test.util.AssertionErrors.fail(AssertionErrors.java:39)
	at org.springframework.test.util.JsonPathExpectationsHelper.assertValue(JsonPathExpectationsHelper.java:154)
	at org.springframework.test.web.servlet.result.JsonPathResultMatchers.lambda$value$2(JsonPathResultMatchers.java:112)
	at org.springframework.test.web.servlet.MockMvc$1.andExpect(MockMvc.java:214)
	at com.pruebaItx.integration.PriceIntegrationTest.test2_getPriceAt16_00OnDay14(PriceIntegrationTest.java:150)
	at java.base/java.lang.reflect.Method.invoke(Method.java:569)
	at java.base/java.util.ArrayList.forEach(ArrayList.java:1511)
	at java.base/java.util.ArrayList.forEach(ArrayList.java:1511)

com.pruebaItx.integration.PriceIntegrationTest.test5_getPriceAt21_00OnDay16 -- Time elapsed: 0.093 s <<< FAILURE!
java.lang.AssertionError: Got a list of values [2020,6,15,16,0] instead of the expected single value 2020-06-15T16:00:00
	at org.springframework.test.util.AssertionErrors.fail(AssertionErrors.java:39)
	at org.springframework.test.util.JsonPathExpectationsHelper.assertValue(JsonPathExpectationsHelper.java:154)
	at org.springframework.test.web.servlet.result.JsonPathResultMatchers.lambda$value$2(JsonPathResultMatchers.java:112)
	at org.springframework.test.web.servlet.MockMvc$1.andExpect(MockMvc.java:214)
	at com.pruebaItx.integration.PriceIntegrationTest.test5_getPriceAt21_00OnDay16(PriceIntegrationTest.java:213)
	at java.base/java.lang.reflect.Method.invoke(Method.java:569)
	at java.base/java.util.ArrayList.forEach(ArrayList.java:1511)
	at java.base/java.util.ArrayList.forEach(ArrayList.java:1511)

com.pruebaItx.integration.PriceIntegrationTest.test3_getPriceAt21_00OnDay14 -- Time elapsed: 0.080 s <<< FAILURE!
java.lang.AssertionError: Got a list of values [2020,6,14,0,0] instead of the expected single value 2020-06-14T00:00:00
	at org.springframework.test.util.AssertionErrors.fail(AssertionErrors.java:39)
	at org.springframework.test.util.JsonPathExpectationsHelper.assertValue(JsonPathExpectationsHelper.java:154)
	at org.springframework.test.web.servlet.result.JsonPathResultMatchers.lambda$value$2(JsonPathResultMatchers.java:112)
	at org.springframework.test.web.servlet.MockMvc$1.andExpect(MockMvc.java:214)
	at com.pruebaItx.integration.PriceIntegrationTest.test3_getPriceAt21_00OnDay14(PriceIntegrationTest.java:171)
	at java.base/java.lang.reflect.Method.invoke(Method.java:569)
	at java.base/java.util.ArrayList.forEach(ArrayList.java:1511)
	at java.base/java.util.ArrayList.forEach(ArrayList.java:1511)

