<?xml version="1.0" encoding="UTF-8"?>
<testsuite xmlns:xsi="http://www.w3.org/2001/XMLSchema-instance" xsi:noNamespaceSchemaLocation="https://maven.apache.org/surefire/maven-surefire-plugin/xsd/surefire-test-report.xsd" version="3.0.2" name="com.pruebaItx.integration.PriceIntegrationTest" time="22.154" tests="20" errors="0" skipped="0" failures="5">
  <properties>
[...]
</properties>
  <testcase name="shouldValidateRequestParameters_NegativeValues" classname="com.pruebaItx.integration.PriceIntegrationTest" time="0.628">
    <system-out><![CDATA[
  .   ____          _            __ _ _
 /\\ / ___'_ __ _ _(_)_ __  __ _ \ \ \ \
( ( )\___ | '_ | '_| | '_ \/ _` | \ \ \ \
 \\/  ___)| |_)| | | | | || (_| |  ) ) ) )
  '  |____| .__|_| |_|_| |_\__, | / / / /
 =========|_|==============|___/=/_/_/_/

 :: Spring Boot ::                (v3.4.1)

2025-05-26 17:28:14,251 [main] INFO  c.p.i.PriceIntegrationTest - Starting PriceIntegrationTest using Java 17.0.15 with PID 219136 (started by angelperez in /home/angelperez/Desarrollo/apps/TestProjects/ITX_Plataforma_CasoPractico)
2025-05-26 17:28:14,252 [main] DEBUG c.p.i.PriceIntegrationTest - Running with Spring Boot v3.4.1, Spring v6.2.1
2025-05-26 17:28:14,252 [main] INFO  c.p.i.PriceIntegrationTest - The following 1 profile is active: "test"
2025-05-26 17:28:18,665 [main] DEBUG org.hibernate.SQL - 
    drop table if exists prices cascade 
Hibernate: 
    drop table if exists prices cascade 
2025-05-26 17:28:18,681 [main] DEBUG org.hibernate.SQL - 
    create table prices (
        curr varchar(3) not null,
        price numeric(10,2) not null,
        price_list integer not null,
        priority integer not null,
        brand_id bigint not null,
        end_date timestamp(6) not null,
        id bigint generated by default as identity,
        product_id bigint not null,
        start_date timestamp(6) not null,
        primary key (id)
    )
Hibernate: 
    create table prices (
        curr varchar(3) not null,
        price numeric(10,2) not null,
        price_list integer not null,
        priority integer not null,
        brand_id bigint not null,
        end_date timestamp(6) not null,
        id bigint generated by default as identity,
        product_id bigint not null,
        start_date timestamp(6) not null,
        primary key (id)
    )
2025-05-26 17:28:21,212 [main] INFO  o.s.t.w.s.TestDispatcherServlet - Initializing Servlet ''
2025-05-26 17:28:21,214 [main] INFO  o.s.t.w.s.TestDispatcherServlet - Completed initialization in 1 ms
2025-05-26 17:28:21,249 [main] INFO  c.p.i.PriceIntegrationTest - Started PriceIntegrationTest in 7.086 seconds (process running for 17.772)
2025-05-26 17:28:21,251 [main] INFO  com.pruebaItx.PruebaItxApplication - Application started and ready to receive requests
2025-05-26 17:28:21,481 [main] DEBUG org.hibernate.SQL - 
    select
        pe1_0.id,
        pe1_0.brand_id,
        pe1_0.curr,
        pe1_0.end_date,
        pe1_0.price,
        pe1_0.price_list,
        pe1_0.priority,
        pe1_0.product_id,
        pe1_0.start_date 
    from
        prices pe1_0
Hibernate: 
    select
        pe1_0.id,
        pe1_0.brand_id,
        pe1_0.curr,
        pe1_0.end_date,
        pe1_0.price,
        pe1_0.price_list,
        pe1_0.priority,
        pe1_0.product_id,
        pe1_0.start_date 
    from
        prices pe1_0
2025-05-26 17:28:21,668 [main] DEBUG org.hibernate.SQL - 
    insert 
    into
        prices
        (brand_id, curr, end_date, price, price_list, priority, product_id, start_date, id) 
    values
        (?, ?, ?, ?, ?, ?, ?, ?, default)
Hibernate: 
    insert 
    into
        prices
        (brand_id, curr, end_date, price, price_list, priority, product_id, start_date, id) 
    values
        (?, ?, ?, ?, ?, ?, ?, ?, default)
2025-05-26 17:28:21,694 [main] DEBUG org.hibernate.SQL - 
    insert 
    into
        prices
        (brand_id, curr, end_date, price, price_list, priority, product_id, start_date, id) 
    values
        (?, ?, ?, ?, ?, ?, ?, ?, default)
Hibernate: 
    insert 
    into
        prices
        (brand_id, curr, end_date, price, price_list, priority, product_id, start_date, id) 
    values
        (?, ?, ?, ?, ?, ?, ?, ?, default)
2025-05-26 17:28:21,696 [main] DEBUG org.hibernate.SQL - 
    insert 
    into
        prices
        (brand_id, curr, end_date, price, price_list, priority, product_id, start_date, id) 
    values
        (?, ?, ?, ?, ?, ?, ?, ?, default)
Hibernate: 
    insert 
    into
        prices
        (brand_id, curr, end_date, price, price_list, priority, product_id, start_date, id) 
    values
        (?, ?, ?, ?, ?, ?, ?, ?, default)
2025-05-26 17:28:21,697 [main] DEBUG org.hibernate.SQL - 
    insert 
    into
        prices
        (brand_id, curr, end_date, price, price_list, priority, product_id, start_date, id) 
    values
        (?, ?, ?, ?, ?, ?, ?, ?, default)
Hibernate: 
    insert 
    into
        prices
        (brand_id, curr, end_date, price, price_list, priority, product_id, start_date, id) 
    values
        (?, ?, ?, ?, ?, ?, ?, ?, default)
2025-05-26 17:28:21,699 [main] DEBUG org.hibernate.SQL - 
    insert 
    into
        prices
        (brand_id, curr, end_date, price, price_list, priority, product_id, start_date, id) 
    values
        (?, ?, ?, ?, ?, ?, ?, ?, default)
Hibernate: 
    insert 
    into
        prices
        (brand_id, curr, end_date, price, price_list, priority, product_id, start_date, id) 
    values
        (?, ?, ?, ?, ?, ?, ?, ?, default)
2025-05-26 17:28:21,700 [main] DEBUG org.hibernate.SQL - 
    insert 
    into
        prices
        (brand_id, curr, end_date, price, price_list, priority, product_id, start_date, id) 
    values
        (?, ?, ?, ?, ?, ?, ?, ?, default)
Hibernate: 
    insert 
    into
        prices
        (brand_id, curr, end_date, price, price_list, priority, product_id, start_date, id) 
    values
        (?, ?, ?, ?, ?, ?, ?, ?, default)
2025-05-26 17:28:21,734 [main] DEBUG c.p.i.a.in.web.PriceController - Request to getProductPrice: applicationDate=2020-06-14T10:00, productId=-1, brandId=1
2025-05-26 17:28:21,735 [main] DEBUG c.p.a.service.PriceService - Getting applicable price for brand: 1, product: -1, date: 2020-06-14T10:00
2025-05-26 17:28:21,828 [main] DEBUG org.hibernate.SQL - 
    delete 
    from
        prices 
    where
        id=?
Hibernate: 
    delete 
    from
        prices 
    where
        id=?
2025-05-26 17:28:21,832 [main] DEBUG org.hibernate.SQL - 
    delete 
    from
        prices 
    where
        id=?
Hibernate: 
    delete 
    from
        prices 
    where
        id=?
2025-05-26 17:28:21,833 [main] DEBUG org.hibernate.SQL - 
    delete 
    from
        prices 
    where
        id=?
Hibernate: 
    delete 
    from
        prices 
    where
        id=?
2025-05-26 17:28:21,833 [main] DEBUG org.hibernate.SQL - 
    delete 
    from
        prices 
    where
        id=?
Hibernate: 
    delete 
    from
        prices 
    where
        id=?
2025-05-26 17:28:21,837 [main] DEBUG org.hibernate.SQL - 
    select
        pe1_0.id,
        pe1_0.brand_id,
        pe1_0.curr,
        pe1_0.end_date,
        pe1_0.price,
        pe1_0.price_list,
        pe1_0.priority,
        pe1_0.product_id,
        pe1_0.start_date 
    from
        prices pe1_0 
    where
        pe1_0.brand_id=? 
        and pe1_0.product_id=? 
        and pe1_0.start_date<=? 
        and pe1_0.end_date>=? 
    order by
        pe1_0.priority desc
Hibernate: 
    select
        pe1_0.id,
        pe1_0.brand_id,
        pe1_0.curr,
        pe1_0.end_date,
        pe1_0.price,
        pe1_0.price_list,
        pe1_0.priority,
        pe1_0.product_id,
        pe1_0.start_date 
    from
        prices pe1_0 
    where
        pe1_0.brand_id=? 
        and pe1_0.product_id=? 
        and pe1_0.start_date<=? 
        and pe1_0.end_date>=? 
    order by
        pe1_0.priority desc
2025-05-26 17:28:21,847 [main] WARN  c.p.a.service.PriceService - No price found for brand: 1, product: -1, date: 2020-06-14T10:00
2025-05-26 17:28:21,848 [main] INFO  c.p.i.a.in.web.PriceController - No price found for applicationDate=2020-06-14T10:00, productId=-1, brandId=1. Reason: No price found for brand 1, product -1 at date 2020-06-14T10:00
2025-05-26 17:28:21,857 [main] DEBUG c.p.i.a.in.web.PriceController - Request to getProductPrice: applicationDate=2020-06-14T10:00, productId=35455, brandId=-1
2025-05-26 17:28:21,857 [main] DEBUG c.p.a.service.PriceService - Getting applicable price for brand: -1, product: 35455, date: 2020-06-14T10:00
2025-05-26 17:28:21,860 [main] DEBUG org.hibernate.SQL - 
    select
        pe1_0.id,
        pe1_0.brand_id,
        pe1_0.curr,
        pe1_0.end_date,
        pe1_0.price,
        pe1_0.price_list,
        pe1_0.priority,
        pe1_0.product_id,
        pe1_0.start_date 
    from
        prices pe1_0 
    where
        pe1_0.brand_id=? 
        and pe1_0.product_id=? 
        and pe1_0.start_date<=? 
        and pe1_0.end_date>=? 
    order by
        pe1_0.priority desc
Hibernate: 
    select
        pe1_0.id,
        pe1_0.brand_id,
        pe1_0.curr,
        pe1_0.end_date,
        pe1_0.price,
        pe1_0.price_list,
        pe1_0.priority,
        pe1_0.product_id,
        pe1_0.start_date 
    from
        prices pe1_0 
    where
        pe1_0.brand_id=? 
        and pe1_0.product_id=? 
        and pe1_0.start_date<=? 
        and pe1_0.end_date>=? 
    order by
        pe1_0.priority desc
2025-05-26 17:28:21,861 [main] WARN  c.p.a.service.PriceService - No price found for brand: -1, product: 35455, date: 2020-06-14T10:00
2025-05-26 17:28:21,861 [main] INFO  c.p.i.a.in.web.PriceController - No price found for applicationDate=2020-06-14T10:00, productId=35455, brandId=-1. Reason: No price found for brand -1, product 35455 at date 2020-06-14T10:00
2025-05-26 17:28:21,876 [main] DEBUG org.hibernate.SQL - 
    drop table if exists prices cascade 
Hibernate: 
    drop table if exists prices cascade 
]]></system-out>
  </testcase>
  <testcase name="shouldValidateRequestParameters_MissingParameters" classname="com.pruebaItx.integration.PriceIntegrationTest" time="0.055">
    <system-out><![CDATA[
  .   ____          _            __ _ _
 /\\ / ___'_ __ _ _(_)_ __  __ _ \ \ \ \
( ( )\___ | '_ | '_| | '_ \/ _` | \ \ \ \
 \\/  ___)| |_)| | | | | || (_| |  ) ) ) )
  '  |____| .__|_| |_|_| |_\__, | / / / /
 =========|_|==============|___/=/_/_/_/

 :: Spring Boot ::                (v3.4.1)

2025-05-26 17:28:21,950 [main] INFO  c.p.i.PriceIntegrationTest - Starting PriceIntegrationTest using Java 17.0.15 with PID 219136 (started by angelperez in /home/angelperez/Desarrollo/apps/TestProjects/ITX_Plataforma_CasoPractico)
2025-05-26 17:28:21,950 [main] DEBUG c.p.i.PriceIntegrationTest - Running with Spring Boot v3.4.1, Spring v6.2.1
2025-05-26 17:28:21,951 [main] INFO  c.p.i.PriceIntegrationTest - The following 1 profile is active: "test"
2025-05-26 17:28:22,474 [main] DEBUG org.hibernate.SQL - 
    drop table if exists prices cascade 
Hibernate: 
    drop table if exists prices cascade 
2025-05-26 17:28:22,475 [main] DEBUG org.hibernate.SQL - 
    create table prices (
        curr varchar(3) not null,
        price numeric(10,2) not null,
        price_list integer not null,
        priority integer not null,
        brand_id bigint not null,
        end_date timestamp(6) not null,
        id bigint generated by default as identity,
        product_id bigint not null,
        start_date timestamp(6) not null,
        primary key (id)
    )
Hibernate: 
    create table prices (
        curr varchar(3) not null,
        price numeric(10,2) not null,
        price_list integer not null,
        priority integer not null,
        brand_id bigint not null,
        end_date timestamp(6) not null,
        id bigint generated by default as identity,
        product_id bigint not null,
        start_date timestamp(6) not null,
        primary key (id)
    )
2025-05-26 17:28:22,808 [main] INFO  o.s.t.w.s.TestDispatcherServlet - Initializing Servlet ''
2025-05-26 17:28:22,810 [main] INFO  o.s.t.w.s.TestDispatcherServlet - Completed initialization in 2 ms
2025-05-26 17:28:22,829 [main] INFO  c.p.i.PriceIntegrationTest - Started PriceIntegrationTest in 0.942 seconds (process running for 19.352)
2025-05-26 17:28:22,830 [main] INFO  com.pruebaItx.PruebaItxApplication - Application started and ready to receive requests
2025-05-26 17:28:22,843 [main] DEBUG org.hibernate.SQL - 
    select
        pe1_0.id,
        pe1_0.brand_id,
        pe1_0.curr,
        pe1_0.end_date,
        pe1_0.price,
        pe1_0.price_list,
        pe1_0.priority,
        pe1_0.product_id,
        pe1_0.start_date 
    from
        prices pe1_0
Hibernate: 
    select
        pe1_0.id,
        pe1_0.brand_id,
        pe1_0.curr,
        pe1_0.end_date,
        pe1_0.price,
        pe1_0.price_list,
        pe1_0.priority,
        pe1_0.product_id,
        pe1_0.start_date 
    from
        prices pe1_0
2025-05-26 17:28:22,851 [main] DEBUG org.hibernate.SQL - 
    insert 
    into
        prices
        (brand_id, curr, end_date, price, price_list, priority, product_id, start_date, id) 
    values
        (?, ?, ?, ?, ?, ?, ?, ?, default)
Hibernate: 
    insert 
    into
        prices
        (brand_id, curr, end_date, price, price_list, priority, product_id, start_date, id) 
    values
        (?, ?, ?, ?, ?, ?, ?, ?, default)
2025-05-26 17:28:22,854 [main] DEBUG org.hibernate.SQL - 
    insert 
    into
        prices
        (brand_id, curr, end_date, price, price_list, priority, product_id, start_date, id) 
    values
        (?, ?, ?, ?, ?, ?, ?, ?, default)
Hibernate: 
    insert 
    into
        prices
        (brand_id, curr, end_date, price, price_list, priority, product_id, start_date, id) 
    values
        (?, ?, ?, ?, ?, ?, ?, ?, default)
2025-05-26 17:28:22,856 [main] DEBUG org.hibernate.SQL - 
    insert 
    into
        prices
        (brand_id, curr, end_date, price, price_list, priority, product_id, start_date, id) 
    values
        (?, ?, ?, ?, ?, ?, ?, ?, default)
Hibernate: 
    insert 
    into
        prices
        (brand_id, curr, end_date, price, price_list, priority, product_id, start_date, id) 
    values
        (?, ?, ?, ?, ?, ?, ?, ?, default)
2025-05-26 17:28:22,858 [main] DEBUG org.hibernate.SQL - 
    insert 
    into
        prices
        (brand_id, curr, end_date, price, price_list, priority, product_id, start_date, id) 
    values
        (?, ?, ?, ?, ?, ?, ?, ?, default)
Hibernate: 
    insert 
    into
        prices
        (brand_id, curr, end_date, price, price_list, priority, product_id, start_date, id) 
    values
        (?, ?, ?, ?, ?, ?, ?, ?, default)
2025-05-26 17:28:22,860 [main] DEBUG org.hibernate.SQL - 
    insert 
    into
        prices
        (brand_id, curr, end_date, price, price_list, priority, product_id, start_date, id) 
    values
        (?, ?, ?, ?, ?, ?, ?, ?, default)
Hibernate: 
    insert 
    into
        prices
        (brand_id, curr, end_date, price, price_list, priority, product_id, start_date, id) 
    values
        (?, ?, ?, ?, ?, ?, ?, ?, default)
2025-05-26 17:28:22,862 [main] DEBUG org.hibernate.SQL - 
    insert 
    into
        prices
        (brand_id, curr, end_date, price, price_list, priority, product_id, start_date, id) 
    values
        (?, ?, ?, ?, ?, ?, ?, ?, default)
Hibernate: 
    insert 
    into
        prices
        (brand_id, curr, end_date, price, price_list, priority, product_id, start_date, id) 
    values
        (?, ?, ?, ?, ?, ?, ?, ?, default)
2025-05-26 17:28:22,871 [main] WARN  o.s.w.s.m.s.DefaultHandlerExceptionResolver - Resolved [org.springframework.web.bind.MissingServletRequestParameterException: Required request parameter 'applicationDate' for method parameter type LocalDateTime is not present]
2025-05-26 17:28:22,875 [main] WARN  o.s.w.s.m.s.DefaultHandlerExceptionResolver - Resolved [org.springframework.web.bind.MissingServletRequestParameterException: Required request parameter 'productId' for method parameter type Long is not present]
2025-05-26 17:28:22,877 [main] WARN  o.s.w.s.m.s.DefaultHandlerExceptionResolver - Resolved [org.springframework.web.bind.MissingServletRequestParameterException: Required request parameter 'brandId' for method parameter type Long is not present]
2025-05-26 17:28:22,885 [main] DEBUG org.hibernate.SQL - 
    drop table if exists prices cascade 
Hibernate: 
    drop table if exists prices cascade 
]]></system-out>
  </testcase>
  <testcase name="test4_getPriceAt10_00OnDay15" classname="com.pruebaItx.integration.PriceIntegrationTest" time="0.141">
    <failure message="Got a list of values [2020,6,15,0,0] instead of the expected single value 2020-06-15T00:00:00" type="java.lang.AssertionError"><![CDATA[java.lang.AssertionError: Got a list of values [2020,6,15,0,0] instead of the expected single value 2020-06-15T00:00:00
	at org.springframework.test.util.AssertionErrors.fail(AssertionErrors.java:39)
	at org.springframework.test.util.JsonPathExpectationsHelper.assertValue(JsonPathExpectationsHelper.java:154)
	at org.springframework.test.web.servlet.result.JsonPathResultMatchers.lambda$value$2(JsonPathResultMatchers.java:112)
	at org.springframework.test.web.servlet.MockMvc$1.andExpect(MockMvc.java:214)
	at com.pruebaItx.integration.PriceIntegrationTest.test4_getPriceAt10_00OnDay15(PriceIntegrationTest.java:192)
	at java.base/java.lang.reflect.Method.invoke(Method.java:569)
	at java.base/java.util.ArrayList.forEach(ArrayList.java:1511)
	at java.base/java.util.ArrayList.forEach(ArrayList.java:1511)
]]></failure>
    <system-out><![CDATA[
  .   ____          _            __ _ _
 /\\ / ___'_ __ _ _(_)_ __  __ _ \ \ \ \
( ( )\___ | '_ | '_| | '_ \/ _` | \ \ \ \
 \\/  ___)| |_)| | | | | || (_| |  ) ) ) )
  '  |____| .__|_| |_|_| |_\__, | / / / /
 =========|_|==============|___/=/_/_/_/

 :: Spring Boot ::                (v3.4.1)

2025-05-26 17:28:22,953 [main] INFO  c.p.i.PriceIntegrationTest - Starting PriceIntegrationTest using Java 17.0.15 with PID 219136 (started by angelperez in /home/angelperez/Desarrollo/apps/TestProjects/ITX_Plataforma_CasoPractico)
2025-05-26 17:28:22,953 [main] DEBUG c.p.i.PriceIntegrationTest - Running with Spring Boot v3.4.1, Spring v6.2.1
2025-05-26 17:28:22,953 [main] INFO  c.p.i.PriceIntegrationTest - The following 1 profile is active: "test"
2025-05-26 17:28:23,380 [main] DEBUG org.hibernate.SQL - 
    drop table if exists prices cascade 
Hibernate: 
    drop table if exists prices cascade 
2025-05-26 17:28:23,381 [main] DEBUG org.hibernate.SQL - 
    create table prices (
        curr varchar(3) not null,
        price numeric(10,2) not null,
        price_list integer not null,
        priority integer not null,
        brand_id bigint not null,
        end_date timestamp(6) not null,
        id bigint generated by default as identity,
        product_id bigint not null,
        start_date timestamp(6) not null,
        primary key (id)
    )
Hibernate: 
    create table prices (
        curr varchar(3) not null,
        price numeric(10,2) not null,
        price_list integer not null,
        priority integer not null,
        brand_id bigint not null,
        end_date timestamp(6) not null,
        id bigint generated by default as identity,
        product_id bigint not null,
        start_date timestamp(6) not null,
        primary key (id)
    )
2025-05-26 17:28:23,617 [main] INFO  o.s.t.w.s.TestDispatcherServlet - Initializing Servlet ''
2025-05-26 17:28:23,618 [main] INFO  o.s.t.w.s.TestDispatcherServlet - Completed initialization in 1 ms
2025-05-26 17:28:23,633 [main] INFO  c.p.i.PriceIntegrationTest - Started PriceIntegrationTest in 0.74 seconds (process running for 20.156)
2025-05-26 17:28:23,634 [main] INFO  com.pruebaItx.PruebaItxApplication - Application started and ready to receive requests
2025-05-26 17:28:23,653 [main] DEBUG org.hibernate.SQL - 
    select
        pe1_0.id,
        pe1_0.brand_id,
        pe1_0.curr,
        pe1_0.end_date,
        pe1_0.price,
        pe1_0.price_list,
        pe1_0.priority,
        pe1_0.product_id,
        pe1_0.start_date 
    from
        prices pe1_0
Hibernate: 
    select
        pe1_0.id,
        pe1_0.brand_id,
        pe1_0.curr,
        pe1_0.end_date,
        pe1_0.price,
        pe1_0.price_list,
        pe1_0.priority,
        pe1_0.product_id,
        pe1_0.start_date 
    from
        prices pe1_0
2025-05-26 17:28:23,661 [main] DEBUG org.hibernate.SQL - 
    insert 
    into
        prices
        (brand_id, curr, end_date, price, price_list, priority, product_id, start_date, id) 
    values
        (?, ?, ?, ?, ?, ?, ?, ?, default)
Hibernate: 
    insert 
    into
        prices
        (brand_id, curr, end_date, price, price_list, priority, product_id, start_date, id) 
    values
        (?, ?, ?, ?, ?, ?, ?, ?, default)
2025-05-26 17:28:23,664 [main] DEBUG org.hibernate.SQL - 
    insert 
    into
        prices
        (brand_id, curr, end_date, price, price_list, priority, product_id, start_date, id) 
    values
        (?, ?, ?, ?, ?, ?, ?, ?, default)
Hibernate: 
    insert 
    into
        prices
        (brand_id, curr, end_date, price, price_list, priority, product_id, start_date, id) 
    values
        (?, ?, ?, ?, ?, ?, ?, ?, default)
2025-05-26 17:28:23,669 [main] DEBUG org.hibernate.SQL - 
    insert 
    into
        prices
        (brand_id, curr, end_date, price, price_list, priority, product_id, start_date, id) 
    values
        (?, ?, ?, ?, ?, ?, ?, ?, default)
Hibernate: 
    insert 
    into
        prices
        (brand_id, curr, end_date, price, price_list, priority, product_id, start_date, id) 
    values
        (?, ?, ?, ?, ?, ?, ?, ?, default)
2025-05-26 17:28:23,675 [main] DEBUG org.hibernate.SQL - 
    insert 
    into
        prices
        (brand_id, curr, end_date, price, price_list, priority, product_id, start_date, id) 
    values
        (?, ?, ?, ?, ?, ?, ?, ?, default)
Hibernate: 
    insert 
    into
        prices
        (brand_id, curr, end_date, price, price_list, priority, product_id, start_date, id) 
    values
        (?, ?, ?, ?, ?, ?, ?, ?, default)
2025-05-26 17:28:23,678 [main] DEBUG org.hibernate.SQL - 
    insert 
    into
        prices
        (brand_id, curr, end_date, price, price_list, priority, product_id, start_date, id) 
    values
        (?, ?, ?, ?, ?, ?, ?, ?, default)
Hibernate: 
    insert 
    into
        prices
        (brand_id, curr, end_date, price, price_list, priority, product_id, start_date, id) 
    values
        (?, ?, ?, ?, ?, ?, ?, ?, default)
2025-05-26 17:28:23,680 [main] DEBUG org.hibernate.SQL - 
    insert 
    into
        prices
        (brand_id, curr, end_date, price, price_list, priority, product_id, start_date, id) 
    values
        (?, ?, ?, ?, ?, ?, ?, ?, default)
Hibernate: 
    insert 
    into
        prices
        (brand_id, curr, end_date, price, price_list, priority, product_id, start_date, id) 
    values
        (?, ?, ?, ?, ?, ?, ?, ?, default)
2025-05-26 17:28:23,739 [main] DEBUG c.p.i.a.in.web.PriceController - Request to getProductPrice: applicationDate=2020-06-15T10:00, productId=35455, brandId=1
2025-05-26 17:28:23,740 [main] DEBUG c.p.a.service.PriceService - Getting applicable price for brand: 1, product: 35455, date: 2020-06-15T10:00
2025-05-26 17:28:23,745 [main] DEBUG org.hibernate.SQL - 
    delete 
    from
        prices 
    where
        id=?
Hibernate: 
    delete 
    from
        prices 
    where
        id=?
2025-05-26 17:28:23,746 [main] DEBUG org.hibernate.SQL - 
    delete 
    from
        prices 
    where
        id=?
Hibernate: 
    delete 
    from
        prices 
    where
        id=?
2025-05-26 17:28:23,746 [main] DEBUG org.hibernate.SQL - 
    delete 
    from
        prices 
    where
        id=?
Hibernate: 
    delete 
    from
        prices 
    where
        id=?
2025-05-26 17:28:23,747 [main] DEBUG org.hibernate.SQL - 
    delete 
    from
        prices 
    where
        id=?
Hibernate: 
    delete 
    from
        prices 
    where
        id=?
2025-05-26 17:28:23,748 [main] DEBUG org.hibernate.SQL - 
    select
        pe1_0.id,
        pe1_0.brand_id,
        pe1_0.curr,
        pe1_0.end_date,
        pe1_0.price,
        pe1_0.price_list,
        pe1_0.priority,
        pe1_0.product_id,
        pe1_0.start_date 
    from
        prices pe1_0 
    where
        pe1_0.brand_id=? 
        and pe1_0.product_id=? 
        and pe1_0.start_date<=? 
        and pe1_0.end_date>=? 
    order by
        pe1_0.priority desc
Hibernate: 
    select
        pe1_0.id,
        pe1_0.brand_id,
        pe1_0.curr,
        pe1_0.end_date,
        pe1_0.price,
        pe1_0.price_list,
        pe1_0.priority,
        pe1_0.product_id,
        pe1_0.start_date 
    from
        prices pe1_0 
    where
        pe1_0.brand_id=? 
        and pe1_0.product_id=? 
        and pe1_0.start_date<=? 
        and pe1_0.end_date>=? 
    order by
        pe1_0.priority desc
2025-05-26 17:28:23,752 [main] DEBUG c.p.a.service.PriceService - Selected price with priority 1 and value 30.50

MockHttpServletRequest:
      HTTP Method = GET
      Request URI = /api/v1/prices
       Parameters = {applicationDate=[2020-06-15T10:00:00], productId=[35455], brandId=[1]}
          Headers = [Content-Type:"application/json;charset=UTF-8"]
             Body = null
    Session Attrs = {}

Handler:
             Type = com.pruebaItx.infrastructure.adapter.in.web.PriceController
           Method = com.pruebaItx.infrastructure.adapter.in.web.PriceController#getPrice(LocalDateTime, Long, Long)

Async:
    Async started = false
     Async result = null

Resolved Exception:
             Type = null

ModelAndView:
        View name = null
             View = null
            Model = null

FlashMap:
       Attributes = null

MockHttpServletResponse:
           Status = 200
    Error message = null
          Headers = [Content-Type:"application/json"]
     Content type = application/json
             Body = {"productId":35455,"brandId":1,"priceList":3,"startDate":[2020,6,15,0,0],"endDate":[2020,6,15,11,0],"price":30.5,"currency":"EUR"}
    Forwarded URL = null
   Redirected URL = null
          Cookies = []
2025-05-26 17:28:23,775 [main] DEBUG org.hibernate.SQL - 
    drop table if exists prices cascade 
Hibernate: 
    drop table if exists prices cascade 
]]></system-out>
  </testcase>
  <testcase name="test1_getPriceAt10_00OnDay14" classname="com.pruebaItx.integration.PriceIntegrationTest" time="0.1">
    <failure message="Got a list of values [2020,6,14,0,0] instead of the expected single value 2020-06-14T00:00:00" type="java.lang.AssertionError"><![CDATA[java.lang.AssertionError: Got a list of values [2020,6,14,0,0] instead of the expected single value 2020-06-14T00:00:00
	at org.springframework.test.util.AssertionErrors.fail(AssertionErrors.java:39)
	at org.springframework.test.util.JsonPathExpectationsHelper.assertValue(JsonPathExpectationsHelper.java:154)
	at org.springframework.test.web.servlet.result.JsonPathResultMatchers.lambda$value$2(JsonPathResultMatchers.java:112)
	at org.springframework.test.web.servlet.MockMvc$1.andExpect(MockMvc.java:214)
	at com.pruebaItx.integration.PriceIntegrationTest.test1_getPriceAt10_00OnDay14(PriceIntegrationTest.java:129)
	at java.base/java.lang.reflect.Method.invoke(Method.java:569)
	at java.base/java.util.ArrayList.forEach(ArrayList.java:1511)
	at java.base/java.util.ArrayList.forEach(ArrayList.java:1511)
]]></failure>
    <system-out><![CDATA[
  .   ____          _            __ _ _
 /\\ / ___'_ __ _ _(_)_ __  __ _ \ \ \ \
( ( )\___ | '_ | '_| | '_ \/ _` | \ \ \ \
 \\/  ___)| |_)| | | | | || (_| |  ) ) ) )
  '  |____| .__|_| |_|_| |_\__, | / / / /
 =========|_|==============|___/=/_/_/_/

 :: Spring Boot ::                (v3.4.1)

2025-05-26 17:28:23,857 [main] INFO  c.p.i.PriceIntegrationTest - Starting PriceIntegrationTest using Java 17.0.15 with PID 219136 (started by angelperez in /home/angelperez/Desarrollo/apps/TestProjects/ITX_Plataforma_CasoPractico)
2025-05-26 17:28:23,858 [main] DEBUG c.p.i.PriceIntegrationTest - Running with Spring Boot v3.4.1, Spring v6.2.1
2025-05-26 17:28:23,858 [main] INFO  c.p.i.PriceIntegrationTest - The following 1 profile is active: "test"
2025-05-26 17:28:24,364 [main] DEBUG org.hibernate.SQL - 
    drop table if exists prices cascade 
Hibernate: 
    drop table if exists prices cascade 
2025-05-26 17:28:24,365 [main] DEBUG org.hibernate.SQL - 
    create table prices (
        curr varchar(3) not null,
        price numeric(10,2) not null,
        price_list integer not null,
        priority integer not null,
        brand_id bigint not null,
        end_date timestamp(6) not null,
        id bigint generated by default as identity,
        product_id bigint not null,
        start_date timestamp(6) not null,
        primary key (id)
    )
Hibernate: 
    create table prices (
        curr varchar(3) not null,
        price numeric(10,2) not null,
        price_list integer not null,
        priority integer not null,
        brand_id bigint not null,
        end_date timestamp(6) not null,
        id bigint generated by default as identity,
        product_id bigint not null,
        start_date timestamp(6) not null,
        primary key (id)
    )
2025-05-26 17:28:24,640 [main] INFO  o.s.t.w.s.TestDispatcherServlet - Initializing Servlet ''
2025-05-26 17:28:24,642 [main] INFO  o.s.t.w.s.TestDispatcherServlet - Completed initialization in 1 ms
2025-05-26 17:28:24,658 [main] INFO  c.p.i.PriceIntegrationTest - Started PriceIntegrationTest in 0.864 seconds (process running for 21.181)
2025-05-26 17:28:24,659 [main] INFO  com.pruebaItx.PruebaItxApplication - Application started and ready to receive requests
2025-05-26 17:28:24,678 [main] DEBUG org.hibernate.SQL - 
    select
        pe1_0.id,
        pe1_0.brand_id,
        pe1_0.curr,
        pe1_0.end_date,
        pe1_0.price,
        pe1_0.price_list,
        pe1_0.priority,
        pe1_0.product_id,
        pe1_0.start_date 
    from
        prices pe1_0
Hibernate: 
    select
        pe1_0.id,
        pe1_0.brand_id,
        pe1_0.curr,
        pe1_0.end_date,
        pe1_0.price,
        pe1_0.price_list,
        pe1_0.priority,
        pe1_0.product_id,
        pe1_0.start_date 
    from
        prices pe1_0
2025-05-26 17:28:24,689 [main] DEBUG org.hibernate.SQL - 
    insert 
    into
        prices
        (brand_id, curr, end_date, price, price_list, priority, product_id, start_date, id) 
    values
        (?, ?, ?, ?, ?, ?, ?, ?, default)
Hibernate: 
    insert 
    into
        prices
        (brand_id, curr, end_date, price, price_list, priority, product_id, start_date, id) 
    values
        (?, ?, ?, ?, ?, ?, ?, ?, default)
2025-05-26 17:28:24,693 [main] DEBUG org.hibernate.SQL - 
    insert 
    into
        prices
        (brand_id, curr, end_date, price, price_list, priority, product_id, start_date, id) 
    values
        (?, ?, ?, ?, ?, ?, ?, ?, default)
Hibernate: 
    insert 
    into
        prices
        (brand_id, curr, end_date, price, price_list, priority, product_id, start_date, id) 
    values
        (?, ?, ?, ?, ?, ?, ?, ?, default)
2025-05-26 17:28:24,695 [main] DEBUG org.hibernate.SQL - 
    insert 
    into
        prices
        (brand_id, curr, end_date, price, price_list, priority, product_id, start_date, id) 
    values
        (?, ?, ?, ?, ?, ?, ?, ?, default)
Hibernate: 
    insert 
    into
        prices
        (brand_id, curr, end_date, price, price_list, priority, product_id, start_date, id) 
    values
        (?, ?, ?, ?, ?, ?, ?, ?, default)
2025-05-26 17:28:24,698 [main] DEBUG org.hibernate.SQL - 
    insert 
    into
        prices
        (brand_id, curr, end_date, price, price_list, priority, product_id, start_date, id) 
    values
        (?, ?, ?, ?, ?, ?, ?, ?, default)
Hibernate: 
    insert 
    into
        prices
        (brand_id, curr, end_date, price, price_list, priority, product_id, start_date, id) 
    values
        (?, ?, ?, ?, ?, ?, ?, ?, default)
2025-05-26 17:28:24,701 [main] DEBUG org.hibernate.SQL - 
    insert 
    into
        prices
        (brand_id, curr, end_date, price, price_list, priority, product_id, start_date, id) 
    values
        (?, ?, ?, ?, ?, ?, ?, ?, default)
Hibernate: 
    insert 
    into
        prices
        (brand_id, curr, end_date, price, price_list, priority, product_id, start_date, id) 
    values
        (?, ?, ?, ?, ?, ?, ?, ?, default)
2025-05-26 17:28:24,703 [main] DEBUG org.hibernate.SQL - 
    insert 
    into
        prices
        (brand_id, curr, end_date, price, price_list, priority, product_id, start_date, id) 
    values
        (?, ?, ?, ?, ?, ?, ?, ?, default)
Hibernate: 
    insert 
    into
        prices
        (brand_id, curr, end_date, price, price_list, priority, product_id, start_date, id) 
    values
        (?, ?, ?, ?, ?, ?, ?, ?, default)
2025-05-26 17:28:24,738 [main] DEBUG c.p.i.a.in.web.PriceController - Request to getProductPrice: applicationDate=2020-06-14T10:00, productId=35455, brandId=1
2025-05-26 17:28:24,738 [main] DEBUG c.p.a.service.PriceService - Getting applicable price for brand: 1, product: 35455, date: 2020-06-14T10:00
2025-05-26 17:28:24,743 [main] DEBUG org.hibernate.SQL - 
    delete 
    from
        prices 
    where
        id=?
Hibernate: 
    delete 
    from
        prices 
    where
        id=?
2025-05-26 17:28:24,744 [main] DEBUG org.hibernate.SQL - 
    delete 
    from
        prices 
    where
        id=?
Hibernate: 
    delete 
    from
        prices 
    where
        id=?
2025-05-26 17:28:24,744 [main] DEBUG org.hibernate.SQL - 
    delete 
    from
        prices 
    where
        id=?
Hibernate: 
    delete 
    from
        prices 
    where
        id=?
2025-05-26 17:28:24,744 [main] DEBUG org.hibernate.SQL - 
    delete 
    from
        prices 
    where
        id=?
Hibernate: 
    delete 
    from
        prices 
    where
        id=?
2025-05-26 17:28:24,746 [main] DEBUG org.hibernate.SQL - 
    select
        pe1_0.id,
        pe1_0.brand_id,
        pe1_0.curr,
        pe1_0.end_date,
        pe1_0.price,
        pe1_0.price_list,
        pe1_0.priority,
        pe1_0.product_id,
        pe1_0.start_date 
    from
        prices pe1_0 
    where
        pe1_0.brand_id=? 
        and pe1_0.product_id=? 
        and pe1_0.start_date<=? 
        and pe1_0.end_date>=? 
    order by
        pe1_0.priority desc
Hibernate: 
    select
        pe1_0.id,
        pe1_0.brand_id,
        pe1_0.curr,
        pe1_0.end_date,
        pe1_0.price,
        pe1_0.price_list,
        pe1_0.priority,
        pe1_0.product_id,
        pe1_0.start_date 
    from
        prices pe1_0 
    where
        pe1_0.brand_id=? 
        and pe1_0.product_id=? 
        and pe1_0.start_date<=? 
        and pe1_0.end_date>=? 
    order by
        pe1_0.priority desc
2025-05-26 17:28:24,748 [main] DEBUG c.p.a.service.PriceService - Selected price with priority 0 and value 35.50

MockHttpServletRequest:
      HTTP Method = GET
      Request URI = /api/v1/prices
       Parameters = {applicationDate=[2020-06-14T10:00:00], productId=[35455], brandId=[1]}
          Headers = [Content-Type:"application/json;charset=UTF-8"]
             Body = null
    Session Attrs = {}

Handler:
             Type = com.pruebaItx.infrastructure.adapter.in.web.PriceController
           Method = com.pruebaItx.infrastructure.adapter.in.web.PriceController#getPrice(LocalDateTime, Long, Long)

Async:
    Async started = false
     Async result = null

Resolved Exception:
             Type = null

ModelAndView:
        View name = null
             View = null
            Model = null

FlashMap:
       Attributes = null

MockHttpServletResponse:
           Status = 200
    Error message = null
          Headers = [Content-Type:"application/json"]
     Content type = application/json
             Body = {"productId":35455,"brandId":1,"priceList":1,"startDate":[2020,6,14,0,0],"endDate":[2020,12,31,23,59,59],"price":35.5,"currency":"EUR"}
    Forwarded URL = null
   Redirected URL = null
          Cookies = []
2025-05-26 17:28:24,762 [main] DEBUG org.hibernate.SQL - 
    drop table if exists prices cascade 
Hibernate: 
    drop table if exists prices cascade 
]]></system-out>
  </testcase>
  <testcase name="shouldReturn404WhenBrandNotFound" classname="com.pruebaItx.integration.PriceIntegrationTest" time="0.073">
    <system-out><![CDATA[
  .   ____          _            __ _ _
 /\\ / ___'_ __ _ _(_)_ __  __ _ \ \ \ \
( ( )\___ | '_ | '_| | '_ \/ _` | \ \ \ \
 \\/  ___)| |_)| | | | | || (_| |  ) ) ) )
  '  |____| .__|_| |_|_| |_\__, | / / / /
 =========|_|==============|___/=/_/_/_/

 :: Spring Boot ::                (v3.4.1)

2025-05-26 17:28:24,821 [main] INFO  c.p.i.PriceIntegrationTest - Starting PriceIntegrationTest using Java 17.0.15 with PID 219136 (started by angelperez in /home/angelperez/Desarrollo/apps/TestProjects/ITX_Plataforma_CasoPractico)
2025-05-26 17:28:24,821 [main] DEBUG c.p.i.PriceIntegrationTest - Running with Spring Boot v3.4.1, Spring v6.2.1
2025-05-26 17:28:24,821 [main] INFO  c.p.i.PriceIntegrationTest - The following 1 profile is active: "test"
2025-05-26 17:28:25,242 [main] DEBUG org.hibernate.SQL - 
    drop table if exists prices cascade 
Hibernate: 
    drop table if exists prices cascade 
2025-05-26 17:28:25,243 [main] DEBUG org.hibernate.SQL - 
    create table prices (
        curr varchar(3) not null,
        price numeric(10,2) not null,
        price_list integer not null,
        priority integer not null,
        brand_id bigint not null,
        end_date timestamp(6) not null,
        id bigint generated by default as identity,
        product_id bigint not null,
        start_date timestamp(6) not null,
        primary key (id)
    )
Hibernate: 
    create table prices (
        curr varchar(3) not null,
        price numeric(10,2) not null,
        price_list integer not null,
        priority integer not null,
        brand_id bigint not null,
        end_date timestamp(6) not null,
        id bigint generated by default as identity,
        product_id bigint not null,
        start_date timestamp(6) not null,
        primary key (id)
    )
2025-05-26 17:28:25,471 [main] INFO  o.s.t.w.s.TestDispatcherServlet - Initializing Servlet ''
2025-05-26 17:28:25,472 [main] INFO  o.s.t.w.s.TestDispatcherServlet - Completed initialization in 0 ms
2025-05-26 17:28:25,483 [main] INFO  c.p.i.PriceIntegrationTest - Started PriceIntegrationTest in 0.715 seconds (process running for 22.006)
2025-05-26 17:28:25,484 [main] INFO  com.pruebaItx.PruebaItxApplication - Application started and ready to receive requests
2025-05-26 17:28:25,493 [main] DEBUG org.hibernate.SQL - 
    select
        pe1_0.id,
        pe1_0.brand_id,
        pe1_0.curr,
        pe1_0.end_date,
        pe1_0.price,
        pe1_0.price_list,
        pe1_0.priority,
        pe1_0.product_id,
        pe1_0.start_date 
    from
        prices pe1_0
Hibernate: 
    select
        pe1_0.id,
        pe1_0.brand_id,
        pe1_0.curr,
        pe1_0.end_date,
        pe1_0.price,
        pe1_0.price_list,
        pe1_0.priority,
        pe1_0.product_id,
        pe1_0.start_date 
    from
        prices pe1_0
2025-05-26 17:28:25,498 [main] DEBUG org.hibernate.SQL - 
    insert 
    into
        prices
        (brand_id, curr, end_date, price, price_list, priority, product_id, start_date, id) 
    values
        (?, ?, ?, ?, ?, ?, ?, ?, default)
Hibernate: 
    insert 
    into
        prices
        (brand_id, curr, end_date, price, price_list, priority, product_id, start_date, id) 
    values
        (?, ?, ?, ?, ?, ?, ?, ?, default)
2025-05-26 17:28:25,500 [main] DEBUG org.hibernate.SQL - 
    insert 
    into
        prices
        (brand_id, curr, end_date, price, price_list, priority, product_id, start_date, id) 
    values
        (?, ?, ?, ?, ?, ?, ?, ?, default)
Hibernate: 
    insert 
    into
        prices
        (brand_id, curr, end_date, price, price_list, priority, product_id, start_date, id) 
    values
        (?, ?, ?, ?, ?, ?, ?, ?, default)
2025-05-26 17:28:25,501 [main] DEBUG org.hibernate.SQL - 
    insert 
    into
        prices
        (brand_id, curr, end_date, price, price_list, priority, product_id, start_date, id) 
    values
        (?, ?, ?, ?, ?, ?, ?, ?, default)
Hibernate: 
    insert 
    into
        prices
        (brand_id, curr, end_date, price, price_list, priority, product_id, start_date, id) 
    values
        (?, ?, ?, ?, ?, ?, ?, ?, default)
2025-05-26 17:28:25,503 [main] DEBUG org.hibernate.SQL - 
    insert 
    into
        prices
        (brand_id, curr, end_date, price, price_list, priority, product_id, start_date, id) 
    values
        (?, ?, ?, ?, ?, ?, ?, ?, default)
Hibernate: 
    insert 
    into
        prices
        (brand_id, curr, end_date, price, price_list, priority, product_id, start_date, id) 
    values
        (?, ?, ?, ?, ?, ?, ?, ?, default)
2025-05-26 17:28:25,504 [main] DEBUG org.hibernate.SQL - 
    insert 
    into
        prices
        (brand_id, curr, end_date, price, price_list, priority, product_id, start_date, id) 
    values
        (?, ?, ?, ?, ?, ?, ?, ?, default)
Hibernate: 
    insert 
    into
        prices
        (brand_id, curr, end_date, price, price_list, priority, product_id, start_date, id) 
    values
        (?, ?, ?, ?, ?, ?, ?, ?, default)
2025-05-26 17:28:25,506 [main] DEBUG org.hibernate.SQL - 
    insert 
    into
        prices
        (brand_id, curr, end_date, price, price_list, priority, product_id, start_date, id) 
    values
        (?, ?, ?, ?, ?, ?, ?, ?, default)
Hibernate: 
    insert 
    into
        prices
        (brand_id, curr, end_date, price, price_list, priority, product_id, start_date, id) 
    values
        (?, ?, ?, ?, ?, ?, ?, ?, default)
2025-05-26 17:28:25,527 [main] DEBUG c.p.i.a.in.web.PriceController - Request to getProductPrice: applicationDate=2020-06-14T10:00, productId=35455, brandId=999
2025-05-26 17:28:25,528 [main] DEBUG c.p.a.service.PriceService - Getting applicable price for brand: 999, product: 35455, date: 2020-06-14T10:00
2025-05-26 17:28:25,532 [main] DEBUG org.hibernate.SQL - 
    delete 
    from
        prices 
    where
        id=?
Hibernate: 
    delete 
    from
        prices 
    where
        id=?
2025-05-26 17:28:25,533 [main] DEBUG org.hibernate.SQL - 
    delete 
    from
        prices 
    where
        id=?
Hibernate: 
    delete 
    from
        prices 
    where
        id=?
2025-05-26 17:28:25,533 [main] DEBUG org.hibernate.SQL - 
    delete 
    from
        prices 
    where
        id=?
Hibernate: 
    delete 
    from
        prices 
    where
        id=?
2025-05-26 17:28:25,534 [main] DEBUG org.hibernate.SQL - 
    delete 
    from
        prices 
    where
        id=?
Hibernate: 
    delete 
    from
        prices 
    where
        id=?
2025-05-26 17:28:25,535 [main] DEBUG org.hibernate.SQL - 
    select
        pe1_0.id,
        pe1_0.brand_id,
        pe1_0.curr,
        pe1_0.end_date,
        pe1_0.price,
        pe1_0.price_list,
        pe1_0.priority,
        pe1_0.product_id,
        pe1_0.start_date 
    from
        prices pe1_0 
    where
        pe1_0.brand_id=? 
        and pe1_0.product_id=? 
        and pe1_0.start_date<=? 
        and pe1_0.end_date>=? 
    order by
        pe1_0.priority desc
Hibernate: 
    select
        pe1_0.id,
        pe1_0.brand_id,
        pe1_0.curr,
        pe1_0.end_date,
        pe1_0.price,
        pe1_0.price_list,
        pe1_0.priority,
        pe1_0.product_id,
        pe1_0.start_date 
    from
        prices pe1_0 
    where
        pe1_0.brand_id=? 
        and pe1_0.product_id=? 
        and pe1_0.start_date<=? 
        and pe1_0.end_date>=? 
    order by
        pe1_0.priority desc
2025-05-26 17:28:25,537 [main] WARN  c.p.a.service.PriceService - No price found for brand: 999, product: 35455, date: 2020-06-14T10:00
2025-05-26 17:28:25,538 [main] INFO  c.p.i.a.in.web.PriceController - No price found for applicationDate=2020-06-14T10:00, productId=35455, brandId=999. Reason: No price found for brand 999, product 35455 at date 2020-06-14T10:00
2025-05-26 17:28:25,555 [main] DEBUG org.hibernate.SQL - 
    drop table if exists prices cascade 
Hibernate: 
    drop table if exists prices cascade 
]]></system-out>
  </testcase>
  <testcase name="shouldReturnCorrectPriceForDifferentProduct" classname="com.pruebaItx.integration.PriceIntegrationTest" time="0.101">
    <system-out><![CDATA[
  .   ____          _            __ _ _
 /\\ / ___'_ __ _ _(_)_ __  __ _ \ \ \ \
( ( )\___ | '_ | '_| | '_ \/ _` | \ \ \ \
 \\/  ___)| |_)| | | | | || (_| |  ) ) ) )
  '  |____| .__|_| |_|_| |_\__, | / / / /
 =========|_|==============|___/=/_/_/_/

 :: Spring Boot ::                (v3.4.1)

2025-05-26 17:28:25,614 [main] INFO  c.p.i.PriceIntegrationTest - Starting PriceIntegrationTest using Java 17.0.15 with PID 219136 (started by angelperez in /home/angelperez/Desarrollo/apps/TestProjects/ITX_Plataforma_CasoPractico)
2025-05-26 17:28:25,615 [main] DEBUG c.p.i.PriceIntegrationTest - Running with Spring Boot v3.4.1, Spring v6.2.1
2025-05-26 17:28:25,615 [main] INFO  c.p.i.PriceIntegrationTest - The following 1 profile is active: "test"
2025-05-26 17:28:26,000 [main] DEBUG org.hibernate.SQL - 
    drop table if exists prices cascade 
Hibernate: 
    drop table if exists prices cascade 
2025-05-26 17:28:26,001 [main] DEBUG org.hibernate.SQL - 
    create table prices (
        curr varchar(3) not null,
        price numeric(10,2) not null,
        price_list integer not null,
        priority integer not null,
        brand_id bigint not null,
        end_date timestamp(6) not null,
        id bigint generated by default as identity,
        product_id bigint not null,
        start_date timestamp(6) not null,
        primary key (id)
    )
Hibernate: 
    create table prices (
        curr varchar(3) not null,
        price numeric(10,2) not null,
        price_list integer not null,
        priority integer not null,
        brand_id bigint not null,
        end_date timestamp(6) not null,
        id bigint generated by default as identity,
        product_id bigint not null,
        start_date timestamp(6) not null,
        primary key (id)
    )
2025-05-26 17:28:26,218 [main] INFO  o.s.t.w.s.TestDispatcherServlet - Initializing Servlet ''
2025-05-26 17:28:26,219 [main] INFO  o.s.t.w.s.TestDispatcherServlet - Completed initialization in 0 ms
2025-05-26 17:28:26,231 [main] INFO  c.p.i.PriceIntegrationTest - Started PriceIntegrationTest in 0.668 seconds (process running for 22.754)
2025-05-26 17:28:26,233 [main] INFO  com.pruebaItx.PruebaItxApplication - Application started and ready to receive requests
2025-05-26 17:28:26,247 [main] DEBUG org.hibernate.SQL - 
    select
        pe1_0.id,
        pe1_0.brand_id,
        pe1_0.curr,
        pe1_0.end_date,
        pe1_0.price,
        pe1_0.price_list,
        pe1_0.priority,
        pe1_0.product_id,
        pe1_0.start_date 
    from
        prices pe1_0
Hibernate: 
    select
        pe1_0.id,
        pe1_0.brand_id,
        pe1_0.curr,
        pe1_0.end_date,
        pe1_0.price,
        pe1_0.price_list,
        pe1_0.priority,
        pe1_0.product_id,
        pe1_0.start_date 
    from
        prices pe1_0
2025-05-26 17:28:26,254 [main] DEBUG org.hibernate.SQL - 
    insert 
    into
        prices
        (brand_id, curr, end_date, price, price_list, priority, product_id, start_date, id) 
    values
        (?, ?, ?, ?, ?, ?, ?, ?, default)
Hibernate: 
    insert 
    into
        prices
        (brand_id, curr, end_date, price, price_list, priority, product_id, start_date, id) 
    values
        (?, ?, ?, ?, ?, ?, ?, ?, default)
2025-05-26 17:28:26,257 [main] DEBUG org.hibernate.SQL - 
    insert 
    into
        prices
        (brand_id, curr, end_date, price, price_list, priority, product_id, start_date, id) 
    values
        (?, ?, ?, ?, ?, ?, ?, ?, default)
Hibernate: 
    insert 
    into
        prices
        (brand_id, curr, end_date, price, price_list, priority, product_id, start_date, id) 
    values
        (?, ?, ?, ?, ?, ?, ?, ?, default)
2025-05-26 17:28:26,260 [main] DEBUG org.hibernate.SQL - 
    insert 
    into
        prices
        (brand_id, curr, end_date, price, price_list, priority, product_id, start_date, id) 
    values
        (?, ?, ?, ?, ?, ?, ?, ?, default)
Hibernate: 
    insert 
    into
        prices
        (brand_id, curr, end_date, price, price_list, priority, product_id, start_date, id) 
    values
        (?, ?, ?, ?, ?, ?, ?, ?, default)
2025-05-26 17:28:26,262 [main] DEBUG org.hibernate.SQL - 
    insert 
    into
        prices
        (brand_id, curr, end_date, price, price_list, priority, product_id, start_date, id) 
    values
        (?, ?, ?, ?, ?, ?, ?, ?, default)
Hibernate: 
    insert 
    into
        prices
        (brand_id, curr, end_date, price, price_list, priority, product_id, start_date, id) 
    values
        (?, ?, ?, ?, ?, ?, ?, ?, default)
2025-05-26 17:28:26,263 [main] DEBUG org.hibernate.SQL - 
    insert 
    into
        prices
        (brand_id, curr, end_date, price, price_list, priority, product_id, start_date, id) 
    values
        (?, ?, ?, ?, ?, ?, ?, ?, default)
Hibernate: 
    insert 
    into
        prices
        (brand_id, curr, end_date, price, price_list, priority, product_id, start_date, id) 
    values
        (?, ?, ?, ?, ?, ?, ?, ?, default)
2025-05-26 17:28:26,266 [main] DEBUG org.hibernate.SQL - 
    insert 
    into
        prices
        (brand_id, curr, end_date, price, price_list, priority, product_id, start_date, id) 
    values
        (?, ?, ?, ?, ?, ?, ?, ?, default)
Hibernate: 
    insert 
    into
        prices
        (brand_id, curr, end_date, price, price_list, priority, product_id, start_date, id) 
    values
        (?, ?, ?, ?, ?, ?, ?, ?, default)
2025-05-26 17:28:26,298 [main] DEBUG c.p.i.a.in.web.PriceController - Request to getProductPrice: applicationDate=2020-06-14T10:00, productId=99999, brandId=1
2025-05-26 17:28:26,299 [main] DEBUG c.p.a.service.PriceService - Getting applicable price for brand: 1, product: 99999, date: 2020-06-14T10:00
2025-05-26 17:28:26,304 [main] DEBUG org.hibernate.SQL - 
    delete 
    from
        prices 
    where
        id=?
Hibernate: 
    delete 
    from
        prices 
    where
        id=?
2025-05-26 17:28:26,305 [main] DEBUG org.hibernate.SQL - 
    delete 
    from
        prices 
    where
        id=?
Hibernate: 
    delete 
    from
        prices 
    where
        id=?
2025-05-26 17:28:26,306 [main] DEBUG org.hibernate.SQL - 
    delete 
    from
        prices 
    where
        id=?
Hibernate: 
    delete 
    from
        prices 
    where
        id=?
2025-05-26 17:28:26,306 [main] DEBUG org.hibernate.SQL - 
    delete 
    from
        prices 
    where
        id=?
Hibernate: 
    delete 
    from
        prices 
    where
        id=?
2025-05-26 17:28:26,308 [main] DEBUG org.hibernate.SQL - 
    select
        pe1_0.id,
        pe1_0.brand_id,
        pe1_0.curr,
        pe1_0.end_date,
        pe1_0.price,
        pe1_0.price_list,
        pe1_0.priority,
        pe1_0.product_id,
        pe1_0.start_date 
    from
        prices pe1_0 
    where
        pe1_0.brand_id=? 
        and pe1_0.product_id=? 
        and pe1_0.start_date<=? 
        and pe1_0.end_date>=? 
    order by
        pe1_0.priority desc
Hibernate: 
    select
        pe1_0.id,
        pe1_0.brand_id,
        pe1_0.curr,
        pe1_0.end_date,
        pe1_0.price,
        pe1_0.price_list,
        pe1_0.priority,
        pe1_0.product_id,
        pe1_0.start_date 
    from
        prices pe1_0 
    where
        pe1_0.brand_id=? 
        and pe1_0.product_id=? 
        and pe1_0.start_date<=? 
        and pe1_0.end_date>=? 
    order by
        pe1_0.priority desc
2025-05-26 17:28:26,311 [main] DEBUG c.p.a.service.PriceService - Selected price with priority 0 and value 25.00
2025-05-26 17:28:26,329 [main] DEBUG org.hibernate.SQL - 
    drop table if exists prices cascade 
Hibernate: 
    drop table if exists prices cascade 
]]></system-out>
  </testcase>
  <testcase name="shouldHandleBoundaryDatesCorrectly_StartDate" classname="com.pruebaItx.integration.PriceIntegrationTest" time="0.089">
    <system-out><![CDATA[
  .   ____          _            __ _ _
 /\\ / ___'_ __ _ _(_)_ __  __ _ \ \ \ \
( ( )\___ | '_ | '_| | '_ \/ _` | \ \ \ \
 \\/  ___)| |_)| | | | | || (_| |  ) ) ) )
  '  |____| .__|_| |_|_| |_\__, | / / / /
 =========|_|==============|___/=/_/_/_/

 :: Spring Boot ::                (v3.4.1)

2025-05-26 17:28:26,403 [main] INFO  c.p.i.PriceIntegrationTest - Starting PriceIntegrationTest using Java 17.0.15 with PID 219136 (started by angelperez in /home/angelperez/Desarrollo/apps/TestProjects/ITX_Plataforma_CasoPractico)
2025-05-26 17:28:26,404 [main] DEBUG c.p.i.PriceIntegrationTest - Running with Spring Boot v3.4.1, Spring v6.2.1
2025-05-26 17:28:26,404 [main] INFO  c.p.i.PriceIntegrationTest - The following 1 profile is active: "test"
2025-05-26 17:28:26,810 [main] DEBUG org.hibernate.SQL - 
    drop table if exists prices cascade 
Hibernate: 
    drop table if exists prices cascade 
2025-05-26 17:28:26,811 [main] DEBUG org.hibernate.SQL - 
    create table prices (
        curr varchar(3) not null,
        price numeric(10,2) not null,
        price_list integer not null,
        priority integer not null,
        brand_id bigint not null,
        end_date timestamp(6) not null,
        id bigint generated by default as identity,
        product_id bigint not null,
        start_date timestamp(6) not null,
        primary key (id)
    )
Hibernate: 
    create table prices (
        curr varchar(3) not null,
        price numeric(10,2) not null,
        price_list integer not null,
        priority integer not null,
        brand_id bigint not null,
        end_date timestamp(6) not null,
        id bigint generated by default as identity,
        product_id bigint not null,
        start_date timestamp(6) not null,
        primary key (id)
    )
2025-05-26 17:28:27,078 [main] INFO  o.s.t.w.s.TestDispatcherServlet - Initializing Servlet ''
2025-05-26 17:28:27,080 [main] INFO  o.s.t.w.s.TestDispatcherServlet - Completed initialization in 1 ms
2025-05-26 17:28:27,105 [main] INFO  c.p.i.PriceIntegrationTest - Started PriceIntegrationTest in 0.765 seconds (process running for 23.628)
2025-05-26 17:28:27,107 [main] INFO  com.pruebaItx.PruebaItxApplication - Application started and ready to receive requests
2025-05-26 17:28:27,124 [main] DEBUG org.hibernate.SQL - 
    select
        pe1_0.id,
        pe1_0.brand_id,
        pe1_0.curr,
        pe1_0.end_date,
        pe1_0.price,
        pe1_0.price_list,
        pe1_0.priority,
        pe1_0.product_id,
        pe1_0.start_date 
    from
        prices pe1_0
Hibernate: 
    select
        pe1_0.id,
        pe1_0.brand_id,
        pe1_0.curr,
        pe1_0.end_date,
        pe1_0.price,
        pe1_0.price_list,
        pe1_0.priority,
        pe1_0.product_id,
        pe1_0.start_date 
    from
        prices pe1_0
2025-05-26 17:28:27,132 [main] DEBUG org.hibernate.SQL - 
    insert 
    into
        prices
        (brand_id, curr, end_date, price, price_list, priority, product_id, start_date, id) 
    values
        (?, ?, ?, ?, ?, ?, ?, ?, default)
Hibernate: 
    insert 
    into
        prices
        (brand_id, curr, end_date, price, price_list, priority, product_id, start_date, id) 
    values
        (?, ?, ?, ?, ?, ?, ?, ?, default)
2025-05-26 17:28:27,135 [main] DEBUG org.hibernate.SQL - 
    insert 
    into
        prices
        (brand_id, curr, end_date, price, price_list, priority, product_id, start_date, id) 
    values
        (?, ?, ?, ?, ?, ?, ?, ?, default)
Hibernate: 
    insert 
    into
        prices
        (brand_id, curr, end_date, price, price_list, priority, product_id, start_date, id) 
    values
        (?, ?, ?, ?, ?, ?, ?, ?, default)
2025-05-26 17:28:27,137 [main] DEBUG org.hibernate.SQL - 
    insert 
    into
        prices
        (brand_id, curr, end_date, price, price_list, priority, product_id, start_date, id) 
    values
        (?, ?, ?, ?, ?, ?, ?, ?, default)
Hibernate: 
    insert 
    into
        prices
        (brand_id, curr, end_date, price, price_list, priority, product_id, start_date, id) 
    values
        (?, ?, ?, ?, ?, ?, ?, ?, default)
2025-05-26 17:28:27,139 [main] DEBUG org.hibernate.SQL - 
    insert 
    into
        prices
        (brand_id, curr, end_date, price, price_list, priority, product_id, start_date, id) 
    values
        (?, ?, ?, ?, ?, ?, ?, ?, default)
Hibernate: 
    insert 
    into
        prices
        (brand_id, curr, end_date, price, price_list, priority, product_id, start_date, id) 
    values
        (?, ?, ?, ?, ?, ?, ?, ?, default)
2025-05-26 17:28:27,140 [main] DEBUG org.hibernate.SQL - 
    insert 
    into
        prices
        (brand_id, curr, end_date, price, price_list, priority, product_id, start_date, id) 
    values
        (?, ?, ?, ?, ?, ?, ?, ?, default)
Hibernate: 
    insert 
    into
        prices
        (brand_id, curr, end_date, price, price_list, priority, product_id, start_date, id) 
    values
        (?, ?, ?, ?, ?, ?, ?, ?, default)
2025-05-26 17:28:27,142 [main] DEBUG org.hibernate.SQL - 
    insert 
    into
        prices
        (brand_id, curr, end_date, price, price_list, priority, product_id, start_date, id) 
    values
        (?, ?, ?, ?, ?, ?, ?, ?, default)
Hibernate: 
    insert 
    into
        prices
        (brand_id, curr, end_date, price, price_list, priority, product_id, start_date, id) 
    values
        (?, ?, ?, ?, ?, ?, ?, ?, default)
2025-05-26 17:28:27,175 [main] DEBUG c.p.i.a.in.web.PriceController - Request to getProductPrice: applicationDate=2020-06-14T15:00, productId=35455, brandId=1
2025-05-26 17:28:27,175 [main] DEBUG c.p.a.service.PriceService - Getting applicable price for brand: 1, product: 35455, date: 2020-06-14T15:00
2025-05-26 17:28:27,180 [main] DEBUG org.hibernate.SQL - 
    delete 
    from
        prices 
    where
        id=?
Hibernate: 
    delete 
    from
        prices 
    where
        id=?
2025-05-26 17:28:27,180 [main] DEBUG org.hibernate.SQL - 
    delete 
    from
        prices 
    where
        id=?
Hibernate: 
    delete 
    from
        prices 
    where
        id=?
2025-05-26 17:28:27,181 [main] DEBUG org.hibernate.SQL - 
    delete 
    from
        prices 
    where
        id=?
Hibernate: 
    delete 
    from
        prices 
    where
        id=?
2025-05-26 17:28:27,181 [main] DEBUG org.hibernate.SQL - 
    delete 
    from
        prices 
    where
        id=?
Hibernate: 
    delete 
    from
        prices 
    where
        id=?
2025-05-26 17:28:27,183 [main] DEBUG org.hibernate.SQL - 
    select
        pe1_0.id,
        pe1_0.brand_id,
        pe1_0.curr,
        pe1_0.end_date,
        pe1_0.price,
        pe1_0.price_list,
        pe1_0.priority,
        pe1_0.product_id,
        pe1_0.start_date 
    from
        prices pe1_0 
    where
        pe1_0.brand_id=? 
        and pe1_0.product_id=? 
        and pe1_0.start_date<=? 
        and pe1_0.end_date>=? 
    order by
        pe1_0.priority desc
Hibernate: 
    select
        pe1_0.id,
        pe1_0.brand_id,
        pe1_0.curr,
        pe1_0.end_date,
        pe1_0.price,
        pe1_0.price_list,
        pe1_0.priority,
        pe1_0.product_id,
        pe1_0.start_date 
    from
        prices pe1_0 
    where
        pe1_0.brand_id=? 
        and pe1_0.product_id=? 
        and pe1_0.start_date<=? 
        and pe1_0.end_date>=? 
    order by
        pe1_0.priority desc
2025-05-26 17:28:27,185 [main] DEBUG c.p.a.service.PriceService - Selected price with priority 1 and value 25.45
2025-05-26 17:28:27,197 [main] DEBUG org.hibernate.SQL - 
    drop table if exists prices cascade 
Hibernate: 
    drop table if exists prices cascade 
]]></system-out>
  </testcase>
  <testcase name="shouldValidateRequestParameters_InvalidDateFormat" classname="com.pruebaItx.integration.PriceIntegrationTest" time="0.081">
    <system-out><![CDATA[
  .   ____          _            __ _ _
 /\\ / ___'_ __ _ _(_)_ __  __ _ \ \ \ \
( ( )\___ | '_ | '_| | '_ \/ _` | \ \ \ \
 \\/  ___)| |_)| | | | | || (_| |  ) ) ) )
  '  |____| .__|_| |_|_| |_\__, | / / / /
 =========|_|==============|___/=/_/_/_/

 :: Spring Boot ::                (v3.4.1)

2025-05-26 17:28:27,242 [main] INFO  c.p.i.PriceIntegrationTest - Starting PriceIntegrationTest using Java 17.0.15 with PID 219136 (started by angelperez in /home/angelperez/Desarrollo/apps/TestProjects/ITX_Plataforma_CasoPractico)
2025-05-26 17:28:27,242 [main] DEBUG c.p.i.PriceIntegrationTest - Running with Spring Boot v3.4.1, Spring v6.2.1
2025-05-26 17:28:27,242 [main] INFO  c.p.i.PriceIntegrationTest - The following 1 profile is active: "test"
2025-05-26 17:28:27,685 [main] DEBUG org.hibernate.SQL - 
    drop table if exists prices cascade 
Hibernate: 
    drop table if exists prices cascade 
2025-05-26 17:28:27,686 [main] DEBUG org.hibernate.SQL - 
    create table prices (
        curr varchar(3) not null,
        price numeric(10,2) not null,
        price_list integer not null,
        priority integer not null,
        brand_id bigint not null,
        end_date timestamp(6) not null,
        id bigint generated by default as identity,
        product_id bigint not null,
        start_date timestamp(6) not null,
        primary key (id)
    )
Hibernate: 
    create table prices (
        curr varchar(3) not null,
        price numeric(10,2) not null,
        price_list integer not null,
        priority integer not null,
        brand_id bigint not null,
        end_date timestamp(6) not null,
        id bigint generated by default as identity,
        product_id bigint not null,
        start_date timestamp(6) not null,
        primary key (id)
    )
2025-05-26 17:28:27,921 [main] INFO  o.s.t.w.s.TestDispatcherServlet - Initializing Servlet ''
2025-05-26 17:28:27,922 [main] INFO  o.s.t.w.s.TestDispatcherServlet - Completed initialization in 1 ms
2025-05-26 17:28:27,933 [main] INFO  c.p.i.PriceIntegrationTest - Started PriceIntegrationTest in 0.731 seconds (process running for 24.456)
2025-05-26 17:28:27,935 [main] INFO  com.pruebaItx.PruebaItxApplication - Application started and ready to receive requests
2025-05-26 17:28:27,948 [main] DEBUG org.hibernate.SQL - 
    select
        pe1_0.id,
        pe1_0.brand_id,
        pe1_0.curr,
        pe1_0.end_date,
        pe1_0.price,
        pe1_0.price_list,
        pe1_0.priority,
        pe1_0.product_id,
        pe1_0.start_date 
    from
        prices pe1_0
Hibernate: 
    select
        pe1_0.id,
        pe1_0.brand_id,
        pe1_0.curr,
        pe1_0.end_date,
        pe1_0.price,
        pe1_0.price_list,
        pe1_0.priority,
        pe1_0.product_id,
        pe1_0.start_date 
    from
        prices pe1_0
2025-05-26 17:28:27,954 [main] DEBUG org.hibernate.SQL - 
    insert 
    into
        prices
        (brand_id, curr, end_date, price, price_list, priority, product_id, start_date, id) 
    values
        (?, ?, ?, ?, ?, ?, ?, ?, default)
Hibernate: 
    insert 
    into
        prices
        (brand_id, curr, end_date, price, price_list, priority, product_id, start_date, id) 
    values
        (?, ?, ?, ?, ?, ?, ?, ?, default)
2025-05-26 17:28:27,957 [main] DEBUG org.hibernate.SQL - 
    insert 
    into
        prices
        (brand_id, curr, end_date, price, price_list, priority, product_id, start_date, id) 
    values
        (?, ?, ?, ?, ?, ?, ?, ?, default)
Hibernate: 
    insert 
    into
        prices
        (brand_id, curr, end_date, price, price_list, priority, product_id, start_date, id) 
    values
        (?, ?, ?, ?, ?, ?, ?, ?, default)
2025-05-26 17:28:27,959 [main] DEBUG org.hibernate.SQL - 
    insert 
    into
        prices
        (brand_id, curr, end_date, price, price_list, priority, product_id, start_date, id) 
    values
        (?, ?, ?, ?, ?, ?, ?, ?, default)
Hibernate: 
    insert 
    into
        prices
        (brand_id, curr, end_date, price, price_list, priority, product_id, start_date, id) 
    values
        (?, ?, ?, ?, ?, ?, ?, ?, default)
2025-05-26 17:28:27,961 [main] DEBUG org.hibernate.SQL - 
    insert 
    into
        prices
        (brand_id, curr, end_date, price, price_list, priority, product_id, start_date, id) 
    values
        (?, ?, ?, ?, ?, ?, ?, ?, default)
Hibernate: 
    insert 
    into
        prices
        (brand_id, curr, end_date, price, price_list, priority, product_id, start_date, id) 
    values
        (?, ?, ?, ?, ?, ?, ?, ?, default)
2025-05-26 17:28:27,963 [main] DEBUG org.hibernate.SQL - 
    insert 
    into
        prices
        (brand_id, curr, end_date, price, price_list, priority, product_id, start_date, id) 
    values
        (?, ?, ?, ?, ?, ?, ?, ?, default)
Hibernate: 
    insert 
    into
        prices
        (brand_id, curr, end_date, price, price_list, priority, product_id, start_date, id) 
    values
        (?, ?, ?, ?, ?, ?, ?, ?, default)
2025-05-26 17:28:27,967 [main] DEBUG org.hibernate.SQL - 
    insert 
    into
        prices
        (brand_id, curr, end_date, price, price_list, priority, product_id, start_date, id) 
    values
        (?, ?, ?, ?, ?, ?, ?, ?, default)
Hibernate: 
    insert 
    into
        prices
        (brand_id, curr, end_date, price, price_list, priority, product_id, start_date, id) 
    values
        (?, ?, ?, ?, ?, ?, ?, ?, default)
2025-05-26 17:28:27,983 [main] WARN  o.s.w.s.m.s.DefaultHandlerExceptionResolver - Resolved [org.springframework.web.method.annotation.MethodArgumentTypeMismatchException: Method parameter 'applicationDate': Failed to convert value of type 'java.lang.String' to required type 'java.time.LocalDateTime'; Failed to convert from type [java.lang.String] to type [@jakarta.validation.constraints.NotNull @io.swagger.v3.oas.annotations.Parameter @jakarta.validation.Valid @org.springframework.web.bind.annotation.RequestParam @org.springframework.format.annotation.DateTimeFormat java.time.LocalDateTime] for value [invalid-date]]
2025-05-26 17:28:27,993 [main] DEBUG org.hibernate.SQL - 
    drop table if exists prices cascade 
Hibernate: 
    drop table if exists prices cascade 
]]></system-out>
  </testcase>
  <testcase name="shouldPrioritizeHigherPriorityPrice" classname="com.pruebaItx.integration.PriceIntegrationTest" time="0.085">
    <system-out><![CDATA[
  .   ____          _            __ _ _
 /\\ / ___'_ __ _ _(_)_ __  __ _ \ \ \ \
( ( )\___ | '_ | '_| | '_ \/ _` | \ \ \ \
 \\/  ___)| |_)| | | | | || (_| |  ) ) ) )
  '  |____| .__|_| |_|_| |_\__, | / / / /
 =========|_|==============|___/=/_/_/_/

 :: Spring Boot ::                (v3.4.1)

2025-05-26 17:28:28,067 [main] INFO  c.p.i.PriceIntegrationTest - Starting PriceIntegrationTest using Java 17.0.15 with PID 219136 (started by angelperez in /home/angelperez/Desarrollo/apps/TestProjects/ITX_Plataforma_CasoPractico)
2025-05-26 17:28:28,068 [main] DEBUG c.p.i.PriceIntegrationTest - Running with Spring Boot v3.4.1, Spring v6.2.1
2025-05-26 17:28:28,068 [main] INFO  c.p.i.PriceIntegrationTest - The following 1 profile is active: "test"
2025-05-26 17:28:28,501 [main] DEBUG org.hibernate.SQL - 
    drop table if exists prices cascade 
Hibernate: 
    drop table if exists prices cascade 
2025-05-26 17:28:28,502 [main] DEBUG org.hibernate.SQL - 
    create table prices (
        curr varchar(3) not null,
        price numeric(10,2) not null,
        price_list integer not null,
        priority integer not null,
        brand_id bigint not null,
        end_date timestamp(6) not null,
        id bigint generated by default as identity,
        product_id bigint not null,
        start_date timestamp(6) not null,
        primary key (id)
    )
Hibernate: 
    create table prices (
        curr varchar(3) not null,
        price numeric(10,2) not null,
        price_list integer not null,
        priority integer not null,
        brand_id bigint not null,
        end_date timestamp(6) not null,
        id bigint generated by default as identity,
        product_id bigint not null,
        start_date timestamp(6) not null,
        primary key (id)
    )
2025-05-26 17:28:28,700 [main] INFO  o.s.t.w.s.TestDispatcherServlet - Initializing Servlet ''
2025-05-26 17:28:28,702 [main] INFO  o.s.t.w.s.TestDispatcherServlet - Completed initialization in 1 ms
2025-05-26 17:28:28,719 [main] INFO  c.p.i.PriceIntegrationTest - Started PriceIntegrationTest in 0.695 seconds (process running for 25.242)
2025-05-26 17:28:28,719 [main] INFO  com.pruebaItx.PruebaItxApplication - Application started and ready to receive requests
2025-05-26 17:28:28,727 [main] DEBUG org.hibernate.SQL - 
    select
        pe1_0.id,
        pe1_0.brand_id,
        pe1_0.curr,
        pe1_0.end_date,
        pe1_0.price,
        pe1_0.price_list,
        pe1_0.priority,
        pe1_0.product_id,
        pe1_0.start_date 
    from
        prices pe1_0
Hibernate: 
    select
        pe1_0.id,
        pe1_0.brand_id,
        pe1_0.curr,
        pe1_0.end_date,
        pe1_0.price,
        pe1_0.price_list,
        pe1_0.priority,
        pe1_0.product_id,
        pe1_0.start_date 
    from
        prices pe1_0
2025-05-26 17:28:28,731 [main] DEBUG org.hibernate.SQL - 
    insert 
    into
        prices
        (brand_id, curr, end_date, price, price_list, priority, product_id, start_date, id) 
    values
        (?, ?, ?, ?, ?, ?, ?, ?, default)
Hibernate: 
    insert 
    into
        prices
        (brand_id, curr, end_date, price, price_list, priority, product_id, start_date, id) 
    values
        (?, ?, ?, ?, ?, ?, ?, ?, default)
2025-05-26 17:28:28,733 [main] DEBUG org.hibernate.SQL - 
    insert 
    into
        prices
        (brand_id, curr, end_date, price, price_list, priority, product_id, start_date, id) 
    values
        (?, ?, ?, ?, ?, ?, ?, ?, default)
Hibernate: 
    insert 
    into
        prices
        (brand_id, curr, end_date, price, price_list, priority, product_id, start_date, id) 
    values
        (?, ?, ?, ?, ?, ?, ?, ?, default)
2025-05-26 17:28:28,735 [main] DEBUG org.hibernate.SQL - 
    insert 
    into
        prices
        (brand_id, curr, end_date, price, price_list, priority, product_id, start_date, id) 
    values
        (?, ?, ?, ?, ?, ?, ?, ?, default)
Hibernate: 
    insert 
    into
        prices
        (brand_id, curr, end_date, price, price_list, priority, product_id, start_date, id) 
    values
        (?, ?, ?, ?, ?, ?, ?, ?, default)
2025-05-26 17:28:28,736 [main] DEBUG org.hibernate.SQL - 
    insert 
    into
        prices
        (brand_id, curr, end_date, price, price_list, priority, product_id, start_date, id) 
    values
        (?, ?, ?, ?, ?, ?, ?, ?, default)
Hibernate: 
    insert 
    into
        prices
        (brand_id, curr, end_date, price, price_list, priority, product_id, start_date, id) 
    values
        (?, ?, ?, ?, ?, ?, ?, ?, default)
2025-05-26 17:28:28,737 [main] DEBUG org.hibernate.SQL - 
    insert 
    into
        prices
        (brand_id, curr, end_date, price, price_list, priority, product_id, start_date, id) 
    values
        (?, ?, ?, ?, ?, ?, ?, ?, default)
Hibernate: 
    insert 
    into
        prices
        (brand_id, curr, end_date, price, price_list, priority, product_id, start_date, id) 
    values
        (?, ?, ?, ?, ?, ?, ?, ?, default)
2025-05-26 17:28:28,738 [main] DEBUG org.hibernate.SQL - 
    insert 
    into
        prices
        (brand_id, curr, end_date, price, price_list, priority, product_id, start_date, id) 
    values
        (?, ?, ?, ?, ?, ?, ?, ?, default)
Hibernate: 
    insert 
    into
        prices
        (brand_id, curr, end_date, price, price_list, priority, product_id, start_date, id) 
    values
        (?, ?, ?, ?, ?, ?, ?, ?, default)
2025-05-26 17:28:28,760 [main] DEBUG c.p.i.a.in.web.PriceController - Request to getProductPrice: applicationDate=2020-06-14T16:00, productId=35455, brandId=1
2025-05-26 17:28:28,760 [main] DEBUG c.p.a.service.PriceService - Getting applicable price for brand: 1, product: 35455, date: 2020-06-14T16:00
2025-05-26 17:28:28,765 [main] DEBUG org.hibernate.SQL - 
    delete 
    from
        prices 
    where
        id=?
Hibernate: 
    delete 
    from
        prices 
    where
        id=?
2025-05-26 17:28:28,766 [main] DEBUG org.hibernate.SQL - 
    delete 
    from
        prices 
    where
        id=?
Hibernate: 
    delete 
    from
        prices 
    where
        id=?
2025-05-26 17:28:28,766 [main] DEBUG org.hibernate.SQL - 
    delete 
    from
        prices 
    where
        id=?
Hibernate: 
    delete 
    from
        prices 
    where
        id=?
2025-05-26 17:28:28,766 [main] DEBUG org.hibernate.SQL - 
    delete 
    from
        prices 
    where
        id=?
Hibernate: 
    delete 
    from
        prices 
    where
        id=?
2025-05-26 17:28:28,767 [main] DEBUG org.hibernate.SQL - 
    select
        pe1_0.id,
        pe1_0.brand_id,
        pe1_0.curr,
        pe1_0.end_date,
        pe1_0.price,
        pe1_0.price_list,
        pe1_0.priority,
        pe1_0.product_id,
        pe1_0.start_date 
    from
        prices pe1_0 
    where
        pe1_0.brand_id=? 
        and pe1_0.product_id=? 
        and pe1_0.start_date<=? 
        and pe1_0.end_date>=? 
    order by
        pe1_0.priority desc
Hibernate: 
    select
        pe1_0.id,
        pe1_0.brand_id,
        pe1_0.curr,
        pe1_0.end_date,
        pe1_0.price,
        pe1_0.price_list,
        pe1_0.priority,
        pe1_0.product_id,
        pe1_0.start_date 
    from
        prices pe1_0 
    where
        pe1_0.brand_id=? 
        and pe1_0.product_id=? 
        and pe1_0.start_date<=? 
        and pe1_0.end_date>=? 
    order by
        pe1_0.priority desc
2025-05-26 17:28:28,769 [main] DEBUG c.p.a.service.PriceService - Selected price with priority 1 and value 25.45
2025-05-26 17:28:28,785 [main] DEBUG org.hibernate.SQL - 
    drop table if exists prices cascade 
Hibernate: 
    drop table if exists prices cascade 
]]></system-out>
  </testcase>
  <testcase name="shouldHandleBoundaryDatesCorrectly_OneSecondAfterEnd" classname="com.pruebaItx.integration.PriceIntegrationTest" time="0.094">
    <system-out><![CDATA[
  .   ____          _            __ _ _
 /\\ / ___'_ __ _ _(_)_ __  __ _ \ \ \ \
( ( )\___ | '_ | '_| | '_ \/ _` | \ \ \ \
 \\/  ___)| |_)| | | | | || (_| |  ) ) ) )
  '  |____| .__|_| |_|_| |_\__, | / / / /
 =========|_|==============|___/=/_/_/_/

 :: Spring Boot ::                (v3.4.1)

2025-05-26 17:28:28,854 [main] INFO  c.p.i.PriceIntegrationTest - Starting PriceIntegrationTest using Java 17.0.15 with PID 219136 (started by angelperez in /home/angelperez/Desarrollo/apps/TestProjects/ITX_Plataforma_CasoPractico)
2025-05-26 17:28:28,855 [main] DEBUG c.p.i.PriceIntegrationTest - Running with Spring Boot v3.4.1, Spring v6.2.1
2025-05-26 17:28:28,855 [main] INFO  c.p.i.PriceIntegrationTest - The following 1 profile is active: "test"
2025-05-26 17:28:29,206 [main] DEBUG org.hibernate.SQL - 
    drop table if exists prices cascade 
Hibernate: 
    drop table if exists prices cascade 
2025-05-26 17:28:29,207 [main] DEBUG org.hibernate.SQL - 
    create table prices (
        curr varchar(3) not null,
        price numeric(10,2) not null,
        price_list integer not null,
        priority integer not null,
        brand_id bigint not null,
        end_date timestamp(6) not null,
        id bigint generated by default as identity,
        product_id bigint not null,
        start_date timestamp(6) not null,
        primary key (id)
    )
Hibernate: 
    create table prices (
        curr varchar(3) not null,
        price numeric(10,2) not null,
        price_list integer not null,
        priority integer not null,
        brand_id bigint not null,
        end_date timestamp(6) not null,
        id bigint generated by default as identity,
        product_id bigint not null,
        start_date timestamp(6) not null,
        primary key (id)
    )
2025-05-26 17:28:29,405 [main] INFO  o.s.t.w.s.TestDispatcherServlet - Initializing Servlet ''
2025-05-26 17:28:29,406 [main] INFO  o.s.t.w.s.TestDispatcherServlet - Completed initialization in 0 ms
2025-05-26 17:28:29,415 [main] INFO  c.p.i.PriceIntegrationTest - Started PriceIntegrationTest in 0.605 seconds (process running for 25.938)
2025-05-26 17:28:29,416 [main] INFO  com.pruebaItx.PruebaItxApplication - Application started and ready to receive requests
2025-05-26 17:28:29,424 [main] DEBUG org.hibernate.SQL - 
    select
        pe1_0.id,
        pe1_0.brand_id,
        pe1_0.curr,
        pe1_0.end_date,
        pe1_0.price,
        pe1_0.price_list,
        pe1_0.priority,
        pe1_0.product_id,
        pe1_0.start_date 
    from
        prices pe1_0
Hibernate: 
    select
        pe1_0.id,
        pe1_0.brand_id,
        pe1_0.curr,
        pe1_0.end_date,
        pe1_0.price,
        pe1_0.price_list,
        pe1_0.priority,
        pe1_0.product_id,
        pe1_0.start_date 
    from
        prices pe1_0
2025-05-26 17:28:29,428 [main] DEBUG org.hibernate.SQL - 
    insert 
    into
        prices
        (brand_id, curr, end_date, price, price_list, priority, product_id, start_date, id) 
    values
        (?, ?, ?, ?, ?, ?, ?, ?, default)
Hibernate: 
    insert 
    into
        prices
        (brand_id, curr, end_date, price, price_list, priority, product_id, start_date, id) 
    values
        (?, ?, ?, ?, ?, ?, ?, ?, default)
2025-05-26 17:28:29,429 [main] DEBUG org.hibernate.SQL - 
    insert 
    into
        prices
        (brand_id, curr, end_date, price, price_list, priority, product_id, start_date, id) 
    values
        (?, ?, ?, ?, ?, ?, ?, ?, default)
Hibernate: 
    insert 
    into
        prices
        (brand_id, curr, end_date, price, price_list, priority, product_id, start_date, id) 
    values
        (?, ?, ?, ?, ?, ?, ?, ?, default)
2025-05-26 17:28:29,430 [main] DEBUG org.hibernate.SQL - 
    insert 
    into
        prices
        (brand_id, curr, end_date, price, price_list, priority, product_id, start_date, id) 
    values
        (?, ?, ?, ?, ?, ?, ?, ?, default)
Hibernate: 
    insert 
    into
        prices
        (brand_id, curr, end_date, price, price_list, priority, product_id, start_date, id) 
    values
        (?, ?, ?, ?, ?, ?, ?, ?, default)
2025-05-26 17:28:29,431 [main] DEBUG org.hibernate.SQL - 
    insert 
    into
        prices
        (brand_id, curr, end_date, price, price_list, priority, product_id, start_date, id) 
    values
        (?, ?, ?, ?, ?, ?, ?, ?, default)
Hibernate: 
    insert 
    into
        prices
        (brand_id, curr, end_date, price, price_list, priority, product_id, start_date, id) 
    values
        (?, ?, ?, ?, ?, ?, ?, ?, default)
2025-05-26 17:28:29,433 [main] DEBUG org.hibernate.SQL - 
    insert 
    into
        prices
        (brand_id, curr, end_date, price, price_list, priority, product_id, start_date, id) 
    values
        (?, ?, ?, ?, ?, ?, ?, ?, default)
Hibernate: 
    insert 
    into
        prices
        (brand_id, curr, end_date, price, price_list, priority, product_id, start_date, id) 
    values
        (?, ?, ?, ?, ?, ?, ?, ?, default)
2025-05-26 17:28:29,434 [main] DEBUG org.hibernate.SQL - 
    insert 
    into
        prices
        (brand_id, curr, end_date, price, price_list, priority, product_id, start_date, id) 
    values
        (?, ?, ?, ?, ?, ?, ?, ?, default)
Hibernate: 
    insert 
    into
        prices
[...]
2025-05-26 17:28:35,456 [main] DEBUG c.p.a.service.PriceService - Getting applicable price for brand: 1, product: 35455, date: 2020-06-14T10:00
2025-05-26 17:28:35,457 [main] DEBUG org.hibernate.SQL - 
    select
        pe1_0.id,
        pe1_0.brand_id,
        pe1_0.curr,
        pe1_0.end_date,
        pe1_0.price,
        pe1_0.price_list,
        pe1_0.priority,
        pe1_0.product_id,
        pe1_0.start_date 
    from
        prices pe1_0 
    where
        pe1_0.brand_id=? 
        and pe1_0.product_id=? 
        and pe1_0.start_date<=? 
        and pe1_0.end_date>=? 
    order by
        pe1_0.priority desc
Hibernate: 
    select
        pe1_0.id,
        pe1_0.brand_id,
        pe1_0.curr,
        pe1_0.end_date,
        pe1_0.price,
        pe1_0.price_list,
        pe1_0.priority,
        pe1_0.product_id,
        pe1_0.start_date 
    from
        prices pe1_0 
    where
        pe1_0.brand_id=? 
        and pe1_0.product_id=? 
        and pe1_0.start_date<=? 
        and pe1_0.end_date>=? 
    order by
        pe1_0.priority desc
2025-05-26 17:28:35,459 [main] DEBUG c.p.a.service.PriceService - Selected price with priority 0 and value 35.50
2025-05-26 17:28:35,463 [main] DEBUG c.p.i.a.in.web.PriceController - Request to getProductPrice: applicationDate=2020-06-14T10:00, productId=35455, brandId=1
2025-05-26 17:28:35,463 [main] DEBUG c.p.a.service.PriceService - Getting applicable price for brand: 1, product: 35455, date: 2020-06-14T10:00
2025-05-26 17:28:35,465 [main] DEBUG org.hibernate.SQL - 
    select
        pe1_0.id,
        pe1_0.brand_id,
        pe1_0.curr,
        pe1_0.end_date,
        pe1_0.price,
        pe1_0.price_list,
        pe1_0.priority,
        pe1_0.product_id,
        pe1_0.start_date 
    from
        prices pe1_0 
    where
        pe1_0.brand_id=? 
        and pe1_0.product_id=? 
        and pe1_0.start_date<=? 
        and pe1_0.end_date>=? 
    order by
        pe1_0.priority desc
Hibernate: 
    select
        pe1_0.id,
        pe1_0.brand_id,
        pe1_0.curr,
        pe1_0.end_date,
        pe1_0.price,
        pe1_0.price_list,
        pe1_0.priority,
        pe1_0.product_id,
        pe1_0.start_date 
    from
        prices pe1_0 
    where
        pe1_0.brand_id=? 
        and pe1_0.product_id=? 
        and pe1_0.start_date<=? 
        and pe1_0.end_date>=? 
    order by
        pe1_0.priority desc
2025-05-26 17:28:35,466 [main] DEBUG c.p.a.service.PriceService - Selected price with priority 0 and value 35.50
2025-05-26 17:28:35,471 [main] DEBUG c.p.i.a.in.web.PriceController - Request to getProductPrice: applicationDate=2020-06-14T10:00, productId=35455, brandId=1
2025-05-26 17:28:35,471 [main] DEBUG c.p.a.service.PriceService - Getting applicable price for brand: 1, product: 35455, date: 2020-06-14T10:00
2025-05-26 17:28:35,472 [main] DEBUG org.hibernate.SQL - 
    select
        pe1_0.id,
        pe1_0.brand_id,
        pe1_0.curr,
        pe1_0.end_date,
        pe1_0.price,
        pe1_0.price_list,
        pe1_0.priority,
        pe1_0.product_id,
        pe1_0.start_date 
    from
        prices pe1_0 
    where
        pe1_0.brand_id=? 
        and pe1_0.product_id=? 
        and pe1_0.start_date<=? 
        and pe1_0.end_date>=? 
    order by
        pe1_0.priority desc
Hibernate: 
    select
        pe1_0.id,
        pe1_0.brand_id,
        pe1_0.curr,
        pe1_0.end_date,
        pe1_0.price,
        pe1_0.price_list,
        pe1_0.priority,
        pe1_0.product_id,
        pe1_0.start_date 
    from
        prices pe1_0 
    where
        pe1_0.brand_id=? 
        and pe1_0.product_id=? 
        and pe1_0.start_date<=? 
        and pe1_0.end_date>=? 
    order by
        pe1_0.priority desc
2025-05-26 17:28:35,473 [main] DEBUG c.p.a.service.PriceService - Selected price with priority 0 and value 35.50
2025-05-26 17:28:35,480 [main] DEBUG c.p.i.a.in.web.PriceController - Request to getProductPrice: applicationDate=2020-06-14T10:00, productId=35455, brandId=1
2025-05-26 17:28:35,480 [main] DEBUG c.p.a.service.PriceService - Getting applicable price for brand: 1, product: 35455, date: 2020-06-14T10:00
2025-05-26 17:28:35,482 [main] DEBUG org.hibernate.SQL - 
    select
        pe1_0.id,
        pe1_0.brand_id,
        pe1_0.curr,
        pe1_0.end_date,
        pe1_0.price,
        pe1_0.price_list,
        pe1_0.priority,
        pe1_0.product_id,
        pe1_0.start_date 
    from
        prices pe1_0 
    where
        pe1_0.brand_id=? 
        and pe1_0.product_id=? 
        and pe1_0.start_date<=? 
        and pe1_0.end_date>=? 
    order by
        pe1_0.priority desc
Hibernate: 
    select
        pe1_0.id,
        pe1_0.brand_id,
        pe1_0.curr,
        pe1_0.end_date,
        pe1_0.price,
        pe1_0.price_list,
        pe1_0.priority,
        pe1_0.product_id,
        pe1_0.start_date 
    from
        prices pe1_0 
    where
        pe1_0.brand_id=? 
        and pe1_0.product_id=? 
        and pe1_0.start_date<=? 
        and pe1_0.end_date>=? 
    order by
        pe1_0.priority desc
2025-05-26 17:28:35,483 [main] DEBUG c.p.a.service.PriceService - Selected price with priority 0 and value 35.50
2025-05-26 17:28:35,489 [main] DEBUG c.p.i.a.in.web.PriceController - Request to getProductPrice: applicationDate=2020-06-14T10:00, productId=35455, brandId=1
2025-05-26 17:28:35,489 [main] DEBUG c.p.a.service.PriceService - Getting applicable price for brand: 1, product: 35455, date: 2020-06-14T10:00
2025-05-26 17:28:35,491 [main] DEBUG org.hibernate.SQL - 
    select
        pe1_0.id,
        pe1_0.brand_id,
        pe1_0.curr,
        pe1_0.end_date,
        pe1_0.price,
        pe1_0.price_list,
        pe1_0.priority,
        pe1_0.product_id,
        pe1_0.start_date 
    from
        prices pe1_0 
    where
        pe1_0.brand_id=? 
        and pe1_0.product_id=? 
        and pe1_0.start_date<=? 
        and pe1_0.end_date>=? 
    order by
        pe1_0.priority desc
Hibernate: 
    select
        pe1_0.id,
        pe1_0.brand_id,
        pe1_0.curr,
        pe1_0.end_date,
        pe1_0.price,
        pe1_0.price_list,
        pe1_0.priority,
        pe1_0.product_id,
        pe1_0.start_date 
    from
        prices pe1_0 
    where
        pe1_0.brand_id=? 
        and pe1_0.product_id=? 
        and pe1_0.start_date<=? 
        and pe1_0.end_date>=? 
    order by
        pe1_0.priority desc
2025-05-26 17:28:35,494 [main] DEBUG c.p.a.service.PriceService - Selected price with priority 0 and value 35.50
2025-05-26 17:28:35,503 [main] DEBUG org.hibernate.SQL - 
    drop table if exists prices cascade 
Hibernate: 
    drop table if exists prices cascade 
]]></system-out>
  </testcase>
  <testcase name="shouldReturnConsistentResultsForSameRequest" classname="com.pruebaItx.integration.PriceIntegrationTest" time="0.116">
    <system-out><![CDATA[
  .   ____          _            __ _ _
 /\\ / ___'_ __ _ _(_)_ __  __ _ \ \ \ \
( ( )\___ | '_ | '_| | '_ \/ _` | \ \ \ \
 \\/  ___)| |_)| | | | | || (_| |  ) ) ) )
  '  |____| .__|_| |_|_| |_\__, | / / / /
 =========|_|==============|___/=/_/_/_/

 :: Spring Boot ::                (v3.4.1)

2025-05-26 17:28:35,566 [main] INFO  c.p.i.PriceIntegrationTest - Starting PriceIntegrationTest using Java 17.0.15 with PID 219136 (started by angelperez in /home/angelperez/Desarrollo/apps/TestProjects/ITX_Plataforma_CasoPractico)
2025-05-26 17:28:35,566 [main] DEBUG c.p.i.PriceIntegrationTest - Running with Spring Boot v3.4.1, Spring v6.2.1
2025-05-26 17:28:35,566 [main] INFO  c.p.i.PriceIntegrationTest - The following 1 profile is active: "test"
2025-05-26 17:28:35,943 [main] DEBUG org.hibernate.SQL - 
    drop table if exists prices cascade 
Hibernate: 
    drop table if exists prices cascade 
2025-05-26 17:28:35,945 [main] DEBUG org.hibernate.SQL - 
    create table prices (
        curr varchar(3) not null,
        price numeric(10,2) not null,
        price_list integer not null,
        priority integer not null,
        brand_id bigint not null,
        end_date timestamp(6) not null,
        id bigint generated by default as identity,
        product_id bigint not null,
        start_date timestamp(6) not null,
        primary key (id)
    )
Hibernate: 
    create table prices (
        curr varchar(3) not null,
        price numeric(10,2) not null,
        price_list integer not null,
        priority integer not null,
        brand_id bigint not null,
        end_date timestamp(6) not null,
        id bigint generated by default as identity,
        product_id bigint not null,
        start_date timestamp(6) not null,
        primary key (id)
    )
2025-05-26 17:28:36,137 [main] INFO  o.s.t.w.s.TestDispatcherServlet - Initializing Servlet ''
2025-05-26 17:28:36,138 [main] INFO  o.s.t.w.s.TestDispatcherServlet - Completed initialization in 1 ms
2025-05-26 17:28:36,147 [main] INFO  c.p.i.PriceIntegrationTest - Started PriceIntegrationTest in 0.634 seconds (process running for 32.67)
2025-05-26 17:28:36,148 [main] INFO  com.pruebaItx.PruebaItxApplication - Application started and ready to receive requests
2025-05-26 17:28:36,155 [main] DEBUG org.hibernate.SQL - 
    select
        pe1_0.id,
        pe1_0.brand_id,
        pe1_0.curr,
        pe1_0.end_date,
        pe1_0.price,
        pe1_0.price_list,
        pe1_0.priority,
        pe1_0.product_id,
        pe1_0.start_date 
    from
        prices pe1_0
Hibernate: 
    select
        pe1_0.id,
        pe1_0.brand_id,
        pe1_0.curr,
        pe1_0.end_date,
        pe1_0.price,
        pe1_0.price_list,
        pe1_0.priority,
        pe1_0.product_id,
        pe1_0.start_date 
    from
        prices pe1_0
2025-05-26 17:28:36,159 [main] DEBUG org.hibernate.SQL - 
    insert 
    into
        prices
        (brand_id, curr, end_date, price, price_list, priority, product_id, start_date, id) 
    values
        (?, ?, ?, ?, ?, ?, ?, ?, default)
Hibernate: 
    insert 
    into
        prices
        (brand_id, curr, end_date, price, price_list, priority, product_id, start_date, id) 
    values
        (?, ?, ?, ?, ?, ?, ?, ?, default)
2025-05-26 17:28:36,161 [main] DEBUG org.hibernate.SQL - 
    insert 
    into
        prices
        (brand_id, curr, end_date, price, price_list, priority, product_id, start_date, id) 
    values
        (?, ?, ?, ?, ?, ?, ?, ?, default)
Hibernate: 
    insert 
    into
        prices
        (brand_id, curr, end_date, price, price_list, priority, product_id, start_date, id) 
    values
        (?, ?, ?, ?, ?, ?, ?, ?, default)
2025-05-26 17:28:36,163 [main] DEBUG org.hibernate.SQL - 
    insert 
    into
        prices
        (brand_id, curr, end_date, price, price_list, priority, product_id, start_date, id) 
    values
        (?, ?, ?, ?, ?, ?, ?, ?, default)
Hibernate: 
    insert 
    into
        prices
        (brand_id, curr, end_date, price, price_list, priority, product_id, start_date, id) 
    values
        (?, ?, ?, ?, ?, ?, ?, ?, default)
2025-05-26 17:28:36,165 [main] DEBUG org.hibernate.SQL - 
    insert 
    into
        prices
        (brand_id, curr, end_date, price, price_list, priority, product_id, start_date, id) 
    values
        (?, ?, ?, ?, ?, ?, ?, ?, default)
Hibernate: 
    insert 
    into
        prices
        (brand_id, curr, end_date, price, price_list, priority, product_id, start_date, id) 
    values
        (?, ?, ?, ?, ?, ?, ?, ?, default)
2025-05-26 17:28:36,167 [main] DEBUG org.hibernate.SQL - 
    insert 
    into
        prices
        (brand_id, curr, end_date, price, price_list, priority, product_id, start_date, id) 
    values
        (?, ?, ?, ?, ?, ?, ?, ?, default)
Hibernate: 
    insert 
    into
        prices
        (brand_id, curr, end_date, price, price_list, priority, product_id, start_date, id) 
    values
        (?, ?, ?, ?, ?, ?, ?, ?, default)
2025-05-26 17:28:36,169 [main] DEBUG org.hibernate.SQL - 
    insert 
    into
        prices
        (brand_id, curr, end_date, price, price_list, priority, product_id, start_date, id) 
    values
        (?, ?, ?, ?, ?, ?, ?, ?, default)
Hibernate: 
    insert 
    into
        prices
        (brand_id, curr, end_date, price, price_list, priority, product_id, start_date, id) 
    values
        (?, ?, ?, ?, ?, ?, ?, ?, default)
2025-05-26 17:28:36,197 [main] DEBUG c.p.i.a.in.web.PriceController - Request to getProductPrice: applicationDate=2020-06-14T16:00, productId=35455, brandId=1
2025-05-26 17:28:36,197 [main] DEBUG c.p.a.service.PriceService - Getting applicable price for brand: 1, product: 35455, date: 2020-06-14T16:00
2025-05-26 17:28:36,202 [main] DEBUG org.hibernate.SQL - 
    delete 
    from
        prices 
    where
        id=?
Hibernate: 
    delete 
    from
        prices 
    where
        id=?
2025-05-26 17:28:36,203 [main] DEBUG org.hibernate.SQL - 
    delete 
    from
        prices 
    where
        id=?
Hibernate: 
    delete 
    from
        prices 
    where
        id=?
2025-05-26 17:28:36,203 [main] DEBUG org.hibernate.SQL - 
    delete 
    from
        prices 
    where
        id=?
Hibernate: 
    delete 
    from
        prices 
    where
        id=?
2025-05-26 17:28:36,203 [main] DEBUG org.hibernate.SQL - 
    delete 
    from
        prices 
    where
        id=?
Hibernate: 
    delete 
    from
        prices 
    where
        id=?
2025-05-26 17:28:36,205 [main] DEBUG org.hibernate.SQL - 
    select
        pe1_0.id,
        pe1_0.brand_id,
        pe1_0.curr,
        pe1_0.end_date,
        pe1_0.price,
        pe1_0.price_list,
        pe1_0.priority,
        pe1_0.product_id,
        pe1_0.start_date 
    from
        prices pe1_0 
    where
        pe1_0.brand_id=? 
        and pe1_0.product_id=? 
        and pe1_0.start_date<=? 
        and pe1_0.end_date>=? 
    order by
        pe1_0.priority desc
Hibernate: 
    select
        pe1_0.id,
        pe1_0.brand_id,
        pe1_0.curr,
        pe1_0.end_date,
        pe1_0.price,
        pe1_0.price_list,
        pe1_0.priority,
        pe1_0.product_id,
        pe1_0.start_date 
    from
        prices pe1_0 
    where
        pe1_0.brand_id=? 
        and pe1_0.product_id=? 
        and pe1_0.start_date<=? 
        and pe1_0.end_date>=? 
    order by
        pe1_0.priority desc
2025-05-26 17:28:36,207 [main] DEBUG c.p.a.service.PriceService - Selected price with priority 1 and value 25.45
2025-05-26 17:28:36,218 [main] DEBUG c.p.i.a.in.web.PriceController - Request to getProductPrice: applicationDate=2020-06-14T16:00, productId=35455, brandId=1
2025-05-26 17:28:36,218 [main] DEBUG c.p.a.service.PriceService - Getting applicable price for brand: 1, product: 35455, date: 2020-06-14T16:00
2025-05-26 17:28:36,219 [main] DEBUG org.hibernate.SQL - 
    select
        pe1_0.id,
        pe1_0.brand_id,
        pe1_0.curr,
        pe1_0.end_date,
        pe1_0.price,
        pe1_0.price_list,
        pe1_0.priority,
        pe1_0.product_id,
        pe1_0.start_date 
    from
        prices pe1_0 
    where
        pe1_0.brand_id=? 
        and pe1_0.product_id=? 
        and pe1_0.start_date<=? 
        and pe1_0.end_date>=? 
    order by
        pe1_0.priority desc
Hibernate: 
    select
        pe1_0.id,
        pe1_0.brand_id,
        pe1_0.curr,
        pe1_0.end_date,
        pe1_0.price,
        pe1_0.price_list,
        pe1_0.priority,
        pe1_0.product_id,
        pe1_0.start_date 
    from
        prices pe1_0 
    where
        pe1_0.brand_id=? 
        and pe1_0.product_id=? 
        and pe1_0.start_date<=? 
        and pe1_0.end_date>=? 
    order by
        pe1_0.priority desc
2025-05-26 17:28:36,221 [main] DEBUG c.p.a.service.PriceService - Selected price with priority 1 and value 25.45
2025-05-26 17:28:36,227 [main] DEBUG c.p.i.a.in.web.PriceController - Request to getProductPrice: applicationDate=2020-06-14T16:00, productId=35455, brandId=1
2025-05-26 17:28:36,227 [main] DEBUG c.p.a.service.PriceService - Getting applicable price for brand: 1, product: 35455, date: 2020-06-14T16:00
2025-05-26 17:28:36,228 [main] DEBUG org.hibernate.SQL - 
    select
        pe1_0.id,
        pe1_0.brand_id,
        pe1_0.curr,
        pe1_0.end_date,
        pe1_0.price,
        pe1_0.price_list,
        pe1_0.priority,
        pe1_0.product_id,
        pe1_0.start_date 
    from
        prices pe1_0 
    where
        pe1_0.brand_id=? 
        and pe1_0.product_id=? 
        and pe1_0.start_date<=? 
        and pe1_0.end_date>=? 
    order by
        pe1_0.priority desc
Hibernate: 
    select
        pe1_0.id,
        pe1_0.brand_id,
        pe1_0.curr,
        pe1_0.end_date,
        pe1_0.price,
        pe1_0.price_list,
        pe1_0.priority,
        pe1_0.product_id,
        pe1_0.start_date 
    from
        prices pe1_0 
    where
        pe1_0.brand_id=? 
        and pe1_0.product_id=? 
        and pe1_0.start_date<=? 
        and pe1_0.end_date>=? 
    order by
        pe1_0.priority desc
2025-05-26 17:28:36,230 [main] DEBUG c.p.a.service.PriceService - Selected price with priority 1 and value 25.45
2025-05-26 17:28:36,235 [main] DEBUG c.p.i.a.in.web.PriceController - Request to getProductPrice: applicationDate=2020-06-14T16:00, productId=35455, brandId=1
2025-05-26 17:28:36,236 [main] DEBUG c.p.a.service.PriceService - Getting applicable price for brand: 1, product: 35455, date: 2020-06-14T16:00
2025-05-26 17:28:36,237 [main] DEBUG org.hibernate.SQL - 
    select
        pe1_0.id,
        pe1_0.brand_id,
        pe1_0.curr,
        pe1_0.end_date,
        pe1_0.price,
        pe1_0.price_list,
        pe1_0.priority,
        pe1_0.product_id,
        pe1_0.start_date 
    from
        prices pe1_0 
    where
        pe1_0.brand_id=? 
        and pe1_0.product_id=? 
        and pe1_0.start_date<=? 
        and pe1_0.end_date>=? 
    order by
        pe1_0.priority desc
Hibernate: 
    select
        pe1_0.id,
        pe1_0.brand_id,
        pe1_0.curr,
        pe1_0.end_date,
        pe1_0.price,
        pe1_0.price_list,
        pe1_0.priority,
        pe1_0.product_id,
        pe1_0.start_date 
    from
        prices pe1_0 
    where
        pe1_0.brand_id=? 
        and pe1_0.product_id=? 
        and pe1_0.start_date<=? 
        and pe1_0.end_date>=? 
    order by
        pe1_0.priority desc
2025-05-26 17:28:36,240 [main] DEBUG c.p.a.service.PriceService - Selected price with priority 1 and value 25.45
2025-05-26 17:28:36,245 [main] DEBUG c.p.i.a.in.web.PriceController - Request to getProductPrice: applicationDate=2020-06-14T16:00, productId=35455, brandId=1
2025-05-26 17:28:36,245 [main] DEBUG c.p.a.service.PriceService - Getting applicable price for brand: 1, product: 35455, date: 2020-06-14T16:00
2025-05-26 17:28:36,247 [main] DEBUG org.hibernate.SQL - 
    select
        pe1_0.id,
        pe1_0.brand_id,
        pe1_0.curr,
        pe1_0.end_date,
        pe1_0.price,
        pe1_0.price_list,
        pe1_0.priority,
        pe1_0.product_id,
        pe1_0.start_date 
    from
        prices pe1_0 
    where
        pe1_0.brand_id=? 
        and pe1_0.product_id=? 
        and pe1_0.start_date<=? 
        and pe1_0.end_date>=? 
    order by
        pe1_0.priority desc
Hibernate: 
    select
        pe1_0.id,
        pe1_0.brand_id,
        pe1_0.curr,
        pe1_0.end_date,
        pe1_0.price,
        pe1_0.price_list,
        pe1_0.priority,
        pe1_0.product_id,
        pe1_0.start_date 
    from
        prices pe1_0 
    where
        pe1_0.brand_id=? 
        and pe1_0.product_id=? 
        and pe1_0.start_date<=? 
        and pe1_0.end_date>=? 
    order by
        pe1_0.priority desc
2025-05-26 17:28:36,248 [main] DEBUG c.p.a.service.PriceService - Selected price with priority 1 and value 25.45
2025-05-26 17:28:36,257 [main] DEBUG org.hibernate.SQL - 
    drop table if exists prices cascade 
Hibernate: 
    drop table if exists prices cascade 
]]></system-out>
  </testcase>
</testsuite>