<?xml version="1.0" encoding="UTF-8"?>
<testsuite xmlns:xsi="http://www.w3.org/2001/XMLSchema-instance" xsi:noNamespaceSchemaLocation="https://maven.apache.org/surefire/maven-surefire-plugin/xsd/surefire-test-report.xsd" version="3.0.2" name="com.pruebaItx.acceptance.PriceAcceptanceTest" time="1.553" tests="15" errors="0" skipped="0" failures="13">
  <properties>
[...]
</properties>
  <testcase name="shouldHandleRequestAtExactEndTime" classname="com.pruebaItx.acceptance.PriceAcceptanceTest" time="0.351">
    <system-out><![CDATA[2025-05-26 16:11:56,150 [main] INFO  o.s.t.c.s.AnnotationConfigContextLoaderUtils - Could not detect default configuration classes for test class [com.pruebaItx.acceptance.PriceAcceptanceTest]: PriceAcceptanceTest does not declare any static, non-private, non-final, nested classes annotated with @Configuration.

  .   ____          _            __ _ _
 /\\ / ___'_ __ _ _(_)_ __  __ _ \ \ \ \
( ( )\___ | '_ | '_| | '_ \/ _` | \ \ \ \
 \\/  ___)| |_)| | | | | || (_| |  ) ) ) )
  '  |____| .__|_| |_|_| |_\__, | / / / /
 =========|_|==============|___/=/_/_/_/

 :: Spring Boot ::                (v3.4.1)

2025-05-26 16:11:56,201 [main] INFO  c.p.acceptance.PriceAcceptanceTest - Starting PriceAcceptanceTest using Java 17.0.15 with PID 180296 (started by angelperez in /home/angelperez/Desarrollo/apps/TestProjects/ITX_Plataforma_CasoPractico)
2025-05-26 16:11:56,201 [main] DEBUG c.p.acceptance.PriceAcceptanceTest - Running with Spring Boot v3.4.1, Spring v6.2.1
2025-05-26 16:11:56,201 [main] INFO  c.p.acceptance.PriceAcceptanceTest - The following 1 profile is active: "test"
2025-05-26 16:11:56,805 [main] DEBUG org.hibernate.SQL - 
    drop table if exists prices cascade 
Hibernate: 
    drop table if exists prices cascade 
2025-05-26 16:11:56,805 [main] DEBUG org.hibernate.SQL - 
    create table prices (
        curr varchar(3) not null,
        price numeric(10,2) not null,
        price_list integer not null,
        priority integer not null,
        brand_id bigint not null,
        end_date timestamp(6) not null,
        id bigint generated by default as identity,
        product_id bigint not null,
        start_date timestamp(6) not null,
        primary key (id)
    )
Hibernate: 
    create table prices (
        curr varchar(3) not null,
        price numeric(10,2) not null,
        price_list integer not null,
        priority integer not null,
        brand_id bigint not null,
        end_date timestamp(6) not null,
        id bigint generated by default as identity,
        product_id bigint not null,
        start_date timestamp(6) not null,
        primary key (id)
    )
2025-05-26 16:11:56,929 [main] INFO  o.s.t.w.s.TestDispatcherServlet - Initializing Servlet ''
2025-05-26 16:11:56,929 [main] INFO  o.s.t.w.s.TestDispatcherServlet - Completed initialization in 0 ms
2025-05-26 16:11:57,175 [main] INFO  c.p.acceptance.PriceAcceptanceTest - Started PriceAcceptanceTest in 1.013 seconds (process running for 27.695)
2025-05-26 16:11:57,176 [main] INFO  com.pruebaItx.PruebaItxApplication - Application started and ready to receive requests
2025-05-26 16:11:57,307 [main] DEBUG c.p.i.a.in.web.PriceController - Request to getProductPrice: applicationDate=2020-06-14T18:30, productId=35455, brandId=1
2025-05-26 16:11:57,310 [main] DEBUG c.p.a.service.PriceService - Getting applicable price for brand: 1, product: 35455, date: 2020-06-14T18:30
2025-05-26 16:11:57,346 [main] DEBUG org.hibernate.SQL - 
    select
        pe1_0.id,
        pe1_0.brand_id,
        pe1_0.curr,
        pe1_0.end_date,
        pe1_0.price,
        pe1_0.price_list,
        pe1_0.priority,
        pe1_0.product_id,
        pe1_0.start_date 
    from
        prices pe1_0 
    where
        pe1_0.brand_id=? 
        and pe1_0.product_id=? 
        and pe1_0.start_date<=? 
        and pe1_0.end_date>=? 
    order by
        pe1_0.priority desc
Hibernate: 
    select
        pe1_0.id,
        pe1_0.brand_id,
        pe1_0.curr,
        pe1_0.end_date,
        pe1_0.price,
        pe1_0.price_list,
        pe1_0.priority,
        pe1_0.product_id,
        pe1_0.start_date 
    from
        prices pe1_0 
    where
        pe1_0.brand_id=? 
        and pe1_0.product_id=? 
        and pe1_0.start_date<=? 
        and pe1_0.end_date>=? 
    order by
        pe1_0.priority desc
2025-05-26 16:11:57,352 [main] DEBUG c.p.a.service.PriceService - Selected price with priority 1 and value 25.45
]]></system-out>
  </testcase>
  <testcase name="shouldHandleRequestAtExactStartTime" classname="com.pruebaItx.acceptance.PriceAcceptanceTest" time="0.015">
    <system-out><![CDATA[2025-05-26 16:11:57,534 [main] DEBUG c.p.i.a.in.web.PriceController - Request to getProductPrice: applicationDate=2020-06-14T15:00, productId=35455, brandId=1
2025-05-26 16:11:57,534 [main] DEBUG c.p.a.service.PriceService - Getting applicable price for brand: 1, product: 35455, date: 2020-06-14T15:00
2025-05-26 16:11:57,536 [main] DEBUG org.hibernate.SQL - 
    select
        pe1_0.id,
        pe1_0.brand_id,
        pe1_0.curr,
        pe1_0.end_date,
        pe1_0.price,
        pe1_0.price_list,
        pe1_0.priority,
        pe1_0.product_id,
        pe1_0.start_date 
    from
        prices pe1_0 
    where
        pe1_0.brand_id=? 
        and pe1_0.product_id=? 
        and pe1_0.start_date<=? 
        and pe1_0.end_date>=? 
    order by
        pe1_0.priority desc
Hibernate: 
    select
        pe1_0.id,
        pe1_0.brand_id,
        pe1_0.curr,
        pe1_0.end_date,
        pe1_0.price,
        pe1_0.price_list,
        pe1_0.priority,
        pe1_0.product_id,
        pe1_0.start_date 
    from
        prices pe1_0 
    where
        pe1_0.brand_id=? 
        and pe1_0.product_id=? 
        and pe1_0.start_date<=? 
        and pe1_0.end_date>=? 
    order by
        pe1_0.priority desc
2025-05-26 16:11:57,538 [main] DEBUG c.p.a.service.PriceService - Selected price with priority 1 and value 25.45
]]></system-out>
  </testcase>
  <testcase name="shouldReturn400WhenApplicationDateFormatIsInvalid" classname="com.pruebaItx.acceptance.PriceAcceptanceTest" time="0.012">
    <failure message="Content type not set" type="java.lang.AssertionError"><![CDATA[java.lang.AssertionError: Content type not set
	at org.springframework.test.util.AssertionErrors.fail(AssertionErrors.java:39)
	at org.springframework.test.util.AssertionErrors.assertTrue(AssertionErrors.java:73)
	at org.springframework.test.util.AssertionErrors.assertNotNull(AssertionErrors.java:112)
	at org.springframework.test.web.servlet.result.ContentResultMatchers.lambda$contentType$0(ContentResultMatchers.java:85)
	at org.springframework.test.web.servlet.MockMvc$1.andExpect(MockMvc.java:214)
	at com.pruebaItx.acceptance.PriceAcceptanceTest.shouldReturn400WhenApplicationDateFormatIsInvalid(PriceAcceptanceTest.java:220)
	at java.base/java.lang.reflect.Method.invoke(Method.java:569)
	at java.base/java.util.ArrayList.forEach(ArrayList.java:1511)
	at java.base/java.util.ArrayList.forEach(ArrayList.java:1511)
]]></failure>
    <system-out><![CDATA[2025-05-26 16:11:57,557 [main] WARN  o.s.w.s.m.s.DefaultHandlerExceptionResolver - Resolved [org.springframework.web.method.annotation.MethodArgumentTypeMismatchException: Method parameter 'applicationDate': Failed to convert value of type 'java.lang.String' to required type 'java.time.LocalDateTime'; Failed to convert from type [java.lang.String] to type [@jakarta.validation.constraints.NotNull @io.swagger.v3.oas.annotations.Parameter @jakarta.validation.Valid @org.springframework.web.bind.annotation.RequestParam @org.springframework.format.annotation.DateTimeFormat java.time.LocalDateTime] for value [invalid-date]]

MockHttpServletRequest:
      HTTP Method = GET
      Request URI = /api/v1/prices
       Parameters = {applicationDate=[invalid-date], productId=[35455], brandId=[1]}
          Headers = [Accept:"application/json"]
             Body = null
    Session Attrs = {}

Handler:
             Type = com.pruebaItx.infrastructure.adapter.in.web.PriceController
           Method = com.pruebaItx.infrastructure.adapter.in.web.PriceController#getPrice(LocalDateTime, Long, Long)

Async:
    Async started = false
     Async result = null

Resolved Exception:
             Type = org.springframework.web.method.annotation.MethodArgumentTypeMismatchException

ModelAndView:
        View name = null
             View = null
            Model = null

FlashMap:
       Attributes = null

MockHttpServletResponse:
           Status = 400
    Error message = null
          Headers = []
     Content type = null
             Body = 
    Forwarded URL = null
   Redirected URL = null
          Cookies = []
]]></system-out>
  </testcase>
  <testcase name="shouldReturn400WhenApplicationDateIsMissing" classname="com.pruebaItx.acceptance.PriceAcceptanceTest" time="0.007">
    <failure message="Content type not set" type="java.lang.AssertionError"><![CDATA[java.lang.AssertionError: Content type not set
	at org.springframework.test.util.AssertionErrors.fail(AssertionErrors.java:39)
	at org.springframework.test.util.AssertionErrors.assertTrue(AssertionErrors.java:73)
	at org.springframework.test.util.AssertionErrors.assertNotNull(AssertionErrors.java:112)
	at org.springframework.test.web.servlet.result.ContentResultMatchers.lambda$contentType$0(ContentResultMatchers.java:85)
	at org.springframework.test.web.servlet.MockMvc$1.andExpect(MockMvc.java:214)
	at com.pruebaItx.acceptance.PriceAcceptanceTest.shouldReturn400WhenApplicationDateIsMissing(PriceAcceptanceTest.java:152)
	at java.base/java.lang.reflect.Method.invoke(Method.java:569)
	at java.base/java.util.ArrayList.forEach(ArrayList.java:1511)
	at java.base/java.util.ArrayList.forEach(ArrayList.java:1511)
]]></failure>
    <system-out><![CDATA[2025-05-26 16:11:57,566 [main] WARN  o.s.w.s.m.s.DefaultHandlerExceptionResolver - Resolved [org.springframework.web.bind.MissingServletRequestParameterException: Required request parameter 'applicationDate' for method parameter type LocalDateTime is not present]

MockHttpServletRequest:
      HTTP Method = GET
      Request URI = /api/v1/prices
       Parameters = {productId=[35455], brandId=[1]}
          Headers = [Accept:"application/json"]
             Body = null
    Session Attrs = {}

Handler:
             Type = com.pruebaItx.infrastructure.adapter.in.web.PriceController
           Method = com.pruebaItx.infrastructure.adapter.in.web.PriceController#getPrice(LocalDateTime, Long, Long)

Async:
    Async started = false
     Async result = null

Resolved Exception:
             Type = org.springframework.web.bind.MissingServletRequestParameterException

ModelAndView:
        View name = null
             View = null
            Model = null

FlashMap:
       Attributes = null

MockHttpServletResponse:
           Status = 400
    Error message = Required parameter 'applicationDate' is not present.
          Headers = []
     Content type = null
             Body = 
    Forwarded URL = null
   Redirected URL = null
          Cookies = []
]]></system-out>
  </testcase>
  <testcase name="shouldReturn400WhenBrandIdIsNotValidNumber" classname="com.pruebaItx.acceptance.PriceAcceptanceTest" time="0.008">
    <failure message="Content type not set" type="java.lang.AssertionError"><![CDATA[java.lang.AssertionError: Content type not set
	at org.springframework.test.util.AssertionErrors.fail(AssertionErrors.java:39)
	at org.springframework.test.util.AssertionErrors.assertTrue(AssertionErrors.java:73)
	at org.springframework.test.util.AssertionErrors.assertNotNull(AssertionErrors.java:112)
	at org.springframework.test.web.servlet.result.ContentResultMatchers.lambda$contentType$0(ContentResultMatchers.java:85)
	at org.springframework.test.web.servlet.MockMvc$1.andExpect(MockMvc.java:214)
	at com.pruebaItx.acceptance.PriceAcceptanceTest.shouldReturn400WhenBrandIdIsNotValidNumber(PriceAcceptanceTest.java:266)
	at java.base/java.lang.reflect.Method.invoke(Method.java:569)
	at java.base/java.util.ArrayList.forEach(ArrayList.java:1511)
	at java.base/java.util.ArrayList.forEach(ArrayList.java:1511)
]]></failure>
    <system-out><![CDATA[2025-05-26 16:11:57,573 [main] WARN  o.s.w.s.m.s.DefaultHandlerExceptionResolver - Resolved [org.springframework.web.method.annotation.MethodArgumentTypeMismatchException: Method parameter 'brandId': Failed to convert value of type 'java.lang.String' to required type 'java.lang.Long'; For input string: "not-a-number"]

MockHttpServletRequest:
      HTTP Method = GET
      Request URI = /api/v1/prices
       Parameters = {applicationDate=[2020-06-14T10:00:00], productId=[35455], brandId=[not-a-number]}
          Headers = [Accept:"application/json"]
             Body = null
    Session Attrs = {}

Handler:
             Type = com.pruebaItx.infrastructure.adapter.in.web.PriceController
           Method = com.pruebaItx.infrastructure.adapter.in.web.PriceController#getPrice(LocalDateTime, Long, Long)

Async:
    Async started = false
     Async result = null

Resolved Exception:
             Type = org.springframework.web.method.annotation.MethodArgumentTypeMismatchException

ModelAndView:
        View name = null
             View = null
            Model = null

FlashMap:
       Attributes = null

MockHttpServletResponse:
           Status = 400
    Error message = null
          Headers = []
     Content type = null
             Body = 
    Forwarded URL = null
   Redirected URL = null
          Cookies = []
]]></system-out>
  </testcase>
  <testcase name="shouldReturn400WhenBrandIdIsMissing" classname="com.pruebaItx.acceptance.PriceAcceptanceTest" time="0.007">
    <failure message="Content type not set" type="java.lang.AssertionError"><![CDATA[java.lang.AssertionError: Content type not set
	at org.springframework.test.util.AssertionErrors.fail(AssertionErrors.java:39)
	at org.springframework.test.util.AssertionErrors.assertTrue(AssertionErrors.java:73)
	at org.springframework.test.util.AssertionErrors.assertNotNull(AssertionErrors.java:112)
	at org.springframework.test.web.servlet.result.ContentResultMatchers.lambda$contentType$0(ContentResultMatchers.java:85)
	at org.springframework.test.web.servlet.MockMvc$1.andExpect(MockMvc.java:214)
	at com.pruebaItx.acceptance.PriceAcceptanceTest.shouldReturn400WhenBrandIdIsMissing(PriceAcceptanceTest.java:199)
	at java.base/java.lang.reflect.Method.invoke(Method.java:569)
	at java.base/java.util.ArrayList.forEach(ArrayList.java:1511)
	at java.base/java.util.ArrayList.forEach(ArrayList.java:1511)
]]></failure>
    <system-out><![CDATA[2025-05-26 16:11:57,582 [main] WARN  o.s.w.s.m.s.DefaultHandlerExceptionResolver - Resolved [org.springframework.web.bind.MissingServletRequestParameterException: Required request parameter 'brandId' for method parameter type Long is not present]

MockHttpServletRequest:
      HTTP Method = GET
      Request URI = /api/v1/prices
       Parameters = {applicationDate=[2020-06-14T10:00:00], productId=[35455]}
          Headers = [Accept:"application/json"]
             Body = null
    Session Attrs = {}

Handler:
             Type = com.pruebaItx.infrastructure.adapter.in.web.PriceController
           Method = com.pruebaItx.infrastructure.adapter.in.web.PriceController#getPrice(LocalDateTime, Long, Long)

Async:
    Async started = false
     Async result = null

Resolved Exception:
             Type = org.springframework.web.bind.MissingServletRequestParameterException

ModelAndView:
        View name = null
             View = null
            Model = null

FlashMap:
       Attributes = null

MockHttpServletResponse:
           Status = 400
    Error message = Required parameter 'brandId' is not present.
          Headers = []
     Content type = null
             Body = 
    Forwarded URL = null
   Redirected URL = null
          Cookies = []
]]></system-out>
  </testcase>
  <testcase name="shouldReturn400WhenProductIdIsNotValidNumber" classname="com.pruebaItx.acceptance.PriceAcceptanceTest" time="0.007">
    <failure message="Content type not set" type="java.lang.AssertionError"><![CDATA[java.lang.AssertionError: Content type not set
	at org.springframework.test.util.AssertionErrors.fail(AssertionErrors.java:39)
	at org.springframework.test.util.AssertionErrors.assertTrue(AssertionErrors.java:73)
	at org.springframework.test.util.AssertionErrors.assertNotNull(AssertionErrors.java:112)
	at org.springframework.test.web.servlet.result.ContentResultMatchers.lambda$contentType$0(ContentResultMatchers.java:85)
	at org.springframework.test.web.servlet.MockMvc$1.andExpect(MockMvc.java:214)
	at com.pruebaItx.acceptance.PriceAcceptanceTest.shouldReturn400WhenProductIdIsNotValidNumber(PriceAcceptanceTest.java:243)
	at java.base/java.lang.reflect.Method.invoke(Method.java:569)
	at java.base/java.util.ArrayList.forEach(ArrayList.java:1511)
	at java.base/java.util.ArrayList.forEach(ArrayList.java:1511)
]]></failure>
    <system-out><![CDATA[2025-05-26 16:11:57,590 [main] WARN  o.s.w.s.m.s.DefaultHandlerExceptionResolver - Resolved [org.springframework.web.method.annotation.MethodArgumentTypeMismatchException: Method parameter 'productId': Failed to convert value of type 'java.lang.String' to required type 'java.lang.Long'; For input string: "not-a-number"]

MockHttpServletRequest:
      HTTP Method = GET
      Request URI = /api/v1/prices
       Parameters = {applicationDate=[2020-06-14T10:00:00], productId=[not-a-number], brandId=[1]}
          Headers = [Accept:"application/json"]
             Body = null
    Session Attrs = {}

Handler:
             Type = com.pruebaItx.infrastructure.adapter.in.web.PriceController
           Method = com.pruebaItx.infrastructure.adapter.in.web.PriceController#getPrice(LocalDateTime, Long, Long)

Async:
    Async started = false
     Async result = null

Resolved Exception:
             Type = org.springframework.web.method.annotation.MethodArgumentTypeMismatchException

ModelAndView:
        View name = null
             View = null
            Model = null

FlashMap:
       Attributes = null

MockHttpServletResponse:
           Status = 400
    Error message = null
          Headers = []
     Content type = null
             Body = 
    Forwarded URL = null
   Redirected URL = null
          Cookies = []
]]></system-out>
  </testcase>
  <testcase name="shouldReturn400WhenProductIdIsMissing" classname="com.pruebaItx.acceptance.PriceAcceptanceTest" time="0.006">
    <failure message="Content type not set" type="java.lang.AssertionError"><![CDATA[java.lang.AssertionError: Content type not set
	at org.springframework.test.util.AssertionErrors.fail(AssertionErrors.java:39)
	at org.springframework.test.util.AssertionErrors.assertTrue(AssertionErrors.java:73)
	at org.springframework.test.util.AssertionErrors.assertNotNull(AssertionErrors.java:112)
	at org.springframework.test.web.servlet.result.ContentResultMatchers.lambda$contentType$0(ContentResultMatchers.java:85)
	at org.springframework.test.web.servlet.MockMvc$1.andExpect(MockMvc.java:214)
	at com.pruebaItx.acceptance.PriceAcceptanceTest.shouldReturn400WhenProductIdIsMissing(PriceAcceptanceTest.java:179)
	at java.base/java.lang.reflect.Method.invoke(Method.java:569)
	at java.base/java.util.ArrayList.forEach(ArrayList.java:1511)
	at java.base/java.util.ArrayList.forEach(ArrayList.java:1511)
]]></failure>
    <system-out><![CDATA[2025-05-26 16:11:57,598 [main] WARN  o.s.w.s.m.s.DefaultHandlerExceptionResolver - Resolved [org.springframework.web.bind.MissingServletRequestParameterException: Required request parameter 'productId' for method parameter type Long is not present]

MockHttpServletRequest:
      HTTP Method = GET
      Request URI = /api/v1/prices
       Parameters = {applicationDate=[2020-06-14T10:00:00], brandId=[1]}
          Headers = [Accept:"application/json"]
             Body = null
    Session Attrs = {}

Handler:
             Type = com.pruebaItx.infrastructure.adapter.in.web.PriceController
           Method = com.pruebaItx.infrastructure.adapter.in.web.PriceController#getPrice(LocalDateTime, Long, Long)

Async:
    Async started = false
     Async result = null

Resolved Exception:
             Type = org.springframework.web.bind.MissingServletRequestParameterException

ModelAndView:
        View name = null
             View = null
            Model = null

FlashMap:
       Attributes = null

MockHttpServletResponse:
           Status = 400
    Error message = Required parameter 'productId' is not present.
          Headers = []
     Content type = null
             Body = 
    Forwarded URL = null
   Redirected URL = null
          Cookies = []
]]></system-out>
  </testcase>
  <testcase name="shouldReturn404WhenNoPriceFound" classname="com.pruebaItx.acceptance.PriceAcceptanceTest" time="0.01">
    <failure message="Content type not set" type="java.lang.AssertionError"><![CDATA[java.lang.AssertionError: Content type not set
	at org.springframework.test.util.AssertionErrors.fail(AssertionErrors.java:39)
	at org.springframework.test.util.AssertionErrors.assertTrue(AssertionErrors.java:73)
	at org.springframework.test.util.AssertionErrors.assertNotNull(AssertionErrors.java:112)
	at org.springframework.test.web.servlet.result.ContentResultMatchers.lambda$contentType$0(ContentResultMatchers.java:85)
	at org.springframework.test.web.servlet.MockMvc$1.andExpect(MockMvc.java:214)
	at com.pruebaItx.acceptance.PriceAcceptanceTest.shouldReturn404WhenNoPriceFound(PriceAcceptanceTest.java:289)
	at java.base/java.lang.reflect.Method.invoke(Method.java:569)
	at java.base/java.util.ArrayList.forEach(ArrayList.java:1511)
	at java.base/java.util.ArrayList.forEach(ArrayList.java:1511)
]]></failure>
    <system-out><![CDATA[2025-05-26 16:11:57,605 [main] DEBUG c.p.i.a.in.web.PriceController - Request to getProductPrice: applicationDate=2019-06-14T10:00, productId=99999, brandId=99
2025-05-26 16:11:57,605 [main] DEBUG c.p.a.service.PriceService - Getting applicable price for brand: 99, product: 99999, date: 2019-06-14T10:00
2025-05-26 16:11:57,606 [main] DEBUG org.hibernate.SQL - 
    select
        pe1_0.id,
        pe1_0.brand_id,
        pe1_0.curr,
        pe1_0.end_date,
        pe1_0.price,
        pe1_0.price_list,
        pe1_0.priority,
        pe1_0.product_id,
        pe1_0.start_date 
    from
        prices pe1_0 
    where
        pe1_0.brand_id=? 
        and pe1_0.product_id=? 
        and pe1_0.start_date<=? 
        and pe1_0.end_date>=? 
    order by
        pe1_0.priority desc
Hibernate: 
    select
        pe1_0.id,
        pe1_0.brand_id,
        pe1_0.curr,
        pe1_0.end_date,
        pe1_0.price,
        pe1_0.price_list,
        pe1_0.priority,
        pe1_0.product_id,
        pe1_0.start_date 
    from
        prices pe1_0 
    where
        pe1_0.brand_id=? 
        and pe1_0.product_id=? 
        and pe1_0.start_date<=? 
        and pe1_0.end_date>=? 
    order by
        pe1_0.priority desc
2025-05-26 16:11:57,607 [main] WARN  c.p.a.service.PriceService - No price found for brand: 99, product: 99999, date: 2019-06-14T10:00
2025-05-26 16:11:57,607 [main] INFO  c.p.i.a.in.web.PriceController - No price found for applicationDate=2019-06-14T10:00, productId=99999, brandId=99. Reason: No price found for brand 99, product 99999 at date 2019-06-14T10:00

MockHttpServletRequest:
      HTTP Method = GET
      Request URI = /api/v1/prices
       Parameters = {applicationDate=[2019-06-14T10:00:00], productId=[99999], brandId=[99]}
          Headers = [Accept:"application/json"]
             Body = null
    Session Attrs = {}

Handler:
             Type = com.pruebaItx.infrastructure.adapter.in.web.PriceController
           Method = com.pruebaItx.infrastructure.adapter.in.web.PriceController#getPrice(LocalDateTime, Long, Long)

Async:
    Async started = false
     Async result = null

Resolved Exception:
             Type = null

ModelAndView:
        View name = null
             View = null
            Model = null

FlashMap:
       Attributes = null

MockHttpServletResponse:
           Status = 404
    Error message = null
          Headers = []
     Content type = null
             Body = 
    Forwarded URL = null
   Redirected URL = null
          Cookies = []
]]></system-out>
  </testcase>
  <testcase name="shouldReturn404WhenProductExistsButNoPriceForDate" classname="com.pruebaItx.acceptance.PriceAcceptanceTest" time="0.01">
    <failure message="Content type not set" type="java.lang.AssertionError"><![CDATA[java.lang.AssertionError: Content type not set
	at org.springframework.test.util.AssertionErrors.fail(AssertionErrors.java:39)
	at org.springframework.test.util.AssertionErrors.assertTrue(AssertionErrors.java:73)
	at org.springframework.test.util.AssertionErrors.assertNotNull(AssertionErrors.java:112)
	at org.springframework.test.web.servlet.result.ContentResultMatchers.lambda$contentType$0(ContentResultMatchers.java:85)
	at org.springframework.test.web.servlet.MockMvc$1.andExpect(MockMvc.java:214)
	at com.pruebaItx.acceptance.PriceAcceptanceTest.shouldReturn404WhenProductExistsButNoPriceForDate(PriceAcceptanceTest.java:313)
	at java.base/java.lang.reflect.Method.invoke(Method.java:569)
	at java.base/java.util.ArrayList.forEach(ArrayList.java:1511)
	at java.base/java.util.ArrayList.forEach(ArrayList.java:1511)
]]></failure>
    <system-out><![CDATA[2025-05-26 16:11:57,617 [main] DEBUG c.p.i.a.in.web.PriceController - Request to getProductPrice: applicationDate=2019-01-01T10:00, productId=35455, brandId=1
2025-05-26 16:11:57,617 [main] DEBUG c.p.a.service.PriceService - Getting applicable price for brand: 1, product: 35455, date: 2019-01-01T10:00
2025-05-26 16:11:57,617 [main] DEBUG org.hibernate.SQL - 
    select
        pe1_0.id,
        pe1_0.brand_id,
        pe1_0.curr,
        pe1_0.end_date,
        pe1_0.price,
        pe1_0.price_list,
        pe1_0.priority,
        pe1_0.product_id,
        pe1_0.start_date 
    from
        prices pe1_0 
    where
        pe1_0.brand_id=? 
        and pe1_0.product_id=? 
        and pe1_0.start_date<=? 
        and pe1_0.end_date>=? 
    order by
        pe1_0.priority desc
Hibernate: 
    select
        pe1_0.id,
        pe1_0.brand_id,
        pe1_0.curr,
        pe1_0.end_date,
        pe1_0.price,
        pe1_0.price_list,
        pe1_0.priority,
        pe1_0.product_id,
        pe1_0.start_date 
    from
        prices pe1_0 
    where
        pe1_0.brand_id=? 
        and pe1_0.product_id=? 
        and pe1_0.start_date<=? 
        and pe1_0.end_date>=? 
    order by
        pe1_0.priority desc
2025-05-26 16:11:57,618 [main] WARN  c.p.a.service.PriceService - No price found for brand: 1, product: 35455, date: 2019-01-01T10:00
2025-05-26 16:11:57,619 [main] INFO  c.p.i.a.in.web.PriceController - No price found for applicationDate=2019-01-01T10:00, productId=35455, brandId=1. Reason: No price found for brand 1, product 35455 at date 2019-01-01T10:00

MockHttpServletRequest:
      HTTP Method = GET
      Request URI = /api/v1/prices
       Parameters = {applicationDate=[2019-01-01T10:00:00], productId=[35455], brandId=[1]}
          Headers = [Accept:"application/json"]
             Body = null
    Session Attrs = {}

Handler:
             Type = com.pruebaItx.infrastructure.adapter.in.web.PriceController
           Method = com.pruebaItx.infrastructure.adapter.in.web.PriceController#getPrice(LocalDateTime, Long, Long)

Async:
    Async started = false
     Async result = null

Resolved Exception:
             Type = null

ModelAndView:
        View name = null
             View = null
            Model = null

FlashMap:
       Attributes = null

MockHttpServletResponse:
           Status = 404
    Error message = null
          Headers = []
     Content type = null
             Body = 
    Forwarded URL = null
   Redirected URL = null
          Cookies = []
]]></system-out>
  </testcase>
  <testcase name="shouldReturnPriceAt10AMOnDay14" classname="com.pruebaItx.acceptance.PriceAcceptanceTest" time="0.015">
    <failure message="Got a list of values [2020,6,14,0,0] instead of the expected single value 2020-06-14T00:00:00" type="java.lang.AssertionError"><![CDATA[java.lang.AssertionError: Got a list of values [2020,6,14,0,0] instead of the expected single value 2020-06-14T00:00:00
	at org.springframework.test.util.AssertionErrors.fail(AssertionErrors.java:39)
	at org.springframework.test.util.JsonPathExpectationsHelper.assertValue(JsonPathExpectationsHelper.java:154)
	at org.springframework.test.web.servlet.result.JsonPathResultMatchers.lambda$value$2(JsonPathResultMatchers.java:112)
	at org.springframework.test.web.servlet.MockMvc$1.andExpect(MockMvc.java:214)
	at com.pruebaItx.acceptance.PriceAcceptanceTest.shouldReturnPriceAt10AMOnDay14(PriceAcceptanceTest.java:54)
	at java.base/java.lang.reflect.Method.invoke(Method.java:569)
	at java.base/java.util.ArrayList.forEach(ArrayList.java:1511)
	at java.base/java.util.ArrayList.forEach(ArrayList.java:1511)
]]></failure>
    <system-out><![CDATA[2025-05-26 16:11:57,628 [main] DEBUG c.p.i.a.in.web.PriceController - Request to getProductPrice: applicationDate=2020-06-14T10:00, productId=35455, brandId=1
2025-05-26 16:11:57,628 [main] DEBUG c.p.a.service.PriceService - Getting applicable price for brand: 1, product: 35455, date: 2020-06-14T10:00
2025-05-26 16:11:57,629 [main] DEBUG org.hibernate.SQL - 
    select
        pe1_0.id,
        pe1_0.brand_id,
        pe1_0.curr,
        pe1_0.end_date,
        pe1_0.price,
        pe1_0.price_list,
        pe1_0.priority,
        pe1_0.product_id,
        pe1_0.start_date 
    from
        prices pe1_0 
    where
        pe1_0.brand_id=? 
        and pe1_0.product_id=? 
        and pe1_0.start_date<=? 
        and pe1_0.end_date>=? 
    order by
        pe1_0.priority desc
Hibernate: 
    select
        pe1_0.id,
        pe1_0.brand_id,
        pe1_0.curr,
        pe1_0.end_date,
        pe1_0.price,
        pe1_0.price_list,
        pe1_0.priority,
        pe1_0.product_id,
        pe1_0.start_date 
    from
        prices pe1_0 
    where
        pe1_0.brand_id=? 
        and pe1_0.product_id=? 
        and pe1_0.start_date<=? 
        and pe1_0.end_date>=? 
    order by
        pe1_0.priority desc
2025-05-26 16:11:57,631 [main] DEBUG c.p.a.service.PriceService - Selected price with priority 0 and value 35.50

MockHttpServletRequest:
      HTTP Method = GET
      Request URI = /api/v1/prices
       Parameters = {applicationDate=[2020-06-14T10:00:00], productId=[35455], brandId=[1]}
          Headers = [Content-Type:"application/json;charset=UTF-8"]
             Body = null
    Session Attrs = {}

Handler:
             Type = com.pruebaItx.infrastructure.adapter.in.web.PriceController
           Method = com.pruebaItx.infrastructure.adapter.in.web.PriceController#getPrice(LocalDateTime, Long, Long)

Async:
    Async started = false
     Async result = null

Resolved Exception:
             Type = null

ModelAndView:
        View name = null
             View = null
            Model = null

FlashMap:
       Attributes = null

MockHttpServletResponse:
           Status = 200
    Error message = null
          Headers = [Content-Type:"application/json"]
     Content type = application/json
             Body = {"productId":35455,"brandId":1,"priceList":1,"startDate":[2020,6,14,0,0],"endDate":[2020,12,31,23,59,59],"price":35.5}
    Forwarded URL = null
   Redirected URL = null
          Cookies = []
]]></system-out>
  </testcase>
  <testcase name="shouldReturnPriceAt4PMOnDay14" classname="com.pruebaItx.acceptance.PriceAcceptanceTest" time="0.013">
    <failure message="Got a list of values [2020,6,14,15,0] instead of the expected single value 2020-06-14T15:00:00" type="java.lang.AssertionError"><![CDATA[java.lang.AssertionError: Got a list of values [2020,6,14,15,0] instead of the expected single value 2020-06-14T15:00:00
	at org.springframework.test.util.AssertionErrors.fail(AssertionErrors.java:39)
	at org.springframework.test.util.JsonPathExpectationsHelper.assertValue(JsonPathExpectationsHelper.java:154)
	at org.springframework.test.web.servlet.result.JsonPathResultMatchers.lambda$value$2(JsonPathResultMatchers.java:112)
	at org.springframework.test.web.servlet.MockMvc$1.andExpect(MockMvc.java:214)
	at com.pruebaItx.acceptance.PriceAcceptanceTest.shouldReturnPriceAt4PMOnDay14(PriceAcceptanceTest.java:74)
	at java.base/java.lang.reflect.Method.invoke(Method.java:569)
	at java.base/java.util.ArrayList.forEach(ArrayList.java:1511)
	at java.base/java.util.ArrayList.forEach(ArrayList.java:1511)
]]></failure>
    <system-out><![CDATA[2025-05-26 16:11:57,643 [main] DEBUG c.p.i.a.in.web.PriceController - Request to getProductPrice: applicationDate=2020-06-14T16:00, productId=35455, brandId=1
2025-05-26 16:11:57,643 [main] DEBUG c.p.a.service.PriceService - Getting applicable price for brand: 1, product: 35455, date: 2020-06-14T16:00
2025-05-26 16:11:57,644 [main] DEBUG org.hibernate.SQL - 
    select
        pe1_0.id,
        pe1_0.brand_id,
        pe1_0.curr,
        pe1_0.end_date,
        pe1_0.price,
        pe1_0.price_list,
        pe1_0.priority,
        pe1_0.product_id,
        pe1_0.start_date 
    from
        prices pe1_0 
    where
        pe1_0.brand_id=? 
        and pe1_0.product_id=? 
        and pe1_0.start_date<=? 
        and pe1_0.end_date>=? 
    order by
        pe1_0.priority desc
Hibernate: 
    select
        pe1_0.id,
        pe1_0.brand_id,
        pe1_0.curr,
        pe1_0.end_date,
        pe1_0.price,
        pe1_0.price_list,
        pe1_0.priority,
        pe1_0.product_id,
        pe1_0.start_date 
    from
        prices pe1_0 
    where
        pe1_0.brand_id=? 
        and pe1_0.product_id=? 
        and pe1_0.start_date<=? 
        and pe1_0.end_date>=? 
    order by
        pe1_0.priority desc
2025-05-26 16:11:57,646 [main] DEBUG c.p.a.service.PriceService - Selected price with priority 1 and value 25.45

MockHttpServletRequest:
      HTTP Method = GET
      Request URI = /api/v1/prices
       Parameters = {applicationDate=[2020-06-14T16:00:00], productId=[35455], brandId=[1]}
          Headers = [Content-Type:"application/json;charset=UTF-8"]
             Body = null
    Session Attrs = {}

Handler:
             Type = com.pruebaItx.infrastructure.adapter.in.web.PriceController
           Method = com.pruebaItx.infrastructure.adapter.in.web.PriceController#getPrice(LocalDateTime, Long, Long)

Async:
    Async started = false
     Async result = null

Resolved Exception:
             Type = null

ModelAndView:
        View name = null
             View = null
            Model = null

FlashMap:
       Attributes = null

MockHttpServletResponse:
           Status = 200
    Error message = null
          Headers = [Content-Type:"application/json"]
     Content type = application/json
             Body = {"productId":35455,"brandId":1,"priceList":2,"startDate":[2020,6,14,15,0],"endDate":[2020,6,14,18,30],"price":25.45}
    Forwarded URL = null
   Redirected URL = null
          Cookies = []
]]></system-out>
  </testcase>
  <testcase name="shouldReturnPriceAt9PMOnDay14" classname="com.pruebaItx.acceptance.PriceAcceptanceTest" time="0.015">
    <failure message="Got a list of values [2020,6,14,0,0] instead of the expected single value 2020-06-14T00:00:00" type="java.lang.AssertionError"><![CDATA[java.lang.AssertionError: Got a list of values [2020,6,14,0,0] instead of the expected single value 2020-06-14T00:00:00
	at org.springframework.test.util.AssertionErrors.fail(AssertionErrors.java:39)
	at org.springframework.test.util.JsonPathExpectationsHelper.assertValue(JsonPathExpectationsHelper.java:154)
	at org.springframework.test.web.servlet.result.JsonPathResultMatchers.lambda$value$2(JsonPathResultMatchers.java:112)
	at org.springframework.test.web.servlet.MockMvc$1.andExpect(MockMvc.java:214)
	at com.pruebaItx.acceptance.PriceAcceptanceTest.shouldReturnPriceAt9PMOnDay14(PriceAcceptanceTest.java:94)
	at java.base/java.lang.reflect.Method.invoke(Method.java:569)
	at java.base/java.util.ArrayList.forEach(ArrayList.java:1511)
	at java.base/java.util.ArrayList.forEach(ArrayList.java:1511)
]]></failure>
    <system-out><![CDATA[2025-05-26 16:11:57,658 [main] DEBUG c.p.i.a.in.web.PriceController - Request to getProductPrice: applicationDate=2020-06-14T21:00, productId=35455, brandId=1
2025-05-26 16:11:57,659 [main] DEBUG c.p.a.service.PriceService - Getting applicable price for brand: 1, product: 35455, date: 2020-06-14T21:00
2025-05-26 16:11:57,660 [main] DEBUG org.hibernate.SQL - 
    select
        pe1_0.id,
        pe1_0.brand_id,
        pe1_0.curr,
        pe1_0.end_date,
        pe1_0.price,
        pe1_0.price_list,
        pe1_0.priority,
        pe1_0.product_id,
        pe1_0.start_date 
    from
        prices pe1_0 
    where
        pe1_0.brand_id=? 
        and pe1_0.product_id=? 
        and pe1_0.start_date<=? 
        and pe1_0.end_date>=? 
    order by
        pe1_0.priority desc
Hibernate: 
    select
        pe1_0.id,
        pe1_0.brand_id,
        pe1_0.curr,
        pe1_0.end_date,
        pe1_0.price,
        pe1_0.price_list,
        pe1_0.priority,
        pe1_0.product_id,
        pe1_0.start_date 
    from
        prices pe1_0 
    where
        pe1_0.brand_id=? 
        and pe1_0.product_id=? 
        and pe1_0.start_date<=? 
        and pe1_0.end_date>=? 
    order by
        pe1_0.priority desc
2025-05-26 16:11:57,661 [main] DEBUG c.p.a.service.PriceService - Selected price with priority 0 and value 35.50

MockHttpServletRequest:
      HTTP Method = GET
      Request URI = /api/v1/prices
       Parameters = {applicationDate=[2020-06-14T21:00:00], productId=[35455], brandId=[1]}
          Headers = [Content-Type:"application/json;charset=UTF-8"]
             Body = null
    Session Attrs = {}

Handler:
             Type = com.pruebaItx.infrastructure.adapter.in.web.PriceController
           Method = com.pruebaItx.infrastructure.adapter.in.web.PriceController#getPrice(LocalDateTime, Long, Long)

Async:
    Async started = false
     Async result = null

Resolved Exception:
             Type = null

ModelAndView:
        View name = null
             View = null
            Model = null

FlashMap:
       Attributes = null

MockHttpServletResponse:
           Status = 200
    Error message = null
          Headers = [Content-Type:"application/json"]
     Content type = application/json
             Body = {"productId":35455,"brandId":1,"priceList":1,"startDate":[2020,6,14,0,0],"endDate":[2020,12,31,23,59,59],"price":35.5}
    Forwarded URL = null
   Redirected URL = null
          Cookies = []
]]></system-out>
  </testcase>
  <testcase name="shouldReturnPriceAt10AMOnDay15" classname="com.pruebaItx.acceptance.PriceAcceptanceTest" time="0.015">
    <failure message="Got a list of values [2020,6,15,0,0] instead of the expected single value 2020-06-15T00:00:00" type="java.lang.AssertionError"><![CDATA[java.lang.AssertionError: Got a list of values [2020,6,15,0,0] instead of the expected single value 2020-06-15T00:00:00
	at org.springframework.test.util.AssertionErrors.fail(AssertionErrors.java:39)
	at org.springframework.test.util.JsonPathExpectationsHelper.assertValue(JsonPathExpectationsHelper.java:154)
	at org.springframework.test.web.servlet.result.JsonPathResultMatchers.lambda$value$2(JsonPathResultMatchers.java:112)
	at org.springframework.test.web.servlet.MockMvc$1.andExpect(MockMvc.java:214)
	at com.pruebaItx.acceptance.PriceAcceptanceTest.shouldReturnPriceAt10AMOnDay15(PriceAcceptanceTest.java:114)
	at java.base/java.lang.reflect.Method.invoke(Method.java:569)
	at java.base/java.util.ArrayList.forEach(ArrayList.java:1511)
	at java.base/java.util.ArrayList.forEach(ArrayList.java:1511)
]]></failure>
    <system-out><![CDATA[2025-05-26 16:11:57,675 [main] DEBUG c.p.i.a.in.web.PriceController - Request to getProductPrice: applicationDate=2020-06-15T10:00, productId=35455, brandId=1
2025-05-26 16:11:57,675 [main] DEBUG c.p.a.service.PriceService - Getting applicable price for brand: 1, product: 35455, date: 2020-06-15T10:00
2025-05-26 16:11:57,676 [main] DEBUG org.hibernate.SQL - 
    select
        pe1_0.id,
        pe1_0.brand_id,
        pe1_0.curr,
        pe1_0.end_date,
        pe1_0.price,
        pe1_0.price_list,
        pe1_0.priority,
        pe1_0.product_id,
        pe1_0.start_date 
    from
        prices pe1_0 
    where
        pe1_0.brand_id=? 
        and pe1_0.product_id=? 
        and pe1_0.start_date<=? 
        and pe1_0.end_date>=? 
    order by
        pe1_0.priority desc
Hibernate: 
    select
        pe1_0.id,
        pe1_0.brand_id,
        pe1_0.curr,
        pe1_0.end_date,
        pe1_0.price,
        pe1_0.price_list,
        pe1_0.priority,
        pe1_0.product_id,
        pe1_0.start_date 
    from
        prices pe1_0 
    where
        pe1_0.brand_id=? 
        and pe1_0.product_id=? 
        and pe1_0.start_date<=? 
        and pe1_0.end_date>=? 
    order by
        pe1_0.priority desc
2025-05-26 16:11:57,678 [main] DEBUG c.p.a.service.PriceService - Selected price with priority 1 and value 30.50

MockHttpServletRequest:
      HTTP Method = GET
      Request URI = /api/v1/prices
       Parameters = {applicationDate=[2020-06-15T10:00:00], productId=[35455], brandId=[1]}
          Headers = [Content-Type:"application/json;charset=UTF-8"]
             Body = null
    Session Attrs = {}

Handler:
             Type = com.pruebaItx.infrastructure.adapter.in.web.PriceController
           Method = com.pruebaItx.infrastructure.adapter.in.web.PriceController#getPrice(LocalDateTime, Long, Long)

Async:
    Async started = false
     Async result = null

Resolved Exception:
             Type = null

ModelAndView:
        View name = null
             View = null
            Model = null

FlashMap:
       Attributes = null

MockHttpServletResponse:
           Status = 200
    Error message = null
          Headers = [Content-Type:"application/json"]
     Content type = application/json
             Body = {"productId":35455,"brandId":1,"priceList":3,"startDate":[2020,6,15,0,0],"endDate":[2020,6,15,11,0],"price":30.5}
    Forwarded URL = null
   Redirected URL = null
          Cookies = []
]]></system-out>
  </testcase>
  <testcase name="shouldReturnPriceAt9PMOnDay16" classname="com.pruebaItx.acceptance.PriceAcceptanceTest" time="0.015">
    <failure message="Got a list of values [2020,6,15,16,0] instead of the expected single value 2020-06-15T16:00:00" type="java.lang.AssertionError"><![CDATA[java.lang.AssertionError: Got a list of values [2020,6,15,16,0] instead of the expected single value 2020-06-15T16:00:00
	at org.springframework.test.util.AssertionErrors.fail(AssertionErrors.java:39)
	at org.springframework.test.util.JsonPathExpectationsHelper.assertValue(JsonPathExpectationsHelper.java:154)
	at org.springframework.test.web.servlet.result.JsonPathResultMatchers.lambda$value$2(JsonPathResultMatchers.java:112)
	at org.springframework.test.web.servlet.MockMvc$1.andExpect(MockMvc.java:214)
	at com.pruebaItx.acceptance.PriceAcceptanceTest.shouldReturnPriceAt9PMOnDay16(PriceAcceptanceTest.java:134)
	at java.base/java.lang.reflect.Method.invoke(Method.java:569)
	at java.base/java.util.ArrayList.forEach(ArrayList.java:1511)
	at java.base/java.util.ArrayList.forEach(ArrayList.java:1511)
]]></failure>
    <system-out><![CDATA[2025-05-26 16:11:57,690 [main] DEBUG c.p.i.a.in.web.PriceController - Request to getProductPrice: applicationDate=2020-06-16T21:00, productId=35455, brandId=1
2025-05-26 16:11:57,691 [main] DEBUG c.p.a.service.PriceService - Getting applicable price for brand: 1, product: 35455, date: 2020-06-16T21:00
2025-05-26 16:11:57,691 [main] DEBUG org.hibernate.SQL - 
    select
        pe1_0.id,
        pe1_0.brand_id,
        pe1_0.curr,
        pe1_0.end_date,
        pe1_0.price,
        pe1_0.price_list,
        pe1_0.priority,
        pe1_0.product_id,
        pe1_0.start_date 
    from
        prices pe1_0 
    where
        pe1_0.brand_id=? 
        and pe1_0.product_id=? 
        and pe1_0.start_date<=? 
        and pe1_0.end_date>=? 
    order by
        pe1_0.priority desc
Hibernate: 
    select
        pe1_0.id,
        pe1_0.brand_id,
        pe1_0.curr,
        pe1_0.end_date,
        pe1_0.price,
        pe1_0.price_list,
        pe1_0.priority,
        pe1_0.product_id,
        pe1_0.start_date 
    from
        prices pe1_0 
    where
        pe1_0.brand_id=? 
        and pe1_0.product_id=? 
        and pe1_0.start_date<=? 
        and pe1_0.end_date>=? 
    order by
        pe1_0.priority desc
2025-05-26 16:11:57,693 [main] DEBUG c.p.a.service.PriceService - Selected price with priority 1 and value 38.95

MockHttpServletRequest:
      HTTP Method = GET
      Request URI = /api/v1/prices
       Parameters = {applicationDate=[2020-06-16T21:00:00], productId=[35455], brandId=[1]}
          Headers = [Content-Type:"application/json;charset=UTF-8"]
             Body = null
    Session Attrs = {}

Handler:
             Type = com.pruebaItx.infrastructure.adapter.in.web.PriceController
           Method = com.pruebaItx.infrastructure.adapter.in.web.PriceController#getPrice(LocalDateTime, Long, Long)

Async:
    Async started = false
     Async result = null

Resolved Exception:
             Type = null

ModelAndView:
        View name = null
             View = null
            Model = null

FlashMap:
       Attributes = null

MockHttpServletResponse:
           Status = 200
    Error message = null
          Headers = [Content-Type:"application/json"]
     Content type = application/json
             Body = {"productId":35455,"brandId":1,"priceList":4,"startDate":[2020,6,15,16,0],"endDate":[2020,12,31,23,59,59],"price":38.95}
    Forwarded URL = null
   Redirected URL = null
          Cookies = []
]]></system-out>
  </testcase>
</testsuite>