<?xml version="1.0" encoding="UTF-8"?>
<testsuite xmlns:xsi="http://www.w3.org/2001/XMLSchema-instance" xsi:noNamespaceSchemaLocation="https://maven.apache.org/surefire/maven-surefire-plugin/xsd/surefire-test-report.xsd" version="3.0.2" name="com.pruebaItx.integration.PriceIntegrationTest" time="19.904" tests="20" errors="0" skipped="0" failures="17">
  <properties>
[...]
</properties>
  <testcase name="shouldValidateRequestParameters_NegativeValues" classname="com.pruebaItx.integration.PriceIntegrationTest" time="0.399">
    <failure message="Status expected:&lt;400&gt; but was:&lt;404&gt;" type="java.lang.AssertionError"><![CDATA[java.lang.AssertionError: Status expected:<400> but was:<404>
	at org.springframework.test.util.AssertionErrors.fail(AssertionErrors.java:61)
	at org.springframework.test.util.AssertionErrors.assertEquals(AssertionErrors.java:128)
	at org.springframework.test.web.servlet.result.StatusResultMatchers.lambda$matcher$9(StatusResultMatchers.java:640)
	at org.springframework.test.web.servlet.MockMvc$1.andExpect(MockMvc.java:214)
	at com.pruebaItx.integration.PriceIntegrationTest.shouldValidateRequestParameters_NegativeValues(PriceIntegrationTest.java:437)
	at java.base/java.lang.reflect.Method.invoke(Method.java:569)
	at java.base/java.util.ArrayList.forEach(ArrayList.java:1511)
	at java.base/java.util.ArrayList.forEach(ArrayList.java:1511)
]]></failure>
    <system-out><![CDATA[
  .   ____          _            __ _ _
 /\\ / ___'_ __ _ _(_)_ __  __ _ \ \ \ \
( ( )\___ | '_ | '_| | '_ \/ _` | \ \ \ \
 \\/  ___)| |_)| | | | | || (_| |  ) ) ) )
  '  |____| .__|_| |_|_| |_\__, | / / / /
 =========|_|==============|___/=/_/_/_/

 :: Spring Boot ::                (v3.4.1)

2025-05-26 16:11:37,832 [main] INFO  c.p.i.PriceIntegrationTest - Starting PriceIntegrationTest using Java 17.0.15 with PID 180296 (started by angelperez in /home/angelperez/Desarrollo/apps/TestProjects/ITX_Plataforma_CasoPractico)
2025-05-26 16:11:37,834 [main] DEBUG c.p.i.PriceIntegrationTest - Running with Spring Boot v3.4.1, Spring v6.2.1
2025-05-26 16:11:37,835 [main] INFO  c.p.i.PriceIntegrationTest - The following 1 profile is active: "test"
2025-05-26 16:11:42,535 [main] DEBUG org.hibernate.SQL - 
    drop table if exists prices cascade 
Hibernate: 
    drop table if exists prices cascade 
2025-05-26 16:11:42,551 [main] DEBUG org.hibernate.SQL - 
    create table prices (
        curr varchar(3) not null,
        price numeric(10,2) not null,
        price_list integer not null,
        priority integer not null,
        brand_id bigint not null,
        end_date timestamp(6) not null,
        id bigint generated by default as identity,
        product_id bigint not null,
        start_date timestamp(6) not null,
        primary key (id)
    )
Hibernate: 
    create table prices (
        curr varchar(3) not null,
        price numeric(10,2) not null,
        price_list integer not null,
        priority integer not null,
        brand_id bigint not null,
        end_date timestamp(6) not null,
        id bigint generated by default as identity,
        product_id bigint not null,
        start_date timestamp(6) not null,
        primary key (id)
    )
2025-05-26 16:11:45,376 [main] INFO  o.s.t.w.s.TestDispatcherServlet - Initializing Servlet ''
2025-05-26 16:11:45,378 [main] INFO  o.s.t.w.s.TestDispatcherServlet - Completed initialization in 1 ms
2025-05-26 16:11:45,427 [main] INFO  c.p.i.PriceIntegrationTest - Started PriceIntegrationTest in 8.469 seconds (process running for 15.947)
2025-05-26 16:11:45,432 [main] INFO  com.pruebaItx.PruebaItxApplication - Application started and ready to receive requests
2025-05-26 16:11:45,596 [main] DEBUG org.hibernate.SQL - 
    select
        pe1_0.id,
        pe1_0.brand_id,
        pe1_0.curr,
        pe1_0.end_date,
        pe1_0.price,
        pe1_0.price_list,
        pe1_0.priority,
        pe1_0.product_id,
        pe1_0.start_date 
    from
        prices pe1_0
Hibernate: 
    select
        pe1_0.id,
        pe1_0.brand_id,
        pe1_0.curr,
        pe1_0.end_date,
        pe1_0.price,
        pe1_0.price_list,
        pe1_0.priority,
        pe1_0.product_id,
        pe1_0.start_date 
    from
        prices pe1_0
2025-05-26 16:11:45,767 [main] DEBUG org.hibernate.SQL - 
    insert 
    into
        prices
        (brand_id, curr, end_date, price, price_list, priority, product_id, start_date, id) 
    values
        (?, ?, ?, ?, ?, ?, ?, ?, default)
Hibernate: 
    insert 
    into
        prices
        (brand_id, curr, end_date, price, price_list, priority, product_id, start_date, id) 
    values
        (?, ?, ?, ?, ?, ?, ?, ?, default)
2025-05-26 16:11:45,791 [main] DEBUG org.hibernate.SQL - 
    insert 
    into
        prices
        (brand_id, curr, end_date, price, price_list, priority, product_id, start_date, id) 
    values
        (?, ?, ?, ?, ?, ?, ?, ?, default)
Hibernate: 
    insert 
    into
        prices
        (brand_id, curr, end_date, price, price_list, priority, product_id, start_date, id) 
    values
        (?, ?, ?, ?, ?, ?, ?, ?, default)
2025-05-26 16:11:45,792 [main] DEBUG org.hibernate.SQL - 
    insert 
    into
        prices
        (brand_id, curr, end_date, price, price_list, priority, product_id, start_date, id) 
    values
        (?, ?, ?, ?, ?, ?, ?, ?, default)
Hibernate: 
    insert 
    into
        prices
        (brand_id, curr, end_date, price, price_list, priority, product_id, start_date, id) 
    values
        (?, ?, ?, ?, ?, ?, ?, ?, default)
2025-05-26 16:11:45,794 [main] DEBUG org.hibernate.SQL - 
    insert 
    into
        prices
        (brand_id, curr, end_date, price, price_list, priority, product_id, start_date, id) 
    values
        (?, ?, ?, ?, ?, ?, ?, ?, default)
Hibernate: 
    insert 
    into
        prices
        (brand_id, curr, end_date, price, price_list, priority, product_id, start_date, id) 
    values
        (?, ?, ?, ?, ?, ?, ?, ?, default)
2025-05-26 16:11:45,795 [main] DEBUG org.hibernate.SQL - 
    insert 
    into
        prices
        (brand_id, curr, end_date, price, price_list, priority, product_id, start_date, id) 
    values
        (?, ?, ?, ?, ?, ?, ?, ?, default)
Hibernate: 
    insert 
    into
        prices
        (brand_id, curr, end_date, price, price_list, priority, product_id, start_date, id) 
    values
        (?, ?, ?, ?, ?, ?, ?, ?, default)
2025-05-26 16:11:45,797 [main] DEBUG org.hibernate.SQL - 
    insert 
    into
        prices
        (brand_id, curr, end_date, price, price_list, priority, product_id, start_date, id) 
    values
        (?, ?, ?, ?, ?, ?, ?, ?, default)
Hibernate: 
    insert 
    into
        prices
        (brand_id, curr, end_date, price, price_list, priority, product_id, start_date, id) 
    values
        (?, ?, ?, ?, ?, ?, ?, ?, default)
2025-05-26 16:11:45,801 [main] WARN  o.s.web.servlet.PageNotFound - No mapping for GET /api/prices
2025-05-26 16:11:45,801 [main] WARN  o.s.web.servlet.PageNotFound - No endpoint GET /api/prices.

MockHttpServletRequest:
      HTTP Method = GET
      Request URI = /api/prices
       Parameters = {applicationDate=[2020-06-14T10:00:00], productId=[-1], brandId=[1]}
          Headers = [Content-Type:"application/json;charset=UTF-8"]
             Body = null
    Session Attrs = {}

Handler:
             Type = null

Async:
    Async started = false
     Async result = null

Resolved Exception:
             Type = org.springframework.web.servlet.NoHandlerFoundException

ModelAndView:
        View name = null
             View = null
            Model = null

FlashMap:
       Attributes = null

MockHttpServletResponse:
           Status = 404
    Error message = No endpoint GET /api/prices.
          Headers = []
     Content type = null
             Body = 
    Forwarded URL = null
   Redirected URL = null
          Cookies = []
2025-05-26 16:11:45,832 [main] DEBUG org.hibernate.SQL - 
    drop table if exists prices cascade 
Hibernate: 
    drop table if exists prices cascade 
]]></system-out>
  </testcase>
  <testcase name="shouldValidateRequestParameters_MissingParameters" classname="com.pruebaItx.integration.PriceIntegrationTest" time="0.04">
    <failure message="Status expected:&lt;400&gt; but was:&lt;404&gt;" type="java.lang.AssertionError"><![CDATA[java.lang.AssertionError: Status expected:<400> but was:<404>
	at org.springframework.test.util.AssertionErrors.fail(AssertionErrors.java:61)
	at org.springframework.test.util.AssertionErrors.assertEquals(AssertionErrors.java:128)
	at org.springframework.test.web.servlet.result.StatusResultMatchers.lambda$matcher$9(StatusResultMatchers.java:640)
	at org.springframework.test.web.servlet.MockMvc$1.andExpect(MockMvc.java:214)
	at com.pruebaItx.integration.PriceIntegrationTest.shouldValidateRequestParameters_MissingParameters(PriceIntegrationTest.java:381)
	at java.base/java.lang.reflect.Method.invoke(Method.java:569)
	at java.base/java.util.ArrayList.forEach(ArrayList.java:1511)
	at java.base/java.util.ArrayList.forEach(ArrayList.java:1511)
]]></failure>
    <system-out><![CDATA[
  .   ____          _            __ _ _
 /\\ / ___'_ __ _ _(_)_ __  __ _ \ \ \ \
( ( )\___ | '_ | '_| | '_ \/ _` | \ \ \ \
 \\/  ___)| |_)| | | | | || (_| |  ) ) ) )
  '  |____| .__|_| |_|_| |_\__, | / / / /
 =========|_|==============|___/=/_/_/_/

 :: Spring Boot ::                (v3.4.1)

2025-05-26 16:11:45,894 [main] INFO  c.p.i.PriceIntegrationTest - Starting PriceIntegrationTest using Java 17.0.15 with PID 180296 (started by angelperez in /home/angelperez/Desarrollo/apps/TestProjects/ITX_Plataforma_CasoPractico)
2025-05-26 16:11:45,895 [main] DEBUG c.p.i.PriceIntegrationTest - Running with Spring Boot v3.4.1, Spring v6.2.1
2025-05-26 16:11:45,895 [main] INFO  c.p.i.PriceIntegrationTest - The following 1 profile is active: "test"
2025-05-26 16:11:46,248 [main] DEBUG org.hibernate.SQL - 
    drop table if exists prices cascade 
Hibernate: 
    drop table if exists prices cascade 
2025-05-26 16:11:46,249 [main] DEBUG org.hibernate.SQL - 
    create table prices (
        curr varchar(3) not null,
        price numeric(10,2) not null,
        price_list integer not null,
        priority integer not null,
        brand_id bigint not null,
        end_date timestamp(6) not null,
        id bigint generated by default as identity,
        product_id bigint not null,
        start_date timestamp(6) not null,
        primary key (id)
    )
Hibernate: 
    create table prices (
        curr varchar(3) not null,
        price numeric(10,2) not null,
        price_list integer not null,
        priority integer not null,
        brand_id bigint not null,
        end_date timestamp(6) not null,
        id bigint generated by default as identity,
        product_id bigint not null,
        start_date timestamp(6) not null,
        primary key (id)
    )
2025-05-26 16:11:46,498 [main] INFO  o.s.t.w.s.TestDispatcherServlet - Initializing Servlet ''
2025-05-26 16:11:46,499 [main] INFO  o.s.t.w.s.TestDispatcherServlet - Completed initialization in 1 ms
2025-05-26 16:11:46,509 [main] INFO  c.p.i.PriceIntegrationTest - Started PriceIntegrationTest in 0.667 seconds (process running for 17.029)
2025-05-26 16:11:46,510 [main] INFO  com.pruebaItx.PruebaItxApplication - Application started and ready to receive requests
2025-05-26 16:11:46,518 [main] DEBUG org.hibernate.SQL - 
    select
        pe1_0.id,
        pe1_0.brand_id,
        pe1_0.curr,
        pe1_0.end_date,
        pe1_0.price,
        pe1_0.price_list,
        pe1_0.priority,
        pe1_0.product_id,
        pe1_0.start_date 
    from
        prices pe1_0
Hibernate: 
    select
        pe1_0.id,
        pe1_0.brand_id,
        pe1_0.curr,
        pe1_0.end_date,
        pe1_0.price,
        pe1_0.price_list,
        pe1_0.priority,
        pe1_0.product_id,
        pe1_0.start_date 
    from
        prices pe1_0
2025-05-26 16:11:46,522 [main] DEBUG org.hibernate.SQL - 
    insert 
    into
        prices
        (brand_id, curr, end_date, price, price_list, priority, product_id, start_date, id) 
    values
        (?, ?, ?, ?, ?, ?, ?, ?, default)
Hibernate: 
    insert 
    into
        prices
        (brand_id, curr, end_date, price, price_list, priority, product_id, start_date, id) 
    values
        (?, ?, ?, ?, ?, ?, ?, ?, default)
2025-05-26 16:11:46,524 [main] DEBUG org.hibernate.SQL - 
    insert 
    into
        prices
        (brand_id, curr, end_date, price, price_list, priority, product_id, start_date, id) 
    values
        (?, ?, ?, ?, ?, ?, ?, ?, default)
Hibernate: 
    insert 
    into
        prices
        (brand_id, curr, end_date, price, price_list, priority, product_id, start_date, id) 
    values
        (?, ?, ?, ?, ?, ?, ?, ?, default)
2025-05-26 16:11:46,525 [main] DEBUG org.hibernate.SQL - 
    insert 
    into
        prices
        (brand_id, curr, end_date, price, price_list, priority, product_id, start_date, id) 
    values
        (?, ?, ?, ?, ?, ?, ?, ?, default)
Hibernate: 
    insert 
    into
        prices
        (brand_id, curr, end_date, price, price_list, priority, product_id, start_date, id) 
    values
        (?, ?, ?, ?, ?, ?, ?, ?, default)
2025-05-26 16:11:46,526 [main] DEBUG org.hibernate.SQL - 
    insert 
    into
        prices
        (brand_id, curr, end_date, price, price_list, priority, product_id, start_date, id) 
    values
        (?, ?, ?, ?, ?, ?, ?, ?, default)
Hibernate: 
    insert 
    into
        prices
        (brand_id, curr, end_date, price, price_list, priority, product_id, start_date, id) 
    values
        (?, ?, ?, ?, ?, ?, ?, ?, default)
2025-05-26 16:11:46,527 [main] DEBUG org.hibernate.SQL - 
    insert 
    into
        prices
        (brand_id, curr, end_date, price, price_list, priority, product_id, start_date, id) 
    values
        (?, ?, ?, ?, ?, ?, ?, ?, default)
Hibernate: 
    insert 
    into
        prices
        (brand_id, curr, end_date, price, price_list, priority, product_id, start_date, id) 
    values
        (?, ?, ?, ?, ?, ?, ?, ?, default)
2025-05-26 16:11:46,528 [main] DEBUG org.hibernate.SQL - 
    insert 
    into
        prices
        (brand_id, curr, end_date, price, price_list, priority, product_id, start_date, id) 
    values
        (?, ?, ?, ?, ?, ?, ?, ?, default)
Hibernate: 
    insert 
    into
        prices
        (brand_id, curr, end_date, price, price_list, priority, product_id, start_date, id) 
    values
        (?, ?, ?, ?, ?, ?, ?, ?, default)
2025-05-26 16:11:46,532 [main] WARN  o.s.web.servlet.PageNotFound - No mapping for GET /api/prices
2025-05-26 16:11:46,533 [main] WARN  o.s.web.servlet.PageNotFound - No endpoint GET /api/prices.

MockHttpServletRequest:
      HTTP Method = GET
      Request URI = /api/prices
       Parameters = {productId=[35455], brandId=[1]}
          Headers = [Content-Type:"application/json;charset=UTF-8"]
             Body = null
    Session Attrs = {}

Handler:
             Type = null

Async:
    Async started = false
     Async result = null

Resolved Exception:
             Type = org.springframework.web.servlet.NoHandlerFoundException

ModelAndView:
        View name = null
             View = null
            Model = null

FlashMap:
       Attributes = null

MockHttpServletResponse:
           Status = 404
    Error message = No endpoint GET /api/prices.
          Headers = []
     Content type = null
             Body = 
    Forwarded URL = null
   Redirected URL = null
          Cookies = []
2025-05-26 16:11:46,545 [main] DEBUG org.hibernate.SQL - 
    drop table if exists prices cascade 
Hibernate: 
    drop table if exists prices cascade 
]]></system-out>
  </testcase>
  <testcase name="test4_getPriceAt10_00OnDay15" classname="com.pruebaItx.integration.PriceIntegrationTest" time="0.051">
    <failure message="Status expected:&lt;200&gt; but was:&lt;404&gt;" type="java.lang.AssertionError"><![CDATA[java.lang.AssertionError: Status expected:<200> but was:<404>
	at org.springframework.test.util.AssertionErrors.fail(AssertionErrors.java:61)
	at org.springframework.test.util.AssertionErrors.assertEquals(AssertionErrors.java:128)
	at org.springframework.test.web.servlet.result.StatusResultMatchers.lambda$matcher$9(StatusResultMatchers.java:640)
	at org.springframework.test.web.servlet.MockMvc$1.andExpect(MockMvc.java:214)
	at com.pruebaItx.integration.PriceIntegrationTest.test4_getPriceAt10_00OnDay15(PriceIntegrationTest.java:187)
	at java.base/java.lang.reflect.Method.invoke(Method.java:569)
	at java.base/java.util.ArrayList.forEach(ArrayList.java:1511)
	at java.base/java.util.ArrayList.forEach(ArrayList.java:1511)
]]></failure>
    <system-out><![CDATA[
  .   ____          _            __ _ _
 /\\ / ___'_ __ _ _(_)_ __  __ _ \ \ \ \
( ( )\___ | '_ | '_| | '_ \/ _` | \ \ \ \
 \\/  ___)| |_)| | | | | || (_| |  ) ) ) )
  '  |____| .__|_| |_|_| |_\__, | / / / /
 =========|_|==============|___/=/_/_/_/

 :: Spring Boot ::                (v3.4.1)

2025-05-26 16:11:46,596 [main] INFO  c.p.i.PriceIntegrationTest - Starting PriceIntegrationTest using Java 17.0.15 with PID 180296 (started by angelperez in /home/angelperez/Desarrollo/apps/TestProjects/ITX_Plataforma_CasoPractico)
2025-05-26 16:11:46,596 [main] DEBUG c.p.i.PriceIntegrationTest - Running with Spring Boot v3.4.1, Spring v6.2.1
2025-05-26 16:11:46,596 [main] INFO  c.p.i.PriceIntegrationTest - The following 1 profile is active: "test"
2025-05-26 16:11:46,975 [main] DEBUG org.hibernate.SQL - 
    drop table if exists prices cascade 
Hibernate: 
    drop table if exists prices cascade 
2025-05-26 16:11:46,976 [main] DEBUG org.hibernate.SQL - 
    create table prices (
        curr varchar(3) not null,
        price numeric(10,2) not null,
        price_list integer not null,
        priority integer not null,
        brand_id bigint not null,
        end_date timestamp(6) not null,
        id bigint generated by default as identity,
        product_id bigint not null,
        start_date timestamp(6) not null,
        primary key (id)
    )
Hibernate: 
    create table prices (
        curr varchar(3) not null,
        price numeric(10,2) not null,
        price_list integer not null,
        priority integer not null,
        brand_id bigint not null,
        end_date timestamp(6) not null,
        id bigint generated by default as identity,
        product_id bigint not null,
        start_date timestamp(6) not null,
        primary key (id)
    )
2025-05-26 16:11:47,182 [main] INFO  o.s.t.w.s.TestDispatcherServlet - Initializing Servlet ''
2025-05-26 16:11:47,183 [main] INFO  o.s.t.w.s.TestDispatcherServlet - Completed initialization in 1 ms
2025-05-26 16:11:47,193 [main] INFO  c.p.i.PriceIntegrationTest - Started PriceIntegrationTest in 0.638 seconds (process running for 17.714)
2025-05-26 16:11:47,195 [main] INFO  com.pruebaItx.PruebaItxApplication - Application started and ready to receive requests
2025-05-26 16:11:47,212 [main] DEBUG org.hibernate.SQL - 
    select
        pe1_0.id,
        pe1_0.brand_id,
        pe1_0.curr,
        pe1_0.end_date,
        pe1_0.price,
        pe1_0.price_list,
        pe1_0.priority,
        pe1_0.product_id,
        pe1_0.start_date 
    from
        prices pe1_0
Hibernate: 
    select
        pe1_0.id,
        pe1_0.brand_id,
        pe1_0.curr,
        pe1_0.end_date,
        pe1_0.price,
        pe1_0.price_list,
        pe1_0.priority,
        pe1_0.product_id,
        pe1_0.start_date 
    from
        prices pe1_0
2025-05-26 16:11:47,217 [main] DEBUG org.hibernate.SQL - 
    insert 
    into
        prices
        (brand_id, curr, end_date, price, price_list, priority, product_id, start_date, id) 
    values
        (?, ?, ?, ?, ?, ?, ?, ?, default)
Hibernate: 
    insert 
    into
        prices
        (brand_id, curr, end_date, price, price_list, priority, product_id, start_date, id) 
    values
        (?, ?, ?, ?, ?, ?, ?, ?, default)
2025-05-26 16:11:47,218 [main] DEBUG org.hibernate.SQL - 
    insert 
    into
        prices
        (brand_id, curr, end_date, price, price_list, priority, product_id, start_date, id) 
    values
        (?, ?, ?, ?, ?, ?, ?, ?, default)
Hibernate: 
    insert 
    into
        prices
        (brand_id, curr, end_date, price, price_list, priority, product_id, start_date, id) 
    values
        (?, ?, ?, ?, ?, ?, ?, ?, default)
2025-05-26 16:11:47,220 [main] DEBUG org.hibernate.SQL - 
    insert 
    into
        prices
        (brand_id, curr, end_date, price, price_list, priority, product_id, start_date, id) 
    values
        (?, ?, ?, ?, ?, ?, ?, ?, default)
Hibernate: 
    insert 
    into
        prices
        (brand_id, curr, end_date, price, price_list, priority, product_id, start_date, id) 
    values
        (?, ?, ?, ?, ?, ?, ?, ?, default)
2025-05-26 16:11:47,221 [main] DEBUG org.hibernate.SQL - 
    insert 
    into
        prices
        (brand_id, curr, end_date, price, price_list, priority, product_id, start_date, id) 
    values
        (?, ?, ?, ?, ?, ?, ?, ?, default)
Hibernate: 
    insert 
    into
        prices
        (brand_id, curr, end_date, price, price_list, priority, product_id, start_date, id) 
    values
        (?, ?, ?, ?, ?, ?, ?, ?, default)
2025-05-26 16:11:47,222 [main] DEBUG org.hibernate.SQL - 
    insert 
    into
        prices
        (brand_id, curr, end_date, price, price_list, priority, product_id, start_date, id) 
    values
        (?, ?, ?, ?, ?, ?, ?, ?, default)
Hibernate: 
    insert 
    into
        prices
        (brand_id, curr, end_date, price, price_list, priority, product_id, start_date, id) 
    values
        (?, ?, ?, ?, ?, ?, ?, ?, default)
2025-05-26 16:11:47,223 [main] DEBUG org.hibernate.SQL - 
    insert 
    into
        prices
        (brand_id, curr, end_date, price, price_list, priority, product_id, start_date, id) 
    values
        (?, ?, ?, ?, ?, ?, ?, ?, default)
Hibernate: 
    insert 
    into
        prices
        (brand_id, curr, end_date, price, price_list, priority, product_id, start_date, id) 
    values
        (?, ?, ?, ?, ?, ?, ?, ?, default)
2025-05-26 16:11:47,226 [main] WARN  o.s.web.servlet.PageNotFound - No mapping for GET /api/prices
2025-05-26 16:11:47,227 [main] WARN  o.s.web.servlet.PageNotFound - No endpoint GET /api/prices.

MockHttpServletRequest:
      HTTP Method = GET
      Request URI = /api/prices
       Parameters = {applicationDate=[2020-06-15T10:00:00], productId=[35455], brandId=[1]}
          Headers = [Content-Type:"application/json;charset=UTF-8"]
             Body = null
    Session Attrs = {}

Handler:
             Type = null

Async:
    Async started = false
     Async result = null

Resolved Exception:
             Type = org.springframework.web.servlet.NoHandlerFoundException

ModelAndView:
        View name = null
             View = null
            Model = null

FlashMap:
       Attributes = null

MockHttpServletResponse:
           Status = 404
    Error message = No endpoint GET /api/prices.
          Headers = []
     Content type = null
             Body = 
    Forwarded URL = null
   Redirected URL = null
          Cookies = []
2025-05-26 16:11:47,236 [main] DEBUG org.hibernate.SQL - 
    drop table if exists prices cascade 
Hibernate: 
    drop table if exists prices cascade 
]]></system-out>
  </testcase>
  <testcase name="test1_getPriceAt10_00OnDay14" classname="com.pruebaItx.integration.PriceIntegrationTest" time="0.044">
    <failure message="Status expected:&lt;200&gt; but was:&lt;404&gt;" type="java.lang.AssertionError"><![CDATA[java.lang.AssertionError: Status expected:<200> but was:<404>
	at org.springframework.test.util.AssertionErrors.fail(AssertionErrors.java:61)
	at org.springframework.test.util.AssertionErrors.assertEquals(AssertionErrors.java:128)
	at org.springframework.test.web.servlet.result.StatusResultMatchers.lambda$matcher$9(StatusResultMatchers.java:640)
	at org.springframework.test.web.servlet.MockMvc$1.andExpect(MockMvc.java:214)
	at com.pruebaItx.integration.PriceIntegrationTest.test1_getPriceAt10_00OnDay14(PriceIntegrationTest.java:124)
	at java.base/java.lang.reflect.Method.invoke(Method.java:569)
	at java.base/java.util.ArrayList.forEach(ArrayList.java:1511)
	at java.base/java.util.ArrayList.forEach(ArrayList.java:1511)
]]></failure>
    <system-out><![CDATA[
  .   ____          _            __ _ _
 /\\ / ___'_ __ _ _(_)_ __  __ _ \ \ \ \
( ( )\___ | '_ | '_| | '_ \/ _` | \ \ \ \
 \\/  ___)| |_)| | | | | || (_| |  ) ) ) )
  '  |____| .__|_| |_|_| |_\__, | / / / /
 =========|_|==============|___/=/_/_/_/

 :: Spring Boot ::                (v3.4.1)

2025-05-26 16:11:47,315 [main] INFO  c.p.i.PriceIntegrationTest - Starting PriceIntegrationTest using Java 17.0.15 with PID 180296 (started by angelperez in /home/angelperez/Desarrollo/apps/TestProjects/ITX_Plataforma_CasoPractico)
2025-05-26 16:11:47,315 [main] DEBUG c.p.i.PriceIntegrationTest - Running with Spring Boot v3.4.1, Spring v6.2.1
2025-05-26 16:11:47,315 [main] INFO  c.p.i.PriceIntegrationTest - The following 1 profile is active: "test"
2025-05-26 16:11:47,628 [main] DEBUG org.hibernate.SQL - 
    drop table if exists prices cascade 
Hibernate: 
    drop table if exists prices cascade 
2025-05-26 16:11:47,629 [main] DEBUG org.hibernate.SQL - 
    create table prices (
        curr varchar(3) not null,
        price numeric(10,2) not null,
        price_list integer not null,
        priority integer not null,
        brand_id bigint not null,
        end_date timestamp(6) not null,
        id bigint generated by default as identity,
        product_id bigint not null,
        start_date timestamp(6) not null,
        primary key (id)
    )
Hibernate: 
    create table prices (
        curr varchar(3) not null,
        price numeric(10,2) not null,
        price_list integer not null,
        priority integer not null,
        brand_id bigint not null,
        end_date timestamp(6) not null,
        id bigint generated by default as identity,
        product_id bigint not null,
        start_date timestamp(6) not null,
        primary key (id)
    )
2025-05-26 16:11:47,987 [main] INFO  o.s.t.w.s.TestDispatcherServlet - Initializing Servlet ''
2025-05-26 16:11:47,989 [main] INFO  o.s.t.w.s.TestDispatcherServlet - Completed initialization in 1 ms
2025-05-26 16:11:48,007 [main] INFO  c.p.i.PriceIntegrationTest - Started PriceIntegrationTest in 0.739 seconds (process running for 18.527)
2025-05-26 16:11:48,009 [main] INFO  com.pruebaItx.PruebaItxApplication - Application started and ready to receive requests
2025-05-26 16:11:48,023 [main] DEBUG org.hibernate.SQL - 
    select
        pe1_0.id,
        pe1_0.brand_id,
        pe1_0.curr,
        pe1_0.end_date,
        pe1_0.price,
        pe1_0.price_list,
        pe1_0.priority,
        pe1_0.product_id,
        pe1_0.start_date 
    from
        prices pe1_0
Hibernate: 
    select
        pe1_0.id,
        pe1_0.brand_id,
        pe1_0.curr,
        pe1_0.end_date,
        pe1_0.price,
        pe1_0.price_list,
        pe1_0.priority,
        pe1_0.product_id,
        pe1_0.start_date 
    from
        prices pe1_0
2025-05-26 16:11:48,031 [main] DEBUG org.hibernate.SQL - 
    insert 
    into
        prices
        (brand_id, curr, end_date, price, price_list, priority, product_id, start_date, id) 
    values
        (?, ?, ?, ?, ?, ?, ?, ?, default)
Hibernate: 
    insert 
    into
        prices
        (brand_id, curr, end_date, price, price_list, priority, product_id, start_date, id) 
    values
        (?, ?, ?, ?, ?, ?, ?, ?, default)
2025-05-26 16:11:48,033 [main] DEBUG org.hibernate.SQL - 
    insert 
    into
        prices
        (brand_id, curr, end_date, price, price_list, priority, product_id, start_date, id) 
    values
        (?, ?, ?, ?, ?, ?, ?, ?, default)
Hibernate: 
    insert 
    into
        prices
        (brand_id, curr, end_date, price, price_list, priority, product_id, start_date, id) 
    values
        (?, ?, ?, ?, ?, ?, ?, ?, default)
2025-05-26 16:11:48,035 [main] DEBUG org.hibernate.SQL - 
    insert 
    into
        prices
        (brand_id, curr, end_date, price, price_list, priority, product_id, start_date, id) 
    values
        (?, ?, ?, ?, ?, ?, ?, ?, default)
Hibernate: 
    insert 
    into
        prices
        (brand_id, curr, end_date, price, price_list, priority, product_id, start_date, id) 
    values
        (?, ?, ?, ?, ?, ?, ?, ?, default)
2025-05-26 16:11:48,036 [main] DEBUG org.hibernate.SQL - 
    insert 
    into
        prices
        (brand_id, curr, end_date, price, price_list, priority, product_id, start_date, id) 
    values
        (?, ?, ?, ?, ?, ?, ?, ?, default)
Hibernate: 
    insert 
    into
        prices
        (brand_id, curr, end_date, price, price_list, priority, product_id, start_date, id) 
    values
        (?, ?, ?, ?, ?, ?, ?, ?, default)
2025-05-26 16:11:48,038 [main] DEBUG org.hibernate.SQL - 
    insert 
    into
        prices
        (brand_id, curr, end_date, price, price_list, priority, product_id, start_date, id) 
    values
        (?, ?, ?, ?, ?, ?, ?, ?, default)
Hibernate: 
    insert 
    into
        prices
        (brand_id, curr, end_date, price, price_list, priority, product_id, start_date, id) 
    values
        (?, ?, ?, ?, ?, ?, ?, ?, default)
2025-05-26 16:11:48,040 [main] DEBUG org.hibernate.SQL - 
    insert 
    into
        prices
        (brand_id, curr, end_date, price, price_list, priority, product_id, start_date, id) 
    values
        (?, ?, ?, ?, ?, ?, ?, ?, default)
Hibernate: 
    insert 
    into
        prices
        (brand_id, curr, end_date, price, price_list, priority, product_id, start_date, id) 
    values
        (?, ?, ?, ?, ?, ?, ?, ?, default)
2025-05-26 16:11:48,043 [main] WARN  o.s.web.servlet.PageNotFound - No mapping for GET /api/prices
2025-05-26 16:11:48,043 [main] WARN  o.s.web.servlet.PageNotFound - No endpoint GET /api/prices.

MockHttpServletRequest:
      HTTP Method = GET
      Request URI = /api/prices
       Parameters = {applicationDate=[2020-06-14T10:00:00], productId=[35455], brandId=[1]}
          Headers = [Content-Type:"application/json;charset=UTF-8"]
             Body = null
    Session Attrs = {}

Handler:
             Type = null

Async:
    Async started = false
     Async result = null

Resolved Exception:
             Type = org.springframework.web.servlet.NoHandlerFoundException

ModelAndView:
        View name = null
             View = null
            Model = null

FlashMap:
       Attributes = null

MockHttpServletResponse:
           Status = 404
    Error message = No endpoint GET /api/prices.
          Headers = []
     Content type = null
             Body = 
    Forwarded URL = null
   Redirected URL = null
          Cookies = []
2025-05-26 16:11:48,053 [main] DEBUG org.hibernate.SQL - 
    drop table if exists prices cascade 
Hibernate: 
    drop table if exists prices cascade 
]]></system-out>
  </testcase>
  <testcase name="shouldReturn404WhenBrandNotFound" classname="com.pruebaItx.integration.PriceIntegrationTest" time="0.042">
    <system-out><![CDATA[
  .   ____          _            __ _ _
 /\\ / ___'_ __ _ _(_)_ __  __ _ \ \ \ \
( ( )\___ | '_ | '_| | '_ \/ _` | \ \ \ \
 \\/  ___)| |_)| | | | | || (_| |  ) ) ) )
  '  |____| .__|_| |_|_| |_\__, | / / / /
 =========|_|==============|___/=/_/_/_/

 :: Spring Boot ::                (v3.4.1)

2025-05-26 16:11:48,111 [main] INFO  c.p.i.PriceIntegrationTest - Starting PriceIntegrationTest using Java 17.0.15 with PID 180296 (started by angelperez in /home/angelperez/Desarrollo/apps/TestProjects/ITX_Plataforma_CasoPractico)
2025-05-26 16:11:48,111 [main] DEBUG c.p.i.PriceIntegrationTest - Running with Spring Boot v3.4.1, Spring v6.2.1
2025-05-26 16:11:48,111 [main] INFO  c.p.i.PriceIntegrationTest - The following 1 profile is active: "test"
2025-05-26 16:11:48,487 [main] DEBUG org.hibernate.SQL - 
    drop table if exists prices cascade 
Hibernate: 
    drop table if exists prices cascade 
2025-05-26 16:11:48,488 [main] DEBUG org.hibernate.SQL - 
    create table prices (
        curr varchar(3) not null,
        price numeric(10,2) not null,
        price_list integer not null,
        priority integer not null,
        brand_id bigint not null,
        end_date timestamp(6) not null,
        id bigint generated by default as identity,
        product_id bigint not null,
        start_date timestamp(6) not null,
        primary key (id)
    )
Hibernate: 
    create table prices (
        curr varchar(3) not null,
        price numeric(10,2) not null,
        price_list integer not null,
        priority integer not null,
        brand_id bigint not null,
        end_date timestamp(6) not null,
        id bigint generated by default as identity,
        product_id bigint not null,
        start_date timestamp(6) not null,
        primary key (id)
    )
2025-05-26 16:11:48,698 [main] INFO  o.s.t.w.s.TestDispatcherServlet - Initializing Servlet ''
2025-05-26 16:11:48,699 [main] INFO  o.s.t.w.s.TestDispatcherServlet - Completed initialization in 1 ms
2025-05-26 16:11:48,709 [main] INFO  c.p.i.PriceIntegrationTest - Started PriceIntegrationTest in 0.65 seconds (process running for 19.229)
2025-05-26 16:11:48,710 [main] INFO  com.pruebaItx.PruebaItxApplication - Application started and ready to receive requests
2025-05-26 16:11:48,718 [main] DEBUG org.hibernate.SQL - 
    select
        pe1_0.id,
        pe1_0.brand_id,
        pe1_0.curr,
        pe1_0.end_date,
        pe1_0.price,
        pe1_0.price_list,
        pe1_0.priority,
        pe1_0.product_id,
        pe1_0.start_date 
    from
        prices pe1_0
Hibernate: 
    select
        pe1_0.id,
        pe1_0.brand_id,
        pe1_0.curr,
        pe1_0.end_date,
        pe1_0.price,
        pe1_0.price_list,
        pe1_0.priority,
        pe1_0.product_id,
        pe1_0.start_date 
    from
        prices pe1_0
2025-05-26 16:11:48,722 [main] DEBUG org.hibernate.SQL - 
    insert 
    into
        prices
        (brand_id, curr, end_date, price, price_list, priority, product_id, start_date, id) 
    values
        (?, ?, ?, ?, ?, ?, ?, ?, default)
Hibernate: 
    insert 
    into
        prices
        (brand_id, curr, end_date, price, price_list, priority, product_id, start_date, id) 
    values
        (?, ?, ?, ?, ?, ?, ?, ?, default)
2025-05-26 16:11:48,724 [main] DEBUG org.hibernate.SQL - 
    insert 
    into
        prices
        (brand_id, curr, end_date, price, price_list, priority, product_id, start_date, id) 
    values
        (?, ?, ?, ?, ?, ?, ?, ?, default)
Hibernate: 
    insert 
    into
        prices
        (brand_id, curr, end_date, price, price_list, priority, product_id, start_date, id) 
    values
        (?, ?, ?, ?, ?, ?, ?, ?, default)
2025-05-26 16:11:48,725 [main] DEBUG org.hibernate.SQL - 
    insert 
    into
        prices
        (brand_id, curr, end_date, price, price_list, priority, product_id, start_date, id) 
    values
        (?, ?, ?, ?, ?, ?, ?, ?, default)
Hibernate: 
    insert 
    into
        prices
        (brand_id, curr, end_date, price, price_list, priority, product_id, start_date, id) 
    values
        (?, ?, ?, ?, ?, ?, ?, ?, default)
2025-05-26 16:11:48,727 [main] DEBUG org.hibernate.SQL - 
    insert 
    into
        prices
        (brand_id, curr, end_date, price, price_list, priority, product_id, start_date, id) 
    values
        (?, ?, ?, ?, ?, ?, ?, ?, default)
Hibernate: 
    insert 
    into
        prices
        (brand_id, curr, end_date, price, price_list, priority, product_id, start_date, id) 
    values
        (?, ?, ?, ?, ?, ?, ?, ?, default)
2025-05-26 16:11:48,728 [main] DEBUG org.hibernate.SQL - 
    insert 
    into
        prices
        (brand_id, curr, end_date, price, price_list, priority, product_id, start_date, id) 
    values
        (?, ?, ?, ?, ?, ?, ?, ?, default)
Hibernate: 
    insert 
    into
        prices
        (brand_id, curr, end_date, price, price_list, priority, product_id, start_date, id) 
    values
        (?, ?, ?, ?, ?, ?, ?, ?, default)
2025-05-26 16:11:48,729 [main] DEBUG org.hibernate.SQL - 
    insert 
    into
        prices
        (brand_id, curr, end_date, price, price_list, priority, product_id, start_date, id) 
    values
        (?, ?, ?, ?, ?, ?, ?, ?, default)
Hibernate: 
    insert 
    into
        prices
        (brand_id, curr, end_date, price, price_list, priority, product_id, start_date, id) 
    values
        (?, ?, ?, ?, ?, ?, ?, ?, default)
2025-05-26 16:11:48,731 [main] WARN  o.s.web.servlet.PageNotFound - No mapping for GET /api/prices
2025-05-26 16:11:48,731 [main] WARN  o.s.web.servlet.PageNotFound - No endpoint GET /api/prices.
2025-05-26 16:11:48,739 [main] DEBUG org.hibernate.SQL - 
    drop table if exists prices cascade 
Hibernate: 
    drop table if exists prices cascade 
]]></system-out>
  </testcase>
  <testcase name="shouldReturnCorrectPriceForDifferentProduct" classname="com.pruebaItx.integration.PriceIntegrationTest" time="0.048">
    <failure message="Status expected:&lt;200&gt; but was:&lt;404&gt;" type="java.lang.AssertionError"><![CDATA[java.lang.AssertionError: Status expected:<200> but was:<404>
	at org.springframework.test.util.AssertionErrors.fail(AssertionErrors.java:61)
	at org.springframework.test.util.AssertionErrors.assertEquals(AssertionErrors.java:128)
	at org.springframework.test.web.servlet.result.StatusResultMatchers.lambda$matcher$9(StatusResultMatchers.java:640)
	at org.springframework.test.web.servlet.MockMvc$1.andExpect(MockMvc.java:214)
	at com.pruebaItx.integration.PriceIntegrationTest.shouldReturnCorrectPriceForDifferentProduct(PriceIntegrationTest.java:285)
	at java.base/java.lang.reflect.Method.invoke(Method.java:569)
	at java.base/java.util.ArrayList.forEach(ArrayList.java:1511)
	at java.base/java.util.ArrayList.forEach(ArrayList.java:1511)
]]></failure>
    <system-out><![CDATA[
  .   ____          _            __ _ _
 /\\ / ___'_ __ _ _(_)_ __  __ _ \ \ \ \
( ( )\___ | '_ | '_| | '_ \/ _` | \ \ \ \
 \\/  ___)| |_)| | | | | || (_| |  ) ) ) )
  '  |____| .__|_| |_|_| |_\__, | / / / /
 =========|_|==============|___/=/_/_/_/

 :: Spring Boot ::                (v3.4.1)

2025-05-26 16:11:48,793 [main] INFO  c.p.i.PriceIntegrationTest - Starting PriceIntegrationTest using Java 17.0.15 with PID 180296 (started by angelperez in /home/angelperez/Desarrollo/apps/TestProjects/ITX_Plataforma_CasoPractico)
2025-05-26 16:11:48,793 [main] DEBUG c.p.i.PriceIntegrationTest - Running with Spring Boot v3.4.1, Spring v6.2.1
2025-05-26 16:11:48,794 [main] INFO  c.p.i.PriceIntegrationTest - The following 1 profile is active: "test"
2025-05-26 16:11:49,096 [main] DEBUG org.hibernate.SQL - 
    drop table if exists prices cascade 
Hibernate: 
    drop table if exists prices cascade 
2025-05-26 16:11:49,097 [main] DEBUG org.hibernate.SQL - 
    create table prices (
        curr varchar(3) not null,
        price numeric(10,2) not null,
        price_list integer not null,
        priority integer not null,
        brand_id bigint not null,
        end_date timestamp(6) not null,
        id bigint generated by default as identity,
        product_id bigint not null,
        start_date timestamp(6) not null,
        primary key (id)
    )
Hibernate: 
    create table prices (
        curr varchar(3) not null,
        price numeric(10,2) not null,
        price_list integer not null,
        priority integer not null,
        brand_id bigint not null,
        end_date timestamp(6) not null,
        id bigint generated by default as identity,
        product_id bigint not null,
        start_date timestamp(6) not null,
        primary key (id)
    )
2025-05-26 16:11:49,282 [main] INFO  o.s.t.w.s.TestDispatcherServlet - Initializing Servlet ''
2025-05-26 16:11:49,282 [main] INFO  o.s.t.w.s.TestDispatcherServlet - Completed initialization in 0 ms
2025-05-26 16:11:49,292 [main] INFO  c.p.i.PriceIntegrationTest - Started PriceIntegrationTest in 0.536 seconds (process running for 19.812)
2025-05-26 16:11:49,293 [main] INFO  com.pruebaItx.PruebaItxApplication - Application started and ready to receive requests
2025-05-26 16:11:49,300 [main] DEBUG org.hibernate.SQL - 
    select
        pe1_0.id,
        pe1_0.brand_id,
        pe1_0.curr,
        pe1_0.end_date,
        pe1_0.price,
        pe1_0.price_list,
        pe1_0.priority,
        pe1_0.product_id,
        pe1_0.start_date 
    from
        prices pe1_0
Hibernate: 
    select
        pe1_0.id,
        pe1_0.brand_id,
        pe1_0.curr,
        pe1_0.end_date,
        pe1_0.price,
        pe1_0.price_list,
        pe1_0.priority,
        pe1_0.product_id,
        pe1_0.start_date 
    from
        prices pe1_0
2025-05-26 16:11:49,304 [main] DEBUG org.hibernate.SQL - 
    insert 
    into
        prices
        (brand_id, curr, end_date, price, price_list, priority, product_id, start_date, id) 
    values
        (?, ?, ?, ?, ?, ?, ?, ?, default)
Hibernate: 
    insert 
    into
        prices
        (brand_id, curr, end_date, price, price_list, priority, product_id, start_date, id) 
    values
        (?, ?, ?, ?, ?, ?, ?, ?, default)
2025-05-26 16:11:49,306 [main] DEBUG org.hibernate.SQL - 
    insert 
    into
        prices
        (brand_id, curr, end_date, price, price_list, priority, product_id, start_date, id) 
    values
        (?, ?, ?, ?, ?, ?, ?, ?, default)
Hibernate: 
    insert 
    into
        prices
        (brand_id, curr, end_date, price, price_list, priority, product_id, start_date, id) 
    values
        (?, ?, ?, ?, ?, ?, ?, ?, default)
2025-05-26 16:11:49,307 [main] DEBUG org.hibernate.SQL - 
    insert 
    into
        prices
        (brand_id, curr, end_date, price, price_list, priority, product_id, start_date, id) 
    values
        (?, ?, ?, ?, ?, ?, ?, ?, default)
Hibernate: 
    insert 
    into
        prices
        (brand_id, curr, end_date, price, price_list, priority, product_id, start_date, id) 
    values
        (?, ?, ?, ?, ?, ?, ?, ?, default)
2025-05-26 16:11:49,308 [main] DEBUG org.hibernate.SQL - 
    insert 
    into
        prices
        (brand_id, curr, end_date, price, price_list, priority, product_id, start_date, id) 
    values
        (?, ?, ?, ?, ?, ?, ?, ?, default)
Hibernate: 
    insert 
    into
        prices
        (brand_id, curr, end_date, price, price_list, priority, product_id, start_date, id) 
    values
        (?, ?, ?, ?, ?, ?, ?, ?, default)
2025-05-26 16:11:49,309 [main] DEBUG org.hibernate.SQL - 
    insert 
    into
        prices
        (brand_id, curr, end_date, price, price_list, priority, product_id, start_date, id) 
    values
        (?, ?, ?, ?, ?, ?, ?, ?, default)
Hibernate: 
    insert 
    into
        prices
        (brand_id, curr, end_date, price, price_list, priority, product_id, start_date, id) 
    values
        (?, ?, ?, ?, ?, ?, ?, ?, default)
2025-05-26 16:11:49,310 [main] DEBUG org.hibernate.SQL - 
    insert 
    into
        prices
        (brand_id, curr, end_date, price, price_list, priority, product_id, start_date, id) 
    values
        (?, ?, ?, ?, ?, ?, ?, ?, default)
Hibernate: 
    insert 
    into
        prices
        (brand_id, curr, end_date, price, price_list, priority, product_id, start_date, id) 
    values
        (?, ?, ?, ?, ?, ?, ?, ?, default)
2025-05-26 16:11:49,312 [main] WARN  o.s.web.servlet.PageNotFound - No mapping for GET /api/prices
2025-05-26 16:11:49,312 [main] WARN  o.s.web.servlet.PageNotFound - No endpoint GET /api/prices.

MockHttpServletRequest:
      HTTP Method = GET
      Request URI = /api/prices
       Parameters = {applicationDate=[2020-06-14T10:00:00], productId=[99999], brandId=[1]}
          Headers = [Content-Type:"application/json;charset=UTF-8"]
             Body = null
    Session Attrs = {}

Handler:
             Type = null

Async:
    Async started = false
     Async result = null

Resolved Exception:
             Type = org.springframework.web.servlet.NoHandlerFoundException

ModelAndView:
        View name = null
             View = null
            Model = null

FlashMap:
       Attributes = null

MockHttpServletResponse:
           Status = 404
    Error message = No endpoint GET /api/prices.
          Headers = []
     Content type = null
             Body = 
    Forwarded URL = null
   Redirected URL = null
          Cookies = []
2025-05-26 16:11:49,317 [main] DEBUG org.hibernate.SQL - 
    drop table if exists prices cascade 
Hibernate: 
    drop table if exists prices cascade 
]]></system-out>
  </testcase>
  <testcase name="shouldHandleBoundaryDatesCorrectly_StartDate" classname="com.pruebaItx.integration.PriceIntegrationTest" time="0.028">
    <failure message="Status expected:&lt;200&gt; but was:&lt;404&gt;" type="java.lang.AssertionError"><![CDATA[java.lang.AssertionError: Status expected:<200> but was:<404>
	at org.springframework.test.util.AssertionErrors.fail(AssertionErrors.java:61)
	at org.springframework.test.util.AssertionErrors.assertEquals(AssertionErrors.java:128)
	at org.springframework.test.web.servlet.result.StatusResultMatchers.lambda$matcher$9(StatusResultMatchers.java:640)
	at org.springframework.test.web.servlet.MockMvc$1.andExpect(MockMvc.java:214)
	at com.pruebaItx.integration.PriceIntegrationTest.shouldHandleBoundaryDatesCorrectly_StartDate(PriceIntegrationTest.java:303)
	at java.base/java.lang.reflect.Method.invoke(Method.java:569)
	at java.base/java.util.ArrayList.forEach(ArrayList.java:1511)
	at java.base/java.util.ArrayList.forEach(ArrayList.java:1511)
]]></failure>
    <system-out><![CDATA[
  .   ____          _            __ _ _
 /\\ / ___'_ __ _ _(_)_ __  __ _ \ \ \ \
( ( )\___ | '_ | '_| | '_ \/ _` | \ \ \ \
 \\/  ___)| |_)| | | | | || (_| |  ) ) ) )
  '  |____| .__|_| |_|_| |_\__, | / / / /
 =========|_|==============|___/=/_/_/_/

 :: Spring Boot ::                (v3.4.1)

2025-05-26 16:11:49,388 [main] INFO  c.p.i.PriceIntegrationTest - Starting PriceIntegrationTest using Java 17.0.15 with PID 180296 (started by angelperez in /home/angelperez/Desarrollo/apps/TestProjects/ITX_Plataforma_CasoPractico)
2025-05-26 16:11:49,388 [main] DEBUG c.p.i.PriceIntegrationTest - Running with Spring Boot v3.4.1, Spring v6.2.1
2025-05-26 16:11:49,388 [main] INFO  c.p.i.PriceIntegrationTest - The following 1 profile is active: "test"
2025-05-26 16:11:49,696 [main] DEBUG org.hibernate.SQL - 
    drop table if exists prices cascade 
Hibernate: 
    drop table if exists prices cascade 
2025-05-26 16:11:49,697 [main] DEBUG org.hibernate.SQL - 
    create table prices (
        curr varchar(3) not null,
        price numeric(10,2) not null,
        price_list integer not null,
        priority integer not null,
        brand_id bigint not null,
        end_date timestamp(6) not null,
        id bigint generated by default as identity,
        product_id bigint not null,
        start_date timestamp(6) not null,
        primary key (id)
    )
Hibernate: 
    create table prices (
        curr varchar(3) not null,
        price numeric(10,2) not null,
        price_list integer not null,
        priority integer not null,
        brand_id bigint not null,
        end_date timestamp(6) not null,
        id bigint generated by default as identity,
        product_id bigint not null,
        start_date timestamp(6) not null,
        primary key (id)
    )
2025-05-26 16:11:49,890 [main] INFO  o.s.t.w.s.TestDispatcherServlet - Initializing Servlet ''
2025-05-26 16:11:49,891 [main] INFO  o.s.t.w.s.TestDispatcherServlet - Completed initialization in 1 ms
2025-05-26 16:11:49,902 [main] INFO  c.p.i.PriceIntegrationTest - Started PriceIntegrationTest in 0.556 seconds (process running for 20.422)
2025-05-26 16:11:49,903 [main] INFO  com.pruebaItx.PruebaItxApplication - Application started and ready to receive requests
2025-05-26 16:11:49,911 [main] DEBUG org.hibernate.SQL - 
    select
        pe1_0.id,
        pe1_0.brand_id,
        pe1_0.curr,
        pe1_0.end_date,
        pe1_0.price,
        pe1_0.price_list,
        pe1_0.priority,
        pe1_0.product_id,
        pe1_0.start_date 
    from
        prices pe1_0
Hibernate: 
    select
        pe1_0.id,
        pe1_0.brand_id,
        pe1_0.curr,
        pe1_0.end_date,
        pe1_0.price,
        pe1_0.price_list,
        pe1_0.priority,
        pe1_0.product_id,
        pe1_0.start_date 
    from
        prices pe1_0
2025-05-26 16:11:49,916 [main] DEBUG org.hibernate.SQL - 
    insert 
    into
        prices
        (brand_id, curr, end_date, price, price_list, priority, product_id, start_date, id) 
    values
        (?, ?, ?, ?, ?, ?, ?, ?, default)
Hibernate: 
    insert 
    into
        prices
        (brand_id, curr, end_date, price, price_list, priority, product_id, start_date, id) 
    values
        (?, ?, ?, ?, ?, ?, ?, ?, default)
2025-05-26 16:11:49,917 [main] DEBUG org.hibernate.SQL - 
    insert 
    into
        prices
        (brand_id, curr, end_date, price, price_list, priority, product_id, start_date, id) 
    values
        (?, ?, ?, ?, ?, ?, ?, ?, default)
Hibernate: 
    insert 
    into
        prices
        (brand_id, curr, end_date, price, price_list, priority, product_id, start_date, id) 
    values
        (?, ?, ?, ?, ?, ?, ?, ?, default)
2025-05-26 16:11:49,919 [main] DEBUG org.hibernate.SQL - 
    insert 
    into
        prices
        (brand_id, curr, end_date, price, price_list, priority, product_id, start_date, id) 
    values
        (?, ?, ?, ?, ?, ?, ?, ?, default)
Hibernate: 
    insert 
    into
        prices
        (brand_id, curr, end_date, price, price_list, priority, product_id, start_date, id) 
    values
        (?, ?, ?, ?, ?, ?, ?, ?, default)
2025-05-26 16:11:49,920 [main] DEBUG org.hibernate.SQL - 
    insert 
    into
        prices
        (brand_id, curr, end_date, price, price_list, priority, product_id, start_date, id) 
    values
        (?, ?, ?, ?, ?, ?, ?, ?, default)
Hibernate: 
    insert 
    into
        prices
        (brand_id, curr, end_date, price, price_list, priority, product_id, start_date, id) 
    values
        (?, ?, ?, ?, ?, ?, ?, ?, default)
2025-05-26 16:11:49,921 [main] DEBUG org.hibernate.SQL - 
    insert 
    into
        prices
        (brand_id, curr, end_date, price, price_list, priority, product_id, start_date, id) 
    values
        (?, ?, ?, ?, ?, ?, ?, ?, default)
Hibernate: 
    insert 
    into
        prices
        (brand_id, curr, end_date, price, price_list, priority, product_id, start_date, id) 
    values
        (?, ?, ?, ?, ?, ?, ?, ?, default)
2025-05-26 16:11:49,923 [main] DEBUG org.hibernate.SQL - 
    insert 
    into
        prices
        (brand_id, curr, end_date, price, price_list, priority, product_id, start_date, id) 
    values
        (?, ?, ?, ?, ?, ?, ?, ?, default)
Hibernate: 
    insert 
    into
        prices
        (brand_id, curr, end_date, price, price_list, priority, product_id, start_date, id) 
    values
        (?, ?, ?, ?, ?, ?, ?, ?, default)
2025-05-26 16:11:49,925 [main] WARN  o.s.web.servlet.PageNotFound - No mapping for GET /api/prices
2025-05-26 16:11:49,925 [main] WARN  o.s.web.servlet.PageNotFound - No endpoint GET /api/prices.

MockHttpServletRequest:
      HTTP Method = GET
      Request URI = /api/prices
       Parameters = {applicationDate=[2020-06-14T15:00:00], productId=[35455], brandId=[1]}
          Headers = [Content-Type:"application/json;charset=UTF-8"]
             Body = null
    Session Attrs = {}

Handler:
             Type = null

Async:
    Async started = false
     Async result = null

Resolved Exception:
             Type = org.springframework.web.servlet.NoHandlerFoundException

ModelAndView:
        View name = null
             View = null
            Model = null

FlashMap:
       Attributes = null

MockHttpServletResponse:
           Status = 404
    Error message = No endpoint GET /api/prices.
          Headers = []
     Content type = null
             Body = 
    Forwarded URL = null
   Redirected URL = null
          Cookies = []
2025-05-26 16:11:49,930 [main] DEBUG org.hibernate.SQL - 
    drop table if exists prices cascade 
Hibernate: 
    drop table if exists prices cascade 
]]></system-out>
  </testcase>
  <testcase name="shouldValidateRequestParameters_InvalidDateFormat" classname="com.pruebaItx.integration.PriceIntegrationTest" time="0.046">
    <failure message="Status expected:&lt;400&gt; but was:&lt;404&gt;" type="java.lang.AssertionError"><![CDATA[java.lang.AssertionError: Status expected:<400> but was:<404>
	at org.springframework.test.util.AssertionErrors.fail(AssertionErrors.java:61)
	at org.springframework.test.util.AssertionErrors.assertEquals(AssertionErrors.java:128)
	at org.springframework.test.web.servlet.result.StatusResultMatchers.lambda$matcher$9(StatusResultMatchers.java:640)
	at org.springframework.test.web.servlet.MockMvc$1.andExpect(MockMvc.java:214)
	at com.pruebaItx.integration.PriceIntegrationTest.shouldValidateRequestParameters_InvalidDateFormat(PriceIntegrationTest.java:368)
	at java.base/java.lang.reflect.Method.invoke(Method.java:569)
	at java.base/java.util.ArrayList.forEach(ArrayList.java:1511)
	at java.base/java.util.ArrayList.forEach(ArrayList.java:1511)
]]></failure>
    <system-out><![CDATA[
  .   ____          _            __ _ _
 /\\ / ___'_ __ _ _(_)_ __  __ _ \ \ \ \
( ( )\___ | '_ | '_| | '_ \/ _` | \ \ \ \
 \\/  ___)| |_)| | | | | || (_| |  ) ) ) )
  '  |____| .__|_| |_|_| |_\__, | / / / /
 =========|_|==============|___/=/_/_/_/

 :: Spring Boot ::                (v3.4.1)

2025-05-26 16:11:49,978 [main] INFO  c.p.i.PriceIntegrationTest - Starting PriceIntegrationTest using Java 17.0.15 with PID 180296 (started by angelperez in /home/angelperez/Desarrollo/apps/TestProjects/ITX_Plataforma_CasoPractico)
2025-05-26 16:11:49,978 [main] DEBUG c.p.i.PriceIntegrationTest - Running with Spring Boot v3.4.1, Spring v6.2.1
2025-05-26 16:11:49,978 [main] INFO  c.p.i.PriceIntegrationTest - The following 1 profile is active: "test"
2025-05-26 16:11:50,265 [main] DEBUG org.hibernate.SQL - 
    drop table if exists prices cascade 
Hibernate: 
    drop table if exists prices cascade 
2025-05-26 16:11:50,265 [main] DEBUG org.hibernate.SQL - 
    create table prices (
        curr varchar(3) not null,
        price numeric(10,2) not null,
        price_list integer not null,
        priority integer not null,
        brand_id bigint not null,
        end_date timestamp(6) not null,
        id bigint generated by default as identity,
        product_id bigint not null,
        start_date timestamp(6) not null,
        primary key (id)
    )
Hibernate: 
    create table prices (
        curr varchar(3) not null,
        price numeric(10,2) not null,
        price_list integer not null,
        priority integer not null,
        brand_id bigint not null,
        end_date timestamp(6) not null,
        id bigint generated by default as identity,
        product_id bigint not null,
        start_date timestamp(6) not null,
        primary key (id)
    )
2025-05-26 16:11:50,441 [main] INFO  o.s.t.w.s.TestDispatcherServlet - Initializing Servlet ''
2025-05-26 16:11:50,442 [main] INFO  o.s.t.w.s.TestDispatcherServlet - Completed initialization in 1 ms
2025-05-26 16:11:50,458 [main] INFO  c.p.i.PriceIntegrationTest - Started PriceIntegrationTest in 0.522 seconds (process running for 20.979)
2025-05-26 16:11:50,460 [main] INFO  com.pruebaItx.PruebaItxApplication - Application started and ready to receive requests
2025-05-26 16:11:50,470 [main] DEBUG org.hibernate.SQL - 
    select
        pe1_0.id,
        pe1_0.brand_id,
        pe1_0.curr,
        pe1_0.end_date,
        pe1_0.price,
        pe1_0.price_list,
        pe1_0.priority,
        pe1_0.product_id,
        pe1_0.start_date 
    from
        prices pe1_0
Hibernate: 
    select
        pe1_0.id,
        pe1_0.brand_id,
        pe1_0.curr,
        pe1_0.end_date,
        pe1_0.price,
        pe1_0.price_list,
        pe1_0.priority,
        pe1_0.product_id,
        pe1_0.start_date 
    from
        prices pe1_0
2025-05-26 16:11:50,473 [main] DEBUG org.hibernate.SQL - 
    insert 
    into
        prices
        (brand_id, curr, end_date, price, price_list, priority, product_id, start_date, id) 
    values
        (?, ?, ?, ?, ?, ?, ?, ?, default)
Hibernate: 
    insert 
    into
        prices
        (brand_id, curr, end_date, price, price_list, priority, product_id, start_date, id) 
    values
        (?, ?, ?, ?, ?, ?, ?, ?, default)
2025-05-26 16:11:50,474 [main] DEBUG org.hibernate.SQL - 
    insert 
    into
        prices
        (brand_id, curr, end_date, price, price_list, priority, product_id, start_date, id) 
    values
        (?, ?, ?, ?, ?, ?, ?, ?, default)
Hibernate: 
    insert 
    into
        prices
        (brand_id, curr, end_date, price, price_list, priority, product_id, start_date, id) 
    values
        (?, ?, ?, ?, ?, ?, ?, ?, default)
2025-05-26 16:11:50,475 [main] DEBUG org.hibernate.SQL - 
    insert 
    into
        prices
        (brand_id, curr, end_date, price, price_list, priority, product_id, start_date, id) 
    values
        (?, ?, ?, ?, ?, ?, ?, ?, default)
Hibernate: 
    insert 
    into
        prices
        (brand_id, curr, end_date, price, price_list, priority, product_id, start_date, id) 
    values
        (?, ?, ?, ?, ?, ?, ?, ?, default)
2025-05-26 16:11:50,477 [main] DEBUG org.hibernate.SQL - 
    insert 
    into
        prices
        (brand_id, curr, end_date, price, price_list, priority, product_id, start_date, id) 
    values
        (?, ?, ?, ?, ?, ?, ?, ?, default)
Hibernate: 
    insert 
    into
        prices
        (brand_id, curr, end_date, price, price_list, priority, product_id, start_date, id) 
    values
        (?, ?, ?, ?, ?, ?, ?, ?, default)
2025-05-26 16:11:50,478 [main] DEBUG org.hibernate.SQL - 
    insert 
    into
        prices
        (brand_id, curr, end_date, price, price_list, priority, product_id, start_date, id) 
    values
        (?, ?, ?, ?, ?, ?, ?, ?, default)
Hibernate: 
    insert 
    into
        prices
        (brand_id, curr, end_date, price, price_list, priority, product_id, start_date, id) 
    values
        (?, ?, ?, ?, ?, ?, ?, ?, default)
2025-05-26 16:11:50,479 [main] DEBUG org.hibernate.SQL - 
    insert 
    into
        prices
        (brand_id, curr, end_date, price, price_list, priority, product_id, start_date, id) 
    values
        (?, ?, ?, ?, ?, ?, ?, ?, default)
Hibernate: 
    insert 
    into
        prices
        (brand_id, curr, end_date, price, price_list, priority, product_id, start_date, id) 
    values
        (?, ?, ?, ?, ?, ?, ?, ?, default)
2025-05-26 16:11:50,482 [main] WARN  o.s.web.servlet.PageNotFound - No mapping for GET /api/prices
2025-05-26 16:11:50,482 [main] WARN  o.s.web.servlet.PageNotFound - No endpoint GET /api/prices.

MockHttpServletRequest:
      HTTP Method = GET
      Request URI = /api/prices
       Parameters = {applicationDate=[invalid-date], productId=[35455], brandId=[1]}
          Headers = [Content-Type:"application/json;charset=UTF-8"]
             Body = null
    Session Attrs = {}

Handler:
             Type = null

Async:
    Async started = false
     Async result = null

Resolved Exception:
             Type = org.springframework.web.servlet.NoHandlerFoundException

ModelAndView:
        View name = null
             View = null
            Model = null

FlashMap:
       Attributes = null

MockHttpServletResponse:
           Status = 404
    Error message = No endpoint GET /api/prices.
          Headers = []
     Content type = null
             Body = 
    Forwarded URL = null
   Redirected URL = null
          Cookies = []
2025-05-26 16:11:50,489 [main] DEBUG org.hibernate.SQL - 
    drop table if exists prices cascade 
Hibernate: 
    drop table if exists prices cascade 
]]></system-out>
  </testcase>
  <testcase name="shouldPrioritizeHigherPriorityPrice" classname="com.pruebaItx.integration.PriceIntegrationTest" time="0.03">
    <failure message="Status expected:&lt;200&gt; but was:&lt;404&gt;" type="java.lang.AssertionError"><![CDATA[java.lang.AssertionError: Status expected:<200> but was:<404>
	at org.springframework.test.util.AssertionErrors.fail(AssertionErrors.java:61)
	at org.springframework.test.util.AssertionErrors.assertEquals(AssertionErrors.java:128)
	at org.springframework.test.web.servlet.result.StatusResultMatchers.lambda$matcher$9(StatusResultMatchers.java:640)
	at org.springframework.test.web.servlet.MockMvc$1.andExpect(MockMvc.java:214)
	at com.pruebaItx.integration.PriceIntegrationTest.shouldPrioritizeHigherPriorityPrice(PriceIntegrationTest.java:352)
	at java.base/java.lang.reflect.Method.invoke(Method.java:569)
	at java.base/java.util.ArrayList.forEach(ArrayList.java:1511)
	at java.base/java.util.ArrayList.forEach(ArrayList.java:1511)
]]></failure>
    <system-out><![CDATA[
  .   ____          _            __ _ _
 /\\ / ___'_ __ _ _(_)_ __  __ _ \ \ \ \
( ( )\___ | '_ | '_| | '_ \/ _` | \ \ \ \
 \\/  ___)| |_)| | | | | || (_| |  ) ) ) )
  '  |____| .__|_| |_|_| |_\__, | / / / /
 =========|_|==============|___/=/_/_/_/

 :: Spring Boot ::                (v3.4.1)

2025-05-26 16:11:50,539 [main] INFO  c.p.i.PriceIntegrationTest - Starting PriceIntegrationTest using Java 17.0.15 with PID 180296 (started by angelperez in /home/angelperez/Desarrollo/apps/TestProjects/ITX_Plataforma_CasoPractico)
2025-05-26 16:11:50,539 [main] DEBUG c.p.i.PriceIntegrationTest - Running with Spring Boot v3.4.1, Spring v6.2.1
2025-05-26 16:11:50,539 [main] INFO  c.p.i.PriceIntegrationTest - The following 1 profile is active: "test"
2025-05-26 16:11:50,790 [main] DEBUG org.hibernate.SQL - 
    drop table if exists prices cascade 
Hibernate: 
    drop table if exists prices cascade 
2025-05-26 16:11:50,791 [main] DEBUG org.hibernate.SQL - 
    create table prices (
        curr varchar(3) not null,
        price numeric(10,2) not null,
        price_list integer not null,
        priority integer not null,
        brand_id bigint not null,
        end_date timestamp(6) not null,
        id bigint generated by default as identity,
        product_id bigint not null,
        start_date timestamp(6) not null,
        primary key (id)
    )
Hibernate: 
    create table prices (
        curr varchar(3) not null,
        price numeric(10,2) not null,
        price_list integer not null,
        priority integer not null,
        brand_id bigint not null,
        end_date timestamp(6) not null,
        id bigint generated by default as identity,
        product_id bigint not null,
        start_date timestamp(6) not null,
        primary key (id)
    )
2025-05-26 16:11:50,994 [main] INFO  o.s.t.w.s.TestDispatcherServlet - Initializing Servlet ''
2025-05-26 16:11:50,994 [main] INFO  o.s.t.w.s.TestDispatcherServlet - Completed initialization in 0 ms
2025-05-26 16:11:51,003 [main] INFO  c.p.i.PriceIntegrationTest - Started PriceIntegrationTest in 0.492 seconds (process running for 21.523)
2025-05-26 16:11:51,004 [main] INFO  com.pruebaItx.PruebaItxApplication - Application started and ready to receive requests
2025-05-26 16:11:51,012 [main] DEBUG org.hibernate.SQL - 
    select
        pe1_0.id,
        pe1_0.brand_id,
        pe1_0.curr,
        pe1_0.end_date,
        pe1_0.price,
        pe1_0.price_list,
        pe1_0.priority,
        pe1_0.product_id,
        pe1_0.start_date 
    from
        prices pe1_0
Hibernate: 
    select
        pe1_0.id,
        pe1_0.brand_id,
        pe1_0.curr,
        pe1_0.end_date,
        pe1_0.price,
        pe1_0.price_list,
        pe1_0.priority,
        pe1_0.product_id,
        pe1_0.start_date 
    from
        prices pe1_0
2025-05-26 16:11:51,016 [main] DEBUG org.hibernate.SQL - 
    insert 
    into
        prices
        (brand_id, curr, end_date, price, price_list, priority, product_id, start_date, id) 
    values
        (?, ?, ?, ?, ?, ?, ?, ?, default)
Hibernate: 
    insert 
    into
        prices
        (brand_id, curr, end_date, price, price_list, priority, product_id, start_date, id) 
    values
        (?, ?, ?, ?, ?, ?, ?, ?, default)
2025-05-26 16:11:51,019 [main] DEBUG org.hibernate.SQL - 
    insert 
    into
        prices
        (brand_id, curr, end_date, price, price_list, priority, product_id, start_date, id) 
    values
        (?, ?, ?, ?, ?, ?, ?, ?, default)
Hibernate: 
    insert 
    into
        prices
        (brand_id, curr, end_date, price, price_list, priority, product_id, start_date, id) 
    values
        (?, ?, ?, ?, ?, ?, ?, ?, default)
2025-05-26 16:11:51,020 [main] DEBUG org.hibernate.SQL - 
    insert 
    into
        prices
        (brand_id, curr, end_date, price, price_list, priority, product_id, start_date, id) 
    values
        (?, ?, ?, ?, ?, ?, ?, ?, default)
Hibernate: 
    insert 
    into
        prices
        (brand_id, curr, end_date, price, price_list, priority, product_id, start_date, id) 
    values
        (?, ?, ?, ?, ?, ?, ?, ?, default)
2025-05-26 16:11:51,021 [main] DEBUG org.hibernate.SQL - 
    insert 
    into
        prices
        (brand_id, curr, end_date, price, price_list, priority, product_id, start_date, id) 
    values
        (?, ?, ?, ?, ?, ?, ?, ?, default)
Hibernate: 
    insert 
    into
        prices
        (brand_id, curr, end_date, price, price_list, priority, product_id, start_date, id) 
    values
        (?, ?, ?, ?, ?, ?, ?, ?, default)
2025-05-26 16:11:51,023 [main] DEBUG org.hibernate.SQL - 
    insert 
    into
        prices
        (brand_id, curr, end_date, price, price_list, priority, product_id, start_date, id) 
    values
        (?, ?, ?, ?, ?, ?, ?, ?, default)
Hibernate: 
    insert 
    into
        prices
        (brand_id, curr, end_date, price, price_list, priority, product_id, start_date, id) 
    values
        (?, ?, ?, ?, ?, ?, ?, ?, default)
2025-05-26 16:11:51,024 [main] DEBUG org.hibernate.SQL - 
    insert 
    into
        prices
        (brand_id, curr, end_date, price, price_list, priority, product_id, start_date, id) 
    values
        (?, ?, ?, ?, ?, ?, ?, ?, default)
Hibernate: 
    insert 
    into
        prices
        (brand_id, curr, end_date, price, price_list, priority, product_id, start_date, id) 
    values
        (?, ?, ?, ?, ?, ?, ?, ?, default)
2025-05-26 16:11:51,026 [main] WARN  o.s.web.servlet.PageNotFound - No mapping for GET /api/prices
2025-05-26 16:11:51,026 [main] WARN  o.s.web.servlet.PageNotFound - No endpoint GET /api/prices.

MockHttpServletRequest:
      HTTP Method = GET
      Request URI = /api/prices
       Parameters = {applicationDate=[2020-06-14T16:00:00], productId=[35455], brandId=[1]}
          Headers = [Content-Type:"application/json;charset=UTF-8"]
             Body = null
    Session Attrs = {}

Handler:
             Type = null

Async:
    Async started = false
     Async result = null

Resolved Exception:
             Type = org.springframework.web.servlet.NoHandlerFoundException

ModelAndView:
        View name = null
             View = null
            Model = null

FlashMap:
       Attributes = null

MockHttpServletResponse:
           Status = 404
    Error message = No endpoint GET /api/prices.
          Headers = []
     Content type = null
             Body = 
    Forwarded URL = null
   Redirected URL = null
          Cookies = []
2025-05-26 16:11:51,031 [main] DEBUG org.hibernate.SQL - 
    drop table if exists prices cascade 
Hibernate: 
    drop table if exists prices cascade 
]]></system-out>
  </testcase>
  <testcase name="shouldHandleBoundaryDatesCorrectly_OneSecondAfterEnd" classname="com.pruebaItx.integration.PriceIntegrationTest" time="0.05">
    <failure message="Status expected:&lt;200&gt; but was:&lt;404&gt;" type="java.lang.AssertionError"><![CDATA[java.lang.AssertionError: Status expected:<200> but was:<404>
	at org.springframework.test.util.AssertionErrors.fail(AssertionErrors.java:61)
	at org.springframework.test.util.AssertionErrors.assertEquals(AssertionErrors.java:128)
	at org.springframework.test.web.servlet.result.StatusResultMatchers.lambda$matcher$9(StatusResultMatchers.java:640)
	at org.springframework.test.web.servlet.MockMvc$1.andExpect(MockMvc.java:214)
	at com.pruebaItx.integration.PriceIntegrationTest.shouldHandleBoundaryDatesCorrectly_OneSecondAfterEnd(PriceIntegrationTest.java:335)
	at java.base/java.lang.reflect.Method.invoke(Method.java:569)
	at java.base/java.util.ArrayList.forEach(ArrayList.java:1511)
	at java.base/java.util.ArrayList.forEach(ArrayList.java:1511)
]]></failure>
    <system-out><![CDATA[
  .   ____          _            __ _ _
 /\\ / ___'_ __ _ _(_)_ __  __ _ \ \ \ \
( ( )\___ | '_ | '_| | '_ \/ _` | \ \ \ \
 \\/  ___)| |_)| | | | | || (_| |  ) ) ) )
  '  |____| .__|_| |_|_| |_\__, | / / / /
 =========|_|==============|___/=/_/_/_/

 :: Spring Boot ::                (v3.4.1)

2025-05-26 16:11:51,071 [main] INFO  c.p.i.PriceIntegrationTest - Starting PriceIntegrationTest using Java 17.0.15 with PID 180296 (started by angelperez in /home/angelperez/Desarrollo/apps/TestProjects/ITX_Plataforma_CasoPractico)
2025-05-26 16:11:51,071 [main] DEBUG c.p.i.PriceIntegrationTest - Running with Spring Boot v3.4.1, Spring v6.2.1
2025-05-26 16:11:51,071 [main] INFO  c.p.i.PriceIntegrationTest - The following 1 profile is active: "test"
2025-05-26 16:11:51,319 [main] DEBUG org.hibernate.SQL - 
    drop table if exists prices cascade 
Hibernate: 
    drop table if exists prices cascade 
2025-05-26 16:11:51,319 [main] DEBUG org.hibernate.SQL - 
    create table prices (
        curr varchar(3) not null,
        price numeric(10,2) not null,
        price_list integer not null,
        priority integer not null,
        brand_id bigint not null,
        end_date timestamp(6) not null,
        id bigint generated by default as identity,
        product_id bigint not null,
        start_date timestamp(6) not null,
        primary key (id)
    )
Hibernate: 
    create table prices (
        curr varchar(3) not null,
        price numeric(10,2) not null,
        price_list integer not null,
        priority integer not null,
        brand_id bigint not null,
        end_date timestamp(6) not null,
        id bigint generated by default as identity,
        product_id bigint not null,
        start_date timestamp(6) not null,
        primary key (id)
    )
2025-05-26 16:11:51,470 [main] INFO  o.s.t.w.s.TestDispatcherServlet - Initializing Servlet ''
2025-05-26 16:11:51,471 [main] INFO  o.s.t.w.s.TestDispatcherServlet - Completed initialization in 0 ms
2025-05-26 16:11:51,479 [main] INFO  c.p.i.PriceIntegrationTest - Started PriceIntegrationTest in 0.441 seconds (process running for 21.999)
2025-05-26 16:11:51,480 [main] INFO  com.pruebaItx.PruebaItxApplication - Application started and ready to receive requests
2025-05-26 16:11:51,486 [main] DEBUG org.hibernate.SQL - 
    select
        pe1_0.id,
        pe1_0.brand_id,
        pe1_0.curr,
        pe1_0.end_date,
        pe1_0.price,
        pe1_0.price_list,
        pe1_0.priority,
        pe1_0.product_id,
        pe1_0.start_date 
    from
        prices pe1_0
Hibernate: 
    select
        pe1_0.id,
        pe1_0.brand_id,
        pe1_0.curr,
        pe1_0.end_date,
        pe1_0.price,
        pe1_0.price_list,
        pe1_0.priority,
        pe1_0.product_id,
        pe1_0.start_date 
    from
        prices pe1_0
2025-05-26 16:11:51,490 [main] DEBUG org.hibernate.SQL - 
    insert 
    into
        prices
        (brand_id, curr, end_date, price, price_list, priority, product_id, start_date, id) 
    values
        (?, ?, ?, ?, ?, ?, ?, ?, default)
Hibernate: 
    insert 
    into
        prices
        (brand_id, curr, end_date, price, price_list, priority, product_id, start_date, id) 
    values
        (?, ?, ?, ?, ?, ?, ?, ?, default)
2025-05-26 16:11:51,491 [main] DEBUG org.hibernate.SQL - 
    insert 
    into
        prices
        (brand_id, curr, end_date, price, price_list, priority, product_id, start_date, id) 
    values
        (?, ?, ?, ?, ?, ?, ?, ?, default)
Hibernate: 
    insert 
    into
        prices
        (brand_id, curr, end_date, price, price_list, priority, product_id, start_date, id) 
    values
        (?, ?, ?, ?, ?, ?, ?, ?, default)
2025-05-26 16:11:51,493 [main] DEBUG org.hibernate.SQL - 
    insert 
    into
        prices
        (brand_id, curr, end_date, price, price_list, priority, product_id, start_date, id) 
    values
        (?, ?, ?, ?, ?, ?, ?, ?, default)
Hibernate: 
    insert 
    into
        prices
        (brand_id, curr, end_date, price, price_list, priority, product_id, start_date, id) 
    values
        (?, ?, ?, ?, ?, ?, ?, ?, default)
2025-05-26 16:11:51,494 [main] DEBUG org.hibernate.SQL - 
    insert 
    into
        prices
        (brand_id, curr, end_date, price, price_list, priority, product_id, start_date, id) 
    values
        (?, ?, ?, ?, ?, ?, ?, ?, default)
Hibernate: 
    insert 
    into
        prices
        (brand_id, curr, end_date, price, price_list, priority, product_id, start_date, id) 
    values
        (?, ?, ?, ?, ?, ?, ?, ?, default)
2025-05-26 16:11:51,494 [main] DEBUG org.hibernate.SQL - 
    insert 
    into
        prices
        (brand_id, curr, end_date, price, price_list, priority, product_id, start_date, id) 
    values
        (?, ?, ?, ?, ?, ?, ?, ?, default)
Hibernate: 
    insert 
    into
        prices
        (brand_id, curr, end_date, price, price_list, priority, product_id, start_date, id) 
    values
        (?, ?, ?, ?, ?, ?, ?, ?, default)
2025-05-26 16:11:51,495 [main] DEBUG org.hibernate.SQL - 
    insert 
    into
        prices
        (brand_id, curr, end_date, price, price_list, priority, product_id, start_date, id) 
    values
        (?, ?, ?, ?, ?, ?, ?, ?, default)
Hibernate: 
    insert 
    into
        prices
        (brand_id, curr, end_date, price, price_list, priority, product_id, start_date, id) 
    values
        (?, ?, ?, ?, ?, ?, ?, ?, default)
2025-05-26 16:11:51,497 [main] WARN  o.s.web.servlet.PageNotFound - No mapping for GET /api/prices
2025-05-26 16:11:51,497 [main] WARN  o.s.web.servlet.PageNotFound - No endpoint GET /api/prices.

MockHttpServletRequest:
      HTTP Method = GET
      Request URI = /api/prices
       Parameters = {applicationDate=[2020-06-14T18:30:01], productId=[35455], brandId=[1]}
          Headers = [Content-Type:"application/json;charset=UTF-8"]
             Body = null
    Session Attrs = {}

Handler:
             Type = null

Async:
    Async started = false
     Async result = null

Resolved Exception:
             Type = org.springframework.web.servlet.NoHandlerFoundException

ModelAndView:
        View name = null
             View = null
            Model = null

FlashMap:
       Attributes = null

MockHttpServletResponse:
           Status = 404
    Error message = No endpoint GET /api/prices.
          Headers = []
     Content type = null
             Body = 
    Forwarded URL = null
   Redirected URL = null
          Cookies = []
2025-05-26 16:11:51,501 [main] DEBUG org.hibernate.SQL - 
    drop table if exists prices cascade 
Hibernate: 
    drop table if exists prices cascade 
]]></system-out>
  </testcase>
  <testcase name="shouldReturn404WhenProductNotFound" classname="com.pruebaItx.integration.PriceIntegrationTest" time="0.036">
    <system-out><![CDATA[
  .   ____          _            __ _ _
 /\\ / ___'_ __ _ _(_)_ __  __ _ \ \ \ \
( ( )\___ | '_ | '_| | '_ \/ _` | \ \ \ \
 \\/  ___)| |_)| | | | | || (_| |  ) ) ) )
  '  |____| .__|_| |_|_| |_\__, | / / / /
 =========|_|==============|___/=/_/_/_/

 :: Spring Boot ::                (v3.4.1)

2025-05-26 16:11:51,561 [main] INFO  c.p.i.PriceIntegrationTest - Starting PriceIntegrationTest using Java 17.0.15 with PID 180296 (started by angelperez in /home/angelperez/Desarrollo/apps/TestProjects/ITX_Plataforma_CasoPractico)
2025-05-26 16:11:51,562 [main] DEBUG c.p.i.PriceIntegrationTest - Running with Spring Boot v3.4.1, Spring v6.2.1
2025-05-26 16:11:51,562 [main] INFO  c.p.i.PriceIntegrationTest - The following 1 profile is active: "test"
2025-05-26 16:11:51,800 [main] DEBUG org.hibernate.SQL - 
    drop table if exists prices cascade 
Hibernate: 
    drop table if exists prices cascade 
2025-05-26 16:11:51,801 [main] DEBUG org.hibernate.SQL - 
    create table prices (
        curr varchar(3) not null,
        price numeric(10,2) not null,
        price_list integer not null,
        priority integer not null,
        brand_id bigint not null,
        end_date timestamp(6) not null,
        id bigint generated by default as identity,
        product_id bigint not null,
        start_date timestamp(6) not null,
        primary key (id)
    )
Hibernate: 
    create table prices (
        curr varchar(3) not null,
        price numeric(10,2) not null,
        price_list integer not null,
        priority integer not null,
        brand_id bigint not null,
        end_date timestamp(6) not null,
        id bigint generated by default as identity,
        product_id bigint not null,
        start_date timestamp(6) not null,
        primary key (id)
    )
2025-05-26 16:11:51,973 [main] INFO  o.s.t.w.s.TestDispatcherServlet - Initializing Servlet ''
2025-05-26 16:11:51,973 [main] INFO  o.s.t.w.s.TestDispatcherServlet - Completed initialization in 0 ms
2025-05-26 16:11:51,981 [main] INFO  c.p.i.PriceIntegrationTest - Started PriceIntegrationTest in 0.448 seconds (process running for 22.501)
2025-05-26 16:11:51,982 [main] INFO  com.pruebaItx.PruebaItxApplication - Application started and ready to receive requests
2025-05-26 16:11:51,988 [main] DEBUG org.hibernate.SQL - 
    select
        pe1_0.id,
        pe1_0.brand_id,
        pe1_0.curr,
        pe1_0.end_date,
        pe1_0.price,
        pe1_0.price_list,
        pe1_0.priority,
        pe1_0.product_id,
        pe1_0.start_date 
    from
        prices pe1_0
Hibernate: 
    select
        pe1_0.id,
        pe1_0.brand_id,
        pe1_0.curr,
        pe1_0.end_date,
        pe1_0.price,
        pe1_0.price_list,
        pe1_0.priority,
        pe1_0.product_id,
        pe1_0.start_date 
    from
        prices pe1_0
2025-05-26 16:11:51,993 [main] DEBUG org.hibernate.SQL - 
    insert 
    into
        prices
        (brand_id, curr, end_date, price, price_list, priority, product_id, start_date, id) 
    values
        (?, ?, ?, ?, ?, ?, ?, ?, default)
Hibernate: 
    insert 
    into
        prices
        (brand_id, curr, end_date, price, price_list, priority, product_id, start_date, id) 
    values
        (?, ?, ?, ?, ?, ?, ?, ?, default)
2025-05-26 16:11:51,994 [main] DEBUG org.hibernate.SQL - 
    insert 
    into
        prices
        (brand_id, curr, end_date, price, price_list, priority, product_id, start_date, id) 
    values
        (?, ?, ?, ?, ?, ?, ?, ?, default)
Hibernate: 
    insert 
    into
        prices
        (brand_id, curr, end_date, price, price_list, priority, product_id, start_date, id) 
    values
        (?, ?, ?, ?, ?, ?, ?, ?, default)
2025-05-26 16:11:51,996 [main] DEBUG org.hibernate.SQL - 
    insert 
    into
        prices
        (brand_id, curr, end_date, price, price_list, priority, product_id, start_date, id) 
    values
        (?, ?, ?, ?, ?, ?, ?, ?, default)
Hibernate: 
    insert 
    into
        prices
        (brand_id, curr, end_date, price, price_list, priority, product_id, start_date, id) 
    values
        (?, ?, ?, ?, ?, ?, ?, ?, default)
2025-05-26 16:11:51,997 [main] DEBUG org.hibernate.SQL - 
    insert 
    into
        prices
        (brand_id, curr, end_date, price, price_list, priority, product_id, start_date, id) 
    values
        (?, ?, ?, ?, ?, ?, ?, ?, default)
Hibernate: 
    insert 
    into
        prices
        (brand_id, curr, end_date, price, price_list, priority, product_id, start_date, id) 
    values
[...]
2025-05-26 16:11:55,273 [main] INFO  com.pruebaItx.PruebaItxApplication - Application started and ready to receive requests
2025-05-26 16:11:55,281 [main] DEBUG org.hibernate.SQL - 
    select
        pe1_0.id,
        pe1_0.brand_id,
        pe1_0.curr,
        pe1_0.end_date,
        pe1_0.price,
        pe1_0.price_list,
        pe1_0.priority,
        pe1_0.product_id,
        pe1_0.start_date 
    from
        prices pe1_0
Hibernate: 
    select
        pe1_0.id,
        pe1_0.brand_id,
        pe1_0.curr,
        pe1_0.end_date,
        pe1_0.price,
        pe1_0.price_list,
        pe1_0.priority,
        pe1_0.product_id,
        pe1_0.start_date 
    from
        prices pe1_0
2025-05-26 16:11:55,285 [main] DEBUG org.hibernate.SQL - 
    insert 
    into
        prices
        (brand_id, curr, end_date, price, price_list, priority, product_id, start_date, id) 
    values
        (?, ?, ?, ?, ?, ?, ?, ?, default)
Hibernate: 
    insert 
    into
        prices
        (brand_id, curr, end_date, price, price_list, priority, product_id, start_date, id) 
    values
        (?, ?, ?, ?, ?, ?, ?, ?, default)
2025-05-26 16:11:55,286 [main] DEBUG org.hibernate.SQL - 
    insert 
    into
        prices
        (brand_id, curr, end_date, price, price_list, priority, product_id, start_date, id) 
    values
        (?, ?, ?, ?, ?, ?, ?, ?, default)
Hibernate: 
    insert 
    into
        prices
        (brand_id, curr, end_date, price, price_list, priority, product_id, start_date, id) 
    values
        (?, ?, ?, ?, ?, ?, ?, ?, default)
2025-05-26 16:11:55,287 [main] DEBUG org.hibernate.SQL - 
    insert 
    into
        prices
        (brand_id, curr, end_date, price, price_list, priority, product_id, start_date, id) 
    values
        (?, ?, ?, ?, ?, ?, ?, ?, default)
Hibernate: 
    insert 
    into
        prices
        (brand_id, curr, end_date, price, price_list, priority, product_id, start_date, id) 
    values
        (?, ?, ?, ?, ?, ?, ?, ?, default)
2025-05-26 16:11:55,288 [main] DEBUG org.hibernate.SQL - 
    insert 
    into
        prices
        (brand_id, curr, end_date, price, price_list, priority, product_id, start_date, id) 
    values
        (?, ?, ?, ?, ?, ?, ?, ?, default)
Hibernate: 
    insert 
    into
        prices
        (brand_id, curr, end_date, price, price_list, priority, product_id, start_date, id) 
    values
        (?, ?, ?, ?, ?, ?, ?, ?, default)
2025-05-26 16:11:55,288 [main] DEBUG org.hibernate.SQL - 
    insert 
    into
        prices
        (brand_id, curr, end_date, price, price_list, priority, product_id, start_date, id) 
    values
        (?, ?, ?, ?, ?, ?, ?, ?, default)
Hibernate: 
    insert 
    into
        prices
        (brand_id, curr, end_date, price, price_list, priority, product_id, start_date, id) 
    values
        (?, ?, ?, ?, ?, ?, ?, ?, default)
2025-05-26 16:11:55,289 [main] DEBUG org.hibernate.SQL - 
    insert 
    into
        prices
        (brand_id, curr, end_date, price, price_list, priority, product_id, start_date, id) 
    values
        (?, ?, ?, ?, ?, ?, ?, ?, default)
Hibernate: 
    insert 
    into
        prices
        (brand_id, curr, end_date, price, price_list, priority, product_id, start_date, id) 
    values
        (?, ?, ?, ?, ?, ?, ?, ?, default)
2025-05-26 16:11:55,291 [main] WARN  o.s.web.servlet.PageNotFound - No mapping for GET /api/prices
2025-05-26 16:11:55,291 [main] WARN  o.s.web.servlet.PageNotFound - No endpoint GET /api/prices.

MockHttpServletRequest:
      HTTP Method = GET
      Request URI = /api/prices
       Parameters = {applicationDate=[2020-06-14T10:00:00], productId=[35455], brandId=[2]}
          Headers = [Content-Type:"application/json;charset=UTF-8"]
             Body = null
    Session Attrs = {}

Handler:
             Type = null

Async:
    Async started = false
     Async result = null

Resolved Exception:
             Type = org.springframework.web.servlet.NoHandlerFoundException

ModelAndView:
        View name = null
             View = null
            Model = null

FlashMap:
       Attributes = null

MockHttpServletResponse:
           Status = 404
    Error message = No endpoint GET /api/prices.
          Headers = []
     Content type = null
             Body = 
    Forwarded URL = null
   Redirected URL = null
          Cookies = []
2025-05-26 16:11:55,295 [main] DEBUG org.hibernate.SQL - 
    drop table if exists prices cascade 
Hibernate: 
    drop table if exists prices cascade 
]]></system-out>
  </testcase>
  <testcase name="shouldHandleConcurrentRequestsCorrectly" classname="com.pruebaItx.integration.PriceIntegrationTest" time="0.026">
    <failure message="Status expected:&lt;200&gt; but was:&lt;404&gt;" type="java.lang.AssertionError"><![CDATA[java.lang.AssertionError: Status expected:<200> but was:<404>
	at org.springframework.test.util.AssertionErrors.fail(AssertionErrors.java:61)
	at org.springframework.test.util.AssertionErrors.assertEquals(AssertionErrors.java:128)
	at org.springframework.test.web.servlet.result.StatusResultMatchers.lambda$matcher$9(StatusResultMatchers.java:640)
	at org.springframework.test.web.servlet.MockMvc$1.andExpect(MockMvc.java:214)
	at com.pruebaItx.integration.PriceIntegrationTest.shouldHandleConcurrentRequestsCorrectly(PriceIntegrationTest.java:463)
	at java.base/java.lang.reflect.Method.invoke(Method.java:569)
	at java.base/java.util.ArrayList.forEach(ArrayList.java:1511)
	at java.base/java.util.ArrayList.forEach(ArrayList.java:1511)
]]></failure>
    <system-out><![CDATA[
  .   ____          _            __ _ _
 /\\ / ___'_ __ _ _(_)_ __  __ _ \ \ \ \
( ( )\___ | '_ | '_| | '_ \/ _` | \ \ \ \
 \\/  ___)| |_)| | | | | || (_| |  ) ) ) )
  '  |____| .__|_| |_|_| |_\__, | / / / /
 =========|_|==============|___/=/_/_/_/

 :: Spring Boot ::                (v3.4.1)

2025-05-26 16:11:55,328 [main] INFO  c.p.i.PriceIntegrationTest - Starting PriceIntegrationTest using Java 17.0.15 with PID 180296 (started by angelperez in /home/angelperez/Desarrollo/apps/TestProjects/ITX_Plataforma_CasoPractico)
2025-05-26 16:11:55,328 [main] DEBUG c.p.i.PriceIntegrationTest - Running with Spring Boot v3.4.1, Spring v6.2.1
2025-05-26 16:11:55,329 [main] INFO  c.p.i.PriceIntegrationTest - The following 1 profile is active: "test"
2025-05-26 16:11:55,527 [main] DEBUG org.hibernate.SQL - 
    drop table if exists prices cascade 
Hibernate: 
    drop table if exists prices cascade 
2025-05-26 16:11:55,528 [main] DEBUG org.hibernate.SQL - 
    create table prices (
        curr varchar(3) not null,
        price numeric(10,2) not null,
        price_list integer not null,
        priority integer not null,
        brand_id bigint not null,
        end_date timestamp(6) not null,
        id bigint generated by default as identity,
        product_id bigint not null,
        start_date timestamp(6) not null,
        primary key (id)
    )
Hibernate: 
    create table prices (
        curr varchar(3) not null,
        price numeric(10,2) not null,
        price_list integer not null,
        priority integer not null,
        brand_id bigint not null,
        end_date timestamp(6) not null,
        id bigint generated by default as identity,
        product_id bigint not null,
        start_date timestamp(6) not null,
        primary key (id)
    )
2025-05-26 16:11:55,686 [main] INFO  o.s.t.w.s.TestDispatcherServlet - Initializing Servlet ''
2025-05-26 16:11:55,687 [main] INFO  o.s.t.w.s.TestDispatcherServlet - Completed initialization in 0 ms
2025-05-26 16:11:55,694 [main] INFO  c.p.i.PriceIntegrationTest - Started PriceIntegrationTest in 0.388 seconds (process running for 26.214)
2025-05-26 16:11:55,695 [main] INFO  com.pruebaItx.PruebaItxApplication - Application started and ready to receive requests
2025-05-26 16:11:55,700 [main] DEBUG org.hibernate.SQL - 
    select
        pe1_0.id,
        pe1_0.brand_id,
        pe1_0.curr,
        pe1_0.end_date,
        pe1_0.price,
        pe1_0.price_list,
        pe1_0.priority,
        pe1_0.product_id,
        pe1_0.start_date 
    from
        prices pe1_0
Hibernate: 
    select
        pe1_0.id,
        pe1_0.brand_id,
        pe1_0.curr,
        pe1_0.end_date,
        pe1_0.price,
        pe1_0.price_list,
        pe1_0.priority,
        pe1_0.product_id,
        pe1_0.start_date 
    from
        prices pe1_0
2025-05-26 16:11:55,703 [main] DEBUG org.hibernate.SQL - 
    insert 
    into
        prices
        (brand_id, curr, end_date, price, price_list, priority, product_id, start_date, id) 
    values
        (?, ?, ?, ?, ?, ?, ?, ?, default)
Hibernate: 
    insert 
    into
        prices
        (brand_id, curr, end_date, price, price_list, priority, product_id, start_date, id) 
    values
        (?, ?, ?, ?, ?, ?, ?, ?, default)
2025-05-26 16:11:55,704 [main] DEBUG org.hibernate.SQL - 
    insert 
    into
        prices
        (brand_id, curr, end_date, price, price_list, priority, product_id, start_date, id) 
    values
        (?, ?, ?, ?, ?, ?, ?, ?, default)
Hibernate: 
    insert 
    into
        prices
        (brand_id, curr, end_date, price, price_list, priority, product_id, start_date, id) 
    values
        (?, ?, ?, ?, ?, ?, ?, ?, default)
2025-05-26 16:11:55,705 [main] DEBUG org.hibernate.SQL - 
    insert 
    into
        prices
        (brand_id, curr, end_date, price, price_list, priority, product_id, start_date, id) 
    values
        (?, ?, ?, ?, ?, ?, ?, ?, default)
Hibernate: 
    insert 
    into
        prices
        (brand_id, curr, end_date, price, price_list, priority, product_id, start_date, id) 
    values
        (?, ?, ?, ?, ?, ?, ?, ?, default)
2025-05-26 16:11:55,706 [main] DEBUG org.hibernate.SQL - 
    insert 
    into
        prices
        (brand_id, curr, end_date, price, price_list, priority, product_id, start_date, id) 
    values
        (?, ?, ?, ?, ?, ?, ?, ?, default)
Hibernate: 
    insert 
    into
        prices
        (brand_id, curr, end_date, price, price_list, priority, product_id, start_date, id) 
    values
        (?, ?, ?, ?, ?, ?, ?, ?, default)
2025-05-26 16:11:55,706 [main] DEBUG org.hibernate.SQL - 
    insert 
    into
        prices
        (brand_id, curr, end_date, price, price_list, priority, product_id, start_date, id) 
    values
        (?, ?, ?, ?, ?, ?, ?, ?, default)
Hibernate: 
    insert 
    into
        prices
        (brand_id, curr, end_date, price, price_list, priority, product_id, start_date, id) 
    values
        (?, ?, ?, ?, ?, ?, ?, ?, default)
2025-05-26 16:11:55,707 [main] DEBUG org.hibernate.SQL - 
    insert 
    into
        prices
        (brand_id, curr, end_date, price, price_list, priority, product_id, start_date, id) 
    values
        (?, ?, ?, ?, ?, ?, ?, ?, default)
Hibernate: 
    insert 
    into
        prices
        (brand_id, curr, end_date, price, price_list, priority, product_id, start_date, id) 
    values
        (?, ?, ?, ?, ?, ?, ?, ?, default)
2025-05-26 16:11:55,708 [main] WARN  o.s.web.servlet.PageNotFound - No mapping for GET /api/prices
2025-05-26 16:11:55,709 [main] WARN  o.s.web.servlet.PageNotFound - No endpoint GET /api/prices.

MockHttpServletRequest:
      HTTP Method = GET
      Request URI = /api/prices
       Parameters = {applicationDate=[2020-06-14T10:00:00], productId=[35455], brandId=[1]}
          Headers = [Content-Type:"application/json;charset=UTF-8"]
             Body = null
    Session Attrs = {}

Handler:
             Type = null

Async:
    Async started = false
     Async result = null

Resolved Exception:
             Type = org.springframework.web.servlet.NoHandlerFoundException

ModelAndView:
        View name = null
             View = null
            Model = null

FlashMap:
       Attributes = null

MockHttpServletResponse:
           Status = 404
    Error message = No endpoint GET /api/prices.
          Headers = []
     Content type = null
             Body = 
    Forwarded URL = null
   Redirected URL = null
          Cookies = []
2025-05-26 16:11:55,712 [main] DEBUG org.hibernate.SQL - 
    drop table if exists prices cascade 
Hibernate: 
    drop table if exists prices cascade 
]]></system-out>
  </testcase>
  <testcase name="shouldReturnConsistentResultsForSameRequest" classname="com.pruebaItx.integration.PriceIntegrationTest" time="0.017">
    <failure message="Status expected:&lt;200&gt; but was:&lt;404&gt;" type="java.lang.AssertionError"><![CDATA[java.lang.AssertionError: Status expected:<200> but was:<404>
	at org.springframework.test.util.AssertionErrors.fail(AssertionErrors.java:61)
	at org.springframework.test.util.AssertionErrors.assertEquals(AssertionErrors.java:128)
	at org.springframework.test.web.servlet.result.StatusResultMatchers.lambda$matcher$9(StatusResultMatchers.java:640)
	at org.springframework.test.web.servlet.MockMvc$1.andExpect(MockMvc.java:214)
	at com.pruebaItx.integration.PriceIntegrationTest.shouldReturnConsistentResultsForSameRequest(PriceIntegrationTest.java:480)
	at java.base/java.lang.reflect.Method.invoke(Method.java:569)
	at java.base/java.util.ArrayList.forEach(ArrayList.java:1511)
	at java.base/java.util.ArrayList.forEach(ArrayList.java:1511)
]]></failure>
    <system-out><![CDATA[
  .   ____          _            __ _ _
 /\\ / ___'_ __ _ _(_)_ __  __ _ \ \ \ \
( ( )\___ | '_ | '_| | '_ \/ _` | \ \ \ \
 \\/  ___)| |_)| | | | | || (_| |  ) ) ) )
  '  |____| .__|_| |_|_| |_\__, | / / / /
 =========|_|==============|___/=/_/_/_/

 :: Spring Boot ::                (v3.4.1)

2025-05-26 16:11:55,749 [main] INFO  c.p.i.PriceIntegrationTest - Starting PriceIntegrationTest using Java 17.0.15 with PID 180296 (started by angelperez in /home/angelperez/Desarrollo/apps/TestProjects/ITX_Plataforma_CasoPractico)
2025-05-26 16:11:55,749 [main] DEBUG c.p.i.PriceIntegrationTest - Running with Spring Boot v3.4.1, Spring v6.2.1
2025-05-26 16:11:55,749 [main] INFO  c.p.i.PriceIntegrationTest - The following 1 profile is active: "test"
2025-05-26 16:11:55,963 [main] DEBUG org.hibernate.SQL - 
    drop table if exists prices cascade 
Hibernate: 
    drop table if exists prices cascade 
2025-05-26 16:11:55,964 [main] DEBUG org.hibernate.SQL - 
    create table prices (
        curr varchar(3) not null,
        price numeric(10,2) not null,
        price_list integer not null,
        priority integer not null,
        brand_id bigint not null,
        end_date timestamp(6) not null,
        id bigint generated by default as identity,
        product_id bigint not null,
        start_date timestamp(6) not null,
        primary key (id)
    )
Hibernate: 
    create table prices (
        curr varchar(3) not null,
        price numeric(10,2) not null,
        price_list integer not null,
        priority integer not null,
        brand_id bigint not null,
        end_date timestamp(6) not null,
        id bigint generated by default as identity,
        product_id bigint not null,
        start_date timestamp(6) not null,
        primary key (id)
    )
2025-05-26 16:11:56,098 [main] INFO  o.s.t.w.s.TestDispatcherServlet - Initializing Servlet ''
2025-05-26 16:11:56,098 [main] INFO  o.s.t.w.s.TestDispatcherServlet - Completed initialization in 0 ms
2025-05-26 16:11:56,105 [main] INFO  c.p.i.PriceIntegrationTest - Started PriceIntegrationTest in 0.381 seconds (process running for 26.626)
2025-05-26 16:11:56,106 [main] INFO  com.pruebaItx.PruebaItxApplication - Application started and ready to receive requests
2025-05-26 16:11:56,112 [main] DEBUG org.hibernate.SQL - 
    select
        pe1_0.id,
        pe1_0.brand_id,
        pe1_0.curr,
        pe1_0.end_date,
        pe1_0.price,
        pe1_0.price_list,
        pe1_0.priority,
        pe1_0.product_id,
        pe1_0.start_date 
    from
        prices pe1_0
Hibernate: 
    select
        pe1_0.id,
        pe1_0.brand_id,
        pe1_0.curr,
        pe1_0.end_date,
        pe1_0.price,
        pe1_0.price_list,
        pe1_0.priority,
        pe1_0.product_id,
        pe1_0.start_date 
    from
        prices pe1_0
2025-05-26 16:11:56,114 [main] DEBUG org.hibernate.SQL - 
    insert 
    into
        prices
        (brand_id, curr, end_date, price, price_list, priority, product_id, start_date, id) 
    values
        (?, ?, ?, ?, ?, ?, ?, ?, default)
Hibernate: 
    insert 
    into
        prices
        (brand_id, curr, end_date, price, price_list, priority, product_id, start_date, id) 
    values
        (?, ?, ?, ?, ?, ?, ?, ?, default)
2025-05-26 16:11:56,115 [main] DEBUG org.hibernate.SQL - 
    insert 
    into
        prices
        (brand_id, curr, end_date, price, price_list, priority, product_id, start_date, id) 
    values
        (?, ?, ?, ?, ?, ?, ?, ?, default)
Hibernate: 
    insert 
    into
        prices
        (brand_id, curr, end_date, price, price_list, priority, product_id, start_date, id) 
    values
        (?, ?, ?, ?, ?, ?, ?, ?, default)
2025-05-26 16:11:56,116 [main] DEBUG org.hibernate.SQL - 
    insert 
    into
        prices
        (brand_id, curr, end_date, price, price_list, priority, product_id, start_date, id) 
    values
        (?, ?, ?, ?, ?, ?, ?, ?, default)
Hibernate: 
    insert 
    into
        prices
        (brand_id, curr, end_date, price, price_list, priority, product_id, start_date, id) 
    values
        (?, ?, ?, ?, ?, ?, ?, ?, default)
2025-05-26 16:11:56,117 [main] DEBUG org.hibernate.SQL - 
    insert 
    into
        prices
        (brand_id, curr, end_date, price, price_list, priority, product_id, start_date, id) 
    values
        (?, ?, ?, ?, ?, ?, ?, ?, default)
Hibernate: 
    insert 
    into
        prices
        (brand_id, curr, end_date, price, price_list, priority, product_id, start_date, id) 
    values
        (?, ?, ?, ?, ?, ?, ?, ?, default)
2025-05-26 16:11:56,117 [main] DEBUG org.hibernate.SQL - 
    insert 
    into
        prices
        (brand_id, curr, end_date, price, price_list, priority, product_id, start_date, id) 
    values
        (?, ?, ?, ?, ?, ?, ?, ?, default)
Hibernate: 
    insert 
    into
        prices
        (brand_id, curr, end_date, price, price_list, priority, product_id, start_date, id) 
    values
        (?, ?, ?, ?, ?, ?, ?, ?, default)
2025-05-26 16:11:56,118 [main] DEBUG org.hibernate.SQL - 
    insert 
    into
        prices
        (brand_id, curr, end_date, price, price_list, priority, product_id, start_date, id) 
    values
        (?, ?, ?, ?, ?, ?, ?, ?, default)
Hibernate: 
    insert 
    into
        prices
        (brand_id, curr, end_date, price, price_list, priority, product_id, start_date, id) 
    values
        (?, ?, ?, ?, ?, ?, ?, ?, default)
2025-05-26 16:11:56,119 [main] WARN  o.s.web.servlet.PageNotFound - No mapping for GET /api/prices
2025-05-26 16:11:56,119 [main] WARN  o.s.web.servlet.PageNotFound - No endpoint GET /api/prices.

MockHttpServletRequest:
      HTTP Method = GET
      Request URI = /api/prices
       Parameters = {applicationDate=[2020-06-14T16:00:00], productId=[35455], brandId=[1]}
          Headers = [Content-Type:"application/json;charset=UTF-8"]
             Body = null
    Session Attrs = {}

Handler:
             Type = null

Async:
    Async started = false
     Async result = null

Resolved Exception:
             Type = org.springframework.web.servlet.NoHandlerFoundException

ModelAndView:
        View name = null
             View = null
            Model = null

FlashMap:
       Attributes = null

MockHttpServletResponse:
           Status = 404
    Error message = No endpoint GET /api/prices.
          Headers = []
     Content type = null
             Body = 
    Forwarded URL = null
   Redirected URL = null
          Cookies = []
2025-05-26 16:11:56,123 [main] DEBUG org.hibernate.SQL - 
    drop table if exists prices cascade 
Hibernate: 
    drop table if exists prices cascade 
]]></system-out>
  </testcase>
</testsuite>