2025-04-29 08:58:01,194 [main] INFO  c.p.a.service.ProductService - Requested the products, factors: saleFactor: 1 stockFactor: 2
2025-04-29 08:58:02,561 [main] INFO  c.p.i.a.i.w.ProductControllerIntegrationTest - Starting ProductControllerIntegrationTest using Java 21.0.7 with PID 10713 (started by angelperez in /home/angelperez/TestProjects/ITX_Comercial_CasoPractico)
2025-04-29 08:58:02,562 [main] DEBUG c.p.i.a.i.w.ProductControllerIntegrationTest - Running with Spring Boot v3.4.1, Spring v6.2.1
2025-04-29 08:58:02,563 [main] INFO  c.p.i.a.i.w.ProductControllerIntegrationTest - No active profile set, falling back to 1 default profile: "default"
2025-04-29 08:58:09,871 [main] INFO  c.p.i.a.i.w.ProductControllerIntegrationTest - Started ProductControllerIntegrationTest in 7.681 seconds (process running for 17.961)
2025-04-29 08:58:10,152 [http-nio-auto-1-exec-1] DEBUG c.p.i.a.in.web.ProductController - Request to Products Sorted
2025-04-29 08:58:10,158 [http-nio-auto-1-exec-1] INFO  c.p.a.service.ProductService - Requested the products, factors: saleFactor: 0 stockFactor: 1
2025-04-29 08:58:10,425 [http-nio-auto-1-exec-2] DEBUG c.p.i.a.in.web.ProductController - Request to Products Sorted
2025-04-29 08:58:10,426 [http-nio-auto-1-exec-2] INFO  c.p.a.service.ProductService - Requested the products, factors: saleFactor: 1 stockFactor: 0
2025-04-29 08:58:10,515 [main] DEBUG c.p.i.a.in.web.ProductController - Request to Products Sorted
2025-04-29 08:58:10,519 [main] DEBUG c.p.i.a.in.web.ProductController - Request to Products Sorted
2025-04-29 08:58:10,522 [main] DEBUG c.p.i.a.in.web.ProductController - Request to Products Sorted
2025-04-29 08:58:10,525 [main] DEBUG c.p.i.a.in.web.ProductController - Request to Products Sorted
2025-04-29 08:58:27,891 [main] INFO  c.p.PruebaItxApplicationTests - Starting PruebaItxApplicationTests using Java 21.0.7 with PID 11136 (started by angelperez in /home/angelperez/TestProjects/ITX_Comercial_CasoPractico)
2025-04-29 08:58:27,893 [main] DEBUG c.p.PruebaItxApplicationTests - Running with Spring Boot v3.4.1, Spring v6.2.1
2025-04-29 08:58:27,893 [main] INFO  c.p.PruebaItxApplicationTests - No active profile set, falling back to 1 default profile: "default"
2025-04-29 08:58:31,144 [main] INFO  c.p.PruebaItxApplicationTests - Started PruebaItxApplicationTests in 3.452 seconds (process running for 4.334)
2025-04-29 08:58:31,776 [main] DEBUG c.p.i.a.in.web.ProductController - Request to Products Sorted
2025-04-29 08:58:31,791 [main] DEBUG c.p.i.a.in.web.ProductController - Request to Products Sorted
2025-04-29 08:58:31,796 [main] DEBUG c.p.i.a.in.web.ProductController - Request to Products Sorted
2025-04-29 08:58:31,958 [main] INFO  c.p.a.service.ProductService - Requested the products, factors: saleFactor: 1 stockFactor: 2
2025-04-29 08:58:32,118 [main] INFO  c.p.i.a.i.w.ProductControllerIntegrationTest - Starting ProductControllerIntegrationTest using Java 21.0.7 with PID 11136 (started by angelperez in /home/angelperez/TestProjects/ITX_Comercial_CasoPractico)
2025-04-29 08:58:32,118 [main] DEBUG c.p.i.a.i.w.ProductControllerIntegrationTest - Running with Spring Boot v3.4.1, Spring v6.2.1
2025-04-29 08:58:32,119 [main] INFO  c.p.i.a.i.w.ProductControllerIntegrationTest - No active profile set, falling back to 1 default profile: "default"
2025-04-29 08:58:33,010 [main] ERROR o.s.boot.SpringApplication - Application run failed
org.springframework.beans.factory.BeanCreationException: Error creating bean with name 'h2TcpServer' defined in class path resource [com/pruebaItx/infrastructure/config/H2ServerConfig.class]: Exception abriendo puerto "9092" (el puerto puede estar en uso), causa: "java.net.BindException: La dirección ya se está usando"
Exception opening port "9092" (port may be in use), cause: "java.net.BindException: La dirección ya se está usando" [90061-232]
	at org.springframework.beans.factory.support.AbstractAutowireCapableBeanFactory.initializeBean(AbstractAutowireCapableBeanFactory.java:1808)
	at org.springframework.beans.factory.support.AbstractAutowireCapableBeanFactory.doCreateBean(AbstractAutowireCapableBeanFactory.java:601)
	at org.springframework.beans.factory.support.AbstractAutowireCapableBeanFactory.createBean(AbstractAutowireCapableBeanFactory.java:523)
	at org.springframework.beans.factory.support.AbstractBeanFactory.lambda$doGetBean$0(AbstractBeanFactory.java:336)
	at org.springframework.beans.factory.support.DefaultSingletonBeanRegistry.getSingleton(DefaultSingletonBeanRegistry.java:289)
	at org.springframework.beans.factory.support.AbstractBeanFactory.doGetBean(AbstractBeanFactory.java:334)
	at org.springframework.beans.factory.support.AbstractBeanFactory.getBean(AbstractBeanFactory.java:199)
	at org.springframework.beans.factory.support.DefaultListableBeanFactory.instantiateSingleton(DefaultListableBeanFactory.java:1122)
	at org.springframework.beans.factory.support.DefaultListableBeanFactory.preInstantiateSingleton(DefaultListableBeanFactory.java:1093)
	at org.springframework.beans.factory.support.DefaultListableBeanFactory.preInstantiateSingletons(DefaultListableBeanFactory.java:1030)
	at org.springframework.context.support.AbstractApplicationContext.finishBeanFactoryInitialization(AbstractApplicationContext.java:987)
	at org.springframework.context.support.AbstractApplicationContext.refresh(AbstractApplicationContext.java:627)
	at org.springframework.boot.web.servlet.context.ServletWebServerApplicationContext.refresh(ServletWebServerApplicationContext.java:146)
	at org.springframework.boot.SpringApplication.refresh(SpringApplication.java:752)
	at org.springframework.boot.SpringApplication.refreshContext(SpringApplication.java:439)
	at org.springframework.boot.SpringApplication.run(SpringApplication.java:318)
	at org.springframework.boot.test.context.SpringBootContextLoader.lambda$loadContext$3(SpringBootContextLoader.java:137)
	at org.springframework.util.function.ThrowingSupplier.get(ThrowingSupplier.java:58)
	at org.springframework.util.function.ThrowingSupplier.get(ThrowingSupplier.java:46)
	at org.springframework.boot.SpringApplication.withHook(SpringApplication.java:1461)
	at org.springframework.boot.test.context.SpringBootContextLoader$ContextLoaderHook.run(SpringBootContextLoader.java:553)
	at org.springframework.boot.test.context.SpringBootContextLoader.loadContext(SpringBootContextLoader.java:137)
	at org.springframework.boot.test.context.SpringBootContextLoader.loadContext(SpringBootContextLoader.java:108)
	at org.springframework.test.context.cache.DefaultCacheAwareContextLoaderDelegate.loadContextInternal(DefaultCacheAwareContextLoaderDelegate.java:225)
	at org.springframework.test.context.cache.DefaultCacheAwareContextLoaderDelegate.loadContext(DefaultCacheAwareContextLoaderDelegate.java:152)
	at org.springframework.test.context.support.DefaultTestContext.getApplicationContext(DefaultTestContext.java:130)
	at org.springframework.test.context.support.DependencyInjectionTestExecutionListener.injectDependencies(DependencyInjectionTestExecutionListener.java:142)
	at org.springframework.test.context.support.DependencyInjectionTestExecutionListener.prepareTestInstance(DependencyInjectionTestExecutionListener.java:98)
	at org.springframework.test.context.TestContextManager.prepareTestInstance(TestContextManager.java:260)
	at org.springframework.test.context.junit.jupiter.SpringExtension.postProcessTestInstance(SpringExtension.java:160)
	at org.junit.jupiter.engine.descriptor.ClassBasedTestDescriptor.lambda$invokeTestInstancePostProcessors$11(ClassBasedTestDescriptor.java:378)
	at org.junit.jupiter.engine.descriptor.ClassBasedTestDescriptor.executeAndMaskThrowable(ClassBasedTestDescriptor.java:383)
	at org.junit.jupiter.engine.descriptor.ClassBasedTestDescriptor.lambda$invokeTestInstancePostProcessors$12(ClassBasedTestDescriptor.java:378)
	at java.base/java.util.stream.ForEachOps$ForEachOp$OfRef.accept(ForEachOps.java:184)
	at java.base/java.util.stream.ReferencePipeline$3$1.accept(ReferencePipeline.java:197)
	at java.base/java.util.stream.ReferencePipeline$2$1.accept(ReferencePipeline.java:179)
	at java.base/java.util.stream.ReferencePipeline$3$1.accept(ReferencePipeline.java:197)
	at java.base/java.util.ArrayList$ArrayListSpliterator.forEachRemaining(ArrayList.java:1708)
	at java.base/java.util.stream.AbstractPipeline.copyInto(AbstractPipeline.java:509)
	at java.base/java.util.stream.AbstractPipeline.wrapAndCopyInto(AbstractPipeline.java:499)
	at java.base/java.util.stream.ForEachOps$ForEachOp.evaluateSequential(ForEachOps.java:151)
	at java.base/java.util.stream.ForEachOps$ForEachOp$OfRef.evaluateSequential(ForEachOps.java:174)
	at java.base/java.util.stream.AbstractPipeline.evaluate(AbstractPipeline.java:234)
	at java.base/java.util.stream.ReferencePipeline.forEach(ReferencePipeline.java:596)
	at org.junit.jupiter.engine.descriptor.ClassBasedTestDescriptor.invokeTestInstancePostProcessors(ClassBasedTestDescriptor.java:377)
	at org.junit.jupiter.engine.descriptor.ClassBasedTestDescriptor.lambda$instantiateAndPostProcessTestInstance$7(ClassBasedTestDescriptor.java:290)
	at org.junit.platform.engine.support.hierarchical.ThrowableCollector.execute(ThrowableCollector.java:73)
	at org.junit.jupiter.engine.descriptor.ClassBasedTestDescriptor.instantiateAndPostProcessTestInstance(ClassBasedTestDescriptor.java:289)
	at org.junit.jupiter.engine.descriptor.ClassBasedTestDescriptor.lambda$testInstancesProvider$5(ClassBasedTestDescriptor.java:279)
	at java.base/java.util.Optional.orElseGet(Optional.java:364)
	at org.junit.jupiter.engine.descriptor.ClassBasedTestDescriptor.lambda$testInstancesProvider$6(ClassBasedTestDescriptor.java:278)
	at org.junit.jupiter.engine.execution.TestInstancesProvider.getTestInstances(TestInstancesProvider.java:31)
	at org.junit.jupiter.engine.descriptor.TestMethodTestDescriptor.lambda$prepare$1(TestMethodTestDescriptor.java:105)
	at org.junit.platform.engine.support.hierarchical.ThrowableCollector.execute(ThrowableCollector.java:73)
	at org.junit.jupiter.engine.descriptor.TestMethodTestDescriptor.prepare(TestMethodTestDescriptor.java:104)
	at org.junit.jupiter.engine.descriptor.TestMethodTestDescriptor.prepare(TestMethodTestDescriptor.java:68)
	at org.junit.platform.engine.support.hierarchical.NodeTestTask.lambda$prepare$2(NodeTestTask.java:128)
	at org.junit.platform.engine.support.hierarchical.ThrowableCollector.execute(ThrowableCollector.java:73)
	at org.junit.platform.engine.support.hierarchical.NodeTestTask.prepare(NodeTestTask.java:128)
	at org.junit.platform.engine.support.hierarchical.NodeTestTask.execute(NodeTestTask.java:95)
	at java.base/java.util.ArrayList.forEach(ArrayList.java:1596)
	at org.junit.platform.engine.support.hierarchical.SameThreadHierarchicalTestExecutorService.invokeAll(SameThreadHierarchicalTestExecutorService.java:41)
	at org.junit.platform.engine.support.hierarchical.NodeTestTask.lambda$executeRecursively$6(NodeTestTask.java:160)
	at org.junit.platform.engine.support.hierarchical.ThrowableCollector.execute(ThrowableCollector.java:73)
	at org.junit.platform.engine.support.hierarchical.NodeTestTask.lambda$executeRecursively$8(NodeTestTask.java:146)
	at org.junit.platform.engine.support.hierarchical.Node.around(Node.java:137)
	at org.junit.platform.engine.support.hierarchical.NodeTestTask.lambda$executeRecursively$9(NodeTestTask.java:144)
	at org.junit.platform.engine.support.hierarchical.ThrowableCollector.execute(ThrowableCollector.java:73)
	at org.junit.platform.engine.support.hierarchical.NodeTestTask.executeRecursively(NodeTestTask.java:143)
	at org.junit.platform.engine.support.hierarchical.NodeTestTask.execute(NodeTestTask.java:100)
	at java.base/java.util.ArrayList.forEach(ArrayList.java:1596)
	at org.junit.platform.engine.support.hierarchical.SameThreadHierarchicalTestExecutorService.invokeAll(SameThreadHierarchicalTestExecutorService.java:41)
	at org.junit.platform.engine.support.hierarchical.NodeTestTask.lambda$executeRecursively$6(NodeTestTask.java:160)
	at org.junit.platform.engine.support.hierarchical.ThrowableCollector.execute(ThrowableCollector.java:73)
	at org.junit.platform.engine.support.hierarchical.NodeTestTask.lambda$executeRecursively$8(NodeTestTask.java:146)
	at org.junit.platform.engine.support.hierarchical.Node.around(Node.java:137)
	at org.junit.platform.engine.support.hierarchical.NodeTestTask.lambda$executeRecursively$9(NodeTestTask.java:144)
	at org.junit.platform.engine.support.hierarchical.ThrowableCollector.execute(ThrowableCollector.java:73)
	at org.junit.platform.engine.support.hierarchical.NodeTestTask.executeRecursively(NodeTestTask.java:143)
	at org.junit.platform.engine.support.hierarchical.NodeTestTask.execute(NodeTestTask.java:100)
	at org.junit.platform.engine.support.hierarchical.SameThreadHierarchicalTestExecutorService.submit(SameThreadHierarchicalTestExecutorService.java:35)
	at org.junit.platform.engine.support.hierarchical.HierarchicalTestExecutor.execute(HierarchicalTestExecutor.java:57)
	at org.junit.platform.engine.support.hierarchical.HierarchicalTestEngine.execute(HierarchicalTestEngine.java:54)
	at org.junit.platform.launcher.core.EngineExecutionOrchestrator.execute(EngineExecutionOrchestrator.java:147)
	at org.junit.platform.launcher.core.EngineExecutionOrchestrator.execute(EngineExecutionOrchestrator.java:127)
	at org.junit.platform.launcher.core.EngineExecutionOrchestrator.execute(EngineExecutionOrchestrator.java:90)
	at org.junit.platform.launcher.core.EngineExecutionOrchestrator.lambda$execute$0(EngineExecutionOrchestrator.java:55)
	at org.junit.platform.launcher.core.EngineExecutionOrchestrator.withInterceptedStreams(EngineExecutionOrchestrator.java:102)
	at org.junit.platform.launcher.core.EngineExecutionOrchestrator.execute(EngineExecutionOrchestrator.java:54)
	at org.junit.platform.launcher.core.DefaultLauncher.execute(DefaultLauncher.java:114)
	at org.junit.platform.launcher.core.DefaultLauncher.execute(DefaultLauncher.java:86)
	at org.junit.platform.launcher.core.DefaultLauncherSession$DelegatingLauncher.execute(DefaultLauncherSession.java:86)
	at org.junit.platform.launcher.core.SessionPerRequestLauncher.execute(SessionPerRequestLauncher.java:53)
	at org.pitest.junit5.JUnit5TestUnitFinder.findTestUnits(JUnit5TestUnitFinder.java:83)
	at org.pitest.mutationtest.config.PrioritisingTestUnitFinder.findTestUnits(PrioritisingTestUnitFinder.java:20)
	at org.pitest.testapi.execute.FindTestUnits.findTestUnits(FindTestUnits.java:64)
	at org.pitest.testapi.execute.FindTestUnits.getTestUnits(FindTestUnits.java:47)
	at org.pitest.testapi.execute.FindTestUnits.findTestUnitsForAllSuppliedClasses(FindTestUnits.java:36)
	at org.pitest.coverage.execute.CoverageMinion.discoverTests(CoverageMinion.java:168)
	at org.pitest.coverage.execute.CoverageMinion.getTestsFromParent(CoverageMinion.java:154)
	at org.pitest.coverage.execute.CoverageMinion.main(CoverageMinion.java:82)
Caused by: org.h2.jdbc.JdbcSQLNonTransientConnectionException: Exception abriendo puerto "9092" (el puerto puede estar en uso), causa: "java.net.BindException: La dirección ya se está usando"
Exception opening port "9092" (port may be in use), cause: "java.net.BindException: La dirección ya se está usando" [90061-232]
	at org.h2.message.DbException.getJdbcSQLException(DbException.java:690)
	at org.h2.message.DbException.getJdbcSQLException(DbException.java:489)
	at org.h2.message.DbException.get(DbException.java:212)
	at org.h2.util.NetUtils.createServerSocketTry(NetUtils.java:206)
	at org.h2.util.NetUtils.createServerSocket(NetUtils.java:172)
	at org.h2.server.TcpServer.start(TcpServer.java:241)
	at org.h2.tools.Server.start(Server.java:551)
	at java.base/jdk.internal.reflect.DirectMethodHandleAccessor.invoke(DirectMethodHandleAccessor.java:103)
	at java.base/java.lang.reflect.Method.invoke(Method.java:580)
	at org.springframework.beans.factory.support.AbstractAutowireCapableBeanFactory.invokeCustomInitMethod(AbstractAutowireCapableBeanFactory.java:1912)
	at org.springframework.beans.factory.support.AbstractAutowireCapableBeanFactory.invokeInitMethods(AbstractAutowireCapableBeanFactory.java:1865)
	at org.springframework.beans.factory.support.AbstractAutowireCapableBeanFactory.initializeBean(AbstractAutowireCapableBeanFactory.java:1804)
	... 100 common frames omitted
Caused by: java.net.BindException: La dirección ya se está usando
	at java.base/sun.nio.ch.Net.bind0(Native Method)
	at java.base/sun.nio.ch.Net.bind(Net.java:565)
	at java.base/sun.nio.ch.Net.bind(Net.java:554)
	at java.base/sun.nio.ch.NioSocketImpl.bind(NioSocketImpl.java:636)
	at java.base/java.net.ServerSocket.bind(ServerSocket.java:391)
	at java.base/java.net.ServerSocket.<init>(ServerSocket.java:278)
	at java.base/java.net.ServerSocket.<init>(ServerSocket.java:171)
	at org.h2.util.NetUtils.createServerSocketTry(NetUtils.java:202)
	... 108 common frames omitted
2025-04-29 08:58:33,034 [main] DEBUG c.p.i.a.in.web.ProductController - Request to Products Sorted
2025-04-29 08:58:33,039 [main] DEBUG c.p.i.a.in.web.ProductController - Request to Products Sorted
2025-04-29 08:58:33,043 [main] DEBUG c.p.i.a.in.web.ProductController - Request to Products Sorted
2025-04-29 08:58:33,049 [main] DEBUG c.p.i.a.in.web.ProductController - Request to Products Sorted
2025-04-29 09:17:45,436 [main] INFO  c.p.i.a.i.w.ProductControllerIntegrationTest - Starting ProductControllerIntegrationTest using Java 21.0.7 with PID 15507 (started by angelperez in /home/angelperez/TestProjects/ITX_Comercial_CasoPractico)
2025-04-29 09:17:45,439 [main] DEBUG c.p.i.a.i.w.ProductControllerIntegrationTest - Running with Spring Boot v3.4.1, Spring v6.2.1
2025-04-29 09:17:45,441 [main] INFO  c.p.i.a.i.w.ProductControllerIntegrationTest - No active profile set, falling back to 1 default profile: "default"
2025-04-29 09:17:56,709 [main] INFO  c.p.i.a.i.w.ProductControllerIntegrationTest - Started ProductControllerIntegrationTest in 12.028 seconds (process running for 16.224)
2025-04-29 09:17:58,172 [http-nio-auto-1-exec-1] DEBUG c.p.i.a.in.web.ProductController - Request to Products Sorted
2025-04-29 09:17:58,185 [http-nio-auto-1-exec-1] INFO  c.p.a.service.ProductService - Requested the products, factors: saleFactor: 1 stockFactor: 0
2025-04-29 09:18:19,834 [main] INFO  c.p.i.a.i.w.ProductControllerIntegrationTest - Starting ProductControllerIntegrationTest using Java 21.0.7 with PID 15733 (started by angelperez in /home/angelperez/TestProjects/ITX_Comercial_CasoPractico)
2025-04-29 09:18:19,839 [main] DEBUG c.p.i.a.i.w.ProductControllerIntegrationTest - Running with Spring Boot v3.4.1, Spring v6.2.1
2025-04-29 09:18:19,841 [main] INFO  c.p.i.a.i.w.ProductControllerIntegrationTest - No active profile set, falling back to 1 default profile: "default"
2025-04-29 09:18:32,878 [main] INFO  c.p.i.a.i.w.ProductControllerIntegrationTest - Started ProductControllerIntegrationTest in 13.64 seconds (process running for 17.467)
2025-04-29 09:18:34,206 [http-nio-auto-1-exec-1] DEBUG c.p.i.a.in.web.ProductController - Request to Products Sorted
2025-04-29 09:18:34,227 [http-nio-auto-1-exec-1] INFO  c.p.a.service.ProductService - Requested the products, factors: saleFactor: 0 stockFactor: 1
2025-04-29 09:24:04,980 [main] INFO  c.p.i.a.i.w.ProductControllerIntegrationTest - Starting ProductControllerIntegrationTest using Java 21.0.7 with PID 16362 (started by angelperez in /home/angelperez/TestProjects/ITX_Comercial_CasoPractico)
2025-04-29 09:24:04,983 [main] DEBUG c.p.i.a.i.w.ProductControllerIntegrationTest - Running with Spring Boot v3.4.1, Spring v6.2.1
2025-04-29 09:24:04,989 [main] INFO  c.p.i.a.i.w.ProductControllerIntegrationTest - No active profile set, falling back to 1 default profile: "default"
2025-04-29 09:24:21,198 [main] INFO  c.p.i.a.i.w.ProductControllerIntegrationTest - Started ProductControllerIntegrationTest in 17.47 seconds (process running for 23.903)
2025-04-29 09:24:23,655 [http-nio-auto-1-exec-1] DEBUG c.p.i.a.in.web.ProductController - Request to Products Sorted
2025-04-29 09:24:23,680 [http-nio-auto-1-exec-1] INFO  c.p.a.service.ProductService - Requested the products, factors: saleFactor: 0 stockFactor: 1
2025-04-29 09:24:24,592 [http-nio-auto-1-exec-2] DEBUG c.p.i.a.in.web.ProductController - Request to Products Sorted
2025-04-29 09:24:24,593 [http-nio-auto-1-exec-2] INFO  c.p.a.service.ProductService - Requested the products, factors: saleFactor: 1 stockFactor: 0
2025-04-29 09:25:09,201 [main] INFO  c.p.i.a.i.w.ProductControllerIntegrationTest - Starting ProductControllerIntegrationTest using Java 21.0.7 with PID 16610 (started by angelperez in /home/angelperez/TestProjects/ITX_Comercial_CasoPractico)
2025-04-29 09:25:09,204 [main] DEBUG c.p.i.a.i.w.ProductControllerIntegrationTest - Running with Spring Boot v3.4.1, Spring v6.2.1
2025-04-29 09:25:09,207 [main] INFO  c.p.i.a.i.w.ProductControllerIntegrationTest - No active profile set, falling back to 1 default profile: "default"
2025-04-29 09:25:37,418 [main] INFO  c.p.i.a.i.w.ProductControllerIntegrationTest - Started ProductControllerIntegrationTest in 29.173 seconds (process running for 33.259)
2025-04-29 09:25:39,654 [http-nio-auto-1-exec-1] DEBUG c.p.i.a.in.web.ProductController - Request to Products Sorted
2025-04-29 09:25:39,668 [http-nio-auto-1-exec-1] INFO  c.p.a.service.ProductService - Requested the products, factors: saleFactor: 1 stockFactor: 0
2025-04-29 09:27:05,942 [main] INFO  c.p.i.a.i.w.ProductControllerIntegrationTest - Starting ProductControllerIntegrationTest using Java 21.0.7 with PID 16886 (started by angelperez in /home/angelperez/TestProjects/ITX_Comercial_CasoPractico)
2025-04-29 09:27:05,944 [main] DEBUG c.p.i.a.i.w.ProductControllerIntegrationTest - Running with Spring Boot v3.4.1, Spring v6.2.1
2025-04-29 09:27:05,945 [main] INFO  c.p.i.a.i.w.ProductControllerIntegrationTest - No active profile set, falling back to 1 default profile: "default"
2025-04-29 09:27:14,705 [main] INFO  c.p.i.a.i.w.ProductControllerIntegrationTest - Started ProductControllerIntegrationTest in 9.206 seconds (process running for 12.22)
2025-04-29 09:27:15,706 [http-nio-auto-1-exec-1] DEBUG c.p.i.a.in.web.ProductController - Request to Products Sorted
2025-04-29 09:27:15,715 [http-nio-auto-1-exec-1] INFO  c.p.a.service.ProductService - Requested the products, factors: saleFactor: 0 stockFactor: 1
2025-04-29 09:27:16,053 [http-nio-auto-1-exec-2] DEBUG c.p.i.a.in.web.ProductController - Request to Products Sorted
2025-04-29 09:27:16,054 [http-nio-auto-1-exec-2] INFO  c.p.a.service.ProductService - Requested the products, factors: saleFactor: 1 stockFactor: 0
2025-04-29 09:43:11,971 [main] INFO  c.p.i.a.i.w.ProductControllerIntegrationTest - Starting ProductControllerIntegrationTest using Java 21.0.7 with PID 18542 (started by angelperez in /home/angelperez/TestProjects/ITX_Comercial_CasoPractico)
2025-04-29 09:43:11,972 [main] DEBUG c.p.i.a.i.w.ProductControllerIntegrationTest - Running with Spring Boot v3.4.1, Spring v6.2.1
2025-04-29 09:43:11,973 [main] INFO  c.p.i.a.i.w.ProductControllerIntegrationTest - No active profile set, falling back to 1 default profile: "default"
2025-04-29 09:43:16,258 [main] INFO  c.p.i.a.i.w.ProductControllerIntegrationTest - Started ProductControllerIntegrationTest in 4.563 seconds (process running for 6.472)
2025-04-29 09:43:16,744 [http-nio-auto-1-exec-1] DEBUG c.p.i.a.in.web.ProductController - Request to Products Sorted
2025-04-29 09:43:16,748 [http-nio-auto-1-exec-1] INFO  c.p.a.service.ProductService - Requested the products, factors: saleFactor: 0 stockFactor: 1
2025-04-29 09:43:16,920 [http-nio-auto-1-exec-2] DEBUG c.p.i.a.in.web.ProductController - Request to Products Sorted
2025-04-29 09:43:16,920 [http-nio-auto-1-exec-2] INFO  c.p.a.service.ProductService - Requested the products, factors: saleFactor: 0 stockFactor: 0
2025-04-29 09:43:16,947 [http-nio-auto-1-exec-3] DEBUG c.p.i.a.in.web.ProductController - Request to Products Sorted
2025-04-29 09:43:16,947 [http-nio-auto-1-exec-3] INFO  c.p.a.service.ProductService - Requested the products, factors: saleFactor: 1 stockFactor: 0
2025-04-29 09:43:16,957 [http-nio-auto-1-exec-4] DEBUG c.p.i.a.in.web.ProductController - Request to Products Sorted
2025-04-29 09:43:16,957 [http-nio-auto-1-exec-4] INFO  c.p.a.service.ProductService - Requested the products, factors: saleFactor: 0 stockFactor: 0
2025-04-29 09:47:11,393 [main] DEBUG c.p.i.a.in.web.ProductController - Request to Products Sorted
2025-04-29 09:47:11,439 [main] DEBUG c.p.i.a.in.web.ProductController - Request to Products Sorted
2025-04-29 09:47:11,447 [main] DEBUG c.p.i.a.in.web.ProductController - Request to Products Sorted
2025-04-29 09:49:32,657 [main] INFO  c.p.PruebaItxApplicationTests - Starting PruebaItxApplicationTests using Java 21.0.7 with PID 19649 (started by angelperez in /home/angelperez/TestProjects/ITX_Comercial_CasoPractico)
2025-04-29 09:49:32,658 [main] DEBUG c.p.PruebaItxApplicationTests - Running with Spring Boot v3.4.1, Spring v6.2.1
2025-04-29 09:49:32,659 [main] INFO  c.p.PruebaItxApplicationTests - No active profile set, falling back to 1 default profile: "default"
2025-04-29 09:49:39,406 [main] INFO  c.p.PruebaItxApplicationTests - Started PruebaItxApplicationTests in 7.073 seconds (process running for 8.812)
2025-04-29 09:49:48,411 [main] DEBUG c.p.i.a.in.web.ProductController - Request to Products Sorted
2025-04-29 09:49:48,498 [main] DEBUG c.p.i.a.in.web.ProductController - Request to Products Sorted
2025-04-29 09:49:48,518 [main] DEBUG c.p.i.a.in.web.ProductController - Request to Products Sorted
2025-04-29 09:50:17,549 [main] INFO  c.p.i.a.i.w.ProductControllerIntegrationTest - Starting ProductControllerIntegrationTest using Java 21.0.7 with PID 20013 (started by angelperez in /home/angelperez/TestProjects/ITX_Comercial_CasoPractico)
2025-04-29 09:50:17,551 [main] DEBUG c.p.i.a.i.w.ProductControllerIntegrationTest - Running with Spring Boot v3.4.1, Spring v6.2.1
2025-04-29 09:50:17,553 [main] INFO  c.p.i.a.i.w.ProductControllerIntegrationTest - No active profile set, falling back to 1 default profile: "default"
2025-04-29 09:50:27,170 [main] INFO  c.p.i.a.i.w.ProductControllerIntegrationTest - Started ProductControllerIntegrationTest in 10.176 seconds (process running for 13.141)
2025-04-29 09:50:28,289 [http-nio-auto-1-exec-1] DEBUG c.p.i.a.in.web.ProductController - Request to Products Sorted
2025-04-29 09:50:28,302 [http-nio-auto-1-exec-1] INFO  c.p.a.service.ProductService - Requested the products, factors: saleFactor: 0 stockFactor: 1
2025-04-29 09:50:28,697 [http-nio-auto-1-exec-2] DEBUG c.p.i.a.in.web.ProductController - Request to Products Sorted
2025-04-29 09:50:28,698 [http-nio-auto-1-exec-2] INFO  c.p.a.service.ProductService - Requested the products, factors: saleFactor: 0 stockFactor: 0
2025-04-29 09:50:28,738 [http-nio-auto-1-exec-3] DEBUG c.p.i.a.in.web.ProductController - Request to Products Sorted
2025-04-29 09:50:28,738 [http-nio-auto-1-exec-3] INFO  c.p.a.service.ProductService - Requested the products, factors: saleFactor: 1 stockFactor: 0
2025-04-29 09:50:28,753 [http-nio-auto-1-exec-4] DEBUG c.p.i.a.in.web.ProductController - Request to Products Sorted
2025-04-29 09:50:28,754 [http-nio-auto-1-exec-4] INFO  c.p.a.service.ProductService - Requested the products, factors: saleFactor: 0 stockFactor: 0
2025-04-29 09:52:43,494 [main] INFO  c.p.PruebaItxApplicationTests - Starting PruebaItxApplicationTests using Java 21.0.6 with PID 20997 (started by angelperez in /home/angelperez/TestProjects/ITX_Comercial_CasoPractico)
2025-04-29 09:52:43,496 [main] DEBUG c.p.PruebaItxApplicationTests - Running with Spring Boot v3.4.1, Spring v6.2.1
2025-04-29 09:52:43,497 [main] INFO  c.p.PruebaItxApplicationTests - No active profile set, falling back to 1 default profile: "default"
2025-04-29 09:52:51,612 [main] INFO  c.p.PruebaItxApplicationTests - Started PruebaItxApplicationTests in 8.437 seconds (process running for 9.935)
2025-04-29 09:52:52,310 [main] DEBUG c.p.i.a.in.web.ProductController - Request to Products Sorted
2025-04-29 09:52:52,331 [main] DEBUG c.p.i.a.in.web.ProductController - Request to Products Sorted
2025-04-29 09:52:52,337 [main] DEBUG c.p.i.a.in.web.ProductController - Request to Products Sorted
2025-04-29 09:52:52,491 [main] INFO  c.p.a.service.ProductService - Requested the products, factors: saleFactor: 1 stockFactor: 2
2025-04-29 09:52:52,685 [main] INFO  c.p.i.a.i.w.ProductControllerIntegrationTest - Starting ProductControllerIntegrationTest using Java 21.0.6 with PID 20997 (started by angelperez in /home/angelperez/TestProjects/ITX_Comercial_CasoPractico)
2025-04-29 09:52:52,685 [main] DEBUG c.p.i.a.i.w.ProductControllerIntegrationTest - Running with Spring Boot v3.4.1, Spring v6.2.1
2025-04-29 09:52:52,685 [main] INFO  c.p.i.a.i.w.ProductControllerIntegrationTest - No active profile set, falling back to 1 default profile: "default"
2025-04-29 09:52:54,229 [main] ERROR o.s.boot.SpringApplication - Application run failed
org.springframework.beans.factory.BeanCreationException: Error creating bean with name 'h2TcpServer' defined in class path resource [com/pruebaItx/infrastructure/config/H2ServerConfig.class]: Exception abriendo puerto "9092" (el puerto puede estar en uso), causa: "java.net.BindException: La dirección ya se está usando"
Exception opening port "9092" (port may be in use), cause: "java.net.BindException: La dirección ya se está usando" [90061-232]
	at org.springframework.beans.factory.support.AbstractAutowireCapableBeanFactory.initializeBean(AbstractAutowireCapableBeanFactory.java:1808)
	at org.springframework.beans.factory.support.AbstractAutowireCapableBeanFactory.doCreateBean(AbstractAutowireCapableBeanFactory.java:601)
	at org.springframework.beans.factory.support.AbstractAutowireCapableBeanFactory.createBean(AbstractAutowireCapableBeanFactory.java:523)
	at org.springframework.beans.factory.support.AbstractBeanFactory.lambda$doGetBean$0(AbstractBeanFactory.java:336)
	at org.springframework.beans.factory.support.DefaultSingletonBeanRegistry.getSingleton(DefaultSingletonBeanRegistry.java:289)
	at org.springframework.beans.factory.support.AbstractBeanFactory.doGetBean(AbstractBeanFactory.java:334)
	at org.springframework.beans.factory.support.AbstractBeanFactory.getBean(AbstractBeanFactory.java:199)
	at org.springframework.beans.factory.support.DefaultListableBeanFactory.instantiateSingleton(DefaultListableBeanFactory.java:1122)
	at org.springframework.beans.factory.support.DefaultListableBeanFactory.preInstantiateSingleton(DefaultListableBeanFactory.java:1093)
	at org.springframework.beans.factory.support.DefaultListableBeanFactory.preInstantiateSingletons(DefaultListableBeanFactory.java:1030)
	at org.springframework.context.support.AbstractApplicationContext.finishBeanFactoryInitialization(AbstractApplicationContext.java:987)
	at org.springframework.context.support.AbstractApplicationContext.refresh(AbstractApplicationContext.java:627)
	at org.springframework.boot.web.servlet.context.ServletWebServerApplicationContext.refresh(ServletWebServerApplicationContext.java:146)
	at org.springframework.boot.SpringApplication.refresh(SpringApplication.java:752)
	at org.springframework.boot.SpringApplication.refreshContext(SpringApplication.java:439)
	at org.springframework.boot.SpringApplication.run(SpringApplication.java:318)
	at org.springframework.boot.test.context.SpringBootContextLoader.lambda$loadContext$3(SpringBootContextLoader.java:137)
	at org.springframework.util.function.ThrowingSupplier.get(ThrowingSupplier.java:58)
	at org.springframework.util.function.ThrowingSupplier.get(ThrowingSupplier.java:46)
	at org.springframework.boot.SpringApplication.withHook(SpringApplication.java:1461)
	at org.springframework.boot.test.context.SpringBootContextLoader$ContextLoaderHook.run(SpringBootContextLoader.java:553)
	at org.springframework.boot.test.context.SpringBootContextLoader.loadContext(SpringBootContextLoader.java:137)
	at org.springframework.boot.test.context.SpringBootContextLoader.loadContext(SpringBootContextLoader.java:108)
	at org.springframework.test.context.cache.DefaultCacheAwareContextLoaderDelegate.loadContextInternal(DefaultCacheAwareContextLoaderDelegate.java:225)
	at org.springframework.test.context.cache.DefaultCacheAwareContextLoaderDelegate.loadContext(DefaultCacheAwareContextLoaderDelegate.java:152)
	at org.springframework.test.context.support.DefaultTestContext.getApplicationContext(DefaultTestContext.java:130)
	at org.springframework.test.context.support.DependencyInjectionTestExecutionListener.injectDependencies(DependencyInjectionTestExecutionListener.java:142)
	at org.springframework.test.context.support.DependencyInjectionTestExecutionListener.prepareTestInstance(DependencyInjectionTestExecutionListener.java:98)
	at org.springframework.test.context.TestContextManager.prepareTestInstance(TestContextManager.java:260)
	at org.springframework.test.context.junit.jupiter.SpringExtension.postProcessTestInstance(SpringExtension.java:160)
	at org.junit.jupiter.engine.descriptor.ClassBasedTestDescriptor.lambda$invokeTestInstancePostProcessors$11(ClassBasedTestDescriptor.java:378)
	at org.junit.jupiter.engine.descriptor.ClassBasedTestDescriptor.executeAndMaskThrowable(ClassBasedTestDescriptor.java:383)
	at org.junit.jupiter.engine.descriptor.ClassBasedTestDescriptor.lambda$invokeTestInstancePostProcessors$12(ClassBasedTestDescriptor.java:378)
	at java.base/java.util.stream.ForEachOps$ForEachOp$OfRef.accept(ForEachOps.java:184)
	at java.base/java.util.stream.ReferencePipeline$3$1.accept(ReferencePipeline.java:197)
	at java.base/java.util.stream.ReferencePipeline$2$1.accept(ReferencePipeline.java:179)
	at java.base/java.util.stream.ReferencePipeline$3$1.accept(ReferencePipeline.java:197)
	at java.base/java.util.ArrayList$ArrayListSpliterator.forEachRemaining(ArrayList.java:1708)
	at java.base/java.util.stream.AbstractPipeline.copyInto(AbstractPipeline.java:509)
	at java.base/java.util.stream.AbstractPipeline.wrapAndCopyInto(AbstractPipeline.java:499)
	at java.base/java.util.stream.ForEachOps$ForEachOp.evaluateSequential(ForEachOps.java:151)
	at java.base/java.util.stream.ForEachOps$ForEachOp$OfRef.evaluateSequential(ForEachOps.java:174)
	at java.base/java.util.stream.AbstractPipeline.evaluate(AbstractPipeline.java:234)
	at java.base/java.util.stream.ReferencePipeline.forEach(ReferencePipeline.java:596)
	at org.junit.jupiter.engine.descriptor.ClassBasedTestDescriptor.invokeTestInstancePostProcessors(ClassBasedTestDescriptor.java:377)
	at org.junit.jupiter.engine.descriptor.ClassBasedTestDescriptor.lambda$instantiateAndPostProcessTestInstance$7(ClassBasedTestDescriptor.java:290)
	at org.junit.platform.engine.support.hierarchical.ThrowableCollector.execute(ThrowableCollector.java:73)
	at org.junit.jupiter.engine.descriptor.ClassBasedTestDescriptor.instantiateAndPostProcessTestInstance(ClassBasedTestDescriptor.java:289)
	at org.junit.jupiter.engine.descriptor.ClassBasedTestDescriptor.lambda$testInstancesProvider$5(ClassBasedTestDescriptor.java:279)
	at java.base/java.util.Optional.orElseGet(Optional.java:364)
	at org.junit.jupiter.engine.descriptor.ClassBasedTestDescriptor.lambda$testInstancesProvider$6(ClassBasedTestDescriptor.java:278)
	at org.junit.jupiter.engine.execution.TestInstancesProvider.getTestInstances(TestInstancesProvider.java:31)
	at org.junit.jupiter.engine.descriptor.TestMethodTestDescriptor.lambda$prepare$1(TestMethodTestDescriptor.java:105)
	at org.junit.platform.engine.support.hierarchical.ThrowableCollector.execute(ThrowableCollector.java:73)
	at org.junit.jupiter.engine.descriptor.TestMethodTestDescriptor.prepare(TestMethodTestDescriptor.java:104)
	at org.junit.jupiter.engine.descriptor.TestMethodTestDescriptor.prepare(TestMethodTestDescriptor.java:68)
	at org.junit.platform.engine.support.hierarchical.NodeTestTask.lambda$prepare$2(NodeTestTask.java:128)
	at org.junit.platform.engine.support.hierarchical.ThrowableCollector.execute(ThrowableCollector.java:73)
	at org.junit.platform.engine.support.hierarchical.NodeTestTask.prepare(NodeTestTask.java:128)
	at org.junit.platform.engine.support.hierarchical.NodeTestTask.execute(NodeTestTask.java:95)
	at java.base/java.util.ArrayList.forEach(ArrayList.java:1596)
	at org.junit.platform.engine.support.hierarchical.SameThreadHierarchicalTestExecutorService.invokeAll(SameThreadHierarchicalTestExecutorService.java:41)
	at org.junit.platform.engine.support.hierarchical.NodeTestTask.lambda$executeRecursively$6(NodeTestTask.java:160)
	at org.junit.platform.engine.support.hierarchical.ThrowableCollector.execute(ThrowableCollector.java:73)
	at org.junit.platform.engine.support.hierarchical.NodeTestTask.lambda$executeRecursively$8(NodeTestTask.java:146)
	at org.junit.platform.engine.support.hierarchical.Node.around(Node.java:137)
	at org.junit.platform.engine.support.hierarchical.NodeTestTask.lambda$executeRecursively$9(NodeTestTask.java:144)
	at org.junit.platform.engine.support.hierarchical.ThrowableCollector.execute(ThrowableCollector.java:73)
	at org.junit.platform.engine.support.hierarchical.NodeTestTask.executeRecursively(NodeTestTask.java:143)
	at org.junit.platform.engine.support.hierarchical.NodeTestTask.execute(NodeTestTask.java:100)
	at java.base/java.util.ArrayList.forEach(ArrayList.java:1596)
	at org.junit.platform.engine.support.hierarchical.SameThreadHierarchicalTestExecutorService.invokeAll(SameThreadHierarchicalTestExecutorService.java:41)
	at org.junit.platform.engine.support.hierarchical.NodeTestTask.lambda$executeRecursively$6(NodeTestTask.java:160)
	at org.junit.platform.engine.support.hierarchical.ThrowableCollector.execute(ThrowableCollector.java:73)
	at org.junit.platform.engine.support.hierarchical.NodeTestTask.lambda$executeRecursively$8(NodeTestTask.java:146)
	at org.junit.platform.engine.support.hierarchical.Node.around(Node.java:137)
	at org.junit.platform.engine.support.hierarchical.NodeTestTask.lambda$executeRecursively$9(NodeTestTask.java:144)
	at org.junit.platform.engine.support.hierarchical.ThrowableCollector.execute(ThrowableCollector.java:73)
	at org.junit.platform.engine.support.hierarchical.NodeTestTask.executeRecursively(NodeTestTask.java:143)
	at org.junit.platform.engine.support.hierarchical.NodeTestTask.execute(NodeTestTask.java:100)
	at org.junit.platform.engine.support.hierarchical.SameThreadHierarchicalTestExecutorService.submit(SameThreadHierarchicalTestExecutorService.java:35)
	at org.junit.platform.engine.support.hierarchical.HierarchicalTestExecutor.execute(HierarchicalTestExecutor.java:57)
	at org.junit.platform.engine.support.hierarchical.HierarchicalTestEngine.execute(HierarchicalTestEngine.java:54)
	at org.junit.platform.launcher.core.EngineExecutionOrchestrator.execute(EngineExecutionOrchestrator.java:147)
	at org.junit.platform.launcher.core.EngineExecutionOrchestrator.execute(EngineExecutionOrchestrator.java:127)
	at org.junit.platform.launcher.core.EngineExecutionOrchestrator.execute(EngineExecutionOrchestrator.java:90)
	at org.junit.platform.launcher.core.EngineExecutionOrchestrator.lambda$execute$0(EngineExecutionOrchestrator.java:55)
	at org.junit.platform.launcher.core.EngineExecutionOrchestrator.withInterceptedStreams(EngineExecutionOrchestrator.java:102)
	at org.junit.platform.launcher.core.EngineExecutionOrchestrator.execute(EngineExecutionOrchestrator.java:54)
	at org.junit.platform.launcher.core.DefaultLauncher.execute(DefaultLauncher.java:114)
	at org.junit.platform.launcher.core.DefaultLauncher.execute(DefaultLauncher.java:86)
	at org.junit.platform.launcher.core.DefaultLauncherSession$DelegatingLauncher.execute(DefaultLauncherSession.java:86)
	at org.junit.platform.launcher.core.SessionPerRequestLauncher.execute(SessionPerRequestLauncher.java:53)
	at org.pitest.junit5.JUnit5TestUnitFinder.findTestUnits(JUnit5TestUnitFinder.java:83)
	at org.pitest.mutationtest.config.PrioritisingTestUnitFinder.findTestUnits(PrioritisingTestUnitFinder.java:20)
	at org.pitest.testapi.execute.FindTestUnits.findTestUnits(FindTestUnits.java:64)
	at org.pitest.testapi.execute.FindTestUnits.getTestUnits(FindTestUnits.java:47)
	at org.pitest.testapi.execute.FindTestUnits.findTestUnitsForAllSuppliedClasses(FindTestUnits.java:36)
	at org.pitest.coverage.execute.CoverageMinion.discoverTests(CoverageMinion.java:168)
	at org.pitest.coverage.execute.CoverageMinion.getTestsFromParent(CoverageMinion.java:154)
	at org.pitest.coverage.execute.CoverageMinion.main(CoverageMinion.java:82)
Caused by: org.h2.jdbc.JdbcSQLNonTransientConnectionException: Exception abriendo puerto "9092" (el puerto puede estar en uso), causa: "java.net.BindException: La dirección ya se está usando"
Exception opening port "9092" (port may be in use), cause: "java.net.BindException: La dirección ya se está usando" [90061-232]
	at org.h2.message.DbException.getJdbcSQLException(DbException.java:690)
	at org.h2.message.DbException.getJdbcSQLException(DbException.java:489)
	at org.h2.message.DbException.get(DbException.java:212)
	at org.h2.util.NetUtils.createServerSocketTry(NetUtils.java:206)
	at org.h2.util.NetUtils.createServerSocket(NetUtils.java:172)
	at org.h2.server.TcpServer.start(TcpServer.java:241)
	at org.h2.tools.Server.start(Server.java:551)
	at java.base/jdk.internal.reflect.DirectMethodHandleAccessor.invoke(DirectMethodHandleAccessor.java:103)
	at java.base/java.lang.reflect.Method.invoke(Method.java:580)
	at org.springframework.beans.factory.support.AbstractAutowireCapableBeanFactory.invokeCustomInitMethod(AbstractAutowireCapableBeanFactory.java:1912)
	at org.springframework.beans.factory.support.AbstractAutowireCapableBeanFactory.invokeInitMethods(AbstractAutowireCapableBeanFactory.java:1865)
	at org.springframework.beans.factory.support.AbstractAutowireCapableBeanFactory.initializeBean(AbstractAutowireCapableBeanFactory.java:1804)
	... 100 common frames omitted
Caused by: java.net.BindException: La dirección ya se está usando
	at java.base/sun.nio.ch.Net.bind0(Native Method)
	at java.base/sun.nio.ch.Net.bind(Net.java:565)
	at java.base/sun.nio.ch.Net.bind(Net.java:554)
	at java.base/sun.nio.ch.NioSocketImpl.bind(NioSocketImpl.java:636)
	at java.base/java.net.ServerSocket.bind(ServerSocket.java:391)
	at java.base/java.net.ServerSocket.<init>(ServerSocket.java:278)
	at java.base/java.net.ServerSocket.<init>(ServerSocket.java:171)
	at org.h2.util.NetUtils.createServerSocketTry(NetUtils.java:202)
	... 108 common frames omitted
2025-04-29 09:52:54,319 [main] DEBUG c.p.i.a.in.web.ProductController - Request to Products Sorted
2025-04-29 09:52:54,329 [main] DEBUG c.p.i.a.in.web.ProductController - Request to Products Sorted
2025-04-29 09:52:54,337 [main] DEBUG c.p.i.a.in.web.ProductController - Request to Products Sorted
2025-04-29 09:52:54,347 [main] DEBUG c.p.i.a.in.web.ProductController - Request to Products Sorted
2025-04-29 09:53:25,470 [main] INFO  c.p.PruebaItxApplicationTests - Starting PruebaItxApplicationTests using Java 21.0.6 with PID 21461 (started by angelperez in /home/angelperez/TestProjects/ITX_Comercial_CasoPractico)
2025-04-29 09:53:25,473 [main] DEBUG c.p.PruebaItxApplicationTests - Running with Spring Boot v3.4.1, Spring v6.2.1
2025-04-29 09:53:25,475 [main] INFO  c.p.PruebaItxApplicationTests - No active profile set, falling back to 1 default profile: "default"
2025-04-29 09:53:32,096 [main] INFO  c.p.PruebaItxApplicationTests - Started PruebaItxApplicationTests in 7.115 seconds (process running for 8.613)
2025-04-29 09:53:32,845 [main] DEBUG c.p.i.a.in.web.ProductController - Request to Products Sorted
2025-04-29 09:53:32,866 [main] DEBUG c.p.i.a.in.web.ProductController - Request to Products Sorted
2025-04-29 09:53:32,871 [main] DEBUG c.p.i.a.in.web.ProductController - Request to Products Sorted
2025-04-29 09:53:33,027 [main] INFO  c.p.a.service.ProductService - Requested the products, factors: saleFactor: 1 stockFactor: 2
2025-04-29 09:53:33,221 [main] INFO  c.p.i.a.i.w.ProductControllerIntegrationTest - Starting ProductControllerIntegrationTest using Java 21.0.6 with PID 21461 (started by angelperez in /home/angelperez/TestProjects/ITX_Comercial_CasoPractico)
2025-04-29 09:53:33,221 [main] DEBUG c.p.i.a.i.w.ProductControllerIntegrationTest - Running with Spring Boot v3.4.1, Spring v6.2.1
2025-04-29 09:53:33,222 [main] INFO  c.p.i.a.i.w.ProductControllerIntegrationTest - No active profile set, falling back to 1 default profile: "default"
2025-04-29 09:53:34,610 [main] ERROR o.s.boot.SpringApplication - Application run failed
org.springframework.beans.factory.BeanCreationException: Error creating bean with name 'h2TcpServer' defined in class path resource [com/pruebaItx/infrastructure/config/H2ServerConfig.class]: Exception abriendo puerto "9092" (el puerto puede estar en uso), causa: "java.net.BindException: La dirección ya se está usando"
Exception opening port "9092" (port may be in use), cause: "java.net.BindException: La dirección ya se está usando" [90061-232]
	at org.springframework.beans.factory.support.AbstractAutowireCapableBeanFactory.initializeBean(AbstractAutowireCapableBeanFactory.java:1808)
	at org.springframework.beans.factory.support.AbstractAutowireCapableBeanFactory.doCreateBean(AbstractAutowireCapableBeanFactory.java:601)
	at org.springframework.beans.factory.support.AbstractAutowireCapableBeanFactory.createBean(AbstractAutowireCapableBeanFactory.java:523)
	at org.springframework.beans.factory.support.AbstractBeanFactory.lambda$doGetBean$0(AbstractBeanFactory.java:336)
	at org.springframework.beans.factory.support.DefaultSingletonBeanRegistry.getSingleton(DefaultSingletonBeanRegistry.java:289)
	at org.springframework.beans.factory.support.AbstractBeanFactory.doGetBean(AbstractBeanFactory.java:334)
	at org.springframework.beans.factory.support.AbstractBeanFactory.getBean(AbstractBeanFactory.java:199)
	at org.springframework.beans.factory.support.DefaultListableBeanFactory.instantiateSingleton(DefaultListableBeanFactory.java:1122)
	at org.springframework.beans.factory.support.DefaultListableBeanFactory.preInstantiateSingleton(DefaultListableBeanFactory.java:1093)
	at org.springframework.beans.factory.support.DefaultListableBeanFactory.preInstantiateSingletons(DefaultListableBeanFactory.java:1030)
	at org.springframework.context.support.AbstractApplicationContext.finishBeanFactoryInitialization(AbstractApplicationContext.java:987)
	at org.springframework.context.support.AbstractApplicationContext.refresh(AbstractApplicationContext.java:627)
	at org.springframework.boot.web.servlet.context.ServletWebServerApplicationContext.refresh(ServletWebServerApplicationContext.java:146)
	at org.springframework.boot.SpringApplication.refresh(SpringApplication.java:752)
	at org.springframework.boot.SpringApplication.refreshContext(SpringApplication.java:439)
	at org.springframework.boot.SpringApplication.run(SpringApplication.java:318)
	at org.springframework.boot.test.context.SpringBootContextLoader.lambda$loadContext$3(SpringBootContextLoader.java:137)
	at org.springframework.util.function.ThrowingSupplier.get(ThrowingSupplier.java:58)
	at org.springframework.util.function.ThrowingSupplier.get(ThrowingSupplier.java:46)
	at org.springframework.boot.SpringApplication.withHook(SpringApplication.java:1461)
	at org.springframework.boot.test.context.SpringBootContextLoader$ContextLoaderHook.run(SpringBootContextLoader.java:553)
	at org.springframework.boot.test.context.SpringBootContextLoader.loadContext(SpringBootContextLoader.java:137)
	at org.springframework.boot.test.context.SpringBootContextLoader.loadContext(SpringBootContextLoader.java:108)
	at org.springframework.test.context.cache.DefaultCacheAwareContextLoaderDelegate.loadContextInternal(DefaultCacheAwareContextLoaderDelegate.java:225)
	at org.springframework.test.context.cache.DefaultCacheAwareContextLoaderDelegate.loadContext(DefaultCacheAwareContextLoaderDelegate.java:152)
	at org.springframework.test.context.support.DefaultTestContext.getApplicationContext(DefaultTestContext.java:130)
	at org.springframework.test.context.support.DependencyInjectionTestExecutionListener.injectDependencies(DependencyInjectionTestExecutionListener.java:142)
	at org.springframework.test.context.support.DependencyInjectionTestExecutionListener.prepareTestInstance(DependencyInjectionTestExecutionListener.java:98)
	at org.springframework.test.context.TestContextManager.prepareTestInstance(TestContextManager.java:260)
	at org.springframework.test.context.junit.jupiter.SpringExtension.postProcessTestInstance(SpringExtension.java:160)
	at org.junit.jupiter.engine.descriptor.ClassBasedTestDescriptor.lambda$invokeTestInstancePostProcessors$11(ClassBasedTestDescriptor.java:378)
	at org.junit.jupiter.engine.descriptor.ClassBasedTestDescriptor.executeAndMaskThrowable(ClassBasedTestDescriptor.java:383)
	at org.junit.jupiter.engine.descriptor.ClassBasedTestDescriptor.lambda$invokeTestInstancePostProcessors$12(ClassBasedTestDescriptor.java:378)
	at java.base/java.util.stream.ForEachOps$ForEachOp$OfRef.accept(ForEachOps.java:184)
	at java.base/java.util.stream.ReferencePipeline$3$1.accept(ReferencePipeline.java:197)
	at java.base/java.util.stream.ReferencePipeline$2$1.accept(ReferencePipeline.java:179)
	at java.base/java.util.stream.ReferencePipeline$3$1.accept(ReferencePipeline.java:197)
	at java.base/java.util.ArrayList$ArrayListSpliterator.forEachRemaining(ArrayList.java:1708)
	at java.base/java.util.stream.AbstractPipeline.copyInto(AbstractPipeline.java:509)
	at java.base/java.util.stream.AbstractPipeline.wrapAndCopyInto(AbstractPipeline.java:499)
	at java.base/java.util.stream.ForEachOps$ForEachOp.evaluateSequential(ForEachOps.java:151)
	at java.base/java.util.stream.ForEachOps$ForEachOp$OfRef.evaluateSequential(ForEachOps.java:174)
	at java.base/java.util.stream.AbstractPipeline.evaluate(AbstractPipeline.java:234)
	at java.base/java.util.stream.ReferencePipeline.forEach(ReferencePipeline.java:596)
	at org.junit.jupiter.engine.descriptor.ClassBasedTestDescriptor.invokeTestInstancePostProcessors(ClassBasedTestDescriptor.java:377)
	at org.junit.jupiter.engine.descriptor.ClassBasedTestDescriptor.lambda$instantiateAndPostProcessTestInstance$7(ClassBasedTestDescriptor.java:290)
	at org.junit.platform.engine.support.hierarchical.ThrowableCollector.execute(ThrowableCollector.java:73)
	at org.junit.jupiter.engine.descriptor.ClassBasedTestDescriptor.instantiateAndPostProcessTestInstance(ClassBasedTestDescriptor.java:289)
	at org.junit.jupiter.engine.descriptor.ClassBasedTestDescriptor.lambda$testInstancesProvider$5(ClassBasedTestDescriptor.java:279)
	at java.base/java.util.Optional.orElseGet(Optional.java:364)
	at org.junit.jupiter.engine.descriptor.ClassBasedTestDescriptor.lambda$testInstancesProvider$6(ClassBasedTestDescriptor.java:278)
	at org.junit.jupiter.engine.execution.TestInstancesProvider.getTestInstances(TestInstancesProvider.java:31)
	at org.junit.jupiter.engine.descriptor.TestMethodTestDescriptor.lambda$prepare$1(TestMethodTestDescriptor.java:105)
	at org.junit.platform.engine.support.hierarchical.ThrowableCollector.execute(ThrowableCollector.java:73)
	at org.junit.jupiter.engine.descriptor.TestMethodTestDescriptor.prepare(TestMethodTestDescriptor.java:104)
	at org.junit.jupiter.engine.descriptor.TestMethodTestDescriptor.prepare(TestMethodTestDescriptor.java:68)
	at org.junit.platform.engine.support.hierarchical.NodeTestTask.lambda$prepare$2(NodeTestTask.java:128)
	at org.junit.platform.engine.support.hierarchical.ThrowableCollector.execute(ThrowableCollector.java:73)
	at org.junit.platform.engine.support.hierarchical.NodeTestTask.prepare(NodeTestTask.java:128)
	at org.junit.platform.engine.support.hierarchical.NodeTestTask.execute(NodeTestTask.java:95)
	at java.base/java.util.ArrayList.forEach(ArrayList.java:1596)
	at org.junit.platform.engine.support.hierarchical.SameThreadHierarchicalTestExecutorService.invokeAll(SameThreadHierarchicalTestExecutorService.java:41)
	at org.junit.platform.engine.support.hierarchical.NodeTestTask.lambda$executeRecursively$6(NodeTestTask.java:160)
	at org.junit.platform.engine.support.hierarchical.ThrowableCollector.execute(ThrowableCollector.java:73)
	at org.junit.platform.engine.support.hierarchical.NodeTestTask.lambda$executeRecursively$8(NodeTestTask.java:146)
	at org.junit.platform.engine.support.hierarchical.Node.around(Node.java:137)
	at org.junit.platform.engine.support.hierarchical.NodeTestTask.lambda$executeRecursively$9(NodeTestTask.java:144)
	at org.junit.platform.engine.support.hierarchical.ThrowableCollector.execute(ThrowableCollector.java:73)
	at org.junit.platform.engine.support.hierarchical.NodeTestTask.executeRecursively(NodeTestTask.java:143)
	at org.junit.platform.engine.support.hierarchical.NodeTestTask.execute(NodeTestTask.java:100)
	at java.base/java.util.ArrayList.forEach(ArrayList.java:1596)
	at org.junit.platform.engine.support.hierarchical.SameThreadHierarchicalTestExecutorService.invokeAll(SameThreadHierarchicalTestExecutorService.java:41)
	at org.junit.platform.engine.support.hierarchical.NodeTestTask.lambda$executeRecursively$6(NodeTestTask.java:160)
	at org.junit.platform.engine.support.hierarchical.ThrowableCollector.execute(ThrowableCollector.java:73)
	at org.junit.platform.engine.support.hierarchical.NodeTestTask.lambda$executeRecursively$8(NodeTestTask.java:146)
	at org.junit.platform.engine.support.hierarchical.Node.around(Node.java:137)
	at org.junit.platform.engine.support.hierarchical.NodeTestTask.lambda$executeRecursively$9(NodeTestTask.java:144)
	at org.junit.platform.engine.support.hierarchical.ThrowableCollector.execute(ThrowableCollector.java:73)
	at org.junit.platform.engine.support.hierarchical.NodeTestTask.executeRecursively(NodeTestTask.java:143)
	at org.junit.platform.engine.support.hierarchical.NodeTestTask.execute(NodeTestTask.java:100)
	at org.junit.platform.engine.support.hierarchical.SameThreadHierarchicalTestExecutorService.submit(SameThreadHierarchicalTestExecutorService.java:35)
	at org.junit.platform.engine.support.hierarchical.HierarchicalTestExecutor.execute(HierarchicalTestExecutor.java:57)
	at org.junit.platform.engine.support.hierarchical.HierarchicalTestEngine.execute(HierarchicalTestEngine.java:54)
	at org.junit.platform.launcher.core.EngineExecutionOrchestrator.execute(EngineExecutionOrchestrator.java:147)
	at org.junit.platform.launcher.core.EngineExecutionOrchestrator.execute(EngineExecutionOrchestrator.java:127)
	at org.junit.platform.launcher.core.EngineExecutionOrchestrator.execute(EngineExecutionOrchestrator.java:90)
	at org.junit.platform.launcher.core.EngineExecutionOrchestrator.lambda$execute$0(EngineExecutionOrchestrator.java:55)
	at org.junit.platform.launcher.core.EngineExecutionOrchestrator.withInterceptedStreams(EngineExecutionOrchestrator.java:102)
	at org.junit.platform.launcher.core.EngineExecutionOrchestrator.execute(EngineExecutionOrchestrator.java:54)
	at org.junit.platform.launcher.core.DefaultLauncher.execute(DefaultLauncher.java:114)
	at org.junit.platform.launcher.core.DefaultLauncher.execute(DefaultLauncher.java:86)
	at org.junit.platform.launcher.core.DefaultLauncherSession$DelegatingLauncher.execute(DefaultLauncherSession.java:86)
	at org.junit.platform.launcher.core.SessionPerRequestLauncher.execute(SessionPerRequestLauncher.java:53)
	at org.pitest.junit5.JUnit5TestUnitFinder.findTestUnits(JUnit5TestUnitFinder.java:83)
	at org.pitest.mutationtest.config.PrioritisingTestUnitFinder.findTestUnits(PrioritisingTestUnitFinder.java:20)
	at org.pitest.testapi.execute.FindTestUnits.findTestUnits(FindTestUnits.java:64)
	at org.pitest.testapi.execute.FindTestUnits.getTestUnits(FindTestUnits.java:47)
	at org.pitest.testapi.execute.FindTestUnits.findTestUnitsForAllSuppliedClasses(FindTestUnits.java:36)
	at org.pitest.coverage.execute.CoverageMinion.discoverTests(CoverageMinion.java:168)
	at org.pitest.coverage.execute.CoverageMinion.getTestsFromParent(CoverageMinion.java:154)
	at org.pitest.coverage.execute.CoverageMinion.main(CoverageMinion.java:82)
Caused by: org.h2.jdbc.JdbcSQLNonTransientConnectionException: Exception abriendo puerto "9092" (el puerto puede estar en uso), causa: "java.net.BindException: La dirección ya se está usando"
Exception opening port "9092" (port may be in use), cause: "java.net.BindException: La dirección ya se está usando" [90061-232]
	at org.h2.message.DbException.getJdbcSQLException(DbException.java:690)
	at org.h2.message.DbException.getJdbcSQLException(DbException.java:489)
	at org.h2.message.DbException.get(DbException.java:212)
	at org.h2.util.NetUtils.createServerSocketTry(NetUtils.java:206)
	at org.h2.util.NetUtils.createServerSocket(NetUtils.java:172)
	at org.h2.server.TcpServer.start(TcpServer.java:241)
	at org.h2.tools.Server.start(Server.java:551)
	at java.base/jdk.internal.reflect.DirectMethodHandleAccessor.invoke(DirectMethodHandleAccessor.java:103)
	at java.base/java.lang.reflect.Method.invoke(Method.java:580)
	at org.springframework.beans.factory.support.AbstractAutowireCapableBeanFactory.invokeCustomInitMethod(AbstractAutowireCapableBeanFactory.java:1912)
	at org.springframework.beans.factory.support.AbstractAutowireCapableBeanFactory.invokeInitMethods(AbstractAutowireCapableBeanFactory.java:1865)
	at org.springframework.beans.factory.support.AbstractAutowireCapableBeanFactory.initializeBean(AbstractAutowireCapableBeanFactory.java:1804)
	... 100 common frames omitted
Caused by: java.net.BindException: La dirección ya se está usando
	at java.base/sun.nio.ch.Net.bind0(Native Method)
	at java.base/sun.nio.ch.Net.bind(Net.java:565)
	at java.base/sun.nio.ch.Net.bind(Net.java:554)
	at java.base/sun.nio.ch.NioSocketImpl.bind(NioSocketImpl.java:636)
	at java.base/java.net.ServerSocket.bind(ServerSocket.java:391)
	at java.base/java.net.ServerSocket.<init>(ServerSocket.java:278)
	at java.base/java.net.ServerSocket.<init>(ServerSocket.java:171)
	at org.h2.util.NetUtils.createServerSocketTry(NetUtils.java:202)
	... 108 common frames omitted
2025-04-29 09:53:34,634 [main] DEBUG c.p.i.a.in.web.ProductController - Request to Products Sorted
2025-04-29 09:53:34,638 [main] DEBUG c.p.i.a.in.web.ProductController - Request to Products Sorted
2025-04-29 09:53:34,642 [main] DEBUG c.p.i.a.in.web.ProductController - Request to Products Sorted
2025-04-29 09:53:34,648 [main] DEBUG c.p.i.a.in.web.ProductController - Request to Products Sorted
2025-04-29 09:55:36,152 [main] INFO  c.p.PruebaItxApplicationTests - Starting PruebaItxApplicationTests using Java 21.0.7 with PID 22581 (started by angelperez in /home/angelperez/TestProjects/ITX_Comercial_CasoPractico)
2025-04-29 09:55:36,153 [main] DEBUG c.p.PruebaItxApplicationTests - Running with Spring Boot v3.4.1, Spring v6.2.1
2025-04-29 09:55:36,156 [main] INFO  c.p.PruebaItxApplicationTests - No active profile set, falling back to 1 default profile: "default"
2025-04-29 09:55:39,277 [main] INFO  c.p.PruebaItxApplicationTests - Started PruebaItxApplicationTests in 3.313 seconds (process running for 4.184)
2025-04-29 09:55:39,747 [main] DEBUG c.p.i.a.in.web.ProductController - Request to Products Sorted
2025-04-29 09:55:39,754 [main] DEBUG c.p.i.a.in.web.ProductController - Request to Products Sorted
2025-04-29 09:55:39,757 [main] DEBUG c.p.i.a.in.web.ProductController - Request to Products Sorted
2025-04-29 09:55:39,864 [main] INFO  c.p.a.service.ProductService - Requested the products, factors: saleFactor: 1 stockFactor: 2
2025-04-29 09:55:39,988 [main] INFO  c.p.i.a.i.w.ProductControllerIntegrationTest - Starting ProductControllerIntegrationTest using Java 21.0.7 with PID 22581 (started by angelperez in /home/angelperez/TestProjects/ITX_Comercial_CasoPractico)
2025-04-29 09:55:39,988 [main] DEBUG c.p.i.a.i.w.ProductControllerIntegrationTest - Running with Spring Boot v3.4.1, Spring v6.2.1
2025-04-29 09:55:39,988 [main] INFO  c.p.i.a.i.w.ProductControllerIntegrationTest - No active profile set, falling back to 1 default profile: "default"
2025-04-29 09:55:40,863 [main] ERROR o.s.boot.SpringApplication - Application run failed
org.springframework.beans.factory.BeanCreationException: Error creating bean with name 'h2TcpServer' defined in class path resource [com/pruebaItx/infrastructure/config/H2ServerConfig.class]: Exception abriendo puerto "9092" (el puerto puede estar en uso), causa: "java.net.BindException: La dirección ya se está usando"
Exception opening port "9092" (port may be in use), cause: "java.net.BindException: La dirección ya se está usando" [90061-232]
	at org.springframework.beans.factory.support.AbstractAutowireCapableBeanFactory.initializeBean(AbstractAutowireCapableBeanFactory.java:1808)
	at org.springframework.beans.factory.support.AbstractAutowireCapableBeanFactory.doCreateBean(AbstractAutowireCapableBeanFactory.java:601)
	at org.springframework.beans.factory.support.AbstractAutowireCapableBeanFactory.createBean(AbstractAutowireCapableBeanFactory.java:523)
	at org.springframework.beans.factory.support.AbstractBeanFactory.lambda$doGetBean$0(AbstractBeanFactory.java:336)
	at org.springframework.beans.factory.support.DefaultSingletonBeanRegistry.getSingleton(DefaultSingletonBeanRegistry.java:289)
	at org.springframework.beans.factory.support.AbstractBeanFactory.doGetBean(AbstractBeanFactory.java:334)
	at org.springframework.beans.factory.support.AbstractBeanFactory.getBean(AbstractBeanFactory.java:199)
	at org.springframework.beans.factory.support.DefaultListableBeanFactory.instantiateSingleton(DefaultListableBeanFactory.java:1122)
	at org.springframework.beans.factory.support.DefaultListableBeanFactory.preInstantiateSingleton(DefaultListableBeanFactory.java:1093)
	at org.springframework.beans.factory.support.DefaultListableBeanFactory.preInstantiateSingletons(DefaultListableBeanFactory.java:1030)
	at org.springframework.context.support.AbstractApplicationContext.finishBeanFactoryInitialization(AbstractApplicationContext.java:987)
	at org.springframework.context.support.AbstractApplicationContext.refresh(AbstractApplicationContext.java:627)
	at org.springframework.boot.web.servlet.context.ServletWebServerApplicationContext.refresh(ServletWebServerApplicationContext.java:146)
	at org.springframework.boot.SpringApplication.refresh(SpringApplication.java:752)
	at org.springframework.boot.SpringApplication.refreshContext(SpringApplication.java:439)
	at org.springframework.boot.SpringApplication.run(SpringApplication.java:318)
	at org.springframework.boot.test.context.SpringBootContextLoader.lambda$loadContext$3(SpringBootContextLoader.java:137)
	at org.springframework.util.function.ThrowingSupplier.get(ThrowingSupplier.java:58)
	at org.springframework.util.function.ThrowingSupplier.get(ThrowingSupplier.java:46)
	at org.springframework.boot.SpringApplication.withHook(SpringApplication.java:1461)
	at org.springframework.boot.test.context.SpringBootContextLoader$ContextLoaderHook.run(SpringBootContextLoader.java:553)
	at org.springframework.boot.test.context.SpringBootContextLoader.loadContext(SpringBootContextLoader.java:137)
	at org.springframework.boot.test.context.SpringBootContextLoader.loadContext(SpringBootContextLoader.java:108)
	at org.springframework.test.context.cache.DefaultCacheAwareContextLoaderDelegate.loadContextInternal(DefaultCacheAwareContextLoaderDelegate.java:225)
	at org.springframework.test.context.cache.DefaultCacheAwareContextLoaderDelegate.loadContext(DefaultCacheAwareContextLoaderDelegate.java:152)
	at org.springframework.test.context.support.DefaultTestContext.getApplicationContext(DefaultTestContext.java:130)
	at org.springframework.test.context.support.DependencyInjectionTestExecutionListener.injectDependencies(DependencyInjectionTestExecutionListener.java:142)
	at org.springframework.test.context.support.DependencyInjectionTestExecutionListener.prepareTestInstance(DependencyInjectionTestExecutionListener.java:98)
	at org.springframework.test.context.TestContextManager.prepareTestInstance(TestContextManager.java:260)
	at org.springframework.test.context.junit.jupiter.SpringExtension.postProcessTestInstance(SpringExtension.java:160)
	at org.junit.jupiter.engine.descriptor.ClassBasedTestDescriptor.lambda$invokeTestInstancePostProcessors$11(ClassBasedTestDescriptor.java:378)
	at org.junit.jupiter.engine.descriptor.ClassBasedTestDescriptor.executeAndMaskThrowable(ClassBasedTestDescriptor.java:383)
	at org.junit.jupiter.engine.descriptor.ClassBasedTestDescriptor.lambda$invokeTestInstancePostProcessors$12(ClassBasedTestDescriptor.java:378)
	at java.base/java.util.stream.ForEachOps$ForEachOp$OfRef.accept(ForEachOps.java:184)
	at java.base/java.util.stream.ReferencePipeline$3$1.accept(ReferencePipeline.java:197)
	at java.base/java.util.stream.ReferencePipeline$2$1.accept(ReferencePipeline.java:179)
	at java.base/java.util.stream.ReferencePipeline$3$1.accept(ReferencePipeline.java:197)
	at java.base/java.util.ArrayList$ArrayListSpliterator.forEachRemaining(ArrayList.java:1708)
	at java.base/java.util.stream.AbstractPipeline.copyInto(AbstractPipeline.java:509)
	at java.base/java.util.stream.AbstractPipeline.wrapAndCopyInto(AbstractPipeline.java:499)
	at java.base/java.util.stream.ForEachOps$ForEachOp.evaluateSequential(ForEachOps.java:151)
	at java.base/java.util.stream.ForEachOps$ForEachOp$OfRef.evaluateSequential(ForEachOps.java:174)
	at java.base/java.util.stream.AbstractPipeline.evaluate(AbstractPipeline.java:234)
	at java.base/java.util.stream.ReferencePipeline.forEach(ReferencePipeline.java:596)
	at org.junit.jupiter.engine.descriptor.ClassBasedTestDescriptor.invokeTestInstancePostProcessors(ClassBasedTestDescriptor.java:377)
	at org.junit.jupiter.engine.descriptor.ClassBasedTestDescriptor.lambda$instantiateAndPostProcessTestInstance$7(ClassBasedTestDescriptor.java:290)
	at org.junit.platform.engine.support.hierarchical.ThrowableCollector.execute(ThrowableCollector.java:73)
	at org.junit.jupiter.engine.descriptor.ClassBasedTestDescriptor.instantiateAndPostProcessTestInstance(ClassBasedTestDescriptor.java:289)
	at org.junit.jupiter.engine.descriptor.ClassBasedTestDescriptor.lambda$testInstancesProvider$5(ClassBasedTestDescriptor.java:279)
	at java.base/java.util.Optional.orElseGet(Optional.java:364)
	at org.junit.jupiter.engine.descriptor.ClassBasedTestDescriptor.lambda$testInstancesProvider$6(ClassBasedTestDescriptor.java:278)
	at org.junit.jupiter.engine.execution.TestInstancesProvider.getTestInstances(TestInstancesProvider.java:31)
	at org.junit.jupiter.engine.descriptor.TestMethodTestDescriptor.lambda$prepare$1(TestMethodTestDescriptor.java:105)
	at org.junit.platform.engine.support.hierarchical.ThrowableCollector.execute(ThrowableCollector.java:73)
	at org.junit.jupiter.engine.descriptor.TestMethodTestDescriptor.prepare(TestMethodTestDescriptor.java:104)
	at org.junit.jupiter.engine.descriptor.TestMethodTestDescriptor.prepare(TestMethodTestDescriptor.java:68)
	at org.junit.platform.engine.support.hierarchical.NodeTestTask.lambda$prepare$2(NodeTestTask.java:128)
	at org.junit.platform.engine.support.hierarchical.ThrowableCollector.execute(ThrowableCollector.java:73)
	at org.junit.platform.engine.support.hierarchical.NodeTestTask.prepare(NodeTestTask.java:128)
	at org.junit.platform.engine.support.hierarchical.NodeTestTask.execute(NodeTestTask.java:95)
	at java.base/java.util.ArrayList.forEach(ArrayList.java:1596)
	at org.junit.platform.engine.support.hierarchical.SameThreadHierarchicalTestExecutorService.invokeAll(SameThreadHierarchicalTestExecutorService.java:41)
	at org.junit.platform.engine.support.hierarchical.NodeTestTask.lambda$executeRecursively$6(NodeTestTask.java:160)
	at org.junit.platform.engine.support.hierarchical.ThrowableCollector.execute(ThrowableCollector.java:73)
	at org.junit.platform.engine.support.hierarchical.NodeTestTask.lambda$executeRecursively$8(NodeTestTask.java:146)
	at org.junit.platform.engine.support.hierarchical.Node.around(Node.java:137)
	at org.junit.platform.engine.support.hierarchical.NodeTestTask.lambda$executeRecursively$9(NodeTestTask.java:144)
	at org.junit.platform.engine.support.hierarchical.ThrowableCollector.execute(ThrowableCollector.java:73)
	at org.junit.platform.engine.support.hierarchical.NodeTestTask.executeRecursively(NodeTestTask.java:143)
	at org.junit.platform.engine.support.hierarchical.NodeTestTask.execute(NodeTestTask.java:100)
	at java.base/java.util.ArrayList.forEach(ArrayList.java:1596)
	at org.junit.platform.engine.support.hierarchical.SameThreadHierarchicalTestExecutorService.invokeAll(SameThreadHierarchicalTestExecutorService.java:41)
	at org.junit.platform.engine.support.hierarchical.NodeTestTask.lambda$executeRecursively$6(NodeTestTask.java:160)
	at org.junit.platform.engine.support.hierarchical.ThrowableCollector.execute(ThrowableCollector.java:73)
	at org.junit.platform.engine.support.hierarchical.NodeTestTask.lambda$executeRecursively$8(NodeTestTask.java:146)
	at org.junit.platform.engine.support.hierarchical.Node.around(Node.java:137)
	at org.junit.platform.engine.support.hierarchical.NodeTestTask.lambda$executeRecursively$9(NodeTestTask.java:144)
	at org.junit.platform.engine.support.hierarchical.ThrowableCollector.execute(ThrowableCollector.java:73)
	at org.junit.platform.engine.support.hierarchical.NodeTestTask.executeRecursively(NodeTestTask.java:143)
	at org.junit.platform.engine.support.hierarchical.NodeTestTask.execute(NodeTestTask.java:100)
	at org.junit.platform.engine.support.hierarchical.SameThreadHierarchicalTestExecutorService.submit(SameThreadHierarchicalTestExecutorService.java:35)
	at org.junit.platform.engine.support.hierarchical.HierarchicalTestExecutor.execute(HierarchicalTestExecutor.java:57)
	at org.junit.platform.engine.support.hierarchical.HierarchicalTestEngine.execute(HierarchicalTestEngine.java:54)
	at org.junit.platform.launcher.core.EngineExecutionOrchestrator.execute(EngineExecutionOrchestrator.java:147)
	at org.junit.platform.launcher.core.EngineExecutionOrchestrator.execute(EngineExecutionOrchestrator.java:127)
	at org.junit.platform.launcher.core.EngineExecutionOrchestrator.execute(EngineExecutionOrchestrator.java:90)
	at org.junit.platform.launcher.core.EngineExecutionOrchestrator.lambda$execute$0(EngineExecutionOrchestrator.java:55)
	at org.junit.platform.launcher.core.EngineExecutionOrchestrator.withInterceptedStreams(EngineExecutionOrchestrator.java:102)
	at org.junit.platform.launcher.core.EngineExecutionOrchestrator.execute(EngineExecutionOrchestrator.java:54)
	at org.junit.platform.launcher.core.DefaultLauncher.execute(DefaultLauncher.java:114)
	at org.junit.platform.launcher.core.DefaultLauncher.execute(DefaultLauncher.java:86)
	at org.junit.platform.launcher.core.DefaultLauncherSession$DelegatingLauncher.execute(DefaultLauncherSession.java:86)
	at org.junit.platform.launcher.core.SessionPerRequestLauncher.execute(SessionPerRequestLauncher.java:53)
	at org.pitest.junit5.JUnit5TestUnitFinder.findTestUnits(JUnit5TestUnitFinder.java:83)
	at org.pitest.mutationtest.config.PrioritisingTestUnitFinder.findTestUnits(PrioritisingTestUnitFinder.java:20)
	at org.pitest.testapi.execute.FindTestUnits.findTestUnits(FindTestUnits.java:64)
	at org.pitest.testapi.execute.FindTestUnits.getTestUnits(FindTestUnits.java:47)
	at org.pitest.testapi.execute.FindTestUnits.findTestUnitsForAllSuppliedClasses(FindTestUnits.java:36)
	at org.pitest.coverage.execute.CoverageMinion.discoverTests(CoverageMinion.java:168)
	at org.pitest.coverage.execute.CoverageMinion.getTestsFromParent(CoverageMinion.java:154)
	at org.pitest.coverage.execute.CoverageMinion.main(CoverageMinion.java:82)
Caused by: org.h2.jdbc.JdbcSQLNonTransientConnectionException: Exception abriendo puerto "9092" (el puerto puede estar en uso), causa: "java.net.BindException: La dirección ya se está usando"
Exception opening port "9092" (port may be in use), cause: "java.net.BindException: La dirección ya se está usando" [90061-232]
	at org.h2.message.DbException.getJdbcSQLException(DbException.java:690)
	at org.h2.message.DbException.getJdbcSQLException(DbException.java:489)
	at org.h2.message.DbException.get(DbException.java:212)
	at org.h2.util.NetUtils.createServerSocketTry(NetUtils.java:206)
	at org.h2.util.NetUtils.createServerSocket(NetUtils.java:172)
	at org.h2.server.TcpServer.start(TcpServer.java:241)
	at org.h2.tools.Server.start(Server.java:551)
	at java.base/jdk.internal.reflect.DirectMethodHandleAccessor.invoke(DirectMethodHandleAccessor.java:103)
	at java.base/java.lang.reflect.Method.invoke(Method.java:580)
	at org.springframework.beans.factory.support.AbstractAutowireCapableBeanFactory.invokeCustomInitMethod(AbstractAutowireCapableBeanFactory.java:1912)
	at org.springframework.beans.factory.support.AbstractAutowireCapableBeanFactory.invokeInitMethods(AbstractAutowireCapableBeanFactory.java:1865)
	at org.springframework.beans.factory.support.AbstractAutowireCapableBeanFactory.initializeBean(AbstractAutowireCapableBeanFactory.java:1804)
	... 100 common frames omitted
Caused by: java.net.BindException: La dirección ya se está usando
	at java.base/sun.nio.ch.Net.bind0(Native Method)
	at java.base/sun.nio.ch.Net.bind(Net.java:565)
	at java.base/sun.nio.ch.Net.bind(Net.java:554)
	at java.base/sun.nio.ch.NioSocketImpl.bind(NioSocketImpl.java:636)
	at java.base/java.net.ServerSocket.bind(ServerSocket.java:391)
	at java.base/java.net.ServerSocket.<init>(ServerSocket.java:278)
	at java.base/java.net.ServerSocket.<init>(ServerSocket.java:171)
	at org.h2.util.NetUtils.createServerSocketTry(NetUtils.java:202)
	... 108 common frames omitted
2025-04-29 09:55:40,897 [main] DEBUG c.p.i.a.in.web.ProductController - Request to Products Sorted
2025-04-29 09:55:40,902 [main] DEBUG c.p.i.a.in.web.ProductController - Request to Products Sorted
2025-04-29 09:55:40,905 [main] DEBUG c.p.i.a.in.web.ProductController - Request to Products Sorted
2025-04-29 09:55:40,910 [main] DEBUG c.p.i.a.in.web.ProductController - Request to Products Sorted
2025-04-29 09:56:14,969 [main] INFO  c.p.a.service.ProductService - Requested the products, factors: saleFactor: 1 stockFactor: 2
2025-04-29 09:56:16,697 [main] INFO  c.p.i.a.i.w.ProductControllerIntegrationTest - Starting ProductControllerIntegrationTest using Java 21.0.7 with PID 22767 (started by angelperez in /home/angelperez/TestProjects/ITX_Comercial_CasoPractico)
2025-04-29 09:56:16,697 [main] DEBUG c.p.i.a.i.w.ProductControllerIntegrationTest - Running with Spring Boot v3.4.1, Spring v6.2.1
2025-04-29 09:56:16,698 [main] INFO  c.p.i.a.i.w.ProductControllerIntegrationTest - No active profile set, falling back to 1 default profile: "default"
2025-04-29 09:56:24,115 [main] INFO  c.p.i.a.i.w.ProductControllerIntegrationTest - Started ProductControllerIntegrationTest in 7.912 seconds (process running for 14.168)
2025-04-29 09:56:24,562 [http-nio-auto-1-exec-1] DEBUG c.p.i.a.in.web.ProductController - Request to Products Sorted
2025-04-29 09:56:24,571 [http-nio-auto-1-exec-1] INFO  c.p.a.service.ProductService - Requested the products, factors: saleFactor: 0 stockFactor: 1
2025-04-29 09:56:24,878 [http-nio-auto-1-exec-2] DEBUG c.p.i.a.in.web.ProductController - Request to Products Sorted
2025-04-29 09:56:24,878 [http-nio-auto-1-exec-2] INFO  c.p.a.service.ProductService - Requested the products, factors: saleFactor: 0 stockFactor: 0
2025-04-29 09:56:24,894 [http-nio-auto-1-exec-3] DEBUG c.p.i.a.in.web.ProductController - Request to Products Sorted
2025-04-29 09:56:24,894 [http-nio-auto-1-exec-3] INFO  c.p.a.service.ProductService - Requested the products, factors: saleFactor: 1 stockFactor: 0
2025-04-29 09:56:24,901 [http-nio-auto-1-exec-4] DEBUG c.p.i.a.in.web.ProductController - Request to Products Sorted
2025-04-29 09:56:24,901 [http-nio-auto-1-exec-4] INFO  c.p.a.service.ProductService - Requested the products, factors: saleFactor: 0 stockFactor: 0
2025-04-29 09:56:24,999 [main] DEBUG c.p.i.a.in.web.ProductController - Request to Products Sorted
2025-04-29 09:56:25,003 [main] DEBUG c.p.i.a.in.web.ProductController - Request to Products Sorted
2025-04-29 09:56:25,007 [main] DEBUG c.p.i.a.in.web.ProductController - Request to Products Sorted
2025-04-29 09:56:25,010 [main] DEBUG c.p.i.a.in.web.ProductController - Request to Products Sorted
2025-04-29 09:56:34,005 [main] INFO  c.p.PruebaItxApplicationTests - Starting PruebaItxApplicationTests using Java 21.0.7 with PID 22932 (started by angelperez in /home/angelperez/TestProjects/ITX_Comercial_CasoPractico)
2025-04-29 09:56:34,006 [main] DEBUG c.p.PruebaItxApplicationTests - Running with Spring Boot v3.4.1, Spring v6.2.1
2025-04-29 09:56:34,007 [main] INFO  c.p.PruebaItxApplicationTests - No active profile set, falling back to 1 default profile: "default"
2025-04-29 09:56:38,479 [main] INFO  c.p.PruebaItxApplicationTests - Started PruebaItxApplicationTests in 4.715 seconds (process running for 5.737)
2025-04-29 09:56:39,008 [main] DEBUG c.p.i.a.in.web.ProductController - Request to Products Sorted
2025-04-29 09:56:39,019 [main] DEBUG c.p.i.a.in.web.ProductController - Request to Products Sorted
2025-04-29 09:56:39,022 [main] DEBUG c.p.i.a.in.web.ProductController - Request to Products Sorted
2025-04-29 09:56:39,145 [main] INFO  c.p.a.service.ProductService - Requested the products, factors: saleFactor: 1 stockFactor: 2
2025-04-29 09:56:39,310 [main] INFO  c.p.i.a.i.w.ProductControllerIntegrationTest - Starting ProductControllerIntegrationTest using Java 21.0.7 with PID 22932 (started by angelperez in /home/angelperez/TestProjects/ITX_Comercial_CasoPractico)
2025-04-29 09:56:39,310 [main] DEBUG c.p.i.a.i.w.ProductControllerIntegrationTest - Running with Spring Boot v3.4.1, Spring v6.2.1
2025-04-29 09:56:39,310 [main] INFO  c.p.i.a.i.w.ProductControllerIntegrationTest - No active profile set, falling back to 1 default profile: "default"
2025-04-29 09:56:40,339 [main] ERROR o.s.boot.SpringApplication - Application run failed
org.springframework.beans.factory.BeanCreationException: Error creating bean with name 'h2TcpServer' defined in class path resource [com/pruebaItx/infrastructure/config/H2ServerConfig.class]: Exception abriendo puerto "9092" (el puerto puede estar en uso), causa: "java.net.BindException: La dirección ya se está usando"
Exception opening port "9092" (port may be in use), cause: "java.net.BindException: La dirección ya se está usando" [90061-232]
	at org.springframework.beans.factory.support.AbstractAutowireCapableBeanFactory.initializeBean(AbstractAutowireCapableBeanFactory.java:1808)
	at org.springframework.beans.factory.support.AbstractAutowireCapableBeanFactory.doCreateBean(AbstractAutowireCapableBeanFactory.java:601)
	at org.springframework.beans.factory.support.AbstractAutowireCapableBeanFactory.createBean(AbstractAutowireCapableBeanFactory.java:523)
	at org.springframework.beans.factory.support.AbstractBeanFactory.lambda$doGetBean$0(AbstractBeanFactory.java:336)
	at org.springframework.beans.factory.support.DefaultSingletonBeanRegistry.getSingleton(DefaultSingletonBeanRegistry.java:289)
	at org.springframework.beans.factory.support.AbstractBeanFactory.doGetBean(AbstractBeanFactory.java:334)
	at org.springframework.beans.factory.support.AbstractBeanFactory.getBean(AbstractBeanFactory.java:199)
	at org.springframework.beans.factory.support.DefaultListableBeanFactory.instantiateSingleton(DefaultListableBeanFactory.java:1122)
	at org.springframework.beans.factory.support.DefaultListableBeanFactory.preInstantiateSingleton(DefaultListableBeanFactory.java:1093)
	at org.springframework.beans.factory.support.DefaultListableBeanFactory.preInstantiateSingletons(DefaultListableBeanFactory.java:1030)
	at org.springframework.context.support.AbstractApplicationContext.finishBeanFactoryInitialization(AbstractApplicationContext.java:987)
	at org.springframework.context.support.AbstractApplicationContext.refresh(AbstractApplicationContext.java:627)
	at org.springframework.boot.web.servlet.context.ServletWebServerApplicationContext.refresh(ServletWebServerApplicationContext.java:146)
	at org.springframework.boot.SpringApplication.refresh(SpringApplication.java:752)
	at org.springframework.boot.SpringApplication.refreshContext(SpringApplication.java:439)
	at org.springframework.boot.SpringApplication.run(SpringApplication.java:318)
	at org.springframework.boot.test.context.SpringBootContextLoader.lambda$loadContext$3(SpringBootContextLoader.java:137)
	at org.springframework.util.function.ThrowingSupplier.get(ThrowingSupplier.java:58)
	at org.springframework.util.function.ThrowingSupplier.get(ThrowingSupplier.java:46)
	at org.springframework.boot.SpringApplication.withHook(SpringApplication.java:1461)
	at org.springframework.boot.test.context.SpringBootContextLoader$ContextLoaderHook.run(SpringBootContextLoader.java:553)
	at org.springframework.boot.test.context.SpringBootContextLoader.loadContext(SpringBootContextLoader.java:137)
	at org.springframework.boot.test.context.SpringBootContextLoader.loadContext(SpringBootContextLoader.java:108)
	at org.springframework.test.context.cache.DefaultCacheAwareContextLoaderDelegate.loadContextInternal(DefaultCacheAwareContextLoaderDelegate.java:225)
	at org.springframework.test.context.cache.DefaultCacheAwareContextLoaderDelegate.loadContext(DefaultCacheAwareContextLoaderDelegate.java:152)
	at org.springframework.test.context.support.DefaultTestContext.getApplicationContext(DefaultTestContext.java:130)
	at org.springframework.test.context.support.DependencyInjectionTestExecutionListener.injectDependencies(DependencyInjectionTestExecutionListener.java:142)
	at org.springframework.test.context.support.DependencyInjectionTestExecutionListener.prepareTestInstance(DependencyInjectionTestExecutionListener.java:98)
	at org.springframework.test.context.TestContextManager.prepareTestInstance(TestContextManager.java:260)
	at org.springframework.test.context.junit.jupiter.SpringExtension.postProcessTestInstance(SpringExtension.java:160)
	at org.junit.jupiter.engine.descriptor.ClassBasedTestDescriptor.lambda$invokeTestInstancePostProcessors$11(ClassBasedTestDescriptor.java:378)
	at org.junit.jupiter.engine.descriptor.ClassBasedTestDescriptor.executeAndMaskThrowable(ClassBasedTestDescriptor.java:383)
	at org.junit.jupiter.engine.descriptor.ClassBasedTestDescriptor.lambda$invokeTestInstancePostProcessors$12(ClassBasedTestDescriptor.java:378)
	at java.base/java.util.stream.ForEachOps$ForEachOp$OfRef.accept(ForEachOps.java:184)
	at java.base/java.util.stream.ReferencePipeline$3$1.accept(ReferencePipeline.java:197)
	at java.base/java.util.stream.ReferencePipeline$2$1.accept(ReferencePipeline.java:179)
	at java.base/java.util.stream.ReferencePipeline$3$1.accept(ReferencePipeline.java:197)
	at java.base/java.util.ArrayList$ArrayListSpliterator.forEachRemaining(ArrayList.java:1708)
	at java.base/java.util.stream.AbstractPipeline.copyInto(AbstractPipeline.java:509)
	at java.base/java.util.stream.AbstractPipeline.wrapAndCopyInto(AbstractPipeline.java:499)
	at java.base/java.util.stream.ForEachOps$ForEachOp.evaluateSequential(ForEachOps.java:151)
	at java.base/java.util.stream.ForEachOps$ForEachOp$OfRef.evaluateSequential(ForEachOps.java:174)
	at java.base/java.util.stream.AbstractPipeline.evaluate(AbstractPipeline.java:234)
	at java.base/java.util.stream.ReferencePipeline.forEach(ReferencePipeline.java:596)
	at org.junit.jupiter.engine.descriptor.ClassBasedTestDescriptor.invokeTestInstancePostProcessors(ClassBasedTestDescriptor.java:377)
	at org.junit.jupiter.engine.descriptor.ClassBasedTestDescriptor.lambda$instantiateAndPostProcessTestInstance$7(ClassBasedTestDescriptor.java:290)
	at org.junit.platform.engine.support.hierarchical.ThrowableCollector.execute(ThrowableCollector.java:73)
	at org.junit.jupiter.engine.descriptor.ClassBasedTestDescriptor.instantiateAndPostProcessTestInstance(ClassBasedTestDescriptor.java:289)
	at org.junit.jupiter.engine.descriptor.ClassBasedTestDescriptor.lambda$testInstancesProvider$5(ClassBasedTestDescriptor.java:279)
	at java.base/java.util.Optional.orElseGet(Optional.java:364)
	at org.junit.jupiter.engine.descriptor.ClassBasedTestDescriptor.lambda$testInstancesProvider$6(ClassBasedTestDescriptor.java:278)
	at org.junit.jupiter.engine.execution.TestInstancesProvider.getTestInstances(TestInstancesProvider.java:31)
	at org.junit.jupiter.engine.descriptor.TestMethodTestDescriptor.lambda$prepare$1(TestMethodTestDescriptor.java:105)
	at org.junit.platform.engine.support.hierarchical.ThrowableCollector.execute(ThrowableCollector.java:73)
	at org.junit.jupiter.engine.descriptor.TestMethodTestDescriptor.prepare(TestMethodTestDescriptor.java:104)
	at org.junit.jupiter.engine.descriptor.TestMethodTestDescriptor.prepare(TestMethodTestDescriptor.java:68)
	at org.junit.platform.engine.support.hierarchical.NodeTestTask.lambda$prepare$2(NodeTestTask.java:128)
	at org.junit.platform.engine.support.hierarchical.ThrowableCollector.execute(ThrowableCollector.java:73)
	at org.junit.platform.engine.support.hierarchical.NodeTestTask.prepare(NodeTestTask.java:128)
	at org.junit.platform.engine.support.hierarchical.NodeTestTask.execute(NodeTestTask.java:95)
	at java.base/java.util.ArrayList.forEach(ArrayList.java:1596)
	at org.junit.platform.engine.support.hierarchical.SameThreadHierarchicalTestExecutorService.invokeAll(SameThreadHierarchicalTestExecutorService.java:41)
	at org.junit.platform.engine.support.hierarchical.NodeTestTask.lambda$executeRecursively$6(NodeTestTask.java:160)
	at org.junit.platform.engine.support.hierarchical.ThrowableCollector.execute(ThrowableCollector.java:73)
	at org.junit.platform.engine.support.hierarchical.NodeTestTask.lambda$executeRecursively$8(NodeTestTask.java:146)
	at org.junit.platform.engine.support.hierarchical.Node.around(Node.java:137)
	at org.junit.platform.engine.support.hierarchical.NodeTestTask.lambda$executeRecursively$9(NodeTestTask.java:144)
	at org.junit.platform.engine.support.hierarchical.ThrowableCollector.execute(ThrowableCollector.java:73)
	at org.junit.platform.engine.support.hierarchical.NodeTestTask.executeRecursively(NodeTestTask.java:143)
	at org.junit.platform.engine.support.hierarchical.NodeTestTask.execute(NodeTestTask.java:100)
	at java.base/java.util.ArrayList.forEach(ArrayList.java:1596)
	at org.junit.platform.engine.support.hierarchical.SameThreadHierarchicalTestExecutorService.invokeAll(SameThreadHierarchicalTestExecutorService.java:41)
	at org.junit.platform.engine.support.hierarchical.NodeTestTask.lambda$executeRecursively$6(NodeTestTask.java:160)
	at org.junit.platform.engine.support.hierarchical.ThrowableCollector.execute(ThrowableCollector.java:73)
	at org.junit.platform.engine.support.hierarchical.NodeTestTask.lambda$executeRecursively$8(NodeTestTask.java:146)
	at org.junit.platform.engine.support.hierarchical.Node.around(Node.java:137)
	at org.junit.platform.engine.support.hierarchical.NodeTestTask.lambda$executeRecursively$9(NodeTestTask.java:144)
	at org.junit.platform.engine.support.hierarchical.ThrowableCollector.execute(ThrowableCollector.java:73)
	at org.junit.platform.engine.support.hierarchical.NodeTestTask.executeRecursively(NodeTestTask.java:143)
	at org.junit.platform.engine.support.hierarchical.NodeTestTask.execute(NodeTestTask.java:100)
	at org.junit.platform.engine.support.hierarchical.SameThreadHierarchicalTestExecutorService.submit(SameThreadHierarchicalTestExecutorService.java:35)
	at org.junit.platform.engine.support.hierarchical.HierarchicalTestExecutor.execute(HierarchicalTestExecutor.java:57)
	at org.junit.platform.engine.support.hierarchical.HierarchicalTestEngine.execute(HierarchicalTestEngine.java:54)
	at org.junit.platform.launcher.core.EngineExecutionOrchestrator.execute(EngineExecutionOrchestrator.java:147)
	at org.junit.platform.launcher.core.EngineExecutionOrchestrator.execute(EngineExecutionOrchestrator.java:127)
	at org.junit.platform.launcher.core.EngineExecutionOrchestrator.execute(EngineExecutionOrchestrator.java:90)
	at org.junit.platform.launcher.core.EngineExecutionOrchestrator.lambda$execute$0(EngineExecutionOrchestrator.java:55)
	at org.junit.platform.launcher.core.EngineExecutionOrchestrator.withInterceptedStreams(EngineExecutionOrchestrator.java:102)
	at org.junit.platform.launcher.core.EngineExecutionOrchestrator.execute(EngineExecutionOrchestrator.java:54)
	at org.junit.platform.launcher.core.DefaultLauncher.execute(DefaultLauncher.java:114)
	at org.junit.platform.launcher.core.DefaultLauncher.execute(DefaultLauncher.java:86)
	at org.junit.platform.launcher.core.DefaultLauncherSession$DelegatingLauncher.execute(DefaultLauncherSession.java:86)
	at org.junit.platform.launcher.core.SessionPerRequestLauncher.execute(SessionPerRequestLauncher.java:53)
	at org.pitest.junit5.JUnit5TestUnitFinder.findTestUnits(JUnit5TestUnitFinder.java:83)
	at org.pitest.mutationtest.config.PrioritisingTestUnitFinder.findTestUnits(PrioritisingTestUnitFinder.java:20)
	at org.pitest.testapi.execute.FindTestUnits.findTestUnits(FindTestUnits.java:64)
	at org.pitest.testapi.execute.FindTestUnits.getTestUnits(FindTestUnits.java:47)
	at org.pitest.testapi.execute.FindTestUnits.findTestUnitsForAllSuppliedClasses(FindTestUnits.java:36)
	at org.pitest.coverage.execute.CoverageMinion.discoverTests(CoverageMinion.java:168)
	at org.pitest.coverage.execute.CoverageMinion.getTestsFromParent(CoverageMinion.java:154)
	at org.pitest.coverage.execute.CoverageMinion.main(CoverageMinion.java:82)
Caused by: org.h2.jdbc.JdbcSQLNonTransientConnectionException: Exception abriendo puerto "9092" (el puerto puede estar en uso), causa: "java.net.BindException: La dirección ya se está usando"
Exception opening port "9092" (port may be in use), cause: "java.net.BindException: La dirección ya se está usando" [90061-232]
	at org.h2.message.DbException.getJdbcSQLException(DbException.java:690)
	at org.h2.message.DbException.getJdbcSQLException(DbException.java:489)
	at org.h2.message.DbException.get(DbException.java:212)
	at org.h2.util.NetUtils.createServerSocketTry(NetUtils.java:206)
	at org.h2.util.NetUtils.createServerSocket(NetUtils.java:172)
	at org.h2.server.TcpServer.start(TcpServer.java:241)
	at org.h2.tools.Server.start(Server.java:551)
	at java.base/jdk.internal.reflect.DirectMethodHandleAccessor.invoke(DirectMethodHandleAccessor.java:103)
	at java.base/java.lang.reflect.Method.invoke(Method.java:580)
	at org.springframework.beans.factory.support.AbstractAutowireCapableBeanFactory.invokeCustomInitMethod(AbstractAutowireCapableBeanFactory.java:1912)
	at org.springframework.beans.factory.support.AbstractAutowireCapableBeanFactory.invokeInitMethods(AbstractAutowireCapableBeanFactory.java:1865)
	at org.springframework.beans.factory.support.AbstractAutowireCapableBeanFactory.initializeBean(AbstractAutowireCapableBeanFactory.java:1804)
	... 100 common frames omitted
Caused by: java.net.BindException: La dirección ya se está usando
	at java.base/sun.nio.ch.Net.bind0(Native Method)
	at java.base/sun.nio.ch.Net.bind(Net.java:565)
	at java.base/sun.nio.ch.Net.bind(Net.java:554)
	at java.base/sun.nio.ch.NioSocketImpl.bind(NioSocketImpl.java:636)
	at java.base/java.net.ServerSocket.bind(ServerSocket.java:391)
	at java.base/java.net.ServerSocket.<init>(ServerSocket.java:278)
	at java.base/java.net.ServerSocket.<init>(ServerSocket.java:171)
	at org.h2.util.NetUtils.createServerSocketTry(NetUtils.java:202)
	... 108 common frames omitted
2025-04-29 09:56:40,361 [main] DEBUG c.p.i.a.in.web.ProductController - Request to Products Sorted
2025-04-29 09:56:40,366 [main] DEBUG c.p.i.a.in.web.ProductController - Request to Products Sorted
2025-04-29 09:56:40,371 [main] DEBUG c.p.i.a.in.web.ProductController - Request to Products Sorted
2025-04-29 09:56:40,377 [main] DEBUG c.p.i.a.in.web.ProductController - Request to Products Sorted
2025-04-29 09:57:03,206 [main] INFO  c.p.i.a.i.w.ProductControllerIntegrationTest - Starting ProductControllerIntegrationTest using Java 21.0.7 with PID 23095 (started by angelperez in /home/angelperez/TestProjects/ITX_Comercial_CasoPractico)
2025-04-29 09:57:03,207 [main] DEBUG c.p.i.a.i.w.ProductControllerIntegrationTest - Running with Spring Boot v3.4.1, Spring v6.2.1
2025-04-29 09:57:03,208 [main] INFO  c.p.i.a.i.w.ProductControllerIntegrationTest - No active profile set, falling back to 1 default profile: "default"
2025-04-29 09:57:07,952 [main] INFO  c.p.i.a.i.w.ProductControllerIntegrationTest - Started ProductControllerIntegrationTest in 5.031 seconds (process running for 6.497)
2025-04-29 09:57:08,974 [http-nio-auto-1-exec-1] DEBUG c.p.i.a.in.web.ProductController - Request to Products Sorted
2025-04-29 09:57:08,981 [http-nio-auto-1-exec-1] INFO  c.p.a.service.ProductService - Requested the products, factors: saleFactor: 0 stockFactor: 1
2025-04-29 09:57:09,308 [http-nio-auto-1-exec-2] DEBUG c.p.i.a.in.web.ProductController - Request to Products Sorted
2025-04-29 09:57:09,308 [http-nio-auto-1-exec-2] INFO  c.p.a.service.ProductService - Requested the products, factors: saleFactor: 0 stockFactor: 0
2025-04-29 09:57:09,349 [http-nio-auto-1-exec-5] DEBUG c.p.i.a.in.web.ProductController - Request to Products Sorted
2025-04-29 09:57:09,349 [http-nio-auto-1-exec-5] INFO  c.p.a.service.ProductService - Requested the products, factors: saleFactor: 1 stockFactor: 0
2025-04-29 09:57:09,362 [http-nio-auto-1-exec-3] DEBUG c.p.i.a.in.web.ProductController - Request to Products Sorted
2025-04-29 09:57:09,363 [http-nio-auto-1-exec-3] INFO  c.p.a.service.ProductService - Requested the products, factors: saleFactor: 0 stockFactor: 0
2025-04-29 09:58:01,514 [main] INFO  c.p.PruebaItxApplicationTests - Starting PruebaItxApplicationTests using Java 21.0.7 with PID 23331 (started by angelperez in /home/angelperez/TestProjects/ITX_Comercial_CasoPractico)
2025-04-29 09:58:01,515 [main] DEBUG c.p.PruebaItxApplicationTests - Running with Spring Boot v3.4.1, Spring v6.2.1
2025-04-29 09:58:01,516 [main] INFO  c.p.PruebaItxApplicationTests - No active profile set, falling back to 1 default profile: "default"
2025-04-29 09:58:09,685 [main] INFO  c.p.PruebaItxApplicationTests - Started PruebaItxApplicationTests in 8.363 seconds (process running for 9.286)
2025-04-29 09:58:10,190 [main] DEBUG c.p.i.a.in.web.ProductController - Request to Products Sorted
2025-04-29 09:58:10,199 [main] DEBUG c.p.i.a.in.web.ProductController - Request to Products Sorted
2025-04-29 09:58:10,203 [main] DEBUG c.p.i.a.in.web.ProductController - Request to Products Sorted
2025-04-29 09:58:10,301 [main] INFO  c.p.a.service.ProductService - Requested the products, factors: saleFactor: 1 stockFactor: 2
2025-04-29 09:58:10,468 [main] INFO  c.p.i.a.i.w.ProductControllerIntegrationTest - Starting ProductControllerIntegrationTest using Java 21.0.7 with PID 23331 (started by angelperez in /home/angelperez/TestProjects/ITX_Comercial_CasoPractico)
2025-04-29 09:58:10,468 [main] DEBUG c.p.i.a.i.w.ProductControllerIntegrationTest - Running with Spring Boot v3.4.1, Spring v6.2.1
2025-04-29 09:58:10,469 [main] INFO  c.p.i.a.i.w.ProductControllerIntegrationTest - No active profile set, falling back to 1 default profile: "default"
2025-04-29 09:58:11,258 [main] ERROR o.s.boot.SpringApplication - Application run failed
org.springframework.beans.factory.BeanCreationException: Error creating bean with name 'h2TcpServer' defined in class path resource [com/pruebaItx/infrastructure/config/H2ServerConfig.class]: Exception abriendo puerto "9092" (el puerto puede estar en uso), causa: "java.net.BindException: La dirección ya se está usando"
Exception opening port "9092" (port may be in use), cause: "java.net.BindException: La dirección ya se está usando" [90061-232]
	at org.springframework.beans.factory.support.AbstractAutowireCapableBeanFactory.initializeBean(AbstractAutowireCapableBeanFactory.java:1808)
	at org.springframework.beans.factory.support.AbstractAutowireCapableBeanFactory.doCreateBean(AbstractAutowireCapableBeanFactory.java:601)
	at org.springframework.beans.factory.support.AbstractAutowireCapableBeanFactory.createBean(AbstractAutowireCapableBeanFactory.java:523)
	at org.springframework.beans.factory.support.AbstractBeanFactory.lambda$doGetBean$0(AbstractBeanFactory.java:336)
	at org.springframework.beans.factory.support.DefaultSingletonBeanRegistry.getSingleton(DefaultSingletonBeanRegistry.java:289)
	at org.springframework.beans.factory.support.AbstractBeanFactory.doGetBean(AbstractBeanFactory.java:334)
	at org.springframework.beans.factory.support.AbstractBeanFactory.getBean(AbstractBeanFactory.java:199)
	at org.springframework.beans.factory.support.DefaultListableBeanFactory.instantiateSingleton(DefaultListableBeanFactory.java:1122)
	at org.springframework.beans.factory.support.DefaultListableBeanFactory.preInstantiateSingleton(DefaultListableBeanFactory.java:1093)
	at org.springframework.beans.factory.support.DefaultListableBeanFactory.preInstantiateSingletons(DefaultListableBeanFactory.java:1030)
	at org.springframework.context.support.AbstractApplicationContext.finishBeanFactoryInitialization(AbstractApplicationContext.java:987)
	at org.springframework.context.support.AbstractApplicationContext.refresh(AbstractApplicationContext.java:627)
	at org.springframework.boot.web.servlet.context.ServletWebServerApplicationContext.refresh(ServletWebServerApplicationContext.java:146)
	at org.springframework.boot.SpringApplication.refresh(SpringApplication.java:752)
	at org.springframework.boot.SpringApplication.refreshContext(SpringApplication.java:439)
	at org.springframework.boot.SpringApplication.run(SpringApplication.java:318)
	at org.springframework.boot.test.context.SpringBootContextLoader.lambda$loadContext$3(SpringBootContextLoader.java:137)
	at org.springframework.util.function.ThrowingSupplier.get(ThrowingSupplier.java:58)
	at org.springframework.util.function.ThrowingSupplier.get(ThrowingSupplier.java:46)
	at org.springframework.boot.SpringApplication.withHook(SpringApplication.java:1461)
	at org.springframework.boot.test.context.SpringBootContextLoader$ContextLoaderHook.run(SpringBootContextLoader.java:553)
	at org.springframework.boot.test.context.SpringBootContextLoader.loadContext(SpringBootContextLoader.java:137)
	at org.springframework.boot.test.context.SpringBootContextLoader.loadContext(SpringBootContextLoader.java:108)
	at org.springframework.test.context.cache.DefaultCacheAwareContextLoaderDelegate.loadContextInternal(DefaultCacheAwareContextLoaderDelegate.java:225)
	at org.springframework.test.context.cache.DefaultCacheAwareContextLoaderDelegate.loadContext(DefaultCacheAwareContextLoaderDelegate.java:152)
	at org.springframework.test.context.support.DefaultTestContext.getApplicationContext(DefaultTestContext.java:130)
	at org.springframework.test.context.support.DependencyInjectionTestExecutionListener.injectDependencies(DependencyInjectionTestExecutionListener.java:142)
	at org.springframework.test.context.support.DependencyInjectionTestExecutionListener.prepareTestInstance(DependencyInjectionTestExecutionListener.java:98)
	at org.springframework.test.context.TestContextManager.prepareTestInstance(TestContextManager.java:260)
	at org.springframework.test.context.junit.jupiter.SpringExtension.postProcessTestInstance(SpringExtension.java:160)
	at org.junit.jupiter.engine.descriptor.ClassBasedTestDescriptor.lambda$invokeTestInstancePostProcessors$11(ClassBasedTestDescriptor.java:378)
	at org.junit.jupiter.engine.descriptor.ClassBasedTestDescriptor.executeAndMaskThrowable(ClassBasedTestDescriptor.java:383)
	at org.junit.jupiter.engine.descriptor.ClassBasedTestDescriptor.lambda$invokeTestInstancePostProcessors$12(ClassBasedTestDescriptor.java:378)
	at java.base/java.util.stream.ForEachOps$ForEachOp$OfRef.accept(ForEachOps.java:184)
	at java.base/java.util.stream.ReferencePipeline$3$1.accept(ReferencePipeline.java:197)
	at java.base/java.util.stream.ReferencePipeline$2$1.accept(ReferencePipeline.java:179)
	at java.base/java.util.stream.ReferencePipeline$3$1.accept(ReferencePipeline.java:197)
	at java.base/java.util.ArrayList$ArrayListSpliterator.forEachRemaining(ArrayList.java:1708)
	at java.base/java.util.stream.AbstractPipeline.copyInto(AbstractPipeline.java:509)
	at java.base/java.util.stream.AbstractPipeline.wrapAndCopyInto(AbstractPipeline.java:499)
	at java.base/java.util.stream.ForEachOps$ForEachOp.evaluateSequential(ForEachOps.java:151)
	at java.base/java.util.stream.ForEachOps$ForEachOp$OfRef.evaluateSequential(ForEachOps.java:174)
	at java.base/java.util.stream.AbstractPipeline.evaluate(AbstractPipeline.java:234)
	at java.base/java.util.stream.ReferencePipeline.forEach(ReferencePipeline.java:596)
	at org.junit.jupiter.engine.descriptor.ClassBasedTestDescriptor.invokeTestInstancePostProcessors(ClassBasedTestDescriptor.java:377)
	at org.junit.jupiter.engine.descriptor.ClassBasedTestDescriptor.lambda$instantiateAndPostProcessTestInstance$7(ClassBasedTestDescriptor.java:290)
	at org.junit.platform.engine.support.hierarchical.ThrowableCollector.execute(ThrowableCollector.java:73)
	at org.junit.jupiter.engine.descriptor.ClassBasedTestDescriptor.instantiateAndPostProcessTestInstance(ClassBasedTestDescriptor.java:289)
	at org.junit.jupiter.engine.descriptor.ClassBasedTestDescriptor.lambda$testInstancesProvider$5(ClassBasedTestDescriptor.java:279)
	at java.base/java.util.Optional.orElseGet(Optional.java:364)
	at org.junit.jupiter.engine.descriptor.ClassBasedTestDescriptor.lambda$testInstancesProvider$6(ClassBasedTestDescriptor.java:278)
	at org.junit.jupiter.engine.execution.TestInstancesProvider.getTestInstances(TestInstancesProvider.java:31)
	at org.junit.jupiter.engine.descriptor.TestMethodTestDescriptor.lambda$prepare$1(TestMethodTestDescriptor.java:105)
	at org.junit.platform.engine.support.hierarchical.ThrowableCollector.execute(ThrowableCollector.java:73)
	at org.junit.jupiter.engine.descriptor.TestMethodTestDescriptor.prepare(TestMethodTestDescriptor.java:104)
	at org.junit.jupiter.engine.descriptor.TestMethodTestDescriptor.prepare(TestMethodTestDescriptor.java:68)
	at org.junit.platform.engine.support.hierarchical.NodeTestTask.lambda$prepare$2(NodeTestTask.java:128)
	at org.junit.platform.engine.support.hierarchical.ThrowableCollector.execute(ThrowableCollector.java:73)
	at org.junit.platform.engine.support.hierarchical.NodeTestTask.prepare(NodeTestTask.java:128)
	at org.junit.platform.engine.support.hierarchical.NodeTestTask.execute(NodeTestTask.java:95)
	at java.base/java.util.ArrayList.forEach(ArrayList.java:1596)
	at org.junit.platform.engine.support.hierarchical.SameThreadHierarchicalTestExecutorService.invokeAll(SameThreadHierarchicalTestExecutorService.java:41)
	at org.junit.platform.engine.support.hierarchical.NodeTestTask.lambda$executeRecursively$6(NodeTestTask.java:160)
	at org.junit.platform.engine.support.hierarchical.ThrowableCollector.execute(ThrowableCollector.java:73)
	at org.junit.platform.engine.support.hierarchical.NodeTestTask.lambda$executeRecursively$8(NodeTestTask.java:146)
	at org.junit.platform.engine.support.hierarchical.Node.around(Node.java:137)
	at org.junit.platform.engine.support.hierarchical.NodeTestTask.lambda$executeRecursively$9(NodeTestTask.java:144)
	at org.junit.platform.engine.support.hierarchical.ThrowableCollector.execute(ThrowableCollector.java:73)
	at org.junit.platform.engine.support.hierarchical.NodeTestTask.executeRecursively(NodeTestTask.java:143)
	at org.junit.platform.engine.support.hierarchical.NodeTestTask.execute(NodeTestTask.java:100)
	at java.base/java.util.ArrayList.forEach(ArrayList.java:1596)
	at org.junit.platform.engine.support.hierarchical.SameThreadHierarchicalTestExecutorService.invokeAll(SameThreadHierarchicalTestExecutorService.java:41)
	at org.junit.platform.engine.support.hierarchical.NodeTestTask.lambda$executeRecursively$6(NodeTestTask.java:160)
	at org.junit.platform.engine.support.hierarchical.ThrowableCollector.execute(ThrowableCollector.java:73)
	at org.junit.platform.engine.support.hierarchical.NodeTestTask.lambda$executeRecursively$8(NodeTestTask.java:146)
	at org.junit.platform.engine.support.hierarchical.Node.around(Node.java:137)
	at org.junit.platform.engine.support.hierarchical.NodeTestTask.lambda$executeRecursively$9(NodeTestTask.java:144)
	at org.junit.platform.engine.support.hierarchical.ThrowableCollector.execute(ThrowableCollector.java:73)
	at org.junit.platform.engine.support.hierarchical.NodeTestTask.executeRecursively(NodeTestTask.java:143)
	at org.junit.platform.engine.support.hierarchical.NodeTestTask.execute(NodeTestTask.java:100)
	at org.junit.platform.engine.support.hierarchical.SameThreadHierarchicalTestExecutorService.submit(SameThreadHierarchicalTestExecutorService.java:35)
	at org.junit.platform.engine.support.hierarchical.HierarchicalTestExecutor.execute(HierarchicalTestExecutor.java:57)
	at org.junit.platform.engine.support.hierarchical.HierarchicalTestEngine.execute(HierarchicalTestEngine.java:54)
	at org.junit.platform.launcher.core.EngineExecutionOrchestrator.execute(EngineExecutionOrchestrator.java:147)
	at org.junit.platform.launcher.core.EngineExecutionOrchestrator.execute(EngineExecutionOrchestrator.java:127)
	at org.junit.platform.launcher.core.EngineExecutionOrchestrator.execute(EngineExecutionOrchestrator.java:90)
	at org.junit.platform.launcher.core.EngineExecutionOrchestrator.lambda$execute$0(EngineExecutionOrchestrator.java:55)
	at org.junit.platform.launcher.core.EngineExecutionOrchestrator.withInterceptedStreams(EngineExecutionOrchestrator.java:102)
	at org.junit.platform.launcher.core.EngineExecutionOrchestrator.execute(EngineExecutionOrchestrator.java:54)
	at org.junit.platform.launcher.core.DefaultLauncher.execute(DefaultLauncher.java:114)
	at org.junit.platform.launcher.core.DefaultLauncher.execute(DefaultLauncher.java:86)
	at org.junit.platform.launcher.core.DefaultLauncherSession$DelegatingLauncher.execute(DefaultLauncherSession.java:86)
	at org.junit.platform.launcher.core.SessionPerRequestLauncher.execute(SessionPerRequestLauncher.java:53)
	at org.pitest.junit5.JUnit5TestUnitFinder.findTestUnits(JUnit5TestUnitFinder.java:83)
	at org.pitest.mutationtest.config.PrioritisingTestUnitFinder.findTestUnits(PrioritisingTestUnitFinder.java:20)
	at org.pitest.testapi.execute.FindTestUnits.findTestUnits(FindTestUnits.java:64)
	at org.pitest.testapi.execute.FindTestUnits.getTestUnits(FindTestUnits.java:47)
	at org.pitest.testapi.execute.FindTestUnits.findTestUnitsForAllSuppliedClasses(FindTestUnits.java:36)
	at org.pitest.coverage.execute.CoverageMinion.discoverTests(CoverageMinion.java:168)
	at org.pitest.coverage.execute.CoverageMinion.getTestsFromParent(CoverageMinion.java:154)
	at org.pitest.coverage.execute.CoverageMinion.main(CoverageMinion.java:82)
Caused by: org.h2.jdbc.JdbcSQLNonTransientConnectionException: Exception abriendo puerto "9092" (el puerto puede estar en uso), causa: "java.net.BindException: La dirección ya se está usando"
Exception opening port "9092" (port may be in use), cause: "java.net.BindException: La dirección ya se está usando" [90061-232]
	at org.h2.message.DbException.getJdbcSQLException(DbException.java:690)
	at org.h2.message.DbException.getJdbcSQLException(DbException.java:489)
	at org.h2.message.DbException.get(DbException.java:212)
	at org.h2.util.NetUtils.createServerSocketTry(NetUtils.java:206)
	at org.h2.util.NetUtils.createServerSocket(NetUtils.java:172)
	at org.h2.server.TcpServer.start(TcpServer.java:241)
	at org.h2.tools.Server.start(Server.java:551)
	at java.base/jdk.internal.reflect.DirectMethodHandleAccessor.invoke(DirectMethodHandleAccessor.java:103)
	at java.base/java.lang.reflect.Method.invoke(Method.java:580)
	at org.springframework.beans.factory.support.AbstractAutowireCapableBeanFactory.invokeCustomInitMethod(AbstractAutowireCapableBeanFactory.java:1912)
	at org.springframework.beans.factory.support.AbstractAutowireCapableBeanFactory.invokeInitMethods(AbstractAutowireCapableBeanFactory.java:1865)
	at org.springframework.beans.factory.support.AbstractAutowireCapableBeanFactory.initializeBean(AbstractAutowireCapableBeanFactory.java:1804)
	... 100 common frames omitted
Caused by: java.net.BindException: La dirección ya se está usando
	at java.base/sun.nio.ch.Net.bind0(Native Method)
	at java.base/sun.nio.ch.Net.bind(Net.java:565)
	at java.base/sun.nio.ch.Net.bind(Net.java:554)
	at java.base/sun.nio.ch.NioSocketImpl.bind(NioSocketImpl.java:636)
	at java.base/java.net.ServerSocket.bind(ServerSocket.java:391)
	at java.base/java.net.ServerSocket.<init>(ServerSocket.java:278)
	at java.base/java.net.ServerSocket.<init>(ServerSocket.java:171)
	at org.h2.util.NetUtils.createServerSocketTry(NetUtils.java:202)
	... 108 common frames omitted
2025-04-29 09:58:11,275 [main] DEBUG c.p.i.a.in.web.ProductController - Request to Products Sorted
2025-04-29 09:58:11,279 [main] DEBUG c.p.i.a.in.web.ProductController - Request to Products Sorted
2025-04-29 09:58:11,283 [main] DEBUG c.p.i.a.in.web.ProductController - Request to Products Sorted
2025-04-29 09:58:11,287 [main] DEBUG c.p.i.a.in.web.ProductController - Request to Products Sorted
2025-04-29 10:03:23,206 [main] INFO  c.p.PruebaItxApplicationTests - Starting PruebaItxApplicationTests using Java 21.0.6 with PID 25471 (started by angelperez in /home/angelperez/TestProjects/ITX_Comercial_CasoPractico)
2025-04-29 10:03:23,209 [main] DEBUG c.p.PruebaItxApplicationTests - Running with Spring Boot v3.4.1, Spring v6.2.1
2025-04-29 10:03:23,210 [main] INFO  c.p.PruebaItxApplicationTests - No active profile set, falling back to 1 default profile: "default"
2025-04-29 10:03:28,239 [main] INFO  c.p.PruebaItxApplicationTests - Started PruebaItxApplicationTests in 5.538 seconds (process running for 7.676)
2025-04-29 10:03:28,918 [main] DEBUG c.p.i.a.in.web.ProductController - Request to Products Sorted
2025-04-29 10:03:28,938 [main] DEBUG c.p.i.a.in.web.ProductController - Request to Products Sorted
2025-04-29 10:03:28,944 [main] DEBUG c.p.i.a.in.web.ProductController - Request to Products Sorted
2025-04-29 10:03:29,108 [main] INFO  c.p.a.service.ProductService - Requested the products, factors: saleFactor: 1 stockFactor: 2
2025-04-29 10:03:29,284 [main] INFO  c.p.i.a.i.w.ProductControllerIntegrationTest - Starting ProductControllerIntegrationTest using Java 21.0.6 with PID 25471 (started by angelperez in /home/angelperez/TestProjects/ITX_Comercial_CasoPractico)
2025-04-29 10:03:29,284 [main] DEBUG c.p.i.a.i.w.ProductControllerIntegrationTest - Running with Spring Boot v3.4.1, Spring v6.2.1
2025-04-29 10:03:29,285 [main] INFO  c.p.i.a.i.w.ProductControllerIntegrationTest - No active profile set, falling back to 1 default profile: "default"
2025-04-29 10:03:30,570 [main] ERROR o.s.boot.SpringApplication - Application run failed
org.springframework.beans.factory.BeanCreationException: Error creating bean with name 'h2TcpServer' defined in class path resource [com/pruebaItx/infrastructure/config/H2ServerConfig.class]: Exception abriendo puerto "9092" (el puerto puede estar en uso), causa: "java.net.BindException: La dirección ya se está usando"
Exception opening port "9092" (port may be in use), cause: "java.net.BindException: La dirección ya se está usando" [90061-232]
	at org.springframework.beans.factory.support.AbstractAutowireCapableBeanFactory.initializeBean(AbstractAutowireCapableBeanFactory.java:1808)
	at org.springframework.beans.factory.support.AbstractAutowireCapableBeanFactory.doCreateBean(AbstractAutowireCapableBeanFactory.java:601)
	at org.springframework.beans.factory.support.AbstractAutowireCapableBeanFactory.createBean(AbstractAutowireCapableBeanFactory.java:523)
	at org.springframework.beans.factory.support.AbstractBeanFactory.lambda$doGetBean$0(AbstractBeanFactory.java:336)
	at org.springframework.beans.factory.support.DefaultSingletonBeanRegistry.getSingleton(DefaultSingletonBeanRegistry.java:289)
	at org.springframework.beans.factory.support.AbstractBeanFactory.doGetBean(AbstractBeanFactory.java:334)
	at org.springframework.beans.factory.support.AbstractBeanFactory.getBean(AbstractBeanFactory.java:199)
	at org.springframework.beans.factory.support.DefaultListableBeanFactory.instantiateSingleton(DefaultListableBeanFactory.java:1122)
	at org.springframework.beans.factory.support.DefaultListableBeanFactory.preInstantiateSingleton(DefaultListableBeanFactory.java:1093)
	at org.springframework.beans.factory.support.DefaultListableBeanFactory.preInstantiateSingletons(DefaultListableBeanFactory.java:1030)
	at org.springframework.context.support.AbstractApplicationContext.finishBeanFactoryInitialization(AbstractApplicationContext.java:987)
	at org.springframework.context.support.AbstractApplicationContext.refresh(AbstractApplicationContext.java:627)
	at org.springframework.boot.web.servlet.context.ServletWebServerApplicationContext.refresh(ServletWebServerApplicationContext.java:146)
	at org.springframework.boot.SpringApplication.refresh(SpringApplication.java:752)
	at org.springframework.boot.SpringApplication.refreshContext(SpringApplication.java:439)
	at org.springframework.boot.SpringApplication.run(SpringApplication.java:318)
	at org.springframework.boot.test.context.SpringBootContextLoader.lambda$loadContext$3(SpringBootContextLoader.java:137)
	at org.springframework.util.function.ThrowingSupplier.get(ThrowingSupplier.java:58)
	at org.springframework.util.function.ThrowingSupplier.get(ThrowingSupplier.java:46)
	at org.springframework.boot.SpringApplication.withHook(SpringApplication.java:1461)
	at org.springframework.boot.test.context.SpringBootContextLoader$ContextLoaderHook.run(SpringBootContextLoader.java:553)
	at org.springframework.boot.test.context.SpringBootContextLoader.loadContext(SpringBootContextLoader.java:137)
	at org.springframework.boot.test.context.SpringBootContextLoader.loadContext(SpringBootContextLoader.java:108)
	at org.springframework.test.context.cache.DefaultCacheAwareContextLoaderDelegate.loadContextInternal(DefaultCacheAwareContextLoaderDelegate.java:225)
	at org.springframework.test.context.cache.DefaultCacheAwareContextLoaderDelegate.loadContext(DefaultCacheAwareContextLoaderDelegate.java:152)
	at org.springframework.test.context.support.DefaultTestContext.getApplicationContext(DefaultTestContext.java:130)
	at org.springframework.test.context.support.DependencyInjectionTestExecutionListener.injectDependencies(DependencyInjectionTestExecutionListener.java:142)
	at org.springframework.test.context.support.DependencyInjectionTestExecutionListener.prepareTestInstance(DependencyInjectionTestExecutionListener.java:98)
	at org.springframework.test.context.TestContextManager.prepareTestInstance(TestContextManager.java:260)
	at org.springframework.test.context.junit.jupiter.SpringExtension.postProcessTestInstance(SpringExtension.java:160)
	at org.junit.jupiter.engine.descriptor.ClassBasedTestDescriptor.lambda$invokeTestInstancePostProcessors$11(ClassBasedTestDescriptor.java:378)
	at org.junit.jupiter.engine.descriptor.ClassBasedTestDescriptor.executeAndMaskThrowable(ClassBasedTestDescriptor.java:383)
	at org.junit.jupiter.engine.descriptor.ClassBasedTestDescriptor.lambda$invokeTestInstancePostProcessors$12(ClassBasedTestDescriptor.java:378)
	at java.base/java.util.stream.ForEachOps$ForEachOp$OfRef.accept(ForEachOps.java:184)
	at java.base/java.util.stream.ReferencePipeline$3$1.accept(ReferencePipeline.java:197)
	at java.base/java.util.stream.ReferencePipeline$2$1.accept(ReferencePipeline.java:179)
	at java.base/java.util.stream.ReferencePipeline$3$1.accept(ReferencePipeline.java:197)
	at java.base/java.util.ArrayList$ArrayListSpliterator.forEachRemaining(ArrayList.java:1708)
	at java.base/java.util.stream.AbstractPipeline.copyInto(AbstractPipeline.java:509)
	at java.base/java.util.stream.AbstractPipeline.wrapAndCopyInto(AbstractPipeline.java:499)
	at java.base/java.util.stream.ForEachOps$ForEachOp.evaluateSequential(ForEachOps.java:151)
	at java.base/java.util.stream.ForEachOps$ForEachOp$OfRef.evaluateSequential(ForEachOps.java:174)
	at java.base/java.util.stream.AbstractPipeline.evaluate(AbstractPipeline.java:234)
	at java.base/java.util.stream.ReferencePipeline.forEach(ReferencePipeline.java:596)
	at org.junit.jupiter.engine.descriptor.ClassBasedTestDescriptor.invokeTestInstancePostProcessors(ClassBasedTestDescriptor.java:377)
	at org.junit.jupiter.engine.descriptor.ClassBasedTestDescriptor.lambda$instantiateAndPostProcessTestInstance$7(ClassBasedTestDescriptor.java:290)
	at org.junit.platform.engine.support.hierarchical.ThrowableCollector.execute(ThrowableCollector.java:73)
	at org.junit.jupiter.engine.descriptor.ClassBasedTestDescriptor.instantiateAndPostProcessTestInstance(ClassBasedTestDescriptor.java:289)
	at org.junit.jupiter.engine.descriptor.ClassBasedTestDescriptor.lambda$testInstancesProvider$5(ClassBasedTestDescriptor.java:279)
	at java.base/java.util.Optional.orElseGet(Optional.java:364)
	at org.junit.jupiter.engine.descriptor.ClassBasedTestDescriptor.lambda$testInstancesProvider$6(ClassBasedTestDescriptor.java:278)
	at org.junit.jupiter.engine.execution.TestInstancesProvider.getTestInstances(TestInstancesProvider.java:31)
	at org.junit.jupiter.engine.descriptor.TestMethodTestDescriptor.lambda$prepare$1(TestMethodTestDescriptor.java:105)
	at org.junit.platform.engine.support.hierarchical.ThrowableCollector.execute(ThrowableCollector.java:73)
	at org.junit.jupiter.engine.descriptor.TestMethodTestDescriptor.prepare(TestMethodTestDescriptor.java:104)
	at org.junit.jupiter.engine.descriptor.TestMethodTestDescriptor.prepare(TestMethodTestDescriptor.java:68)
	at org.junit.platform.engine.support.hierarchical.NodeTestTask.lambda$prepare$2(NodeTestTask.java:128)
	at org.junit.platform.engine.support.hierarchical.ThrowableCollector.execute(ThrowableCollector.java:73)
	at org.junit.platform.engine.support.hierarchical.NodeTestTask.prepare(NodeTestTask.java:128)
	at org.junit.platform.engine.support.hierarchical.NodeTestTask.execute(NodeTestTask.java:95)
	at java.base/java.util.ArrayList.forEach(ArrayList.java:1596)
	at org.junit.platform.engine.support.hierarchical.SameThreadHierarchicalTestExecutorService.invokeAll(SameThreadHierarchicalTestExecutorService.java:41)
	at org.junit.platform.engine.support.hierarchical.NodeTestTask.lambda$executeRecursively$6(NodeTestTask.java:160)
	at org.junit.platform.engine.support.hierarchical.ThrowableCollector.execute(ThrowableCollector.java:73)
	at org.junit.platform.engine.support.hierarchical.NodeTestTask.lambda$executeRecursively$8(NodeTestTask.java:146)
	at org.junit.platform.engine.support.hierarchical.Node.around(Node.java:137)
	at org.junit.platform.engine.support.hierarchical.NodeTestTask.lambda$executeRecursively$9(NodeTestTask.java:144)
	at org.junit.platform.engine.support.hierarchical.ThrowableCollector.execute(ThrowableCollector.java:73)
	at org.junit.platform.engine.support.hierarchical.NodeTestTask.executeRecursively(NodeTestTask.java:143)
	at org.junit.platform.engine.support.hierarchical.NodeTestTask.execute(NodeTestTask.java:100)
	at java.base/java.util.ArrayList.forEach(ArrayList.java:1596)
	at org.junit.platform.engine.support.hierarchical.SameThreadHierarchicalTestExecutorService.invokeAll(SameThreadHierarchicalTestExecutorService.java:41)
	at org.junit.platform.engine.support.hierarchical.NodeTestTask.lambda$executeRecursively$6(NodeTestTask.java:160)
	at org.junit.platform.engine.support.hierarchical.ThrowableCollector.execute(ThrowableCollector.java:73)
	at org.junit.platform.engine.support.hierarchical.NodeTestTask.lambda$executeRecursively$8(NodeTestTask.java:146)
	at org.junit.platform.engine.support.hierarchical.Node.around(Node.java:137)
	at org.junit.platform.engine.support.hierarchical.NodeTestTask.lambda$executeRecursively$9(NodeTestTask.java:144)
	at org.junit.platform.engine.support.hierarchical.ThrowableCollector.execute(ThrowableCollector.java:73)
	at org.junit.platform.engine.support.hierarchical.NodeTestTask.executeRecursively(NodeTestTask.java:143)
	at org.junit.platform.engine.support.hierarchical.NodeTestTask.execute(NodeTestTask.java:100)
	at org.junit.platform.engine.support.hierarchical.SameThreadHierarchicalTestExecutorService.submit(SameThreadHierarchicalTestExecutorService.java:35)
	at org.junit.platform.engine.support.hierarchical.HierarchicalTestExecutor.execute(HierarchicalTestExecutor.java:57)
	at org.junit.platform.engine.support.hierarchical.HierarchicalTestEngine.execute(HierarchicalTestEngine.java:54)
	at org.junit.platform.launcher.core.EngineExecutionOrchestrator.execute(EngineExecutionOrchestrator.java:147)
	at org.junit.platform.launcher.core.EngineExecutionOrchestrator.execute(EngineExecutionOrchestrator.java:127)
	at org.junit.platform.launcher.core.EngineExecutionOrchestrator.execute(EngineExecutionOrchestrator.java:90)
	at org.junit.platform.launcher.core.EngineExecutionOrchestrator.lambda$execute$0(EngineExecutionOrchestrator.java:55)
	at org.junit.platform.launcher.core.EngineExecutionOrchestrator.withInterceptedStreams(EngineExecutionOrchestrator.java:102)
	at org.junit.platform.launcher.core.EngineExecutionOrchestrator.execute(EngineExecutionOrchestrator.java:54)
	at org.junit.platform.launcher.core.DefaultLauncher.execute(DefaultLauncher.java:114)
	at org.junit.platform.launcher.core.DefaultLauncher.execute(DefaultLauncher.java:86)
	at org.junit.platform.launcher.core.DefaultLauncherSession$DelegatingLauncher.execute(DefaultLauncherSession.java:86)
	at org.junit.platform.launcher.core.SessionPerRequestLauncher.execute(SessionPerRequestLauncher.java:53)
	at org.pitest.junit5.JUnit5TestUnitFinder.findTestUnits(JUnit5TestUnitFinder.java:83)
	at org.pitest.mutationtest.config.PrioritisingTestUnitFinder.findTestUnits(PrioritisingTestUnitFinder.java:20)
	at org.pitest.testapi.execute.FindTestUnits.findTestUnits(FindTestUnits.java:64)
	at org.pitest.testapi.execute.FindTestUnits.getTestUnits(FindTestUnits.java:47)
	at org.pitest.testapi.execute.FindTestUnits.findTestUnitsForAllSuppliedClasses(FindTestUnits.java:36)
	at org.pitest.coverage.execute.CoverageMinion.discoverTests(CoverageMinion.java:168)
	at org.pitest.coverage.execute.CoverageMinion.getTestsFromParent(CoverageMinion.java:154)
	at org.pitest.coverage.execute.CoverageMinion.main(CoverageMinion.java:82)
Caused by: org.h2.jdbc.JdbcSQLNonTransientConnectionException: Exception abriendo puerto "9092" (el puerto puede estar en uso), causa: "java.net.BindException: La dirección ya se está usando"
Exception opening port "9092" (port may be in use), cause: "java.net.BindException: La dirección ya se está usando" [90061-232]
	at org.h2.message.DbException.getJdbcSQLException(DbException.java:690)
	at org.h2.message.DbException.getJdbcSQLException(DbException.java:489)
	at org.h2.message.DbException.get(DbException.java:212)
	at org.h2.util.NetUtils.createServerSocketTry(NetUtils.java:206)
	at org.h2.util.NetUtils.createServerSocket(NetUtils.java:172)
	at org.h2.server.TcpServer.start(TcpServer.java:241)
	at org.h2.tools.Server.start(Server.java:551)
	at java.base/jdk.internal.reflect.DirectMethodHandleAccessor.invoke(DirectMethodHandleAccessor.java:103)
	at java.base/java.lang.reflect.Method.invoke(Method.java:580)
	at org.springframework.beans.factory.support.AbstractAutowireCapableBeanFactory.invokeCustomInitMethod(AbstractAutowireCapableBeanFactory.java:1912)
	at org.springframework.beans.factory.support.AbstractAutowireCapableBeanFactory.invokeInitMethods(AbstractAutowireCapableBeanFactory.java:1865)
	at org.springframework.beans.factory.support.AbstractAutowireCapableBeanFactory.initializeBean(AbstractAutowireCapableBeanFactory.java:1804)
	... 100 common frames omitted
Caused by: java.net.BindException: La dirección ya se está usando
	at java.base/sun.nio.ch.Net.bind0(Native Method)
	at java.base/sun.nio.ch.Net.bind(Net.java:565)
	at java.base/sun.nio.ch.Net.bind(Net.java:554)
	at java.base/sun.nio.ch.NioSocketImpl.bind(NioSocketImpl.java:636)
	at java.base/java.net.ServerSocket.bind(ServerSocket.java:391)
	at java.base/java.net.ServerSocket.<init>(ServerSocket.java:278)
	at java.base/java.net.ServerSocket.<init>(ServerSocket.java:171)
	at org.h2.util.NetUtils.createServerSocketTry(NetUtils.java:202)
	... 108 common frames omitted
2025-04-29 10:03:30,593 [main] DEBUG c.p.i.a.in.web.ProductController - Request to Products Sorted
2025-04-29 10:03:30,597 [main] DEBUG c.p.i.a.in.web.ProductController - Request to Products Sorted
2025-04-29 10:03:30,602 [main] DEBUG c.p.i.a.in.web.ProductController - Request to Products Sorted
2025-04-29 10:03:30,609 [main] DEBUG c.p.i.a.in.web.ProductController - Request to Products Sorted
2025-04-29 10:05:36,187 [main] INFO  c.p.PruebaItxApplicationTests - Starting PruebaItxApplicationTests using Java 21.0.6 with PID 26249 (started by angelperez in /home/angelperez/TestProjects/ITX_Comercial_CasoPractico)
2025-04-29 10:05:36,196 [main] DEBUG c.p.PruebaItxApplicationTests - Running with Spring Boot v3.4.1, Spring v6.2.1
2025-04-29 10:05:36,199 [main] INFO  c.p.PruebaItxApplicationTests - No active profile set, falling back to 1 default profile: "default"
2025-04-29 10:05:41,513 [main] INFO  c.p.PruebaItxApplicationTests - Started PruebaItxApplicationTests in 5.778 seconds (process running for 7.055)
2025-04-29 10:05:42,269 [main] DEBUG c.p.i.a.in.web.ProductController - Request to Products Sorted
2025-04-29 10:05:42,281 [main] DEBUG c.p.i.a.in.web.ProductController - Request to Products Sorted
2025-04-29 10:05:42,285 [main] DEBUG c.p.i.a.in.web.ProductController - Request to Products Sorted
2025-04-29 10:05:42,440 [main] INFO  c.p.a.service.ProductService - Requested the products, factors: saleFactor: 1 stockFactor: 2
2025-04-29 10:05:42,629 [main] INFO  c.p.i.a.i.w.ProductControllerIntegrationTest - Starting ProductControllerIntegrationTest using Java 21.0.6 with PID 26249 (started by angelperez in /home/angelperez/TestProjects/ITX_Comercial_CasoPractico)
2025-04-29 10:05:42,629 [main] DEBUG c.p.i.a.i.w.ProductControllerIntegrationTest - Running with Spring Boot v3.4.1, Spring v6.2.1
2025-04-29 10:05:42,630 [main] INFO  c.p.i.a.i.w.ProductControllerIntegrationTest - No active profile set, falling back to 1 default profile: "default"
2025-04-29 10:05:43,960 [main] ERROR o.s.boot.SpringApplication - Application run failed
org.springframework.beans.factory.BeanCreationException: Error creating bean with name 'h2TcpServer' defined in class path resource [com/pruebaItx/infrastructure/config/H2ServerConfig.class]: Exception abriendo puerto "9092" (el puerto puede estar en uso), causa: "java.net.BindException: La dirección ya se está usando"
Exception opening port "9092" (port may be in use), cause: "java.net.BindException: La dirección ya se está usando" [90061-232]
	at org.springframework.beans.factory.support.AbstractAutowireCapableBeanFactory.initializeBean(AbstractAutowireCapableBeanFactory.java:1808)
	at org.springframework.beans.factory.support.AbstractAutowireCapableBeanFactory.doCreateBean(AbstractAutowireCapableBeanFactory.java:601)
	at org.springframework.beans.factory.support.AbstractAutowireCapableBeanFactory.createBean(AbstractAutowireCapableBeanFactory.java:523)
	at org.springframework.beans.factory.support.AbstractBeanFactory.lambda$doGetBean$0(AbstractBeanFactory.java:336)
	at org.springframework.beans.factory.support.DefaultSingletonBeanRegistry.getSingleton(DefaultSingletonBeanRegistry.java:289)
	at org.springframework.beans.factory.support.AbstractBeanFactory.doGetBean(AbstractBeanFactory.java:334)
	at org.springframework.beans.factory.support.AbstractBeanFactory.getBean(AbstractBeanFactory.java:199)
	at org.springframework.beans.factory.support.DefaultListableBeanFactory.instantiateSingleton(DefaultListableBeanFactory.java:1122)
	at org.springframework.beans.factory.support.DefaultListableBeanFactory.preInstantiateSingleton(DefaultListableBeanFactory.java:1093)
	at org.springframework.beans.factory.support.DefaultListableBeanFactory.preInstantiateSingletons(DefaultListableBeanFactory.java:1030)
	at org.springframework.context.support.AbstractApplicationContext.finishBeanFactoryInitialization(AbstractApplicationContext.java:987)
	at org.springframework.context.support.AbstractApplicationContext.refresh(AbstractApplicationContext.java:627)
	at org.springframework.boot.web.servlet.context.ServletWebServerApplicationContext.refresh(ServletWebServerApplicationContext.java:146)
	at org.springframework.boot.SpringApplication.refresh(SpringApplication.java:752)
	at org.springframework.boot.SpringApplication.refreshContext(SpringApplication.java:439)
	at org.springframework.boot.SpringApplication.run(SpringApplication.java:318)
	at org.springframework.boot.test.context.SpringBootContextLoader.lambda$loadContext$3(SpringBootContextLoader.java:137)
	at org.springframework.util.function.ThrowingSupplier.get(ThrowingSupplier.java:58)
	at org.springframework.util.function.ThrowingSupplier.get(ThrowingSupplier.java:46)
	at org.springframework.boot.SpringApplication.withHook(SpringApplication.java:1461)
	at org.springframework.boot.test.context.SpringBootContextLoader$ContextLoaderHook.run(SpringBootContextLoader.java:553)
	at org.springframework.boot.test.context.SpringBootContextLoader.loadContext(SpringBootContextLoader.java:137)
	at org.springframework.boot.test.context.SpringBootContextLoader.loadContext(SpringBootContextLoader.java:108)
	at org.springframework.test.context.cache.DefaultCacheAwareContextLoaderDelegate.loadContextInternal(DefaultCacheAwareContextLoaderDelegate.java:225)
	at org.springframework.test.context.cache.DefaultCacheAwareContextLoaderDelegate.loadContext(DefaultCacheAwareContextLoaderDelegate.java:152)
	at org.springframework.test.context.support.DefaultTestContext.getApplicationContext(DefaultTestContext.java:130)
	at org.springframework.test.context.support.DependencyInjectionTestExecutionListener.injectDependencies(DependencyInjectionTestExecutionListener.java:142)
	at org.springframework.test.context.support.DependencyInjectionTestExecutionListener.prepareTestInstance(DependencyInjectionTestExecutionListener.java:98)
	at org.springframework.test.context.TestContextManager.prepareTestInstance(TestContextManager.java:260)
	at org.springframework.test.context.junit.jupiter.SpringExtension.postProcessTestInstance(SpringExtension.java:160)
	at org.junit.jupiter.engine.descriptor.ClassBasedTestDescriptor.lambda$invokeTestInstancePostProcessors$11(ClassBasedTestDescriptor.java:378)
	at org.junit.jupiter.engine.descriptor.ClassBasedTestDescriptor.executeAndMaskThrowable(ClassBasedTestDescriptor.java:383)
	at org.junit.jupiter.engine.descriptor.ClassBasedTestDescriptor.lambda$invokeTestInstancePostProcessors$12(ClassBasedTestDescriptor.java:378)
	at java.base/java.util.stream.ForEachOps$ForEachOp$OfRef.accept(ForEachOps.java:184)
	at java.base/java.util.stream.ReferencePipeline$3$1.accept(ReferencePipeline.java:197)
	at java.base/java.util.stream.ReferencePipeline$2$1.accept(ReferencePipeline.java:179)
	at java.base/java.util.stream.ReferencePipeline$3$1.accept(ReferencePipeline.java:197)
	at java.base/java.util.ArrayList$ArrayListSpliterator.forEachRemaining(ArrayList.java:1708)
	at java.base/java.util.stream.AbstractPipeline.copyInto(AbstractPipeline.java:509)
	at java.base/java.util.stream.AbstractPipeline.wrapAndCopyInto(AbstractPipeline.java:499)
	at java.base/java.util.stream.ForEachOps$ForEachOp.evaluateSequential(ForEachOps.java:151)
	at java.base/java.util.stream.ForEachOps$ForEachOp$OfRef.evaluateSequential(ForEachOps.java:174)
	at java.base/java.util.stream.AbstractPipeline.evaluate(AbstractPipeline.java:234)
	at java.base/java.util.stream.ReferencePipeline.forEach(ReferencePipeline.java:596)
	at org.junit.jupiter.engine.descriptor.ClassBasedTestDescriptor.invokeTestInstancePostProcessors(ClassBasedTestDescriptor.java:377)
	at org.junit.jupiter.engine.descriptor.ClassBasedTestDescriptor.lambda$instantiateAndPostProcessTestInstance$7(ClassBasedTestDescriptor.java:290)
	at org.junit.platform.engine.support.hierarchical.ThrowableCollector.execute(ThrowableCollector.java:73)
	at org.junit.jupiter.engine.descriptor.ClassBasedTestDescriptor.instantiateAndPostProcessTestInstance(ClassBasedTestDescriptor.java:289)
	at org.junit.jupiter.engine.descriptor.ClassBasedTestDescriptor.lambda$testInstancesProvider$5(ClassBasedTestDescriptor.java:279)
	at java.base/java.util.Optional.orElseGet(Optional.java:364)
	at org.junit.jupiter.engine.descriptor.ClassBasedTestDescriptor.lambda$testInstancesProvider$6(ClassBasedTestDescriptor.java:278)
	at org.junit.jupiter.engine.execution.TestInstancesProvider.getTestInstances(TestInstancesProvider.java:31)
	at org.junit.jupiter.engine.descriptor.TestMethodTestDescriptor.lambda$prepare$1(TestMethodTestDescriptor.java:105)
	at org.junit.platform.engine.support.hierarchical.ThrowableCollector.execute(ThrowableCollector.java:73)
	at org.junit.jupiter.engine.descriptor.TestMethodTestDescriptor.prepare(TestMethodTestDescriptor.java:104)
	at org.junit.jupiter.engine.descriptor.TestMethodTestDescriptor.prepare(TestMethodTestDescriptor.java:68)
	at org.junit.platform.engine.support.hierarchical.NodeTestTask.lambda$prepare$2(NodeTestTask.java:128)
	at org.junit.platform.engine.support.hierarchical.ThrowableCollector.execute(ThrowableCollector.java:73)
	at org.junit.platform.engine.support.hierarchical.NodeTestTask.prepare(NodeTestTask.java:128)
	at org.junit.platform.engine.support.hierarchical.NodeTestTask.execute(NodeTestTask.java:95)
	at java.base/java.util.ArrayList.forEach(ArrayList.java:1596)
	at org.junit.platform.engine.support.hierarchical.SameThreadHierarchicalTestExecutorService.invokeAll(SameThreadHierarchicalTestExecutorService.java:41)
	at org.junit.platform.engine.support.hierarchical.NodeTestTask.lambda$executeRecursively$6(NodeTestTask.java:160)
	at org.junit.platform.engine.support.hierarchical.ThrowableCollector.execute(ThrowableCollector.java:73)
	at org.junit.platform.engine.support.hierarchical.NodeTestTask.lambda$executeRecursively$8(NodeTestTask.java:146)
	at org.junit.platform.engine.support.hierarchical.Node.around(Node.java:137)
	at org.junit.platform.engine.support.hierarchical.NodeTestTask.lambda$executeRecursively$9(NodeTestTask.java:144)
	at org.junit.platform.engine.support.hierarchical.ThrowableCollector.execute(ThrowableCollector.java:73)
	at org.junit.platform.engine.support.hierarchical.NodeTestTask.executeRecursively(NodeTestTask.java:143)
	at org.junit.platform.engine.support.hierarchical.NodeTestTask.execute(NodeTestTask.java:100)
	at java.base/java.util.ArrayList.forEach(ArrayList.java:1596)
	at org.junit.platform.engine.support.hierarchical.SameThreadHierarchicalTestExecutorService.invokeAll(SameThreadHierarchicalTestExecutorService.java:41)
	at org.junit.platform.engine.support.hierarchical.NodeTestTask.lambda$executeRecursively$6(NodeTestTask.java:160)
	at org.junit.platform.engine.support.hierarchical.ThrowableCollector.execute(ThrowableCollector.java:73)
	at org.junit.platform.engine.support.hierarchical.NodeTestTask.lambda$executeRecursively$8(NodeTestTask.java:146)
	at org.junit.platform.engine.support.hierarchical.Node.around(Node.java:137)
	at org.junit.platform.engine.support.hierarchical.NodeTestTask.lambda$executeRecursively$9(NodeTestTask.java:144)
	at org.junit.platform.engine.support.hierarchical.ThrowableCollector.execute(ThrowableCollector.java:73)
	at org.junit.platform.engine.support.hierarchical.NodeTestTask.executeRecursively(NodeTestTask.java:143)
	at org.junit.platform.engine.support.hierarchical.NodeTestTask.execute(NodeTestTask.java:100)
	at org.junit.platform.engine.support.hierarchical.SameThreadHierarchicalTestExecutorService.submit(SameThreadHierarchicalTestExecutorService.java:35)
	at org.junit.platform.engine.support.hierarchical.HierarchicalTestExecutor.execute(HierarchicalTestExecutor.java:57)
	at org.junit.platform.engine.support.hierarchical.HierarchicalTestEngine.execute(HierarchicalTestEngine.java:54)
	at org.junit.platform.launcher.core.EngineExecutionOrchestrator.execute(EngineExecutionOrchestrator.java:147)
	at org.junit.platform.launcher.core.EngineExecutionOrchestrator.execute(EngineExecutionOrchestrator.java:127)
	at org.junit.platform.launcher.core.EngineExecutionOrchestrator.execute(EngineExecutionOrchestrator.java:90)
	at org.junit.platform.launcher.core.EngineExecutionOrchestrator.lambda$execute$0(EngineExecutionOrchestrator.java:55)
	at org.junit.platform.launcher.core.EngineExecutionOrchestrator.withInterceptedStreams(EngineExecutionOrchestrator.java:102)
	at org.junit.platform.launcher.core.EngineExecutionOrchestrator.execute(EngineExecutionOrchestrator.java:54)
	at org.junit.platform.launcher.core.DefaultLauncher.execute(DefaultLauncher.java:114)
	at org.junit.platform.launcher.core.DefaultLauncher.execute(DefaultLauncher.java:86)
	at org.junit.platform.launcher.core.DefaultLauncherSession$DelegatingLauncher.execute(DefaultLauncherSession.java:86)
	at org.junit.platform.launcher.core.SessionPerRequestLauncher.execute(SessionPerRequestLauncher.java:53)
	at org.pitest.junit5.JUnit5TestUnitFinder.findTestUnits(JUnit5TestUnitFinder.java:83)
	at org.pitest.mutationtest.config.PrioritisingTestUnitFinder.findTestUnits(PrioritisingTestUnitFinder.java:20)
	at org.pitest.testapi.execute.FindTestUnits.findTestUnits(FindTestUnits.java:64)
	at org.pitest.testapi.execute.FindTestUnits.getTestUnits(FindTestUnits.java:47)
	at org.pitest.testapi.execute.FindTestUnits.findTestUnitsForAllSuppliedClasses(FindTestUnits.java:36)
	at org.pitest.coverage.execute.CoverageMinion.discoverTests(CoverageMinion.java:168)
	at org.pitest.coverage.execute.CoverageMinion.getTestsFromParent(CoverageMinion.java:154)
	at org.pitest.coverage.execute.CoverageMinion.main(CoverageMinion.java:82)
Caused by: org.h2.jdbc.JdbcSQLNonTransientConnectionException: Exception abriendo puerto "9092" (el puerto puede estar en uso), causa: "java.net.BindException: La dirección ya se está usando"
Exception opening port "9092" (port may be in use), cause: "java.net.BindException: La dirección ya se está usando" [90061-232]
	at org.h2.message.DbException.getJdbcSQLException(DbException.java:690)
	at org.h2.message.DbException.getJdbcSQLException(DbException.java:489)
	at org.h2.message.DbException.get(DbException.java:212)
	at org.h2.util.NetUtils.createServerSocketTry(NetUtils.java:206)
	at org.h2.util.NetUtils.createServerSocket(NetUtils.java:172)
	at org.h2.server.TcpServer.start(TcpServer.java:241)
	at org.h2.tools.Server.start(Server.java:551)
	at java.base/jdk.internal.reflect.DirectMethodHandleAccessor.invoke(DirectMethodHandleAccessor.java:103)
	at java.base/java.lang.reflect.Method.invoke(Method.java:580)
	at org.springframework.beans.factory.support.AbstractAutowireCapableBeanFactory.invokeCustomInitMethod(AbstractAutowireCapableBeanFactory.java:1912)
	at org.springframework.beans.factory.support.AbstractAutowireCapableBeanFactory.invokeInitMethods(AbstractAutowireCapableBeanFactory.java:1865)
	at org.springframework.beans.factory.support.AbstractAutowireCapableBeanFactory.initializeBean(AbstractAutowireCapableBeanFactory.java:1804)
	... 100 common frames omitted
Caused by: java.net.BindException: La dirección ya se está usando
	at java.base/sun.nio.ch.Net.bind0(Native Method)
	at java.base/sun.nio.ch.Net.bind(Net.java:565)
	at java.base/sun.nio.ch.Net.bind(Net.java:554)
	at java.base/sun.nio.ch.NioSocketImpl.bind(NioSocketImpl.java:636)
	at java.base/java.net.ServerSocket.bind(ServerSocket.java:391)
	at java.base/java.net.ServerSocket.<init>(ServerSocket.java:278)
	at java.base/java.net.ServerSocket.<init>(ServerSocket.java:171)
	at org.h2.util.NetUtils.createServerSocketTry(NetUtils.java:202)
	... 108 common frames omitted
2025-04-29 10:05:43,987 [main] DEBUG c.p.i.a.in.web.ProductController - Request to Products Sorted
2025-04-29 10:05:43,993 [main] DEBUG c.p.i.a.in.web.ProductController - Request to Products Sorted
2025-04-29 10:05:43,999 [main] DEBUG c.p.i.a.in.web.ProductController - Request to Products Sorted
2025-04-29 10:05:44,003 [main] DEBUG c.p.i.a.in.web.ProductController - Request to Products Sorted
2025-04-29 10:07:39,137 [main] INFO  c.p.PruebaItxApplicationTests - Starting PruebaItxApplicationTests using Java 21.0.6 with PID 26846 (started by angelperez in /home/angelperez/TestProjects/ITX_Comercial_CasoPractico)
2025-04-29 10:07:39,138 [main] DEBUG c.p.PruebaItxApplicationTests - Running with Spring Boot v3.4.1, Spring v6.2.1
2025-04-29 10:07:39,139 [main] INFO  c.p.PruebaItxApplicationTests - No active profile set, falling back to 1 default profile: "default"
2025-04-29 10:07:42,893 [main] INFO  c.p.PruebaItxApplicationTests - Started PruebaItxApplicationTests in 3.99 seconds (process running for 5.064)
2025-04-29 10:07:43,414 [main] DEBUG c.p.i.a.in.web.ProductController - Request to Products Sorted
2025-04-29 10:07:43,424 [main] DEBUG c.p.i.a.in.web.ProductController - Request to Products Sorted
2025-04-29 10:07:43,427 [main] DEBUG c.p.i.a.in.web.ProductController - Request to Products Sorted
2025-04-29 10:07:43,559 [main] INFO  c.p.a.service.ProductService - Requested the products, factors: saleFactor: 1 stockFactor: 2
2025-04-29 10:07:43,618 [main] DEBUG c.p.i.a.in.web.ProductController - Request to Products Sorted
2025-04-29 10:07:43,622 [main] DEBUG c.p.i.a.in.web.ProductController - Request to Products Sorted
2025-04-29 10:07:43,626 [main] DEBUG c.p.i.a.in.web.ProductController - Request to Products Sorted
2025-04-29 10:07:43,631 [main] DEBUG c.p.i.a.in.web.ProductController - Request to Products Sorted
2025-04-29 10:07:47,039 [main] DEBUG c.p.i.a.in.web.ProductController - Request to Products Sorted
2025-04-29 10:07:47,069 [main] DEBUG c.p.i.a.in.web.ProductController - Request to Products Sorted
2025-04-29 10:07:47,073 [main] DEBUG c.p.i.a.in.web.ProductController - Request to Products Sorted
2025-04-29 10:07:47,080 [main] DEBUG c.p.i.a.in.web.ProductController - Request to Products Sorted
2025-04-29 10:07:47,097 [main] DEBUG c.p.i.a.in.web.ProductController - Request to Products Sorted
2025-04-29 10:07:47,102 [main] DEBUG c.p.i.a.in.web.ProductController - Request to Products Sorted
2025-04-29 10:07:47,105 [main] DEBUG c.p.i.a.in.web.ProductController - Request to Products Sorted
2025-04-29 10:07:47,166 [mutationTestThread] DEBUG c.p.i.a.in.web.ProductController - Request to Products Sorted
2025-04-29 10:07:48,442 [main] INFO  c.p.PruebaItxApplicationTests - Starting PruebaItxApplicationTests using Java 21.0.6 with PID 27056 (started by angelperez in /home/angelperez/TestProjects/ITX_Comercial_CasoPractico)
2025-04-29 10:07:48,445 [main] DEBUG c.p.PruebaItxApplicationTests - Running with Spring Boot v3.4.1, Spring v6.2.1
2025-04-29 10:07:48,446 [main] INFO  c.p.PruebaItxApplicationTests - No active profile set, falling back to 1 default profile: "default"
2025-04-29 10:07:52,203 [main] INFO  c.p.PruebaItxApplicationTests - Started PruebaItxApplicationTests in 4.002 seconds (process running for 5.02)
2025-04-29 10:07:57,314 [main] INFO  c.p.a.service.ProductService - Requested the products, factors: saleFactor: 1 stockFactor: 2
2025-04-29 10:07:57,421 [mutationTestThread] INFO  c.p.a.service.ProductService - Requested the products, factors: saleFactor: 1 stockFactor: 2
2025-04-29 10:08:56,721 [main] INFO  c.p.a.service.ProductService - Requested the products, factors: saleFactor: 1 stockFactor: 2
2025-04-29 10:08:58,121 [main] INFO  c.p.i.a.i.w.ProductControllerIntegrationTest - Starting ProductControllerIntegrationTest using Java 21.0.7 with PID 27672 (started by angelperez in /home/angelperez/TestProjects/ITX_Comercial_CasoPractico)
2025-04-29 10:08:58,121 [main] DEBUG c.p.i.a.i.w.ProductControllerIntegrationTest - Running with Spring Boot v3.4.1, Spring v6.2.1
2025-04-29 10:08:58,122 [main] INFO  c.p.i.a.i.w.ProductControllerIntegrationTest - No active profile set, falling back to 1 default profile: "default"
2025-04-29 10:09:04,214 [main] INFO  c.p.i.a.i.w.ProductControllerIntegrationTest - Started ProductControllerIntegrationTest in 6.511 seconds (process running for 16.654)
2025-04-29 10:09:04,594 [http-nio-auto-1-exec-1] DEBUG c.p.i.a.in.web.ProductController - Request to Products Sorted
2025-04-29 10:09:04,602 [http-nio-auto-1-exec-1] INFO  c.p.a.service.ProductService - Requested the products, factors: saleFactor: 0 stockFactor: 0
2025-04-29 10:09:04,920 [http-nio-auto-1-exec-2] DEBUG c.p.i.a.in.web.ProductController - Request to Products Sorted
2025-04-29 10:09:04,920 [http-nio-auto-1-exec-2] INFO  c.p.a.service.ProductService - Requested the products, factors: saleFactor: 0 stockFactor: 1
2025-04-29 10:09:04,929 [http-nio-auto-1-exec-3] DEBUG c.p.i.a.in.web.ProductController - Request to Products Sorted
2025-04-29 10:09:04,930 [http-nio-auto-1-exec-3] INFO  c.p.a.service.ProductService - Requested the products, factors: saleFactor: 0 stockFactor: 0
2025-04-29 10:09:04,945 [http-nio-auto-1-exec-4] DEBUG c.p.i.a.in.web.ProductController - Request to Products Sorted
2025-04-29 10:09:04,946 [http-nio-auto-1-exec-4] INFO  c.p.a.service.ProductService - Requested the products, factors: saleFactor: 0 stockFactor: 0
2025-04-29 10:09:04,954 [http-nio-auto-1-exec-5] DEBUG c.p.i.a.in.web.ProductController - Request to Products Sorted
2025-04-29 10:09:04,955 [http-nio-auto-1-exec-5] INFO  c.p.a.service.ProductService - Requested the products, factors: saleFactor: 1 stockFactor: 0
2025-04-29 10:09:04,964 [http-nio-auto-1-exec-6] DEBUG c.p.i.a.in.web.ProductController - Request to Products Sorted
2025-04-29 10:09:04,965 [http-nio-auto-1-exec-6] INFO  c.p.a.service.ProductService - Requested the products, factors: saleFactor: 0 stockFactor: 0
2025-04-29 10:09:05,071 [main] DEBUG c.p.i.a.in.web.ProductController - Request to Products Sorted
2025-04-29 10:09:05,075 [main] DEBUG c.p.i.a.in.web.ProductController - Request to Products Sorted
2025-04-29 10:09:05,078 [main] DEBUG c.p.i.a.in.web.ProductController - Request to Products Sorted
2025-04-29 10:09:05,080 [main] DEBUG c.p.i.a.in.web.ProductController - Request to Products Sorted
2025-04-29 10:09:14,191 [main] INFO  c.p.PruebaItxApplicationTests - Starting PruebaItxApplicationTests using Java 21.0.7 with PID 27841 (started by angelperez in /home/angelperez/TestProjects/ITX_Comercial_CasoPractico)
2025-04-29 10:09:14,192 [main] DEBUG c.p.PruebaItxApplicationTests - Running with Spring Boot v3.4.1, Spring v6.2.1
2025-04-29 10:09:14,193 [main] INFO  c.p.PruebaItxApplicationTests - No active profile set, falling back to 1 default profile: "default"
2025-04-29 10:09:17,912 [main] INFO  c.p.PruebaItxApplicationTests - Started PruebaItxApplicationTests in 3.961 seconds (process running for 4.988)
2025-04-29 10:09:18,442 [main] DEBUG c.p.i.a.in.web.ProductController - Request to Products Sorted
2025-04-29 10:09:18,452 [main] DEBUG c.p.i.a.in.web.ProductController - Request to Products Sorted
2025-04-29 10:09:18,455 [main] DEBUG c.p.i.a.in.web.ProductController - Request to Products Sorted
2025-04-29 10:09:18,576 [main] INFO  c.p.a.service.ProductService - Requested the products, factors: saleFactor: 1 stockFactor: 2
2025-04-29 10:09:18,626 [main] DEBUG c.p.i.a.in.web.ProductController - Request to Products Sorted
2025-04-29 10:09:18,630 [main] DEBUG c.p.i.a.in.web.ProductController - Request to Products Sorted
2025-04-29 10:09:18,633 [main] DEBUG c.p.i.a.in.web.ProductController - Request to Products Sorted
2025-04-29 10:09:18,638 [main] DEBUG c.p.i.a.in.web.ProductController - Request to Products Sorted
2025-04-29 10:09:21,929 [main] DEBUG c.p.i.a.in.web.ProductController - Request to Products Sorted
2025-04-29 10:09:21,959 [main] DEBUG c.p.i.a.in.web.ProductController - Request to Products Sorted
2025-04-29 10:09:21,963 [main] DEBUG c.p.i.a.in.web.ProductController - Request to Products Sorted
2025-04-29 10:09:21,968 [main] DEBUG c.p.i.a.in.web.ProductController - Request to Products Sorted
2025-04-29 10:09:21,983 [main] DEBUG c.p.i.a.in.web.ProductController - Request to Products Sorted
2025-04-29 10:09:21,988 [main] DEBUG c.p.i.a.in.web.ProductController - Request to Products Sorted
2025-04-29 10:09:21,991 [main] DEBUG c.p.i.a.in.web.ProductController - Request to Products Sorted
2025-04-29 10:09:22,051 [mutationTestThread] DEBUG c.p.i.a.in.web.ProductController - Request to Products Sorted
2025-04-29 10:09:23,283 [main] INFO  c.p.PruebaItxApplicationTests - Starting PruebaItxApplicationTests using Java 21.0.7 with PID 28060 (started by angelperez in /home/angelperez/TestProjects/ITX_Comercial_CasoPractico)
2025-04-29 10:09:23,284 [main] DEBUG c.p.PruebaItxApplicationTests - Running with Spring Boot v3.4.1, Spring v6.2.1
2025-04-29 10:09:23,285 [main] INFO  c.p.PruebaItxApplicationTests - No active profile set, falling back to 1 default profile: "default"
2025-04-29 10:09:26,770 [main] INFO  c.p.PruebaItxApplicationTests - Started PruebaItxApplicationTests in 3.711 seconds (process running for 4.706)
2025-04-29 10:09:31,040 [main] INFO  c.p.a.service.ProductService - Requested the products, factors: saleFactor: 1 stockFactor: 2
2025-04-29 10:09:31,116 [mutationTestThread] INFO  c.p.a.service.ProductService - Requested the products, factors: saleFactor: 1 stockFactor: 2
2025-04-29 11:19:16,428 [main] INFO  c.p.a.service.ProductService - Requested the products, factors: saleFactor: 1 stockFactor: 2
2025-04-29 11:19:19,997 [main] INFO  c.p.i.a.i.w.ProductControllerIntegrationTest - Starting ProductControllerIntegrationTest using Java 21.0.7 with PID 36635 (started by angelperez in /home/angelperez/TestProjects/ITX_Comercial_CasoPractico)
2025-04-29 11:19:19,998 [main] DEBUG c.p.i.a.i.w.ProductControllerIntegrationTest - Running with Spring Boot v3.4.1, Spring v6.2.1
2025-04-29 11:19:20,000 [main] INFO  c.p.i.a.i.w.ProductControllerIntegrationTest - No active profile set, falling back to 1 default profile: "default"
2025-04-29 11:19:32,124 [main] INFO  c.p.i.a.i.w.ProductControllerIntegrationTest - Started ProductControllerIntegrationTest in 12.974 seconds (process running for 21.922)
2025-04-29 11:19:33,159 [http-nio-auto-1-exec-1] DEBUG c.p.i.a.in.web.ProductController - Request to Products Sorted
2025-04-29 11:19:33,173 [http-nio-auto-1-exec-1] INFO  c.p.a.service.ProductService - Requested the products, factors: saleFactor: 0 stockFactor: 0
2025-04-29 11:19:33,865 [http-nio-auto-1-exec-2] DEBUG c.p.i.a.in.web.ProductController - Request to Products Sorted
2025-04-29 11:19:33,866 [http-nio-auto-1-exec-2] INFO  c.p.a.service.ProductService - Requested the products, factors: saleFactor: 0 stockFactor: 1
2025-04-29 11:19:33,889 [http-nio-auto-1-exec-3] DEBUG c.p.i.a.in.web.ProductController - Request to Products Sorted
2025-04-29 11:19:33,889 [http-nio-auto-1-exec-3] INFO  c.p.a.service.ProductService - Requested the products, factors: saleFactor: 0 stockFactor: 0
2025-04-29 11:19:33,936 [http-nio-auto-1-exec-4] DEBUG c.p.i.a.in.web.ProductController - Request to Products Sorted
2025-04-29 11:19:33,937 [http-nio-auto-1-exec-4] INFO  c.p.a.service.ProductService - Requested the products, factors: saleFactor: 0 stockFactor: 0
2025-04-29 11:19:33,965 [http-nio-auto-1-exec-5] DEBUG c.p.i.a.in.web.ProductController - Request to Products Sorted
2025-04-29 11:19:33,966 [http-nio-auto-1-exec-5] INFO  c.p.a.service.ProductService - Requested the products, factors: saleFactor: 1 stockFactor: 0
2025-04-29 11:19:33,987 [http-nio-auto-1-exec-6] DEBUG c.p.i.a.in.web.ProductController - Request to Products Sorted
2025-04-29 11:19:33,988 [http-nio-auto-1-exec-6] INFO  c.p.a.service.ProductService - Requested the products, factors: saleFactor: 0 stockFactor: 0
2025-04-29 11:19:34,200 [main] DEBUG c.p.i.a.in.web.ProductController - Request to Products Sorted
2025-04-29 11:19:34,207 [main] DEBUG c.p.i.a.in.web.ProductController - Request to Products Sorted
2025-04-29 11:19:34,213 [main] DEBUG c.p.i.a.in.web.ProductController - Request to Products Sorted
2025-04-29 11:19:34,218 [main] DEBUG c.p.i.a.in.web.ProductController - Request to Products Sorted
2025-04-29 12:59:08,696 [main] INFO  c.p.a.service.ProductService - Requested the products, factors: saleFactor: 1 stockFactor: 2
2025-04-29 12:59:14,178 [main] INFO  c.p.i.a.i.w.ProductControllerIntegrationTest - Starting ProductControllerIntegrationTest using Java 21.0.7 with PID 51192 (started by angelperez in /home/angelperez/TestProjects/ITX_Comercial_CasoPractico)
2025-04-29 12:59:14,180 [main] DEBUG c.p.i.a.i.w.ProductControllerIntegrationTest - Running with Spring Boot v3.4.1, Spring v6.2.1
2025-04-29 12:59:14,181 [main] INFO  c.p.i.a.i.w.ProductControllerIntegrationTest - No active profile set, falling back to 1 default profile: "default"
2025-04-29 12:59:29,550 [main] INFO  c.p.i.a.i.w.ProductControllerIntegrationTest - Started ProductControllerIntegrationTest in 16.537 seconds (process running for 31.221)
2025-04-29 12:59:30,218 [http-nio-auto-1-exec-1] DEBUG c.p.i.a.in.web.ProductController - Request to Products Sorted with headers: saleFactor=0, stockFactor=0
2025-04-29 12:59:30,233 [http-nio-auto-1-exec-1] INFO  c.p.a.service.ProductService - Requested the products with criteria weights: {}
2025-04-29 12:59:30,863 [http-nio-auto-1-exec-2] DEBUG c.p.i.a.in.web.ProductController - Request to Products Sorted with headers: saleFactor=0, stockFactor=1
2025-04-29 12:59:30,863 [http-nio-auto-1-exec-2] INFO  c.p.a.service.ProductService - Requested the products with criteria weights: {STOCK_FACTOR=1}
2025-04-29 12:59:30,886 [http-nio-auto-1-exec-3] DEBUG c.p.i.a.in.web.ProductController - Request to Products Sorted with headers: saleFactor=0, stockFactor=0
2025-04-29 12:59:30,887 [http-nio-auto-1-exec-3] INFO  c.p.a.service.ProductService - Requested the products with criteria weights: {}
2025-04-29 12:59:30,929 [http-nio-auto-1-exec-4] DEBUG c.p.i.a.in.web.ProductController - Request to Products Sorted with headers: saleFactor=0, stockFactor=0
2025-04-29 12:59:30,930 [http-nio-auto-1-exec-4] INFO  c.p.a.service.ProductService - Requested the products with criteria weights: {}
2025-04-29 12:59:30,949 [http-nio-auto-1-exec-5] DEBUG c.p.i.a.in.web.ProductController - Request to Products Sorted with headers: saleFactor=1, stockFactor=0
2025-04-29 12:59:30,950 [http-nio-auto-1-exec-5] INFO  c.p.a.service.ProductService - Requested the products with criteria weights: {SALE_FACTOR=1}
2025-04-29 12:59:30,969 [http-nio-auto-1-exec-6] DEBUG c.p.i.a.in.web.ProductController - Request to Products Sorted with headers: saleFactor=0, stockFactor=0
2025-04-29 12:59:30,969 [http-nio-auto-1-exec-6] INFO  c.p.a.service.ProductService - Requested the products with criteria weights: {}
2025-04-29 12:59:31,161 [main] DEBUG c.p.i.a.in.web.ProductController - Request to Products Sorted with headers: saleFactor=-1, stockFactor=-2
2025-04-29 12:59:31,223 [main] DEBUG c.p.i.a.in.web.ProductController - Request to Products Sorted with headers: saleFactor=1, stockFactor=2
2025-04-29 12:59:31,233 [main] DEBUG c.p.i.a.in.web.ProductController - Request to Products Sorted with headers: saleFactor=1, stockFactor=1
2025-04-29 12:59:31,241 [main] DEBUG c.p.i.a.in.web.ProductController - Request to Products Sorted with headers: saleFactor=0, stockFactor=0
2025-04-29 13:08:47,522 [main] INFO  c.p.PruebaItxApplicationTests - Starting PruebaItxApplicationTests using Java 21.0.7 with PID 53326 (started by angelperez in /home/angelperez/TestProjects/ITX_Comercial_CasoPractico)
2025-04-29 13:08:47,525 [main] DEBUG c.p.PruebaItxApplicationTests - Running with Spring Boot v3.4.1, Spring v6.2.1
2025-04-29 13:08:47,527 [main] INFO  c.p.PruebaItxApplicationTests - No active profile set, falling back to 1 default profile: "default"
2025-04-29 13:09:00,173 [main] INFO  c.p.PruebaItxApplicationTests - Started PruebaItxApplicationTests in 13.793 seconds (process running for 19.022)
2025-04-29 13:09:18,946 [main] DEBUG c.p.i.a.in.web.ProductController - Request to Products Sorted with headers: saleFactor=1, stockFactor=1
2025-04-29 13:09:19,173 [main] DEBUG c.p.i.a.in.web.ProductController - Request to Products Sorted with headers: saleFactor=0, stockFactor=1
2025-04-29 13:09:19,201 [main] DEBUG c.p.i.a.in.web.ProductController - Request to Products Sorted with headers: saleFactor=1, stockFactor=0
2025-04-29 13:11:24,303 [main] DEBUG c.p.i.a.in.web.ProductController - Request to Products Sorted with headers: saleFactor=1, stockFactor=1
2025-04-29 13:11:24,383 [main] DEBUG c.p.i.a.in.web.ProductController - Request to Products Sorted with headers: saleFactor=0, stockFactor=1
2025-04-29 13:11:24,402 [main] DEBUG c.p.i.a.in.web.ProductController - Request to Products Sorted with headers: saleFactor=1, stockFactor=0
2025-04-29 13:11:41,824 [main] INFO  c.p.PruebaItxApplicationTests - Starting PruebaItxApplicationTests using Java 21.0.7 with PID 54340 (started by angelperez in /home/angelperez/TestProjects/ITX_Comercial_CasoPractico)
2025-04-29 13:11:41,828 [main] DEBUG c.p.PruebaItxApplicationTests - Running with Spring Boot v3.4.1, Spring v6.2.1
2025-04-29 13:11:41,829 [main] INFO  c.p.PruebaItxApplicationTests - No active profile set, falling back to 1 default profile: "default"
2025-04-29 13:11:51,831 [main] INFO  c.p.PruebaItxApplicationTests - Started PruebaItxApplicationTests in 10.645 seconds (process running for 14.405)
2025-04-29 13:12:02,326 [main] DEBUG c.p.i.a.in.web.ProductController - Request to Products Sorted with headers: saleFactor=1, stockFactor=1
2025-04-29 13:12:02,391 [main] DEBUG c.p.i.a.in.web.ProductController - Request to Products Sorted with headers: saleFactor=0, stockFactor=1
2025-04-29 13:12:02,404 [main] DEBUG c.p.i.a.in.web.ProductController - Request to Products Sorted with headers: saleFactor=1, stockFactor=0
2025-04-29 13:13:35,167 [main] INFO  c.p.a.service.ProductService - Requested the products, factors: saleFactor: 1 stockFactor: 2
2025-04-29 13:13:40,261 [main] INFO  c.p.i.a.i.w.ProductControllerIntegrationTest - Starting ProductControllerIntegrationTest using Java 21.0.7 with PID 54866 (started by angelperez in /home/angelperez/TestProjects/ITX_Comercial_CasoPractico)
2025-04-29 13:13:40,263 [main] DEBUG c.p.i.a.i.w.ProductControllerIntegrationTest - Running with Spring Boot v3.4.1, Spring v6.2.1
2025-04-29 13:13:40,264 [main] INFO  c.p.i.a.i.w.ProductControllerIntegrationTest - No active profile set, falling back to 1 default profile: "default"
2025-04-29 13:13:54,792 [main] INFO  c.p.i.a.i.w.ProductControllerIntegrationTest - Started ProductControllerIntegrationTest in 16.385 seconds (process running for 26.852)
2025-04-29 13:13:55,470 [http-nio-auto-1-exec-1] DEBUG c.p.i.a.in.web.ProductController - Request to Products Sorted with headers: saleFactor=0, stockFactor=0
2025-04-29 13:13:55,489 [http-nio-auto-1-exec-1] INFO  c.p.a.service.ProductService - Requested the products, factors: saleFactor: 0 stockFactor: 0
2025-04-29 13:13:56,315 [http-nio-auto-1-exec-2] DEBUG c.p.i.a.in.web.ProductController - Request to Products Sorted with headers: saleFactor=0, stockFactor=1
2025-04-29 13:13:56,316 [http-nio-auto-1-exec-2] INFO  c.p.a.service.ProductService - Requested the products, factors: saleFactor: 0 stockFactor: 1
2025-04-29 13:13:56,337 [http-nio-auto-1-exec-3] DEBUG c.p.i.a.in.web.ProductController - Request to Products Sorted with headers: saleFactor=0, stockFactor=0
2025-04-29 13:13:56,337 [http-nio-auto-1-exec-3] INFO  c.p.a.service.ProductService - Requested the products, factors: saleFactor: 0 stockFactor: 0
2025-04-29 13:13:56,370 [http-nio-auto-1-exec-4] DEBUG c.p.i.a.in.web.ProductController - Request to Products Sorted with headers: saleFactor=0, stockFactor=0
2025-04-29 13:13:56,371 [http-nio-auto-1-exec-4] INFO  c.p.a.service.ProductService - Requested the products, factors: saleFactor: 0 stockFactor: 0
2025-04-29 13:13:56,392 [http-nio-auto-1-exec-5] DEBUG c.p.i.a.in.web.ProductController - Request to Products Sorted with headers: saleFactor=1, stockFactor=0
2025-04-29 13:13:56,393 [http-nio-auto-1-exec-5] INFO  c.p.a.service.ProductService - Requested the products, factors: saleFactor: 1 stockFactor: 0
2025-04-29 13:13:56,410 [http-nio-auto-1-exec-6] DEBUG c.p.i.a.in.web.ProductController - Request to Products Sorted with headers: saleFactor=0, stockFactor=0
2025-04-29 13:13:56,411 [http-nio-auto-1-exec-6] INFO  c.p.a.service.ProductService - Requested the products, factors: saleFactor: 0 stockFactor: 0
2025-04-29 13:13:56,616 [main] DEBUG c.p.i.a.in.web.ProductController - Request to Products Sorted with headers: saleFactor=-1, stockFactor=-2
2025-04-29 13:13:56,623 [main] DEBUG c.p.i.a.in.web.ProductController - Request to Products Sorted with headers: saleFactor=1, stockFactor=2
2025-04-29 13:13:56,628 [main] DEBUG c.p.i.a.in.web.ProductController - Request to Products Sorted with headers: saleFactor=1, stockFactor=1
2025-04-29 13:13:56,633 [main] DEBUG c.p.i.a.in.web.ProductController - Request to Products Sorted with headers: saleFactor=0, stockFactor=0
2025-04-29 13:16:33,772 [main] INFO  c.p.a.service.ProductService - Requested the products, factors: saleFactor: 1 stockFactor: 2
2025-04-29 13:16:45,166 [main] INFO  c.p.i.a.i.w.ProductControllerIntegrationTest - Starting ProductControllerIntegrationTest using Java 21.0.7 with PID 55856 (started by angelperez in /home/angelperez/TestProjects/ITX_Comercial_CasoPractico)
2025-04-29 13:16:45,169 [main] DEBUG c.p.i.a.i.w.ProductControllerIntegrationTest - Running with Spring Boot v3.4.1, Spring v6.2.1
2025-04-29 13:16:45,171 [main] INFO  c.p.i.a.i.w.ProductControllerIntegrationTest - No active profile set, falling back to 1 default profile: "default"
2025-04-29 13:17:03,090 [main] INFO  c.p.i.a.i.w.ProductControllerIntegrationTest - Started ProductControllerIntegrationTest in 21.494 seconds (process running for 47.44)
2025-04-29 13:17:04,418 [http-nio-auto-1-exec-1] DEBUG c.p.i.a.in.web.ProductController - Request to Products Sorted with headers: saleFactor=0, stockFactor=0
2025-04-29 13:17:04,441 [http-nio-auto-1-exec-1] INFO  c.p.a.service.ProductService - Requested the products, factors: saleFactor: 0 stockFactor: 0
2025-04-29 13:17:05,271 [http-nio-auto-1-exec-2] DEBUG c.p.i.a.in.web.ProductController - Request to Products Sorted with headers: saleFactor=0, stockFactor=1
2025-04-29 13:17:05,272 [http-nio-auto-1-exec-2] INFO  c.p.a.service.ProductService - Requested the products, factors: saleFactor: 0 stockFactor: 1
2025-04-29 13:17:05,292 [http-nio-auto-1-exec-3] DEBUG c.p.i.a.in.web.ProductController - Request to Products Sorted with headers: saleFactor=0, stockFactor=0
2025-04-29 13:17:05,293 [http-nio-auto-1-exec-3] INFO  c.p.a.service.ProductService - Requested the products, factors: saleFactor: 0 stockFactor: 0
2025-04-29 13:17:05,333 [http-nio-auto-1-exec-4] DEBUG c.p.i.a.in.web.ProductController - Request to Products Sorted with headers: saleFactor=0, stockFactor=0
2025-04-29 13:17:05,334 [http-nio-auto-1-exec-4] INFO  c.p.a.service.ProductService - Requested the products, factors: saleFactor: 0 stockFactor: 0
2025-04-29 13:17:05,355 [http-nio-auto-1-exec-5] DEBUG c.p.i.a.in.web.ProductController - Request to Products Sorted with headers: saleFactor=1, stockFactor=0
2025-04-29 13:17:05,355 [http-nio-auto-1-exec-5] INFO  c.p.a.service.ProductService - Requested the products, factors: saleFactor: 1 stockFactor: 0
2025-04-29 13:17:05,376 [http-nio-auto-1-exec-6] DEBUG c.p.i.a.in.web.ProductController - Request to Products Sorted with headers: saleFactor=0, stockFactor=0
2025-04-29 13:17:05,377 [http-nio-auto-1-exec-6] INFO  c.p.a.service.ProductService - Requested the products, factors: saleFactor: 0 stockFactor: 0
2025-04-29 13:17:05,583 [main] DEBUG c.p.i.a.in.web.ProductController - Request to Products Sorted with headers: saleFactor=-1, stockFactor=-2
2025-04-29 13:17:05,589 [main] DEBUG c.p.i.a.in.web.ProductController - Request to Products Sorted with headers: saleFactor=1, stockFactor=2
2025-04-29 13:17:05,595 [main] DEBUG c.p.i.a.in.web.ProductController - Request to Products Sorted with headers: saleFactor=1, stockFactor=1
2025-04-29 13:17:05,601 [main] DEBUG c.p.i.a.in.web.ProductController - Request to Products Sorted with headers: saleFactor=0, stockFactor=0
2025-04-29 13:18:35,798 [main] INFO  c.p.a.service.ProductService - Requested the products, factors: saleFactor: 1 stockFactor: 2
2025-04-29 13:18:44,439 [main] INFO  c.p.i.a.i.w.ProductControllerIntegrationTest - Starting ProductControllerIntegrationTest using Java 21.0.7 with PID 56669 (started by angelperez in /home/angelperez/TestProjects/ITX_Comercial_CasoPractico)
2025-04-29 13:18:44,440 [main] DEBUG c.p.i.a.i.w.ProductControllerIntegrationTest - Running with Spring Boot v3.4.1, Spring v6.2.1
2025-04-29 13:18:44,442 [main] INFO  c.p.i.a.i.w.ProductControllerIntegrationTest - No active profile set, falling back to 1 default profile: "default"
2025-04-29 13:19:02,721 [main] INFO  c.p.i.a.i.w.ProductControllerIntegrationTest - Started ProductControllerIntegrationTest in 20.966 seconds (process running for 34.469)
2025-04-29 13:19:03,492 [http-nio-auto-1-exec-1] DEBUG c.p.i.a.in.web.ProductController - Request to Products Sorted with headers: saleFactor=0, stockFactor=0
2025-04-29 13:19:03,508 [http-nio-auto-1-exec-1] INFO  c.p.a.service.ProductService - Requested the products, factors: saleFactor: 0 stockFactor: 0
2025-04-29 13:19:04,202 [http-nio-auto-1-exec-2] DEBUG c.p.i.a.in.web.ProductController - Request to Products Sorted with headers: saleFactor=0, stockFactor=1
2025-04-29 13:19:04,203 [http-nio-auto-1-exec-2] INFO  c.p.a.service.ProductService - Requested the products, factors: saleFactor: 0 stockFactor: 1
2025-04-29 13:19:04,223 [http-nio-auto-1-exec-3] DEBUG c.p.i.a.in.web.ProductController - Request to Products Sorted with headers: saleFactor=0, stockFactor=0
2025-04-29 13:19:04,224 [http-nio-auto-1-exec-3] INFO  c.p.a.service.ProductService - Requested the products, factors: saleFactor: 0 stockFactor: 0
2025-04-29 13:19:04,258 [http-nio-auto-1-exec-4] DEBUG c.p.i.a.in.web.ProductController - Request to Products Sorted with headers: saleFactor=0, stockFactor=0
2025-04-29 13:19:04,259 [http-nio-auto-1-exec-4] INFO  c.p.a.service.ProductService - Requested the products, factors: saleFactor: 0 stockFactor: 0
2025-04-29 13:19:04,275 [http-nio-auto-1-exec-5] DEBUG c.p.i.a.in.web.ProductController - Request to Products Sorted with headers: saleFactor=1, stockFactor=0
2025-04-29 13:19:04,276 [http-nio-auto-1-exec-5] INFO  c.p.a.service.ProductService - Requested the products, factors: saleFactor: 1 stockFactor: 0
2025-04-29 13:19:04,291 [http-nio-auto-1-exec-6] DEBUG c.p.i.a.in.web.ProductController - Request to Products Sorted with headers: saleFactor=0, stockFactor=0
2025-04-29 13:19:04,292 [http-nio-auto-1-exec-6] INFO  c.p.a.service.ProductService - Requested the products, factors: saleFactor: 0 stockFactor: 0
2025-04-29 13:19:04,516 [main] DEBUG c.p.i.a.in.web.ProductController - Request to Products Sorted with headers: saleFactor=-1, stockFactor=-2
2025-04-29 13:19:04,527 [main] DEBUG c.p.i.a.in.web.ProductController - Request to Products Sorted with headers: saleFactor=1, stockFactor=2
2025-04-29 13:19:04,535 [main] DEBUG c.p.i.a.in.web.ProductController - Request to Products Sorted with headers: saleFactor=1, stockFactor=1
2025-04-29 13:19:04,543 [main] DEBUG c.p.i.a.in.web.ProductController - Request to Products Sorted with headers: saleFactor=0, stockFactor=0
2025-04-29 13:22:04,565 [main] INFO  c.p.a.service.ProductService - Requested the products, factors: saleFactor: 1 stockFactor: 2
2025-04-29 13:22:07,605 [main] INFO  c.p.i.a.i.w.ProductControllerIntegrationTest - Starting ProductControllerIntegrationTest using Java 21.0.7 with PID 57996 (started by angelperez in /home/angelperez/TestProjects/ITX_Comercial_CasoPractico)
2025-04-29 13:22:07,606 [main] DEBUG c.p.i.a.i.w.ProductControllerIntegrationTest - Running with Spring Boot v3.4.1, Spring v6.2.1
2025-04-29 13:22:07,608 [main] INFO  c.p.i.a.i.w.ProductControllerIntegrationTest - No active profile set, falling back to 1 default profile: "default"
2025-04-29 13:22:21,548 [main] INFO  c.p.i.a.i.w.ProductControllerIntegrationTest - Started ProductControllerIntegrationTest in 14.848 seconds (process running for 24.094)
2025-04-29 13:22:22,338 [http-nio-auto-1-exec-1] DEBUG c.p.i.a.in.web.ProductController - Request to Products Sorted with headers: saleFactor=0, stockFactor=0
2025-04-29 13:22:22,354 [http-nio-auto-1-exec-1] INFO  c.p.a.service.ProductService - Requested the products, factors: saleFactor: 0 stockFactor: 0
2025-04-29 13:22:23,122 [http-nio-auto-1-exec-2] DEBUG c.p.i.a.in.web.ProductController - Request to Products Sorted with headers: saleFactor=0, stockFactor=1
2025-04-29 13:22:23,123 [http-nio-auto-1-exec-2] INFO  c.p.a.service.ProductService - Requested the products, factors: saleFactor: 0 stockFactor: 1
2025-04-29 13:22:23,143 [http-nio-auto-1-exec-3] DEBUG c.p.i.a.in.web.ProductController - Request to Products Sorted with headers: saleFactor=0, stockFactor=0
2025-04-29 13:22:23,144 [http-nio-auto-1-exec-3] INFO  c.p.a.service.ProductService - Requested the products, factors: saleFactor: 0 stockFactor: 0
2025-04-29 13:22:23,176 [http-nio-auto-1-exec-4] DEBUG c.p.i.a.in.web.ProductController - Request to Products Sorted with headers: saleFactor=0, stockFactor=0
2025-04-29 13:22:23,177 [http-nio-auto-1-exec-4] INFO  c.p.a.service.ProductService - Requested the products, factors: saleFactor: 0 stockFactor: 0
2025-04-29 13:22:23,194 [http-nio-auto-1-exec-5] DEBUG c.p.i.a.in.web.ProductController - Request to Products Sorted with headers: saleFactor=1, stockFactor=0
2025-04-29 13:22:23,195 [http-nio-auto-1-exec-5] INFO  c.p.a.service.ProductService - Requested the products, factors: saleFactor: 1 stockFactor: 0
2025-04-29 13:22:23,211 [http-nio-auto-1-exec-6] DEBUG c.p.i.a.in.web.ProductController - Request to Products Sorted with headers: saleFactor=0, stockFactor=0
2025-04-29 13:22:23,212 [http-nio-auto-1-exec-6] INFO  c.p.a.service.ProductService - Requested the products, factors: saleFactor: 0 stockFactor: 0
2025-04-29 13:22:23,404 [main] DEBUG c.p.i.a.in.web.ProductController - Request to Products Sorted with headers: saleFactor=-1, stockFactor=-2
2025-04-29 13:22:23,410 [main] DEBUG c.p.i.a.in.web.ProductController - Request to Products Sorted with headers: saleFactor=1, stockFactor=2
2025-04-29 13:22:23,416 [main] DEBUG c.p.i.a.in.web.ProductController - Request to Products Sorted with headers: saleFactor=1, stockFactor=1
2025-04-29 13:22:23,422 [main] DEBUG c.p.i.a.in.web.ProductController - Request to Products Sorted with headers: saleFactor=0, stockFactor=0
2025-04-29 13:25:19,846 [main] INFO  c.p.a.service.ProductService - Requested the products, factors: saleFactor: 1 stockFactor: 2
2025-04-29 13:25:23,504 [main] INFO  c.p.i.a.i.w.ProductControllerIntegrationTest - Starting ProductControllerIntegrationTest using Java 21.0.7 with PID 59078 (started by angelperez in /home/angelperez/TestProjects/ITX_Comercial_CasoPractico)
2025-04-29 13:25:23,505 [main] DEBUG c.p.i.a.i.w.ProductControllerIntegrationTest - Running with Spring Boot v3.4.1, Spring v6.2.1
2025-04-29 13:25:23,506 [main] INFO  c.p.i.a.i.w.ProductControllerIntegrationTest - No active profile set, falling back to 1 default profile: "default"
2025-04-29 13:25:38,366 [main] INFO  c.p.i.a.i.w.ProductControllerIntegrationTest - Started ProductControllerIntegrationTest in 15.998 seconds (process running for 26.119)
2025-04-29 13:25:39,573 [http-nio-auto-1-exec-1] DEBUG c.p.i.a.in.web.ProductController - Request to Products Sorted with headers: saleFactor=0, stockFactor=0
2025-04-29 13:25:39,601 [http-nio-auto-1-exec-1] INFO  c.p.a.service.ProductService - Requested the products, factors: saleFactor: 0 stockFactor: 0
2025-04-29 13:25:40,299 [http-nio-auto-1-exec-2] DEBUG c.p.i.a.in.web.ProductController - Request to Products Sorted with headers: saleFactor=0, stockFactor=1
2025-04-29 13:25:40,300 [http-nio-auto-1-exec-2] INFO  c.p.a.service.ProductService - Requested the products, factors: saleFactor: 0 stockFactor: 1
2025-04-29 13:25:40,329 [http-nio-auto-1-exec-3] DEBUG c.p.i.a.in.web.ProductController - Request to Products Sorted with headers: saleFactor=0, stockFactor=0
2025-04-29 13:25:40,330 [http-nio-auto-1-exec-3] INFO  c.p.a.service.ProductService - Requested the products, factors: saleFactor: 0 stockFactor: 0
2025-04-29 13:25:40,392 [http-nio-auto-1-exec-4] DEBUG c.p.i.a.in.web.ProductController - Request to Products Sorted with headers: saleFactor=0, stockFactor=0
2025-04-29 13:25:40,393 [http-nio-auto-1-exec-4] INFO  c.p.a.service.ProductService - Requested the products, factors: saleFactor: 0 stockFactor: 0
2025-04-29 13:25:40,423 [http-nio-auto-1-exec-5] DEBUG c.p.i.a.in.web.ProductController - Request to Products Sorted with headers: saleFactor=1, stockFactor=0
2025-04-29 13:25:40,424 [http-nio-auto-1-exec-5] INFO  c.p.a.service.ProductService - Requested the products, factors: saleFactor: 1 stockFactor: 0
2025-04-29 13:25:40,451 [http-nio-auto-1-exec-6] DEBUG c.p.i.a.in.web.ProductController - Request to Products Sorted with headers: saleFactor=0, stockFactor=0
2025-04-29 13:25:40,452 [http-nio-auto-1-exec-6] INFO  c.p.a.service.ProductService - Requested the products, factors: saleFactor: 0 stockFactor: 0
2025-04-29 13:25:40,749 [main] DEBUG c.p.i.a.in.web.ProductController - Request to Products Sorted with headers: saleFactor=-1, stockFactor=-2
2025-04-29 13:25:40,757 [main] DEBUG c.p.i.a.in.web.ProductController - Request to Products Sorted with headers: saleFactor=1, stockFactor=2
2025-04-29 13:25:40,762 [main] DEBUG c.p.i.a.in.web.ProductController - Request to Products Sorted with headers: saleFactor=1, stockFactor=1
2025-04-29 13:25:40,767 [main] DEBUG c.p.i.a.in.web.ProductController - Request to Products Sorted with headers: saleFactor=0, stockFactor=0
2025-04-29 13:45:45,589 [main] INFO  c.p.a.service.ProductService - Requested the products, factors: saleFactor: 1 stockFactor: 2
2025-04-29 13:45:50,396 [main] INFO  c.p.i.a.i.w.ProductControllerIntegrationTest - Starting ProductControllerIntegrationTest using Java 21.0.7 with PID 67999 (started by angelperez in /home/angelperez/TestProjects/ITX_Comercial_CasoPractico)
2025-04-29 13:45:50,398 [main] DEBUG c.p.i.a.i.w.ProductControllerIntegrationTest - Running with Spring Boot v3.4.1, Spring v6.2.1
2025-04-29 13:45:50,399 [main] INFO  c.p.i.a.i.w.ProductControllerIntegrationTest - No active profile set, falling back to 1 default profile: "default"
2025-04-29 13:46:06,306 [main] INFO  c.p.i.a.i.w.ProductControllerIntegrationTest - Started ProductControllerIntegrationTest in 17.349 seconds (process running for 29.832)
2025-04-29 13:46:07,116 [http-nio-auto-1-exec-1] DEBUG c.p.i.a.in.web.ProductController - Request to Products Sorted with headers: saleFactor=0, stockFactor=0
2025-04-29 13:46:07,132 [http-nio-auto-1-exec-1] INFO  c.p.a.service.ProductService - Requested the products, factors: saleFactor: 0 stockFactor: 0
2025-04-29 13:46:07,814 [http-nio-auto-1-exec-2] DEBUG c.p.i.a.in.web.ProductController - Request to Products Sorted with headers: saleFactor=0, stockFactor=1
2025-04-29 13:46:07,814 [http-nio-auto-1-exec-2] INFO  c.p.a.service.ProductService - Requested the products, factors: saleFactor: 0 stockFactor: 1
2025-04-29 13:46:07,836 [http-nio-auto-1-exec-3] DEBUG c.p.i.a.in.web.ProductController - Request to Products Sorted with headers: saleFactor=0, stockFactor=0
2025-04-29 13:46:07,837 [http-nio-auto-1-exec-3] INFO  c.p.a.service.ProductService - Requested the products, factors: saleFactor: 0 stockFactor: 0
2025-04-29 13:46:07,881 [http-nio-auto-1-exec-4] DEBUG c.p.i.a.in.web.ProductController - Request to Products Sorted with headers: saleFactor=0, stockFactor=0
2025-04-29 13:46:07,882 [http-nio-auto-1-exec-4] INFO  c.p.a.service.ProductService - Requested the products, factors: saleFactor: 0 stockFactor: 0
2025-04-29 13:46:07,900 [http-nio-auto-1-exec-5] DEBUG c.p.i.a.in.web.ProductController - Request to Products Sorted with headers: saleFactor=1, stockFactor=0
2025-04-29 13:46:07,900 [http-nio-auto-1-exec-5] INFO  c.p.a.service.ProductService - Requested the products, factors: saleFactor: 1 stockFactor: 0
2025-04-29 13:46:07,919 [http-nio-auto-1-exec-6] DEBUG c.p.i.a.in.web.ProductController - Request to Products Sorted with headers: saleFactor=0, stockFactor=0
2025-04-29 13:46:07,920 [http-nio-auto-1-exec-6] INFO  c.p.a.service.ProductService - Requested the products, factors: saleFactor: 0 stockFactor: 0
2025-04-29 13:46:08,124 [main] DEBUG c.p.i.a.in.web.ProductController - Request to Products Sorted with headers: saleFactor=-1, stockFactor=-2
2025-04-29 13:46:08,131 [main] DEBUG c.p.i.a.in.web.ProductController - Request to Products Sorted with headers: saleFactor=1, stockFactor=2
2025-04-29 13:46:08,137 [main] DEBUG c.p.i.a.in.web.ProductController - Request to Products Sorted with headers: saleFactor=1, stockFactor=1
2025-04-29 13:46:08,143 [main] DEBUG c.p.i.a.in.web.ProductController - Request to Products Sorted with headers: saleFactor=0, stockFactor=0
2025-04-29 13:46:38,199 [restartedMain] INFO  com.pruebaItx.PruebaItxApplication - Starting PruebaItxApplication using Java 21.0.7 with PID 68418 (/home/angelperez/TestProjects/ITX_Comercial_CasoPractico/target/classes started by angelperez in /home/angelperez/TestProjects/ITX_Comercial_CasoPractico)
2025-04-29 13:46:38,203 [restartedMain] DEBUG com.pruebaItx.PruebaItxApplication - Running with Spring Boot v3.4.1, Spring v6.2.1
2025-04-29 13:46:38,204 [restartedMain] INFO  com.pruebaItx.PruebaItxApplication - No active profile set, falling back to 1 default profile: "default"
2025-04-29 13:46:47,624 [restartedMain] INFO  com.pruebaItx.PruebaItxApplication - Started PruebaItxApplication in 10.265 seconds (process running for 14.027)
2025-04-29 13:50:21,349 [restartedMain] INFO  com.pruebaItx.PruebaItxApplication - Starting PruebaItxApplication using Java 21.0.7 with PID 69590 (/home/angelperez/TestProjects/ITX_Comercial_CasoPractico/target/classes started by angelperez in /home/angelperez/TestProjects/ITX_Comercial_CasoPractico)
2025-04-29 13:50:21,352 [restartedMain] DEBUG com.pruebaItx.PruebaItxApplication - Running with Spring Boot v3.4.1, Spring v6.2.1
2025-04-29 13:50:21,353 [restartedMain] INFO  com.pruebaItx.PruebaItxApplication - No active profile set, falling back to 1 default profile: "default"
2025-04-29 13:50:29,325 [restartedMain] INFO  com.pruebaItx.PruebaItxApplication - Started PruebaItxApplication in 8.836 seconds (process running for 11.449)
2025-04-29 13:50:29,333 [restartedMain] INFO  com.pruebaItx.PruebaItxApplication - Aplicación arrancada y preparada para recibir peticiones
2025-04-29 13:54:36,885 [main] INFO  c.p.a.service.ProductService - Requested the products, factors: saleFactor: 1 stockFactor: 2
2025-04-29 13:54:39,911 [main] INFO  c.p.i.a.i.w.ProductControllerIntegrationTest - Starting ProductControllerIntegrationTest using Java 21.0.7 with PID 71294 (started by angelperez in /home/angelperez/TestProjects/ITX_Comercial_CasoPractico)
2025-04-29 13:54:39,913 [main] DEBUG c.p.i.a.i.w.ProductControllerIntegrationTest - Running with Spring Boot v3.4.1, Spring v6.2.1
2025-04-29 13:54:39,915 [main] INFO  c.p.i.a.i.w.ProductControllerIntegrationTest - No active profile set, falling back to 1 default profile: "default"
2025-04-29 13:54:52,657 [main] INFO  c.p.i.a.i.w.ProductControllerIntegrationTest - Started ProductControllerIntegrationTest in 13.623 seconds (process running for 22.533)
2025-04-29 13:54:52,663 [main] INFO  com.pruebaItx.PruebaItxApplication - Application started and ready to receive requests
2025-04-29 13:54:53,368 [http-nio-auto-1-exec-1] DEBUG c.p.i.a.in.web.ProductController - Request to Products Sorted with headers: saleFactor=0, stockFactor=0
2025-04-29 13:54:53,385 [http-nio-auto-1-exec-1] INFO  c.p.a.service.ProductService - Requested the products, factors: saleFactor: 0 stockFactor: 0
2025-04-29 13:54:54,068 [http-nio-auto-1-exec-2] DEBUG c.p.i.a.in.web.ProductController - Request to Products Sorted with headers: saleFactor=0, stockFactor=1
2025-04-29 13:54:54,069 [http-nio-auto-1-exec-2] INFO  c.p.a.service.ProductService - Requested the products, factors: saleFactor: 0 stockFactor: 1
2025-04-29 13:54:54,090 [http-nio-auto-1-exec-3] DEBUG c.p.i.a.in.web.ProductController - Request to Products Sorted with headers: saleFactor=0, stockFactor=0
2025-04-29 13:54:54,091 [http-nio-auto-1-exec-3] INFO  c.p.a.service.ProductService - Requested the products, factors: saleFactor: 0 stockFactor: 0
2025-04-29 13:54:54,132 [http-nio-auto-1-exec-4] DEBUG c.p.i.a.in.web.ProductController - Request to Products Sorted with headers: saleFactor=0, stockFactor=0
2025-04-29 13:54:54,133 [http-nio-auto-1-exec-4] INFO  c.p.a.service.ProductService - Requested the products, factors: saleFactor: 0 stockFactor: 0
2025-04-29 13:54:54,151 [http-nio-auto-1-exec-5] DEBUG c.p.i.a.in.web.ProductController - Request to Products Sorted with headers: saleFactor=1, stockFactor=0
2025-04-29 13:54:54,152 [http-nio-auto-1-exec-5] INFO  c.p.a.service.ProductService - Requested the products, factors: saleFactor: 1 stockFactor: 0
2025-04-29 13:54:54,172 [http-nio-auto-1-exec-6] DEBUG c.p.i.a.in.web.ProductController - Request to Products Sorted with headers: saleFactor=0, stockFactor=0
2025-04-29 13:54:54,173 [http-nio-auto-1-exec-6] INFO  c.p.a.service.ProductService - Requested the products, factors: saleFactor: 0 stockFactor: 0
2025-04-29 13:54:54,402 [main] DEBUG c.p.i.a.in.web.ProductController - Request to Products Sorted with headers: saleFactor=-1, stockFactor=-2
2025-04-29 13:54:54,412 [main] DEBUG c.p.i.a.in.web.ProductController - Request to Products Sorted with headers: saleFactor=1, stockFactor=2
2025-04-29 13:54:54,420 [main] DEBUG c.p.i.a.in.web.ProductController - Request to Products Sorted with headers: saleFactor=1, stockFactor=1
2025-04-29 13:54:54,428 [main] DEBUG c.p.i.a.in.web.ProductController - Request to Products Sorted with headers: saleFactor=0, stockFactor=0
2025-04-29 13:55:19,394 [restartedMain] INFO  com.pruebaItx.PruebaItxApplication - Starting PruebaItxApplication using Java 21.0.7 with PID 71500 (/home/angelperez/TestProjects/ITX_Comercial_CasoPractico/target/classes started by angelperez in /home/angelperez/TestProjects/ITX_Comercial_CasoPractico)
2025-04-29 13:55:19,397 [restartedMain] DEBUG com.pruebaItx.PruebaItxApplication - Running with Spring Boot v3.4.1, Spring v6.2.1
2025-04-29 13:55:19,398 [restartedMain] INFO  com.pruebaItx.PruebaItxApplication - No active profile set, falling back to 1 default profile: "default"
2025-04-29 13:55:32,603 [restartedMain] INFO  com.pruebaItx.PruebaItxApplication - Started PruebaItxApplication in 13.984 seconds (process running for 16.162)
2025-04-29 13:55:32,610 [restartedMain] INFO  com.pruebaItx.PruebaItxApplication - Application started and ready to receive requests
2025-04-29 13:55:49,112 [http-nio-8081-exec-4] DEBUG c.p.i.a.in.web.ProductController - Request to Products Sorted with headers: saleFactor=2, stockFactor=3
2025-04-29 13:55:49,127 [http-nio-8081-exec-4] INFO  c.p.a.service.ProductService - Requested the products, factors: saleFactor: 2 stockFactor: 3
2025-04-29 13:55:54,932 [http-nio-8081-exec-5] DEBUG c.p.i.a.in.web.ProductController - Request to Products Sorted with headers: saleFactor=1, stockFactor=1
2025-04-29 13:55:54,933 [http-nio-8081-exec-5] INFO  c.p.a.service.ProductService - Requested the products, factors: saleFactor: 1 stockFactor: 1
2025-04-29 14:06:30,586 [restartedMain] INFO  com.pruebaItx.PruebaItxApplication - Starting PruebaItxApplication using Java 21.0.7 with PID 71500 (/home/angelperez/TestProjects/ITX_Comercial_CasoPractico/target/classes started by angelperez in /home/angelperez/TestProjects/ITX_Comercial_CasoPractico)
2025-04-29 14:06:30,587 [restartedMain] DEBUG com.pruebaItx.PruebaItxApplication - Running with Spring Boot v3.4.1, Spring v6.2.1
2025-04-29 14:06:30,587 [restartedMain] INFO  com.pruebaItx.PruebaItxApplication - No active profile set, falling back to 1 default profile: "default"
2025-04-29 14:06:33,568 [restartedMain] INFO  com.pruebaItx.PruebaItxApplication - Started PruebaItxApplication in 3.151 seconds (process running for 677.127)
2025-04-29 14:06:33,581 [restartedMain] INFO  com.pruebaItx.PruebaItxApplication - Application started and ready to receive requests
2025-04-29 14:06:35,183 [restartedMain] INFO  com.pruebaItx.PruebaItxApplication - Starting PruebaItxApplication using Java 21.0.7 with PID 71500 (/home/angelperez/TestProjects/ITX_Comercial_CasoPractico/target/classes started by angelperez in /home/angelperez/TestProjects/ITX_Comercial_CasoPractico)
2025-04-29 14:06:35,183 [restartedMain] DEBUG com.pruebaItx.PruebaItxApplication - Running with Spring Boot v3.4.1, Spring v6.2.1
2025-04-29 14:06:35,184 [restartedMain] INFO  com.pruebaItx.PruebaItxApplication - No active profile set, falling back to 1 default profile: "default"
2025-04-29 14:06:37,056 [restartedMain] INFO  com.pruebaItx.PruebaItxApplication - Started PruebaItxApplication in 1.951 seconds (process running for 680.615)
2025-04-29 14:06:37,061 [restartedMain] INFO  com.pruebaItx.PruebaItxApplication - Application started and ready to receive requests
2025-04-29 14:06:53,139 [main] DEBUG c.p.i.a.in.web.ProductController - Request to Products Sorted with criteria in body: class SortingCriteriaRequest {
    criteria: [class CriteriaWeight {
        id: salesUnits
        weight: 1
    }]
}
2025-04-29 15:39:04,643 [restartedMain] INFO  com.pruebaItx.PruebaItxApplication - Starting PruebaItxApplication using Java 21.0.7 with PID 80372 (/home/angelperez/TestProjects/ITX_Comercial_CasoPractico/target/classes started by angelperez in /home/angelperez/TestProjects/ITX_Comercial_CasoPractico)
2025-04-29 15:39:04,647 [restartedMain] DEBUG com.pruebaItx.PruebaItxApplication - Running with Spring Boot v3.4.1, Spring v6.2.1
2025-04-29 15:39:04,648 [restartedMain] INFO  com.pruebaItx.PruebaItxApplication - No active profile set, falling back to 1 default profile: "default"
2025-04-29 15:39:16,406 [restartedMain] INFO  com.pruebaItx.PruebaItxApplication - Started PruebaItxApplication in 12.683 seconds (process running for 16.308)
2025-04-29 15:39:16,412 [restartedMain] INFO  com.pruebaItx.PruebaItxApplication - Application started and ready to receive requests
2025-04-29 15:39:23,590 [http-nio-8081-exec-2] DEBUG c.p.i.a.in.web.ProductController - Request to Products Sorted with criteria in body: class SortingCriteriaRequest {
    criteria: [class CriteriaWeight {
        id: salesUnits
        weight: 1
    }]
}
2025-04-29 15:39:23,607 [http-nio-8081-exec-2] INFO  c.p.a.service.ProductService - Requested the products with criteria weights: {SALE_FACTOR=1}
2025-04-29 15:39:36,552 [http-nio-8081-exec-3] DEBUG c.p.i.a.in.web.ProductController - Request to Products Sorted with criteria in body: class SortingCriteriaRequest {
    criteria: [class CriteriaWeight {
        id: stockRatio
        weight: 1
    }]
}
2025-04-29 15:39:36,553 [http-nio-8081-exec-3] INFO  c.p.a.service.ProductService - Requested the products with criteria weights: {STOCK_FACTOR=1}
2025-04-29 15:39:44,000 [http-nio-8081-exec-4] DEBUG c.p.i.a.in.web.ProductController - Request to Products Sorted with criteria in body: class SortingCriteriaRequest {
    criteria: [class CriteriaWeight {
        id: salesUnits
        weight: 2
    }, class CriteriaWeight {
        id: stockRatio
        weight: 3
    }]
}
2025-04-29 15:39:44,001 [http-nio-8081-exec-4] INFO  c.p.a.service.ProductService - Requested the products with criteria weights: {STOCK_FACTOR=3, SALE_FACTOR=2}
2025-04-29 15:39:54,462 [http-nio-8081-exec-5] DEBUG c.p.i.a.in.web.ProductController - Request to Products Sorted with criteria in body: class SortingCriteriaRequest {
    criteria: []
}
2025-04-29 15:39:54,463 [http-nio-8081-exec-5] INFO  c.p.a.service.ProductService - Requested the products with criteria weights: {}
2025-04-29 15:40:01,738 [http-nio-8081-exec-6] DEBUG c.p.i.a.in.web.ProductController - Request to Products Sorted with criteria in body: class SortingCriteriaRequest {
    criteria: [class CriteriaWeight {
        id: invalidCriterion
        weight: 1
    }]
}
2025-04-29 15:40:01,738 [http-nio-8081-exec-6] INFO  c.p.a.service.ProductService - Requested the products with criteria weights: {}
2025-04-29 15:40:36,840 [main] INFO  c.p.PruebaItxApplicationTests - Starting PruebaItxApplicationTests using Java 21.0.7 with PID 80853 (started by angelperez in /home/angelperez/TestProjects/ITX_Comercial_CasoPractico)
2025-04-29 15:40:36,843 [main] DEBUG c.p.PruebaItxApplicationTests - Running with Spring Boot v3.4.1, Spring v6.2.1
2025-04-29 15:40:36,844 [main] INFO  c.p.PruebaItxApplicationTests - No active profile set, falling back to 1 default profile: "default"
2025-04-29 15:40:45,490 [main] INFO  c.p.PruebaItxApplicationTests - Started PruebaItxApplicationTests in 9.139 seconds (process running for 11.311)
2025-04-29 15:40:45,497 [main] INFO  com.pruebaItx.PruebaItxApplication - Application started and ready to receive requests
2025-04-29 15:40:46,545 [main] DEBUG c.p.i.a.in.web.ProductController - Request to Products Sorted with headers: saleFactor=1, stockFactor=1
2025-04-29 15:40:46,570 [main] DEBUG c.p.i.a.in.web.ProductController - Request to Products Sorted with headers: saleFactor=0, stockFactor=1
2025-04-29 15:40:46,581 [main] DEBUG c.p.i.a.in.web.ProductController - Request to Products Sorted with headers: saleFactor=1, stockFactor=0
2025-04-29 15:40:46,859 [main] INFO  c.p.a.service.ProductService - Requested the products, factors: saleFactor: 1 stockFactor: 2
2025-04-29 15:40:46,987 [main] DEBUG c.p.i.a.in.web.ProductController - Request to Products Sorted with headers: saleFactor=-1, stockFactor=-2
2025-04-29 15:40:46,993 [main] DEBUG c.p.i.a.in.web.ProductController - Request to Products Sorted with headers: saleFactor=1, stockFactor=2
2025-04-29 15:40:47,003 [main] DEBUG c.p.i.a.in.web.ProductController - Request to Products Sorted with headers: saleFactor=1, stockFactor=1
2025-04-29 15:40:47,017 [main] DEBUG c.p.i.a.in.web.ProductController - Request to Products Sorted with headers: saleFactor=0, stockFactor=0
2025-04-29 15:40:47,029 [main] DEBUG c.p.i.a.in.web.ProductController - Request to Products Sorted with criteria in body: class SortingCriteriaRequest {
    criteria: [class CriteriaWeight {
        id: salesUnits
        weight: 1
    }]
}
2025-04-29 15:40:52,704 [main] DEBUG c.p.i.a.in.web.ProductController - Request to Products Sorted with headers: saleFactor=-1, stockFactor=-2
2025-04-29 15:40:52,768 [main] DEBUG c.p.i.a.in.web.ProductController - Request to Products Sorted with headers: saleFactor=1, stockFactor=2
2025-04-29 15:40:52,777 [main] DEBUG c.p.i.a.in.web.ProductController - Request to Products Sorted with headers: saleFactor=1, stockFactor=1
2025-04-29 15:40:52,790 [main] DEBUG c.p.i.a.in.web.ProductController - Request to Products Sorted with headers: saleFactor=0, stockFactor=0
2025-04-29 15:40:52,801 [main] DEBUG c.p.i.a.in.web.ProductController - Request to Products Sorted with criteria in body: class SortingCriteriaRequest {
    criteria: [class CriteriaWeight {
        id: salesUnits
        weight: 1
    }]
}
2025-04-29 15:40:52,832 [main] DEBUG c.p.i.a.in.web.ProductController - Request to Products Sorted with headers: saleFactor=1, stockFactor=1
2025-04-29 15:40:52,843 [main] DEBUG c.p.i.a.in.web.ProductController - Request to Products Sorted with headers: saleFactor=0, stockFactor=1
2025-04-29 15:40:52,851 [main] DEBUG c.p.i.a.in.web.ProductController - Request to Products Sorted with headers: saleFactor=1, stockFactor=0
2025-04-29 15:40:52,982 [mutationTestThread] DEBUG c.p.i.a.in.web.ProductController - Request to Products Sorted with criteria in body: class SortingCriteriaRequest {
    criteria: [class CriteriaWeight {
        id: salesUnits
        weight: 1
    }]
}
2025-04-29 15:40:53,065 [mutationTestThread] DEBUG c.p.i.a.in.web.ProductController - Request to Products Sorted with criteria in body: class SortingCriteriaRequest {
    criteria: [class CriteriaWeight {
        id: salesUnits
        weight: 1
    }]
}
2025-04-29 15:40:53,131 [mutationTestThread] DEBUG c.p.i.a.in.web.ProductController - Request to Products Sorted with criteria in body: class SortingCriteriaRequest {
    criteria: [class CriteriaWeight {
        id: salesUnits
        weight: 1
    }]
}
2025-04-29 15:40:53,192 [mutationTestThread] DEBUG c.p.i.a.in.web.ProductController - Request to Products Sorted with criteria in body: class SortingCriteriaRequest {
    criteria: [class CriteriaWeight {
        id: salesUnits
        weight: 1
    }]
}
2025-04-29 15:40:53,256 [mutationTestThread] DEBUG c.p.i.a.in.web.ProductController - Request to Products Sorted with criteria in body: class SortingCriteriaRequest {
    criteria: [class CriteriaWeight {
        id: salesUnits
        weight: 1
    }]
}
2025-04-29 15:40:53,335 [mutationTestThread] DEBUG c.p.i.a.in.web.ProductController - Request to Products Sorted with headers: saleFactor=-1, stockFactor=-2
2025-04-29 15:40:53,411 [mutationTestThread] DEBUG c.p.i.a.in.web.ProductController - Request to Products Sorted with criteria in body: class SortingCriteriaRequest {
    criteria: [class CriteriaWeight {
        id: salesUnits
        weight: 1
    }]
}
2025-04-29 15:40:53,473 [mutationTestThread] DEBUG c.p.i.a.in.web.ProductController - Request to Products Sorted with criteria in body: class SortingCriteriaRequest {
    criteria: [class CriteriaWeight {
        id: salesUnits
        weight: 1
    }]
}
2025-04-29 15:40:53,542 [mutationTestThread] DEBUG c.p.i.a.in.web.ProductController - Request to Products Sorted with criteria in body: class SortingCriteriaRequest {
    criteria: [class CriteriaWeight {
        id: salesUnits
        weight: 1
    }]
}
2025-04-29 15:41:00,297 [main] DEBUG c.p.i.a.in.web.ProductController - Request to Products Sorted with headers: saleFactor=-1, stockFactor=-2
2025-04-29 15:41:00,360 [main] DEBUG c.p.i.a.in.web.ProductController - Request to Products Sorted with headers: saleFactor=1, stockFactor=2
2025-04-29 15:41:00,374 [main] DEBUG c.p.i.a.in.web.ProductController - Request to Products Sorted with headers: saleFactor=1, stockFactor=1
2025-04-29 15:41:00,386 [main] DEBUG c.p.i.a.in.web.ProductController - Request to Products Sorted with headers: saleFactor=0, stockFactor=0
2025-04-29 15:41:00,398 [main] DEBUG c.p.i.a.in.web.ProductController - Request to Products Sorted with criteria in body: class SortingCriteriaRequest {
    criteria: [class CriteriaWeight {
        id: salesUnits
        weight: 1
    }]
}
2025-04-29 15:41:00,552 [mutationTestThread] DEBUG c.p.i.a.in.web.ProductController - Request to Products Sorted with criteria in body: class SortingCriteriaRequest {
    criteria: [class CriteriaWeight {
        id: salesUnits
        weight: 1
    }]
}
2025-04-29 15:41:03,750 [main] INFO  c.p.a.service.ProductService - Requested the products, factors: saleFactor: 1 stockFactor: 2
2025-04-29 15:41:03,972 [mutationTestThread] INFO  c.p.a.service.ProductService - Requested the products, factors: saleFactor: 1 stockFactor: 2
2025-04-29 15:41:06,738 [main] INFO  c.p.PruebaItxApplicationTests - Starting PruebaItxApplicationTests using Java 21.0.7 with PID 81301 (started by angelperez in /home/angelperez/TestProjects/ITX_Comercial_CasoPractico)
2025-04-29 15:41:06,740 [main] DEBUG c.p.PruebaItxApplicationTests - Running with Spring Boot v3.4.1, Spring v6.2.1
2025-04-29 15:41:06,742 [main] INFO  c.p.PruebaItxApplicationTests - No active profile set, falling back to 1 default profile: "default"
2025-04-29 15:41:14,333 [main] INFO  c.p.PruebaItxApplicationTests - Started PruebaItxApplicationTests in 8.069 seconds (process running for 10.312)
2025-04-29 15:41:14,338 [main] INFO  com.pruebaItx.PruebaItxApplication - Application started and ready to receive requests
2025-04-29 16:52:00,538 [main] DEBUG c.p.i.a.in.web.ProductController - Request to Products Sorted with headers: saleFactor=-1, stockFactor=-2
2025-04-29 16:52:00,675 [main] DEBUG c.p.i.a.in.web.ProductController - Request to Products Sorted with headers: saleFactor=1, stockFactor=2
2025-04-29 16:52:00,691 [main] DEBUG c.p.i.a.in.web.ProductController - Request to Products Sorted with headers: saleFactor=1, stockFactor=1
2025-04-29 16:52:00,705 [main] DEBUG c.p.i.a.in.web.ProductController - Request to Products Sorted with headers: saleFactor=0, stockFactor=0
2025-04-29 16:52:00,720 [main] DEBUG c.p.i.a.in.web.ProductController - Request to Products Sorted with criteria in body: class SortingCriteriaRequest {
    criteria: [class CriteriaWeight {
        id: salesUnits
        weight: 1
    }]
}
2025-04-29 16:52:35,528 [main] INFO  c.p.i.a.i.w.ProductControllerIntegrationTest - Starting ProductControllerIntegrationTest using Java 21.0.7 with PID 107194 (started by angelperez in /home/angelperez/TestProjects/ITX_Comercial_CasoPractico)
2025-04-29 16:52:35,533 [main] DEBUG c.p.i.a.i.w.ProductControllerIntegrationTest - Running with Spring Boot v3.4.1, Spring v6.2.1
2025-04-29 16:52:35,541 [main] INFO  c.p.i.a.i.w.ProductControllerIntegrationTest - No active profile set, falling back to 1 default profile: "default"
2025-04-29 16:53:15,976 [main] INFO  c.p.i.a.i.w.ProductControllerIntegrationTest - Started ProductControllerIntegrationTest in 43.167 seconds (process running for 56.091)
2025-04-29 16:53:16,036 [main] INFO  com.pruebaItx.PruebaItxApplication - Application started and ready to receive requests
2025-04-29 16:53:19,811 [http-nio-auto-1-exec-1] DEBUG c.p.i.a.in.web.ProductController - Request to Products Sorted with headers: saleFactor=0, stockFactor=0
2025-04-29 16:53:19,855 [http-nio-auto-1-exec-1] INFO  c.p.a.service.ProductService - Requested the products, factors: saleFactor: 0 stockFactor: 0
2025-04-29 16:53:21,240 [http-nio-auto-1-exec-2] DEBUG c.p.i.a.in.web.ProductController - Request to Products Sorted with headers: saleFactor=0, stockFactor=1
2025-04-29 16:53:21,242 [http-nio-auto-1-exec-2] INFO  c.p.a.service.ProductService - Requested the products, factors: saleFactor: 0 stockFactor: 1
2025-04-29 16:53:21,423 [http-nio-auto-1-exec-3] DEBUG c.p.i.a.in.web.ProductController - Request to Products Sorted with headers: saleFactor=0, stockFactor=0
2025-04-29 16:53:21,425 [http-nio-auto-1-exec-3] INFO  c.p.a.service.ProductService - Requested the products, factors: saleFactor: 0 stockFactor: 0
2025-04-29 16:53:21,603 [http-nio-auto-1-exec-4] DEBUG c.p.i.a.in.web.ProductController - Request to Products Sorted with headers: saleFactor=0, stockFactor=0
2025-04-29 16:53:21,606 [http-nio-auto-1-exec-4] INFO  c.p.a.service.ProductService - Requested the products, factors: saleFactor: 0 stockFactor: 0
2025-04-29 16:53:21,691 [http-nio-auto-1-exec-5] DEBUG c.p.i.a.in.web.ProductController - Request to Products Sorted with headers: saleFactor=1, stockFactor=0
2025-04-29 16:53:21,713 [http-nio-auto-1-exec-5] INFO  c.p.a.service.ProductService - Requested the products, factors: saleFactor: 1 stockFactor: 0
2025-04-29 16:53:21,928 [http-nio-auto-1-exec-6] DEBUG c.p.i.a.in.web.ProductController - Request to Products Sorted with headers: saleFactor=0, stockFactor=0
2025-04-29 16:53:21,932 [http-nio-auto-1-exec-6] INFO  c.p.a.service.ProductService - Requested the products, factors: saleFactor: 0 stockFactor: 0
2025-04-29 17:01:11,100 [main] DEBUG c.p.i.a.in.web.ProductController - Request to Products Sorted with headers: saleFactor=-1, stockFactor=-2
2025-04-29 17:01:11,191 [main] DEBUG c.p.i.a.in.web.ProductController - Request to Products Sorted with headers: saleFactor=1, stockFactor=2
2025-04-29 17:01:11,204 [main] DEBUG c.p.i.a.in.web.ProductController - Request to Products Sorted with headers: saleFactor=1, stockFactor=1
2025-04-29 17:01:11,219 [main] DEBUG c.p.i.a.in.web.ProductController - Request to Products Sorted with headers: saleFactor=0, stockFactor=0
2025-04-29 17:01:11,235 [main] DEBUG c.p.i.a.in.web.ProductController - Request to Products Sorted with criteria in body: class SortingCriteriaRequest {
    criteria: [class CriteriaWeight {
        id: salesUnits
        weight: 1
    }]
}
2025-04-29 17:01:59,012 [main] INFO  c.p.i.a.i.w.ProductControllerIntegrationTest - Starting ProductControllerIntegrationTest using Java 21.0.7 with PID 109628 (started by angelperez in /home/angelperez/TestProjects/ITX_Comercial_CasoPractico)
2025-04-29 17:01:59,015 [main] DEBUG c.p.i.a.i.w.ProductControllerIntegrationTest - Running with Spring Boot v3.4.1, Spring v6.2.1
2025-04-29 17:01:59,017 [main] INFO  c.p.i.a.i.w.ProductControllerIntegrationTest - No active profile set, falling back to 1 default profile: "default"
2025-04-29 17:02:10,232 [main] INFO  c.p.i.a.i.w.ProductControllerIntegrationTest - Started ProductControllerIntegrationTest in 11.892 seconds (process running for 15.344)
2025-04-29 17:02:10,242 [main] INFO  com.pruebaItx.PruebaItxApplication - Application started and ready to receive requests
2025-04-29 17:02:11,662 [http-nio-auto-1-exec-1] DEBUG c.p.i.a.in.web.ProductController - Request to Products Sorted with headers: saleFactor=0, stockFactor=0
2025-04-29 17:02:11,679 [http-nio-auto-1-exec-1] INFO  c.p.a.service.ProductService - Requested the products, factors: saleFactor: 0 stockFactor: 0
2025-04-29 17:02:12,190 [http-nio-auto-1-exec-2] DEBUG c.p.i.a.in.web.ProductController - Request to Products Sorted with headers: saleFactor=0, stockFactor=1
2025-04-29 17:02:12,191 [http-nio-auto-1-exec-2] INFO  c.p.a.service.ProductService - Requested the products, factors: saleFactor: 0 stockFactor: 1
2025-04-29 17:02:12,215 [http-nio-auto-1-exec-3] DEBUG c.p.i.a.in.web.ProductController - Request to Products Sorted with headers: saleFactor=0, stockFactor=0
2025-04-29 17:02:12,216 [http-nio-auto-1-exec-3] INFO  c.p.a.service.ProductService - Requested the products, factors: saleFactor: 0 stockFactor: 0
2025-04-29 17:02:12,267 [http-nio-auto-1-exec-4] DEBUG c.p.i.a.in.web.ProductController - Request to Products Sorted with headers: saleFactor=0, stockFactor=0
2025-04-29 17:02:12,268 [http-nio-auto-1-exec-4] INFO  c.p.a.service.ProductService - Requested the products, factors: saleFactor: 0 stockFactor: 0
2025-04-29 17:02:12,294 [http-nio-auto-1-exec-5] DEBUG c.p.i.a.in.web.ProductController - Request to Products Sorted with headers: saleFactor=1, stockFactor=0
2025-04-29 17:02:12,294 [http-nio-auto-1-exec-5] INFO  c.p.a.service.ProductService - Requested the products, factors: saleFactor: 1 stockFactor: 0
2025-04-29 17:02:12,317 [http-nio-auto-1-exec-6] DEBUG c.p.i.a.in.web.ProductController - Request to Products Sorted with headers: saleFactor=0, stockFactor=0
2025-04-29 17:02:12,318 [http-nio-auto-1-exec-6] INFO  c.p.a.service.ProductService - Requested the products, factors: saleFactor: 0 stockFactor: 0
2025-04-29 21:21:06,261 [main] INFO  c.p.a.service.ProductService - Requested the products, factors: saleFactor: 1 stockFactor: 2
2025-04-29 21:21:08,364 [main] INFO  c.p.i.a.i.w.ProductControllerIntegrationTest - Starting ProductControllerIntegrationTest using Java 21.0.7 with PID 131706 (started by angelperez in /home/angelperez/TestProjects/ITX_Comercial_CasoPractico)
2025-04-29 21:21:08,365 [main] DEBUG c.p.i.a.i.w.ProductControllerIntegrationTest - Running with Spring Boot v3.4.1, Spring v6.2.1
2025-04-29 21:21:08,366 [main] INFO  c.p.i.a.i.w.ProductControllerIntegrationTest - No active profile set, falling back to 1 default profile: "default"
2025-04-29 21:21:15,691 [main] INFO  c.p.i.a.i.w.ProductControllerIntegrationTest - Started ProductControllerIntegrationTest in 7.939 seconds (process running for 12.488)
2025-04-29 21:21:15,694 [main] INFO  com.pruebaItx.PruebaItxApplication - Application started and ready to receive requests
2025-04-29 21:21:16,035 [http-nio-auto-1-exec-1] DEBUG c.p.i.a.in.web.ProductController - Request to Products Sorted with headers: saleFactor=0, stockFactor=0
2025-04-29 21:21:16,042 [http-nio-auto-1-exec-1] INFO  c.p.a.service.ProductService - Requested the products, factors: saleFactor: 0 stockFactor: 0
2025-04-29 21:21:16,380 [http-nio-auto-1-exec-2] DEBUG c.p.i.a.in.web.ProductController - Request to Products Sorted with headers: saleFactor=0, stockFactor=1
2025-04-29 21:21:16,380 [http-nio-auto-1-exec-2] INFO  c.p.a.service.ProductService - Requested the products, factors: saleFactor: 0 stockFactor: 1
2025-04-29 21:21:16,392 [http-nio-auto-1-exec-3] DEBUG c.p.i.a.in.web.ProductController - Request to Products Sorted with headers: saleFactor=0, stockFactor=0
2025-04-29 21:21:16,392 [http-nio-auto-1-exec-3] INFO  c.p.a.service.ProductService - Requested the products, factors: saleFactor: 0 stockFactor: 0
2025-04-29 21:21:16,413 [http-nio-auto-1-exec-4] DEBUG c.p.i.a.in.web.ProductController - Request to Products Sorted with headers: saleFactor=0, stockFactor=0
2025-04-29 21:21:16,413 [http-nio-auto-1-exec-4] INFO  c.p.a.service.ProductService - Requested the products, factors: saleFactor: 0 stockFactor: 0
2025-04-29 21:21:16,422 [http-nio-auto-1-exec-5] DEBUG c.p.i.a.in.web.ProductController - Request to Products Sorted with headers: saleFactor=1, stockFactor=0
2025-04-29 21:21:16,422 [http-nio-auto-1-exec-5] INFO  c.p.a.service.ProductService - Requested the products, factors: saleFactor: 1 stockFactor: 0
2025-04-29 21:21:16,431 [http-nio-auto-1-exec-6] DEBUG c.p.i.a.in.web.ProductController - Request to Products Sorted with headers: saleFactor=0, stockFactor=0
2025-04-29 21:21:16,431 [http-nio-auto-1-exec-6] INFO  c.p.a.service.ProductService - Requested the products, factors: saleFactor: 0 stockFactor: 0
2025-04-29 21:21:16,539 [main] DEBUG c.p.i.a.in.web.ProductController - Request to Products Sorted with headers: saleFactor=-1, stockFactor=-2
2025-04-29 21:21:16,543 [main] DEBUG c.p.i.a.in.web.ProductController - Request to Products Sorted with headers: saleFactor=1, stockFactor=2
2025-04-29 21:21:16,546 [main] DEBUG c.p.i.a.in.web.ProductController - Request to Products Sorted with headers: saleFactor=1, stockFactor=1
2025-04-29 21:21:16,549 [main] DEBUG c.p.i.a.in.web.ProductController - Request to Products Sorted with headers: saleFactor=0, stockFactor=0
2025-04-29 21:21:16,552 [main] DEBUG c.p.i.a.in.web.ProductController - Request to Products Sorted with criteria in body: class SortingCriteriaRequest {
    criteria: [class CriteriaWeight {
        id: salesUnits
        weight: 1
    }]
}
2025-04-29 21:21:34,098 [main] INFO  c.p.PruebaItxApplicationTests - Starting PruebaItxApplicationTests using Java 21.0.7 with PID 131907 (started by angelperez in /home/angelperez/TestProjects/ITX_Comercial_CasoPractico)
2025-04-29 21:21:34,100 [main] DEBUG c.p.PruebaItxApplicationTests - Running with Spring Boot v3.4.1, Spring v6.2.1
2025-04-29 21:21:34,101 [main] INFO  c.p.PruebaItxApplicationTests - No active profile set, falling back to 1 default profile: "default"
2025-04-29 21:21:37,981 [main] INFO  c.p.PruebaItxApplicationTests - Started PruebaItxApplicationTests in 4.114 seconds (process running for 5.12)
2025-04-29 21:21:37,983 [main] INFO  com.pruebaItx.PruebaItxApplication - Application started and ready to receive requests
2025-04-29 21:21:38,528 [main] DEBUG c.p.i.a.in.web.ProductController - Request to Products Sorted with headers: saleFactor=1, stockFactor=1
2025-04-29 21:21:38,539 [main] DEBUG c.p.i.a.in.web.ProductController - Request to Products Sorted with headers: saleFactor=0, stockFactor=1
2025-04-29 21:21:38,542 [main] DEBUG c.p.i.a.in.web.ProductController - Request to Products Sorted with headers: saleFactor=1, stockFactor=0
2025-04-29 21:21:38,681 [main] INFO  c.p.a.service.ProductService - Requested the products, factors: saleFactor: 1 stockFactor: 2
2025-04-29 21:21:38,738 [main] DEBUG c.p.i.a.in.web.ProductController - Request to Products Sorted with headers: saleFactor=-1, stockFactor=-2
2025-04-29 21:21:38,744 [main] DEBUG c.p.i.a.in.web.ProductController - Request to Products Sorted with headers: saleFactor=1, stockFactor=2
2025-04-29 21:21:38,749 [main] DEBUG c.p.i.a.in.web.ProductController - Request to Products Sorted with headers: saleFactor=1, stockFactor=1
2025-04-29 21:21:38,754 [main] DEBUG c.p.i.a.in.web.ProductController - Request to Products Sorted with headers: saleFactor=0, stockFactor=0
2025-04-29 21:21:38,759 [main] DEBUG c.p.i.a.in.web.ProductController - Request to Products Sorted with criteria in body: class SortingCriteriaRequest {
    criteria: [class CriteriaWeight {
        id: salesUnits
        weight: 1
    }]
}
2025-04-29 21:21:40,452 [main] DEBUG c.p.i.a.in.web.ProductController - Request to Products Sorted with headers: saleFactor=-1, stockFactor=-2
2025-04-29 21:21:40,479 [main] DEBUG c.p.i.a.in.web.ProductController - Request to Products Sorted with headers: saleFactor=1, stockFactor=2
2025-04-29 21:21:40,483 [main] DEBUG c.p.i.a.in.web.ProductController - Request to Products Sorted with headers: saleFactor=1, stockFactor=1
2025-04-29 21:21:40,487 [main] DEBUG c.p.i.a.in.web.ProductController - Request to Products Sorted with headers: saleFactor=0, stockFactor=0
2025-04-29 21:21:40,491 [main] DEBUG c.p.i.a.in.web.ProductController - Request to Products Sorted with criteria in body: class SortingCriteriaRequest {
    criteria: [class CriteriaWeight {
        id: salesUnits
        weight: 1
    }]
}
2025-04-29 21:21:40,503 [main] DEBUG c.p.i.a.in.web.ProductController - Request to Products Sorted with headers: saleFactor=1, stockFactor=1
2025-04-29 21:21:40,507 [main] DEBUG c.p.i.a.in.web.ProductController - Request to Products Sorted with headers: saleFactor=0, stockFactor=1
2025-04-29 21:21:40,510 [main] DEBUG c.p.i.a.in.web.ProductController - Request to Products Sorted with headers: saleFactor=1, stockFactor=0
2025-04-29 21:21:40,569 [mutationTestThread] DEBUG c.p.i.a.in.web.ProductController - Request to Products Sorted with criteria in body: class SortingCriteriaRequest {
    criteria: [class CriteriaWeight {
        id: salesUnits
        weight: 1
    }]
}
2025-04-29 21:21:40,617 [mutationTestThread] DEBUG c.p.i.a.in.web.ProductController - Request to Products Sorted with criteria in body: class SortingCriteriaRequest {
    criteria: [class CriteriaWeight {
        id: salesUnits
        weight: 1
    }]
}
2025-04-29 21:21:40,647 [mutationTestThread] DEBUG c.p.i.a.in.web.ProductController - Request to Products Sorted with criteria in body: class SortingCriteriaRequest {
    criteria: [class CriteriaWeight {
        id: salesUnits
        weight: 1
    }]
}
2025-04-29 21:21:40,677 [mutationTestThread] DEBUG c.p.i.a.in.web.ProductController - Request to Products Sorted with criteria in body: class SortingCriteriaRequest {
    criteria: [class CriteriaWeight {
        id: salesUnits
        weight: 1
    }]
}
2025-04-29 21:21:40,708 [mutationTestThread] DEBUG c.p.i.a.in.web.ProductController - Request to Products Sorted with criteria in body: class SortingCriteriaRequest {
    criteria: [class CriteriaWeight {
        id: salesUnits
        weight: 1
    }]
}
2025-04-29 21:21:40,736 [mutationTestThread] DEBUG c.p.i.a.in.web.ProductController - Request to Products Sorted with criteria in body: class SortingCriteriaRequest {
    criteria: [class CriteriaWeight {
        id: salesUnits
        weight: 1
    }]
}
2025-04-29 21:21:40,765 [mutationTestThread] DEBUG c.p.i.a.in.web.ProductController - Request to Products Sorted with criteria in body: class SortingCriteriaRequest {
    criteria: [class CriteriaWeight {
        id: salesUnits
        weight: 1
    }]
}
2025-04-29 21:21:40,792 [mutationTestThread] DEBUG c.p.i.a.in.web.ProductController - Request to Products Sorted with criteria in body: class SortingCriteriaRequest {
    criteria: [class CriteriaWeight {
        id: salesUnits
        weight: 1
    }]
}
2025-04-29 21:21:40,821 [mutationTestThread] DEBUG c.p.i.a.in.web.ProductController - Request to Products Sorted with criteria in body: class SortingCriteriaRequest {
    criteria: [class CriteriaWeight {
        id: salesUnits
        weight: 1
    }]
}
2025-04-29 21:21:40,850 [mutationTestThread] DEBUG c.p.i.a.in.web.ProductController - Request to Products Sorted with headers: saleFactor=1, stockFactor=1
2025-04-29 21:21:40,878 [mutationTestThread] DEBUG c.p.i.a.in.web.ProductController - Request to Products Sorted with criteria in body: class SortingCriteriaRequest {
    criteria: [class CriteriaWeight {
        id: salesUnits
        weight: 1
    }]
}
2025-04-29 21:21:40,908 [mutationTestThread] DEBUG c.p.i.a.in.web.ProductController - Request to Products Sorted with criteria in body: class SortingCriteriaRequest {
    criteria: [class CriteriaWeight {
        id: salesUnits
        weight: 1
    }]
}
2025-04-29 21:21:40,935 [mutationTestThread] DEBUG c.p.i.a.in.web.ProductController - Request to Products Sorted with criteria in body: class SortingCriteriaRequest {
    criteria: [class CriteriaWeight {
        id: salesUnits
        weight: 1
    }]
}
2025-04-29 21:21:40,964 [mutationTestThread] DEBUG c.p.i.a.in.web.ProductController - Request to Products Sorted with criteria in body: class SortingCriteriaRequest {
    criteria: [class CriteriaWeight {
        id: salesUnits
        weight: 1
    }]
}
2025-04-29 21:21:40,993 [mutationTestThread] DEBUG c.p.i.a.in.web.ProductController - Request to Products Sorted with criteria in body: class SortingCriteriaRequest {
    criteria: [class CriteriaWeight {
        id: salesUnits
        weight: 1
    }]
}
2025-04-29 21:21:44,238 [main] DEBUG c.p.i.a.in.web.ProductController - Request to Products Sorted with headers: saleFactor=-1, stockFactor=-2
2025-04-29 21:21:44,264 [main] DEBUG c.p.i.a.in.web.ProductController - Request to Products Sorted with headers: saleFactor=1, stockFactor=2
2025-04-29 21:21:44,268 [main] DEBUG c.p.i.a.in.web.ProductController - Request to Products Sorted with headers: saleFactor=1, stockFactor=1
2025-04-29 21:21:44,273 [main] DEBUG c.p.i.a.in.web.ProductController - Request to Products Sorted with headers: saleFactor=0, stockFactor=0
2025-04-29 21:21:44,278 [main] DEBUG c.p.i.a.in.web.ProductController - Request to Products Sorted with criteria in body: class SortingCriteriaRequest {
    criteria: [class CriteriaWeight {
        id: salesUnits
        weight: 1
    }]
}
2025-04-29 21:21:44,333 [mutationTestThread] DEBUG c.p.i.a.in.web.ProductController - Request to Products Sorted with criteria in body: class SortingCriteriaRequest {
    criteria: [class CriteriaWeight {
        id: salesUnits
        weight: 1
    }]
}
2025-04-29 21:21:45,570 [main] INFO  c.p.a.service.ProductService - Requested the products, factors: saleFactor: 1 stockFactor: 2
2025-04-29 21:21:45,642 [mutationTestThread] INFO  c.p.a.service.ProductService - Requested the products, factors: saleFactor: 1 stockFactor: 2
2025-04-29 21:21:46,710 [main] INFO  c.p.PruebaItxApplicationTests - Starting PruebaItxApplicationTests using Java 21.0.7 with PID 132275 (started by angelperez in /home/angelperez/TestProjects/ITX_Comercial_CasoPractico)
2025-04-29 21:21:46,712 [main] DEBUG c.p.PruebaItxApplicationTests - Running with Spring Boot v3.4.1, Spring v6.2.1
2025-04-29 21:21:46,712 [main] INFO  c.p.PruebaItxApplicationTests - No active profile set, falling back to 1 default profile: "default"
2025-04-29 21:21:50,092 [main] INFO  c.p.PruebaItxApplicationTests - Started PruebaItxApplicationTests in 3.578 seconds (process running for 4.435)
2025-04-29 21:21:50,095 [main] INFO  com.pruebaItx.PruebaItxApplication - Application started and ready to receive requests
